2009.06.08 17:30 B C:\AppServ\www\postthai\admin\fckeditor\_samples\asp\sample01.asp --> bangkokstamp2010.com /httpdocs/code/admin/fckeditor/_samples/asp sample01.asp
2009.06.08 17:30 B C:\AppServ\www\postthai\admin\fckeditor\_samples\asp\sample02.asp --> bangkokstamp2010.com /httpdocs/code/admin/fckeditor/_samples/asp sample02.asp
2009.06.08 17:30 B C:\AppServ\www\postthai\admin\fckeditor\_samples\asp\sample03.asp --> bangkokstamp2010.com /httpdocs/code/admin/fckeditor/_samples/asp sample03.asp
2009.06.08 17:30 B C:\AppServ\www\postthai\admin\fckeditor\_samples\asp\sample04.asp --> bangkokstamp2010.com /httpdocs/code/admin/fckeditor/_samples/asp sample04.asp
2009.06.08 17:30 B C:\AppServ\www\postthai\admin\fckeditor\_samples\asp\sampleposteddata.asp --> bangkokstamp2010.com /httpdocs/code/admin/fckeditor/_samples/asp sampleposteddata.asp
2009.06.17 16:20 B C:\AppServ\www\futsalhouse\admin\fckeditor\_samples\asp\sample01.asp --> futsalhouse.com /httpdocs/admin/fckeditor/_samples/asp sample01.asp
2009.06.17 16:20 B C:\AppServ\www\futsalhouse\admin\fckeditor\_samples\asp\sample02.asp --> futsalhouse.com /httpdocs/admin/fckeditor/_samples/asp sample02.asp
2009.06.17 16:20 B C:\AppServ\www\futsalhouse\admin\fckeditor\_samples\asp\sample03.asp --> futsalhouse.com /httpdocs/admin/fckeditor/_samples/asp sample03.asp
2009.06.17 16:20 B C:\AppServ\www\futsalhouse\admin\fckeditor\_samples\asp\sample04.asp --> futsalhouse.com /httpdocs/admin/fckeditor/_samples/asp sample04.asp
2009.06.17 16:20 B C:\AppServ\www\futsalhouse\admin\fckeditor\_samples\asp\sampleposteddata.asp --> futsalhouse.com /httpdocs/admin/fckeditor/_samples/asp sampleposteddata.asp
2009.06.17 16:20 B C:\AppServ\www\futsalhouse\admin\fckeditor\_samples\asp\WS_FTP.LOG --> futsalhouse.com /httpdocs/admin/fckeditor/_samples/asp WS_FTP.LOG
2009.07.22 09:28 B C:\AppServ\www\corn\admin\fckeditor\_samples\asp\sample01.asp --> cornproducts.co.th /httpdocs/code/admin/fckeditor/_samples/asp sample01.asp
2009.07.22 09:28 B C:\AppServ\www\corn\admin\fckeditor\_samples\asp\sample02.asp --> cornproducts.co.th /httpdocs/code/admin/fckeditor/_samples/asp sample02.asp
2009.07.22 09:28 B C:\AppServ\www\corn\admin\fckeditor\_samples\asp\sample03.asp --> cornproducts.co.th /httpdocs/code/admin/fckeditor/_samples/asp sample03.asp
2009.07.22 09:28 B C:\AppServ\www\corn\admin\fckeditor\_samples\asp\sample04.asp --> cornproducts.co.th /httpdocs/code/admin/fckeditor/_samples/asp sample04.asp
2009.07.22 09:28 B C:\AppServ\www\corn\admin\fckeditor\_samples\asp\sampleposteddata.asp --> cornproducts.co.th /httpdocs/code/admin/fckeditor/_samples/asp sampleposteddata.asp
2009.07.22 09:28 B C:\AppServ\www\corn\admin\fckeditor\_samples\asp\WS_FTP.LOG --> cornproducts.co.th /httpdocs/code/admin/fckeditor/_samples/asp WS_FTP.LOG
2009.08.05 15:17 B C:\AppServ\www\tcl\admin\fckeditor\_samples\asp\sample01.asp --> www.tcl.co.th /httpdocs/code/admin/fckeditor/_samples/asp sample01.asp
2009.08.05 15:17 B C:\AppServ\www\tcl\admin\fckeditor\_samples\asp\sample02.asp --> www.tcl.co.th /httpdocs/code/admin/fckeditor/_samples/asp sample02.asp
2009.08.05 15:17 B C:\AppServ\www\tcl\admin\fckeditor\_samples\asp\sample03.asp --> www.tcl.co.th /httpdocs/code/admin/fckeditor/_samples/asp sample03.asp
2009.08.05 15:17 B C:\AppServ\www\tcl\admin\fckeditor\_samples\asp\sample04.asp --> www.tcl.co.th /httpdocs/code/admin/fckeditor/_samples/asp sample04.asp
2009.08.05 15:17 B C:\AppServ\www\tcl\admin\fckeditor\_samples\asp\sampleposteddata.asp --> www.tcl.co.th /httpdocs/code/admin/fckeditor/_samples/asp sampleposteddata.asp
2009.08.05 15:17 B C:\AppServ\www\tcl\admin\fckeditor\_samples\asp\WS_FTP.LOG --> www.tcl.co.th /httpdocs/code/admin/fckeditor/_samples/asp WS_FTP.LOG
2009.08.19 17:25 B C:\AppServ\www\tcl\admin\fckeditor\_samples\asp\sample01.asp --> www.tcl.co.th /httpdocs/admin/fckeditor/_samples/asp sample01.asp
2009.08.19 17:25 B C:\AppServ\www\tcl\admin\fckeditor\_samples\asp\sample02.asp --> www.tcl.co.th /httpdocs/admin/fckeditor/_samples/asp sample02.asp
2009.08.19 17:25 B C:\AppServ\www\tcl\admin\fckeditor\_samples\asp\sample03.asp --> www.tcl.co.th /httpdocs/admin/fckeditor/_samples/asp sample03.asp
2009.08.19 17:25 B C:\AppServ\www\tcl\admin\fckeditor\_samples\asp\sample04.asp --> www.tcl.co.th /httpdocs/admin/fckeditor/_samples/asp sample04.asp
2009.08.19 17:25 B C:\AppServ\www\tcl\admin\fckeditor\_samples\asp\sampleposteddata.asp --> www.tcl.co.th /httpdocs/admin/fckeditor/_samples/asp sampleposteddata.asp
2009.08.19 17:25 B C:\AppServ\www\tcl\admin\fckeditor\_samples\asp\WS_FTP.LOG --> www.tcl.co.th /httpdocs/admin/fckeditor/_samples/asp WS_FTP.LOG
