2009.06.08 17:31 B C:\AppServ\www\postthai\admin\fckeditor\editor\_source\classes\fckcontextmenu.js --> bangkokstamp2010.com /httpdocs/code/admin/fckeditor/editor/_source/classes fckcontextmenu.js
2009.06.08 17:31 B C:\AppServ\www\postthai\admin\fckeditor\editor\_source\classes\fckdataprocessor.js --> bangkokstamp2010.com /httpdocs/code/admin/fckeditor/editor/_source/classes fckdataprocessor.js
2009.06.08 17:31 B C:\AppServ\www\postthai\admin\fckeditor\editor\_source\classes\fckdocumentfragment_gecko.js --> bangkokstamp2010.com /httpdocs/code/admin/fckeditor/editor/_source/classes fckdocumentfragment_gecko.js
2009.06.08 17:31 B C:\AppServ\www\postthai\admin\fckeditor\editor\_source\classes\fckdocumentfragment_ie.js --> bangkokstamp2010.com /httpdocs/code/admin/fckeditor/editor/_source/classes fckdocumentfragment_ie.js
2009.06.08 17:31 B C:\AppServ\www\postthai\admin\fckeditor\editor\_source\classes\fckdomrange.js --> bangkokstamp2010.com /httpdocs/code/admin/fckeditor/editor/_source/classes fckdomrange.js
2009.06.08 17:31 B C:\AppServ\www\postthai\admin\fckeditor\editor\_source\classes\fckdomrange_gecko.js --> bangkokstamp2010.com /httpdocs/code/admin/fckeditor/editor/_source/classes fckdomrange_gecko.js
2009.06.08 17:31 B C:\AppServ\www\postthai\admin\fckeditor\editor\_source\classes\fckdomrange_ie.js --> bangkokstamp2010.com /httpdocs/code/admin/fckeditor/editor/_source/classes fckdomrange_ie.js
2009.06.08 17:31 B C:\AppServ\www\postthai\admin\fckeditor\editor\_source\classes\fckdomrangeiterator.js --> bangkokstamp2010.com /httpdocs/code/admin/fckeditor/editor/_source/classes fckdomrangeiterator.js
2009.06.08 17:31 B C:\AppServ\www\postthai\admin\fckeditor\editor\_source\classes\fckeditingarea.js --> bangkokstamp2010.com /httpdocs/code/admin/fckeditor/editor/_source/classes fckeditingarea.js
2009.06.08 17:31 B C:\AppServ\www\postthai\admin\fckeditor\editor\_source\classes\fckelementpath.js --> bangkokstamp2010.com /httpdocs/code/admin/fckeditor/editor/_source/classes fckelementpath.js
2009.06.08 17:31 B C:\AppServ\www\postthai\admin\fckeditor\editor\_source\classes\fckenterkey.js --> bangkokstamp2010.com /httpdocs/code/admin/fckeditor/editor/_source/classes fckenterkey.js
2009.06.08 17:31 B C:\AppServ\www\postthai\admin\fckeditor\editor\_source\classes\fckevents.js --> bangkokstamp2010.com /httpdocs/code/admin/fckeditor/editor/_source/classes fckevents.js
2009.06.08 17:31 B C:\AppServ\www\postthai\admin\fckeditor\editor\_source\classes\fckicon.js --> bangkokstamp2010.com /httpdocs/code/admin/fckeditor/editor/_source/classes fckicon.js
2009.06.08 17:31 B C:\AppServ\www\postthai\admin\fckeditor\editor\_source\classes\fckiecleanup.js --> bangkokstamp2010.com /httpdocs/code/admin/fckeditor/editor/_source/classes fckiecleanup.js
2009.06.08 17:31 B C:\AppServ\www\postthai\admin\fckeditor\editor\_source\classes\fckimagepreloader.js --> bangkokstamp2010.com /httpdocs/code/admin/fckeditor/editor/_source/classes fckimagepreloader.js
2009.06.08 17:31 B C:\AppServ\www\postthai\admin\fckeditor\editor\_source\classes\fckkeystrokehandler.js --> bangkokstamp2010.com /httpdocs/code/admin/fckeditor/editor/_source/classes fckkeystrokehandler.js
2009.06.08 17:31 B C:\AppServ\www\postthai\admin\fckeditor\editor\_source\classes\fckmenublock.js --> bangkokstamp2010.com /httpdocs/code/admin/fckeditor/editor/_source/classes fckmenublock.js
2009.06.08 17:31 B C:\AppServ\www\postthai\admin\fckeditor\editor\_source\classes\fckmenublockpanel.js --> bangkokstamp2010.com /httpdocs/code/admin/fckeditor/editor/_source/classes fckmenublockpanel.js
2009.06.08 17:31 B C:\AppServ\www\postthai\admin\fckeditor\editor\_source\classes\fckmenuitem.js --> bangkokstamp2010.com /httpdocs/code/admin/fckeditor/editor/_source/classes fckmenuitem.js
2009.06.08 17:31 B C:\AppServ\www\postthai\admin\fckeditor\editor\_source\classes\fckpanel.js --> bangkokstamp2010.com /httpdocs/code/admin/fckeditor/editor/_source/classes fckpanel.js
2009.06.08 17:31 B C:\AppServ\www\postthai\admin\fckeditor\editor\_source\classes\fckplugin.js --> bangkokstamp2010.com /httpdocs/code/admin/fckeditor/editor/_source/classes fckplugin.js
2009.06.08 17:31 B C:\AppServ\www\postthai\admin\fckeditor\editor\_source\classes\fckspecialcombo.js --> bangkokstamp2010.com /httpdocs/code/admin/fckeditor/editor/_source/classes fckspecialcombo.js
2009.06.08 17:31 B C:\AppServ\www\postthai\admin\fckeditor\editor\_source\classes\fckstyle.js --> bangkokstamp2010.com /httpdocs/code/admin/fckeditor/editor/_source/classes fckstyle.js
2009.06.08 17:31 B C:\AppServ\www\postthai\admin\fckeditor\editor\_source\classes\fcktoolbar.js --> bangkokstamp2010.com /httpdocs/code/admin/fckeditor/editor/_source/classes fcktoolbar.js
2009.06.08 17:31 B C:\AppServ\www\postthai\admin\fckeditor\editor\_source\classes\fcktoolbarbreak_gecko.js --> bangkokstamp2010.com /httpdocs/code/admin/fckeditor/editor/_source/classes fcktoolbarbreak_gecko.js
2009.06.08 17:31 B C:\AppServ\www\postthai\admin\fckeditor\editor\_source\classes\fcktoolbarbreak_ie.js --> bangkokstamp2010.com /httpdocs/code/admin/fckeditor/editor/_source/classes fcktoolbarbreak_ie.js
2009.06.08 17:31 B C:\AppServ\www\postthai\admin\fckeditor\editor\_source\classes\fcktoolbarbutton.js --> bangkokstamp2010.com /httpdocs/code/admin/fckeditor/editor/_source/classes fcktoolbarbutton.js
2009.06.08 17:31 B C:\AppServ\www\postthai\admin\fckeditor\editor\_source\classes\fcktoolbarbuttonui.js --> bangkokstamp2010.com /httpdocs/code/admin/fckeditor/editor/_source/classes fcktoolbarbuttonui.js
2009.06.08 17:31 B C:\AppServ\www\postthai\admin\fckeditor\editor\_source\classes\fcktoolbarfontformatcombo.js --> bangkokstamp2010.com /httpdocs/code/admin/fckeditor/editor/_source/classes fcktoolbarfontformatcombo.js
2009.06.08 17:31 B C:\AppServ\www\postthai\admin\fckeditor\editor\_source\classes\fcktoolbarfontscombo.js --> bangkokstamp2010.com /httpdocs/code/admin/fckeditor/editor/_source/classes fcktoolbarfontscombo.js
2009.06.08 17:31 B C:\AppServ\www\postthai\admin\fckeditor\editor\_source\classes\fcktoolbarfontsizecombo.js --> bangkokstamp2010.com /httpdocs/code/admin/fckeditor/editor/_source/classes fcktoolbarfontsizecombo.js
2009.06.08 17:31 B C:\AppServ\www\postthai\admin\fckeditor\editor\_source\classes\fcktoolbarpanelbutton.js --> bangkokstamp2010.com /httpdocs/code/admin/fckeditor/editor/_source/classes fcktoolbarpanelbutton.js
2009.06.08 17:31 B C:\AppServ\www\postthai\admin\fckeditor\editor\_source\classes\fcktoolbarspecialcombo.js --> bangkokstamp2010.com /httpdocs/code/admin/fckeditor/editor/_source/classes fcktoolbarspecialcombo.js
2009.06.08 17:31 B C:\AppServ\www\postthai\admin\fckeditor\editor\_source\classes\fcktoolbarstylecombo.js --> bangkokstamp2010.com /httpdocs/code/admin/fckeditor/editor/_source/classes fcktoolbarstylecombo.js
2009.06.08 17:31 B C:\AppServ\www\postthai\admin\fckeditor\editor\_source\classes\fckw3crange.js --> bangkokstamp2010.com /httpdocs/code/admin/fckeditor/editor/_source/classes fckw3crange.js
2009.06.08 17:31 B C:\AppServ\www\postthai\admin\fckeditor\editor\_source\classes\fckxml.js --> bangkokstamp2010.com /httpdocs/code/admin/fckeditor/editor/_source/classes fckxml.js
2009.06.08 17:31 B C:\AppServ\www\postthai\admin\fckeditor\editor\_source\classes\fckxml_gecko.js --> bangkokstamp2010.com /httpdocs/code/admin/fckeditor/editor/_source/classes fckxml_gecko.js
2009.06.08 17:31 B C:\AppServ\www\postthai\admin\fckeditor\editor\_source\classes\fckxml_ie.js --> bangkokstamp2010.com /httpdocs/code/admin/fckeditor/editor/_source/classes fckxml_ie.js
2009.06.17 16:21 B C:\AppServ\www\futsalhouse\admin\fckeditor\editor\_source\classes\fckcontextmenu.js --> futsalhouse.com /httpdocs/admin/fckeditor/editor/_source/classes fckcontextmenu.js
2009.06.17 16:21 B C:\AppServ\www\futsalhouse\admin\fckeditor\editor\_source\classes\fckdataprocessor.js --> futsalhouse.com /httpdocs/admin/fckeditor/editor/_source/classes fckdataprocessor.js
2009.06.17 16:21 B C:\AppServ\www\futsalhouse\admin\fckeditor\editor\_source\classes\fckdocumentfragment_gecko.js --> futsalhouse.com /httpdocs/admin/fckeditor/editor/_source/classes fckdocumentfragment_gecko.js
2009.06.17 16:21 B C:\AppServ\www\futsalhouse\admin\fckeditor\editor\_source\classes\fckdocumentfragment_ie.js --> futsalhouse.com /httpdocs/admin/fckeditor/editor/_source/classes fckdocumentfragment_ie.js
2009.06.17 16:21 B C:\AppServ\www\futsalhouse\admin\fckeditor\editor\_source\classes\fckdomrange.js --> futsalhouse.com /httpdocs/admin/fckeditor/editor/_source/classes fckdomrange.js
2009.06.17 16:21 B C:\AppServ\www\futsalhouse\admin\fckeditor\editor\_source\classes\fckdomrange_gecko.js --> futsalhouse.com /httpdocs/admin/fckeditor/editor/_source/classes fckdomrange_gecko.js
2009.06.17 16:21 B C:\AppServ\www\futsalhouse\admin\fckeditor\editor\_source\classes\fckdomrange_ie.js --> futsalhouse.com /httpdocs/admin/fckeditor/editor/_source/classes fckdomrange_ie.js
2009.06.17 16:21 B C:\AppServ\www\futsalhouse\admin\fckeditor\editor\_source\classes\fckdomrangeiterator.js --> futsalhouse.com /httpdocs/admin/fckeditor/editor/_source/classes fckdomrangeiterator.js
2009.06.17 16:21 B C:\AppServ\www\futsalhouse\admin\fckeditor\editor\_source\classes\fckeditingarea.js --> futsalhouse.com /httpdocs/admin/fckeditor/editor/_source/classes fckeditingarea.js
2009.06.17 16:21 B C:\AppServ\www\futsalhouse\admin\fckeditor\editor\_source\classes\fckelementpath.js --> futsalhouse.com /httpdocs/admin/fckeditor/editor/_source/classes fckelementpath.js
2009.06.17 16:21 B C:\AppServ\www\futsalhouse\admin\fckeditor\editor\_source\classes\fckenterkey.js --> futsalhouse.com /httpdocs/admin/fckeditor/editor/_source/classes fckenterkey.js
2009.06.17 16:21 B C:\AppServ\www\futsalhouse\admin\fckeditor\editor\_source\classes\fckevents.js --> futsalhouse.com /httpdocs/admin/fckeditor/editor/_source/classes fckevents.js
2009.06.17 16:21 B C:\AppServ\www\futsalhouse\admin\fckeditor\editor\_source\classes\fckicon.js --> futsalhouse.com /httpdocs/admin/fckeditor/editor/_source/classes fckicon.js
2009.06.17 16:21 B C:\AppServ\www\futsalhouse\admin\fckeditor\editor\_source\classes\fckiecleanup.js --> futsalhouse.com /httpdocs/admin/fckeditor/editor/_source/classes fckiecleanup.js
2009.06.17 16:21 B C:\AppServ\www\futsalhouse\admin\fckeditor\editor\_source\classes\fckimagepreloader.js --> futsalhouse.com /httpdocs/admin/fckeditor/editor/_source/classes fckimagepreloader.js
2009.06.17 16:21 B C:\AppServ\www\futsalhouse\admin\fckeditor\editor\_source\classes\fckkeystrokehandler.js --> futsalhouse.com /httpdocs/admin/fckeditor/editor/_source/classes fckkeystrokehandler.js
2009.06.17 16:21 B C:\AppServ\www\futsalhouse\admin\fckeditor\editor\_source\classes\fckmenublock.js --> futsalhouse.com /httpdocs/admin/fckeditor/editor/_source/classes fckmenublock.js
2009.06.17 16:21 B C:\AppServ\www\futsalhouse\admin\fckeditor\editor\_source\classes\fckmenublockpanel.js --> futsalhouse.com /httpdocs/admin/fckeditor/editor/_source/classes fckmenublockpanel.js
2009.06.17 16:21 B C:\AppServ\www\futsalhouse\admin\fckeditor\editor\_source\classes\fckmenuitem.js --> futsalhouse.com /httpdocs/admin/fckeditor/editor/_source/classes fckmenuitem.js
2009.06.17 16:21 B C:\AppServ\www\futsalhouse\admin\fckeditor\editor\_source\classes\fckpanel.js --> futsalhouse.com /httpdocs/admin/fckeditor/editor/_source/classes fckpanel.js
2009.06.17 16:21 B C:\AppServ\www\futsalhouse\admin\fckeditor\editor\_source\classes\fckplugin.js --> futsalhouse.com /httpdocs/admin/fckeditor/editor/_source/classes fckplugin.js
2009.06.17 16:21 B C:\AppServ\www\futsalhouse\admin\fckeditor\editor\_source\classes\fckspecialcombo.js --> futsalhouse.com /httpdocs/admin/fckeditor/editor/_source/classes fckspecialcombo.js
2009.06.17 16:21 B C:\AppServ\www\futsalhouse\admin\fckeditor\editor\_source\classes\fckstyle.js --> futsalhouse.com /httpdocs/admin/fckeditor/editor/_source/classes fckstyle.js
2009.06.17 16:21 B C:\AppServ\www\futsalhouse\admin\fckeditor\editor\_source\classes\fcktoolbar.js --> futsalhouse.com /httpdocs/admin/fckeditor/editor/_source/classes fcktoolbar.js
2009.06.17 16:21 B C:\AppServ\www\futsalhouse\admin\fckeditor\editor\_source\classes\fcktoolbarbreak_gecko.js --> futsalhouse.com /httpdocs/admin/fckeditor/editor/_source/classes fcktoolbarbreak_gecko.js
2009.06.17 16:21 B C:\AppServ\www\futsalhouse\admin\fckeditor\editor\_source\classes\fcktoolbarbreak_ie.js --> futsalhouse.com /httpdocs/admin/fckeditor/editor/_source/classes fcktoolbarbreak_ie.js
2009.06.17 16:21 B C:\AppServ\www\futsalhouse\admin\fckeditor\editor\_source\classes\fcktoolbarbutton.js --> futsalhouse.com /httpdocs/admin/fckeditor/editor/_source/classes fcktoolbarbutton.js
2009.06.17 16:21 B C:\AppServ\www\futsalhouse\admin\fckeditor\editor\_source\classes\fcktoolbarbuttonui.js --> futsalhouse.com /httpdocs/admin/fckeditor/editor/_source/classes fcktoolbarbuttonui.js
2009.06.17 16:21 B C:\AppServ\www\futsalhouse\admin\fckeditor\editor\_source\classes\fcktoolbarfontformatcombo.js --> futsalhouse.com /httpdocs/admin/fckeditor/editor/_source/classes fcktoolbarfontformatcombo.js
2009.06.17 16:21 B C:\AppServ\www\futsalhouse\admin\fckeditor\editor\_source\classes\fcktoolbarfontscombo.js --> futsalhouse.com /httpdocs/admin/fckeditor/editor/_source/classes fcktoolbarfontscombo.js
2009.06.17 16:21 B C:\AppServ\www\futsalhouse\admin\fckeditor\editor\_source\classes\fcktoolbarfontsizecombo.js --> futsalhouse.com /httpdocs/admin/fckeditor/editor/_source/classes fcktoolbarfontsizecombo.js
2009.06.17 16:21 B C:\AppServ\www\futsalhouse\admin\fckeditor\editor\_source\classes\fcktoolbarpanelbutton.js --> futsalhouse.com /httpdocs/admin/fckeditor/editor/_source/classes fcktoolbarpanelbutton.js
2009.06.17 16:21 B C:\AppServ\www\futsalhouse\admin\fckeditor\editor\_source\classes\fcktoolbarspecialcombo.js --> futsalhouse.com /httpdocs/admin/fckeditor/editor/_source/classes fcktoolbarspecialcombo.js
2009.06.17 16:21 B C:\AppServ\www\futsalhouse\admin\fckeditor\editor\_source\classes\fcktoolbarstylecombo.js --> futsalhouse.com /httpdocs/admin/fckeditor/editor/_source/classes fcktoolbarstylecombo.js
2009.06.17 16:21 B C:\AppServ\www\futsalhouse\admin\fckeditor\editor\_source\classes\fckw3crange.js --> futsalhouse.com /httpdocs/admin/fckeditor/editor/_source/classes fckw3crange.js
2009.06.17 16:21 B C:\AppServ\www\futsalhouse\admin\fckeditor\editor\_source\classes\fckxml.js --> futsalhouse.com /httpdocs/admin/fckeditor/editor/_source/classes fckxml.js
2009.06.17 16:21 B C:\AppServ\www\futsalhouse\admin\fckeditor\editor\_source\classes\fckxml_gecko.js --> futsalhouse.com /httpdocs/admin/fckeditor/editor/_source/classes fckxml_gecko.js
2009.06.17 16:21 B C:\AppServ\www\futsalhouse\admin\fckeditor\editor\_source\classes\fckxml_ie.js --> futsalhouse.com /httpdocs/admin/fckeditor/editor/_source/classes fckxml_ie.js
2009.06.17 16:21 B C:\AppServ\www\futsalhouse\admin\fckeditor\editor\_source\classes\WS_FTP.LOG --> futsalhouse.com /httpdocs/admin/fckeditor/editor/_source/classes WS_FTP.LOG
2009.07.22 09:28 B C:\AppServ\www\corn\admin\fckeditor\editor\_source\classes\fckcontextmenu.js --> cornproducts.co.th /httpdocs/code/admin/fckeditor/editor/_source/classes fckcontextmenu.js
2009.07.22 09:28 B C:\AppServ\www\corn\admin\fckeditor\editor\_source\classes\fckdataprocessor.js --> cornproducts.co.th /httpdocs/code/admin/fckeditor/editor/_source/classes fckdataprocessor.js
2009.07.22 09:28 B C:\AppServ\www\corn\admin\fckeditor\editor\_source\classes\fckdocumentfragment_gecko.js --> cornproducts.co.th /httpdocs/code/admin/fckeditor/editor/_source/classes fckdocumentfragment_gecko.js
2009.07.22 09:28 B C:\AppServ\www\corn\admin\fckeditor\editor\_source\classes\fckdocumentfragment_ie.js --> cornproducts.co.th /httpdocs/code/admin/fckeditor/editor/_source/classes fckdocumentfragment_ie.js
2009.07.22 09:28 B C:\AppServ\www\corn\admin\fckeditor\editor\_source\classes\fckdomrange.js --> cornproducts.co.th /httpdocs/code/admin/fckeditor/editor/_source/classes fckdomrange.js
2009.07.22 09:28 B C:\AppServ\www\corn\admin\fckeditor\editor\_source\classes\fckdomrange_gecko.js --> cornproducts.co.th /httpdocs/code/admin/fckeditor/editor/_source/classes fckdomrange_gecko.js
2009.07.22 09:28 B C:\AppServ\www\corn\admin\fckeditor\editor\_source\classes\fckdomrange_ie.js --> cornproducts.co.th /httpdocs/code/admin/fckeditor/editor/_source/classes fckdomrange_ie.js
2009.07.22 09:28 B C:\AppServ\www\corn\admin\fckeditor\editor\_source\classes\fckdomrangeiterator.js --> cornproducts.co.th /httpdocs/code/admin/fckeditor/editor/_source/classes fckdomrangeiterator.js
2009.07.22 09:28 B C:\AppServ\www\corn\admin\fckeditor\editor\_source\classes\fckeditingarea.js --> cornproducts.co.th /httpdocs/code/admin/fckeditor/editor/_source/classes fckeditingarea.js
2009.07.22 09:28 B C:\AppServ\www\corn\admin\fckeditor\editor\_source\classes\fckelementpath.js --> cornproducts.co.th /httpdocs/code/admin/fckeditor/editor/_source/classes fckelementpath.js
2009.07.22 09:28 B C:\AppServ\www\corn\admin\fckeditor\editor\_source\classes\fckenterkey.js --> cornproducts.co.th /httpdocs/code/admin/fckeditor/editor/_source/classes fckenterkey.js
2009.07.22 09:28 B C:\AppServ\www\corn\admin\fckeditor\editor\_source\classes\fckevents.js --> cornproducts.co.th /httpdocs/code/admin/fckeditor/editor/_source/classes fckevents.js
2009.07.22 09:28 B C:\AppServ\www\corn\admin\fckeditor\editor\_source\classes\fckicon.js --> cornproducts.co.th /httpdocs/code/admin/fckeditor/editor/_source/classes fckicon.js
2009.07.22 09:28 B C:\AppServ\www\corn\admin\fckeditor\editor\_source\classes\fckiecleanup.js --> cornproducts.co.th /httpdocs/code/admin/fckeditor/editor/_source/classes fckiecleanup.js
2009.07.22 09:28 B C:\AppServ\www\corn\admin\fckeditor\editor\_source\classes\fckimagepreloader.js --> cornproducts.co.th /httpdocs/code/admin/fckeditor/editor/_source/classes fckimagepreloader.js
2009.07.22 09:28 B C:\AppServ\www\corn\admin\fckeditor\editor\_source\classes\fckkeystrokehandler.js --> cornproducts.co.th /httpdocs/code/admin/fckeditor/editor/_source/classes fckkeystrokehandler.js
2009.07.22 09:28 B C:\AppServ\www\corn\admin\fckeditor\editor\_source\classes\fckmenublock.js --> cornproducts.co.th /httpdocs/code/admin/fckeditor/editor/_source/classes fckmenublock.js
2009.07.22 09:28 B C:\AppServ\www\corn\admin\fckeditor\editor\_source\classes\fckmenublockpanel.js --> cornproducts.co.th /httpdocs/code/admin/fckeditor/editor/_source/classes fckmenublockpanel.js
2009.07.22 09:28 B C:\AppServ\www\corn\admin\fckeditor\editor\_source\classes\fckmenuitem.js --> cornproducts.co.th /httpdocs/code/admin/fckeditor/editor/_source/classes fckmenuitem.js
2009.07.22 09:28 B C:\AppServ\www\corn\admin\fckeditor\editor\_source\classes\fckpanel.js --> cornproducts.co.th /httpdocs/code/admin/fckeditor/editor/_source/classes fckpanel.js
2009.07.22 09:28 B C:\AppServ\www\corn\admin\fckeditor\editor\_source\classes\fckplugin.js --> cornproducts.co.th /httpdocs/code/admin/fckeditor/editor/_source/classes fckplugin.js
2009.07.22 09:28 B C:\AppServ\www\corn\admin\fckeditor\editor\_source\classes\fckspecialcombo.js --> cornproducts.co.th /httpdocs/code/admin/fckeditor/editor/_source/classes fckspecialcombo.js
2009.07.22 09:28 B C:\AppServ\www\corn\admin\fckeditor\editor\_source\classes\fckstyle.js --> cornproducts.co.th /httpdocs/code/admin/fckeditor/editor/_source/classes fckstyle.js
2009.07.22 09:28 B C:\AppServ\www\corn\admin\fckeditor\editor\_source\classes\fcktoolbar.js --> cornproducts.co.th /httpdocs/code/admin/fckeditor/editor/_source/classes fcktoolbar.js
2009.07.22 09:28 B C:\AppServ\www\corn\admin\fckeditor\editor\_source\classes\fcktoolbarbreak_gecko.js --> cornproducts.co.th /httpdocs/code/admin/fckeditor/editor/_source/classes fcktoolbarbreak_gecko.js
2009.07.22 09:28 B C:\AppServ\www\corn\admin\fckeditor\editor\_source\classes\fcktoolbarbreak_ie.js --> cornproducts.co.th /httpdocs/code/admin/fckeditor/editor/_source/classes fcktoolbarbreak_ie.js
2009.07.22 09:28 B C:\AppServ\www\corn\admin\fckeditor\editor\_source\classes\fcktoolbarbutton.js --> cornproducts.co.th /httpdocs/code/admin/fckeditor/editor/_source/classes fcktoolbarbutton.js
2009.07.22 09:28 B C:\AppServ\www\corn\admin\fckeditor\editor\_source\classes\fcktoolbarbuttonui.js --> cornproducts.co.th /httpdocs/code/admin/fckeditor/editor/_source/classes fcktoolbarbuttonui.js
2009.07.22 09:28 B C:\AppServ\www\corn\admin\fckeditor\editor\_source\classes\fcktoolbarfontformatcombo.js --> cornproducts.co.th /httpdocs/code/admin/fckeditor/editor/_source/classes fcktoolbarfontformatcombo.js
2009.07.22 09:28 B C:\AppServ\www\corn\admin\fckeditor\editor\_source\classes\fcktoolbarfontscombo.js --> cornproducts.co.th /httpdocs/code/admin/fckeditor/editor/_source/classes fcktoolbarfontscombo.js
2009.07.22 09:28 B C:\AppServ\www\corn\admin\fckeditor\editor\_source\classes\fcktoolbarfontsizecombo.js --> cornproducts.co.th /httpdocs/code/admin/fckeditor/editor/_source/classes fcktoolbarfontsizecombo.js
2009.07.22 09:28 B C:\AppServ\www\corn\admin\fckeditor\editor\_source\classes\fcktoolbarpanelbutton.js --> cornproducts.co.th /httpdocs/code/admin/fckeditor/editor/_source/classes fcktoolbarpanelbutton.js
2009.07.22 09:28 B C:\AppServ\www\corn\admin\fckeditor\editor\_source\classes\fcktoolbarspecialcombo.js --> cornproducts.co.th /httpdocs/code/admin/fckeditor/editor/_source/classes fcktoolbarspecialcombo.js
2009.07.22 09:28 B C:\AppServ\www\corn\admin\fckeditor\editor\_source\classes\fcktoolbarstylecombo.js --> cornproducts.co.th /httpdocs/code/admin/fckeditor/editor/_source/classes fcktoolbarstylecombo.js
2009.07.22 09:28 B C:\AppServ\www\corn\admin\fckeditor\editor\_source\classes\fckw3crange.js --> cornproducts.co.th /httpdocs/code/admin/fckeditor/editor/_source/classes fckw3crange.js
2009.07.22 09:28 B C:\AppServ\www\corn\admin\fckeditor\editor\_source\classes\fckxml.js --> cornproducts.co.th /httpdocs/code/admin/fckeditor/editor/_source/classes fckxml.js
2009.07.22 09:28 B C:\AppServ\www\corn\admin\fckeditor\editor\_source\classes\fckxml_gecko.js --> cornproducts.co.th /httpdocs/code/admin/fckeditor/editor/_source/classes fckxml_gecko.js
2009.07.22 09:28 B C:\AppServ\www\corn\admin\fckeditor\editor\_source\classes\fckxml_ie.js --> cornproducts.co.th /httpdocs/code/admin/fckeditor/editor/_source/classes fckxml_ie.js
2009.07.22 09:28 B C:\AppServ\www\corn\admin\fckeditor\editor\_source\classes\WS_FTP.LOG --> cornproducts.co.th /httpdocs/code/admin/fckeditor/editor/_source/classes WS_FTP.LOG
2009.08.05 15:18 B C:\AppServ\www\tcl\admin\fckeditor\editor\_source\classes\fckcontextmenu.js --> www.tcl.co.th /httpdocs/code/admin/fckeditor/editor/_source/classes fckcontextmenu.js
2009.08.05 15:18 B C:\AppServ\www\tcl\admin\fckeditor\editor\_source\classes\fckdataprocessor.js --> www.tcl.co.th /httpdocs/code/admin/fckeditor/editor/_source/classes fckdataprocessor.js
2009.08.05 15:18 B C:\AppServ\www\tcl\admin\fckeditor\editor\_source\classes\fckdocumentfragment_gecko.js --> www.tcl.co.th /httpdocs/code/admin/fckeditor/editor/_source/classes fckdocumentfragment_gecko.js
2009.08.05 15:18 B C:\AppServ\www\tcl\admin\fckeditor\editor\_source\classes\fckdocumentfragment_ie.js --> www.tcl.co.th /httpdocs/code/admin/fckeditor/editor/_source/classes fckdocumentfragment_ie.js
2009.08.05 15:18 B C:\AppServ\www\tcl\admin\fckeditor\editor\_source\classes\fckdomrange.js --> www.tcl.co.th /httpdocs/code/admin/fckeditor/editor/_source/classes fckdomrange.js
2009.08.05 15:18 B C:\AppServ\www\tcl\admin\fckeditor\editor\_source\classes\fckdomrange_gecko.js --> www.tcl.co.th /httpdocs/code/admin/fckeditor/editor/_source/classes fckdomrange_gecko.js
2009.08.05 15:18 B C:\AppServ\www\tcl\admin\fckeditor\editor\_source\classes\fckdomrange_ie.js --> www.tcl.co.th /httpdocs/code/admin/fckeditor/editor/_source/classes fckdomrange_ie.js
2009.08.05 15:18 B C:\AppServ\www\tcl\admin\fckeditor\editor\_source\classes\fckdomrangeiterator.js --> www.tcl.co.th /httpdocs/code/admin/fckeditor/editor/_source/classes fckdomrangeiterator.js
2009.08.05 15:18 B C:\AppServ\www\tcl\admin\fckeditor\editor\_source\classes\fckeditingarea.js --> www.tcl.co.th /httpdocs/code/admin/fckeditor/editor/_source/classes fckeditingarea.js
2009.08.05 15:18 B C:\AppServ\www\tcl\admin\fckeditor\editor\_source\classes\fckelementpath.js --> www.tcl.co.th /httpdocs/code/admin/fckeditor/editor/_source/classes fckelementpath.js
2009.08.05 15:18 B C:\AppServ\www\tcl\admin\fckeditor\editor\_source\classes\fckenterkey.js --> www.tcl.co.th /httpdocs/code/admin/fckeditor/editor/_source/classes fckenterkey.js
2009.08.05 15:18 B C:\AppServ\www\tcl\admin\fckeditor\editor\_source\classes\fckevents.js --> www.tcl.co.th /httpdocs/code/admin/fckeditor/editor/_source/classes fckevents.js
2009.08.05 15:18 B C:\AppServ\www\tcl\admin\fckeditor\editor\_source\classes\fckicon.js --> www.tcl.co.th /httpdocs/code/admin/fckeditor/editor/_source/classes fckicon.js
2009.08.05 15:18 B C:\AppServ\www\tcl\admin\fckeditor\editor\_source\classes\fckiecleanup.js --> www.tcl.co.th /httpdocs/code/admin/fckeditor/editor/_source/classes fckiecleanup.js
2009.08.05 15:18 B C:\AppServ\www\tcl\admin\fckeditor\editor\_source\classes\fckimagepreloader.js --> www.tcl.co.th /httpdocs/code/admin/fckeditor/editor/_source/classes fckimagepreloader.js
2009.08.05 15:18 B C:\AppServ\www\tcl\admin\fckeditor\editor\_source\classes\fckkeystrokehandler.js --> www.tcl.co.th /httpdocs/code/admin/fckeditor/editor/_source/classes fckkeystrokehandler.js
2009.08.05 15:18 B C:\AppServ\www\tcl\admin\fckeditor\editor\_source\classes\fckmenublock.js --> www.tcl.co.th /httpdocs/code/admin/fckeditor/editor/_source/classes fckmenublock.js
2009.08.05 15:18 B C:\AppServ\www\tcl\admin\fckeditor\editor\_source\classes\fckmenublockpanel.js --> www.tcl.co.th /httpdocs/code/admin/fckeditor/editor/_source/classes fckmenublockpanel.js
2009.08.05 15:18 B C:\AppServ\www\tcl\admin\fckeditor\editor\_source\classes\fckmenuitem.js --> www.tcl.co.th /httpdocs/code/admin/fckeditor/editor/_source/classes fckmenuitem.js
2009.08.05 15:18 B C:\AppServ\www\tcl\admin\fckeditor\editor\_source\classes\fckpanel.js --> www.tcl.co.th /httpdocs/code/admin/fckeditor/editor/_source/classes fckpanel.js
2009.08.05 15:18 B C:\AppServ\www\tcl\admin\fckeditor\editor\_source\classes\fckplugin.js --> www.tcl.co.th /httpdocs/code/admin/fckeditor/editor/_source/classes fckplugin.js
2009.08.05 15:18 B C:\AppServ\www\tcl\admin\fckeditor\editor\_source\classes\fckspecialcombo.js --> www.tcl.co.th /httpdocs/code/admin/fckeditor/editor/_source/classes fckspecialcombo.js
2009.08.05 15:18 B C:\AppServ\www\tcl\admin\fckeditor\editor\_source\classes\fckstyle.js --> www.tcl.co.th /httpdocs/code/admin/fckeditor/editor/_source/classes fckstyle.js
2009.08.05 15:18 B C:\AppServ\www\tcl\admin\fckeditor\editor\_source\classes\fcktoolbar.js --> www.tcl.co.th /httpdocs/code/admin/fckeditor/editor/_source/classes fcktoolbar.js
2009.08.05 15:18 B C:\AppServ\www\tcl\admin\fckeditor\editor\_source\classes\fcktoolbarbreak_gecko.js --> www.tcl.co.th /httpdocs/code/admin/fckeditor/editor/_source/classes fcktoolbarbreak_gecko.js
2009.08.05 15:18 B C:\AppServ\www\tcl\admin\fckeditor\editor\_source\classes\fcktoolbarbreak_ie.js --> www.tcl.co.th /httpdocs/code/admin/fckeditor/editor/_source/classes fcktoolbarbreak_ie.js
2009.08.05 15:18 B C:\AppServ\www\tcl\admin\fckeditor\editor\_source\classes\fcktoolbarbutton.js --> www.tcl.co.th /httpdocs/code/admin/fckeditor/editor/_source/classes fcktoolbarbutton.js
2009.08.05 15:18 B C:\AppServ\www\tcl\admin\fckeditor\editor\_source\classes\fcktoolbarbuttonui.js --> www.tcl.co.th /httpdocs/code/admin/fckeditor/editor/_source/classes fcktoolbarbuttonui.js
2009.08.05 15:18 B C:\AppServ\www\tcl\admin\fckeditor\editor\_source\classes\fcktoolbarfontformatcombo.js --> www.tcl.co.th /httpdocs/code/admin/fckeditor/editor/_source/classes fcktoolbarfontformatcombo.js
2009.08.05 15:18 B C:\AppServ\www\tcl\admin\fckeditor\editor\_source\classes\fcktoolbarfontscombo.js --> www.tcl.co.th /httpdocs/code/admin/fckeditor/editor/_source/classes fcktoolbarfontscombo.js
2009.08.05 15:18 B C:\AppServ\www\tcl\admin\fckeditor\editor\_source\classes\fcktoolbarfontsizecombo.js --> www.tcl.co.th /httpdocs/code/admin/fckeditor/editor/_source/classes fcktoolbarfontsizecombo.js
2009.08.05 15:18 B C:\AppServ\www\tcl\admin\fckeditor\editor\_source\classes\fcktoolbarpanelbutton.js --> www.tcl.co.th /httpdocs/code/admin/fckeditor/editor/_source/classes fcktoolbarpanelbutton.js
2009.08.05 15:18 B C:\AppServ\www\tcl\admin\fckeditor\editor\_source\classes\fcktoolbarspecialcombo.js --> www.tcl.co.th /httpdocs/code/admin/fckeditor/editor/_source/classes fcktoolbarspecialcombo.js
2009.08.05 15:18 B C:\AppServ\www\tcl\admin\fckeditor\editor\_source\classes\fcktoolbarstylecombo.js --> www.tcl.co.th /httpdocs/code/admin/fckeditor/editor/_source/classes fcktoolbarstylecombo.js
2009.08.05 15:18 B C:\AppServ\www\tcl\admin\fckeditor\editor\_source\classes\fckw3crange.js --> www.tcl.co.th /httpdocs/code/admin/fckeditor/editor/_source/classes fckw3crange.js
2009.08.05 15:18 B C:\AppServ\www\tcl\admin\fckeditor\editor\_source\classes\fckxml.js --> www.tcl.co.th /httpdocs/code/admin/fckeditor/editor/_source/classes fckxml.js
2009.08.05 15:18 B C:\AppServ\www\tcl\admin\fckeditor\editor\_source\classes\fckxml_gecko.js --> www.tcl.co.th /httpdocs/code/admin/fckeditor/editor/_source/classes fckxml_gecko.js
2009.08.05 15:18 B C:\AppServ\www\tcl\admin\fckeditor\editor\_source\classes\fckxml_ie.js --> www.tcl.co.th /httpdocs/code/admin/fckeditor/editor/_source/classes fckxml_ie.js
2009.08.05 15:18 B C:\AppServ\www\tcl\admin\fckeditor\editor\_source\classes\WS_FTP.LOG --> www.tcl.co.th /httpdocs/code/admin/fckeditor/editor/_source/classes WS_FTP.LOG
2009.08.19 17:27 B C:\AppServ\www\tcl\admin\fckeditor\editor\_source\classes\fckcontextmenu.js --> www.tcl.co.th /httpdocs/admin/fckeditor/editor/_source/classes fckcontextmenu.js
2009.08.19 17:27 B C:\AppServ\www\tcl\admin\fckeditor\editor\_source\classes\fckdataprocessor.js --> www.tcl.co.th /httpdocs/admin/fckeditor/editor/_source/classes fckdataprocessor.js
2009.08.19 17:27 B C:\AppServ\www\tcl\admin\fckeditor\editor\_source\classes\fckdocumentfragment_gecko.js --> www.tcl.co.th /httpdocs/admin/fckeditor/editor/_source/classes fckdocumentfragment_gecko.js
2009.08.19 17:27 B C:\AppServ\www\tcl\admin\fckeditor\editor\_source\classes\fckdocumentfragment_ie.js --> www.tcl.co.th /httpdocs/admin/fckeditor/editor/_source/classes fckdocumentfragment_ie.js
2009.08.19 17:27 B C:\AppServ\www\tcl\admin\fckeditor\editor\_source\classes\fckdomrange.js --> www.tcl.co.th /httpdocs/admin/fckeditor/editor/_source/classes fckdomrange.js
2009.08.19 17:27 B C:\AppServ\www\tcl\admin\fckeditor\editor\_source\classes\fckdomrange_gecko.js --> www.tcl.co.th /httpdocs/admin/fckeditor/editor/_source/classes fckdomrange_gecko.js
2009.08.19 17:27 B C:\AppServ\www\tcl\admin\fckeditor\editor\_source\classes\fckdomrange_ie.js --> www.tcl.co.th /httpdocs/admin/fckeditor/editor/_source/classes fckdomrange_ie.js
2009.08.19 17:27 B C:\AppServ\www\tcl\admin\fckeditor\editor\_source\classes\fckdomrangeiterator.js --> www.tcl.co.th /httpdocs/admin/fckeditor/editor/_source/classes fckdomrangeiterator.js
2009.08.19 17:28 B C:\AppServ\www\tcl\admin\fckeditor\editor\_source\classes\fckeditingarea.js --> www.tcl.co.th /httpdocs/admin/fckeditor/editor/_source/classes fckeditingarea.js
2009.08.19 17:28 B C:\AppServ\www\tcl\admin\fckeditor\editor\_source\classes\fckelementpath.js --> www.tcl.co.th /httpdocs/admin/fckeditor/editor/_source/classes fckelementpath.js
2009.08.19 17:28 B C:\AppServ\www\tcl\admin\fckeditor\editor\_source\classes\fckenterkey.js --> www.tcl.co.th /httpdocs/admin/fckeditor/editor/_source/classes fckenterkey.js
2009.08.19 17:28 B C:\AppServ\www\tcl\admin\fckeditor\editor\_source\classes\fckevents.js --> www.tcl.co.th /httpdocs/admin/fckeditor/editor/_source/classes fckevents.js
2009.08.19 17:28 B C:\AppServ\www\tcl\admin\fckeditor\editor\_source\classes\fckicon.js --> www.tcl.co.th /httpdocs/admin/fckeditor/editor/_source/classes fckicon.js
2009.08.19 17:28 B C:\AppServ\www\tcl\admin\fckeditor\editor\_source\classes\fckiecleanup.js --> www.tcl.co.th /httpdocs/admin/fckeditor/editor/_source/classes fckiecleanup.js
2009.08.19 17:28 B C:\AppServ\www\tcl\admin\fckeditor\editor\_source\classes\fckimagepreloader.js --> www.tcl.co.th /httpdocs/admin/fckeditor/editor/_source/classes fckimagepreloader.js
2009.08.19 17:28 B C:\AppServ\www\tcl\admin\fckeditor\editor\_source\classes\fckkeystrokehandler.js --> www.tcl.co.th /httpdocs/admin/fckeditor/editor/_source/classes fckkeystrokehandler.js
2009.08.19 17:28 B C:\AppServ\www\tcl\admin\fckeditor\editor\_source\classes\fckmenublock.js --> www.tcl.co.th /httpdocs/admin/fckeditor/editor/_source/classes fckmenublock.js
2009.08.19 17:28 B C:\AppServ\www\tcl\admin\fckeditor\editor\_source\classes\fckmenublockpanel.js --> www.tcl.co.th /httpdocs/admin/fckeditor/editor/_source/classes fckmenublockpanel.js
2009.08.19 17:28 B C:\AppServ\www\tcl\admin\fckeditor\editor\_source\classes\fckmenuitem.js --> www.tcl.co.th /httpdocs/admin/fckeditor/editor/_source/classes fckmenuitem.js
2009.08.19 17:28 B C:\AppServ\www\tcl\admin\fckeditor\editor\_source\classes\fckpanel.js --> www.tcl.co.th /httpdocs/admin/fckeditor/editor/_source/classes fckpanel.js
2009.08.19 17:28 B C:\AppServ\www\tcl\admin\fckeditor\editor\_source\classes\fckplugin.js --> www.tcl.co.th /httpdocs/admin/fckeditor/editor/_source/classes fckplugin.js
2009.08.19 17:28 B C:\AppServ\www\tcl\admin\fckeditor\editor\_source\classes\fckspecialcombo.js --> www.tcl.co.th /httpdocs/admin/fckeditor/editor/_source/classes fckspecialcombo.js
2009.08.19 17:28 B C:\AppServ\www\tcl\admin\fckeditor\editor\_source\classes\fckstyle.js --> www.tcl.co.th /httpdocs/admin/fckeditor/editor/_source/classes fckstyle.js
2009.08.19 17:28 B C:\AppServ\www\tcl\admin\fckeditor\editor\_source\classes\fcktoolbar.js --> www.tcl.co.th /httpdocs/admin/fckeditor/editor/_source/classes fcktoolbar.js
2009.08.19 17:28 B C:\AppServ\www\tcl\admin\fckeditor\editor\_source\classes\fcktoolbarbreak_gecko.js --> www.tcl.co.th /httpdocs/admin/fckeditor/editor/_source/classes fcktoolbarbreak_gecko.js
2009.08.19 17:28 B C:\AppServ\www\tcl\admin\fckeditor\editor\_source\classes\fcktoolbarbreak_ie.js --> www.tcl.co.th /httpdocs/admin/fckeditor/editor/_source/classes fcktoolbarbreak_ie.js
2009.08.19 17:28 B C:\AppServ\www\tcl\admin\fckeditor\editor\_source\classes\fcktoolbarbutton.js --> www.tcl.co.th /httpdocs/admin/fckeditor/editor/_source/classes fcktoolbarbutton.js
2009.08.19 17:28 B C:\AppServ\www\tcl\admin\fckeditor\editor\_source\classes\fcktoolbarbuttonui.js --> www.tcl.co.th /httpdocs/admin/fckeditor/editor/_source/classes fcktoolbarbuttonui.js
2009.08.19 17:28 B C:\AppServ\www\tcl\admin\fckeditor\editor\_source\classes\fcktoolbarfontformatcombo.js --> www.tcl.co.th /httpdocs/admin/fckeditor/editor/_source/classes fcktoolbarfontformatcombo.js
2009.08.19 17:28 B C:\AppServ\www\tcl\admin\fckeditor\editor\_source\classes\fcktoolbarfontscombo.js --> www.tcl.co.th /httpdocs/admin/fckeditor/editor/_source/classes fcktoolbarfontscombo.js
2009.08.19 17:28 B C:\AppServ\www\tcl\admin\fckeditor\editor\_source\classes\fcktoolbarfontsizecombo.js --> www.tcl.co.th /httpdocs/admin/fckeditor/editor/_source/classes fcktoolbarfontsizecombo.js
2009.08.19 17:28 B C:\AppServ\www\tcl\admin\fckeditor\editor\_source\classes\fcktoolbarpanelbutton.js --> www.tcl.co.th /httpdocs/admin/fckeditor/editor/_source/classes fcktoolbarpanelbutton.js
2009.08.19 17:28 B C:\AppServ\www\tcl\admin\fckeditor\editor\_source\classes\fcktoolbarspecialcombo.js --> www.tcl.co.th /httpdocs/admin/fckeditor/editor/_source/classes fcktoolbarspecialcombo.js
2009.08.19 17:28 B C:\AppServ\www\tcl\admin\fckeditor\editor\_source\classes\fcktoolbarstylecombo.js --> www.tcl.co.th /httpdocs/admin/fckeditor/editor/_source/classes fcktoolbarstylecombo.js
2009.08.19 17:28 B C:\AppServ\www\tcl\admin\fckeditor\editor\_source\classes\fckw3crange.js --> www.tcl.co.th /httpdocs/admin/fckeditor/editor/_source/classes fckw3crange.js
2009.08.19 17:28 B C:\AppServ\www\tcl\admin\fckeditor\editor\_source\classes\fckxml.js --> www.tcl.co.th /httpdocs/admin/fckeditor/editor/_source/classes fckxml.js
2009.08.19 17:28 B C:\AppServ\www\tcl\admin\fckeditor\editor\_source\classes\fckxml_gecko.js --> www.tcl.co.th /httpdocs/admin/fckeditor/editor/_source/classes fckxml_gecko.js
2009.08.19 17:28 B C:\AppServ\www\tcl\admin\fckeditor\editor\_source\classes\fckxml_ie.js --> www.tcl.co.th /httpdocs/admin/fckeditor/editor/_source/classes fckxml_ie.js
2009.08.19 17:28 B C:\AppServ\www\tcl\admin\fckeditor\editor\_source\classes\WS_FTP.LOG --> www.tcl.co.th /httpdocs/admin/fckeditor/editor/_source/classes WS_FTP.LOG
