2009.06.08 17:30 B C:\AppServ\www\postthai\admin\fckeditor\_samples\php\sample01.php --> bangkokstamp2010.com /httpdocs/code/admin/fckeditor/_samples/php sample01.php
2009.06.08 17:31 B C:\AppServ\www\postthai\admin\fckeditor\_samples\php\sample02.php --> bangkokstamp2010.com /httpdocs/code/admin/fckeditor/_samples/php sample02.php
2009.06.08 17:31 B C:\AppServ\www\postthai\admin\fckeditor\_samples\php\sample03.php --> bangkokstamp2010.com /httpdocs/code/admin/fckeditor/_samples/php sample03.php
2009.06.08 17:31 B C:\AppServ\www\postthai\admin\fckeditor\_samples\php\sample04.php --> bangkokstamp2010.com /httpdocs/code/admin/fckeditor/_samples/php sample04.php
2009.06.08 17:31 B C:\AppServ\www\postthai\admin\fckeditor\_samples\php\sampleposteddata.php --> bangkokstamp2010.com /httpdocs/code/admin/fckeditor/_samples/php sampleposteddata.php
2009.06.17 16:21 B C:\AppServ\www\futsalhouse\admin\fckeditor\_samples\php\sample01.php --> futsalhouse.com /httpdocs/admin/fckeditor/_samples/php sample01.php
2009.06.17 16:21 B C:\AppServ\www\futsalhouse\admin\fckeditor\_samples\php\sample02.php --> futsalhouse.com /httpdocs/admin/fckeditor/_samples/php sample02.php
2009.06.17 16:21 B C:\AppServ\www\futsalhouse\admin\fckeditor\_samples\php\sample03.php --> futsalhouse.com /httpdocs/admin/fckeditor/_samples/php sample03.php
2009.06.17 16:21 B C:\AppServ\www\futsalhouse\admin\fckeditor\_samples\php\sample04.php --> futsalhouse.com /httpdocs/admin/fckeditor/_samples/php sample04.php
2009.06.17 16:21 B C:\AppServ\www\futsalhouse\admin\fckeditor\_samples\php\sampleposteddata.php --> futsalhouse.com /httpdocs/admin/fckeditor/_samples/php sampleposteddata.php
2009.06.17 16:21 B C:\AppServ\www\futsalhouse\admin\fckeditor\_samples\php\WS_FTP.LOG --> futsalhouse.com /httpdocs/admin/fckeditor/_samples/php WS_FTP.LOG
2009.07.22 09:28 B C:\AppServ\www\corn\admin\fckeditor\_samples\php\sample01.php --> cornproducts.co.th /httpdocs/code/admin/fckeditor/_samples/php sample01.php
2009.07.22 09:28 B C:\AppServ\www\corn\admin\fckeditor\_samples\php\sample02.php --> cornproducts.co.th /httpdocs/code/admin/fckeditor/_samples/php sample02.php
2009.07.22 09:28 B C:\AppServ\www\corn\admin\fckeditor\_samples\php\sample03.php --> cornproducts.co.th /httpdocs/code/admin/fckeditor/_samples/php sample03.php
2009.07.22 09:28 B C:\AppServ\www\corn\admin\fckeditor\_samples\php\sample04.php --> cornproducts.co.th /httpdocs/code/admin/fckeditor/_samples/php sample04.php
2009.07.22 09:28 B C:\AppServ\www\corn\admin\fckeditor\_samples\php\sampleposteddata.php --> cornproducts.co.th /httpdocs/code/admin/fckeditor/_samples/php sampleposteddata.php
2009.07.22 09:28 B C:\AppServ\www\corn\admin\fckeditor\_samples\php\WS_FTP.LOG --> cornproducts.co.th /httpdocs/code/admin/fckeditor/_samples/php WS_FTP.LOG
2009.08.05 15:18 B C:\AppServ\www\tcl\admin\fckeditor\_samples\php\sample01.php --> www.tcl.co.th /httpdocs/code/admin/fckeditor/_samples/php sample01.php
2009.08.05 15:18 B C:\AppServ\www\tcl\admin\fckeditor\_samples\php\sample02.php --> www.tcl.co.th /httpdocs/code/admin/fckeditor/_samples/php sample02.php
2009.08.05 15:18 B C:\AppServ\www\tcl\admin\fckeditor\_samples\php\sample03.php --> www.tcl.co.th /httpdocs/code/admin/fckeditor/_samples/php sample03.php
2009.08.05 15:18 B C:\AppServ\www\tcl\admin\fckeditor\_samples\php\sample04.php --> www.tcl.co.th /httpdocs/code/admin/fckeditor/_samples/php sample04.php
2009.08.05 15:18 B C:\AppServ\www\tcl\admin\fckeditor\_samples\php\sampleposteddata.php --> www.tcl.co.th /httpdocs/code/admin/fckeditor/_samples/php sampleposteddata.php
2009.08.05 15:18 B C:\AppServ\www\tcl\admin\fckeditor\_samples\php\WS_FTP.LOG --> www.tcl.co.th /httpdocs/code/admin/fckeditor/_samples/php WS_FTP.LOG
2009.08.19 17:26 B C:\AppServ\www\tcl\admin\fckeditor\_samples\php\sample01.php --> www.tcl.co.th /httpdocs/admin/fckeditor/_samples/php sample01.php
2009.08.19 17:26 B C:\AppServ\www\tcl\admin\fckeditor\_samples\php\sample02.php --> www.tcl.co.th /httpdocs/admin/fckeditor/_samples/php sample02.php
2009.08.19 17:26 B C:\AppServ\www\tcl\admin\fckeditor\_samples\php\sample03.php --> www.tcl.co.th /httpdocs/admin/fckeditor/_samples/php sample03.php
2009.08.19 17:26 B C:\AppServ\www\tcl\admin\fckeditor\_samples\php\sample04.php --> www.tcl.co.th /httpdocs/admin/fckeditor/_samples/php sample04.php
2009.08.19 17:26 B C:\AppServ\www\tcl\admin\fckeditor\_samples\php\sampleposteddata.php --> www.tcl.co.th /httpdocs/admin/fckeditor/_samples/php sampleposteddata.php
2009.08.19 17:26 B C:\AppServ\www\tcl\admin\fckeditor\_samples\php\WS_FTP.LOG --> www.tcl.co.th /httpdocs/admin/fckeditor/_samples/php WS_FTP.LOG
