2009.06.08 17:35 B C:\AppServ\www\postthai\admin\fckeditor\editor\lang\_translationstatus.txt --> bangkokstamp2010.com /httpdocs/code/admin/fckeditor/editor/lang _translationstatus.txt
2009.06.08 17:35 B C:\AppServ\www\postthai\admin\fckeditor\editor\lang\af.js --> bangkokstamp2010.com /httpdocs/code/admin/fckeditor/editor/lang af.js
2009.06.08 17:35 B C:\AppServ\www\postthai\admin\fckeditor\editor\lang\ar.js --> bangkokstamp2010.com /httpdocs/code/admin/fckeditor/editor/lang ar.js
2009.06.08 17:35 B C:\AppServ\www\postthai\admin\fckeditor\editor\lang\bg.js --> bangkokstamp2010.com /httpdocs/code/admin/fckeditor/editor/lang bg.js
2009.06.08 17:35 B C:\AppServ\www\postthai\admin\fckeditor\editor\lang\bn.js --> bangkokstamp2010.com /httpdocs/code/admin/fckeditor/editor/lang bn.js
2009.06.08 17:35 B C:\AppServ\www\postthai\admin\fckeditor\editor\lang\bs.js --> bangkokstamp2010.com /httpdocs/code/admin/fckeditor/editor/lang bs.js
2009.06.08 17:35 B C:\AppServ\www\postthai\admin\fckeditor\editor\lang\ca.js --> bangkokstamp2010.com /httpdocs/code/admin/fckeditor/editor/lang ca.js
2009.06.08 17:35 B C:\AppServ\www\postthai\admin\fckeditor\editor\lang\cs.js --> bangkokstamp2010.com /httpdocs/code/admin/fckeditor/editor/lang cs.js
2009.06.08 17:35 B C:\AppServ\www\postthai\admin\fckeditor\editor\lang\da.js --> bangkokstamp2010.com /httpdocs/code/admin/fckeditor/editor/lang da.js
2009.06.08 17:35 B C:\AppServ\www\postthai\admin\fckeditor\editor\lang\de.js --> bangkokstamp2010.com /httpdocs/code/admin/fckeditor/editor/lang de.js
2009.06.08 17:35 B C:\AppServ\www\postthai\admin\fckeditor\editor\lang\el.js --> bangkokstamp2010.com /httpdocs/code/admin/fckeditor/editor/lang el.js
2009.06.08 17:35 B C:\AppServ\www\postthai\admin\fckeditor\editor\lang\en-au.js --> bangkokstamp2010.com /httpdocs/code/admin/fckeditor/editor/lang en-au.js
2009.06.08 17:35 B C:\AppServ\www\postthai\admin\fckeditor\editor\lang\en-ca.js --> bangkokstamp2010.com /httpdocs/code/admin/fckeditor/editor/lang en-ca.js
2009.06.08 17:35 B C:\AppServ\www\postthai\admin\fckeditor\editor\lang\en-uk.js --> bangkokstamp2010.com /httpdocs/code/admin/fckeditor/editor/lang en-uk.js
2009.06.08 17:35 B C:\AppServ\www\postthai\admin\fckeditor\editor\lang\en.js --> bangkokstamp2010.com /httpdocs/code/admin/fckeditor/editor/lang en.js
2009.06.08 17:35 B C:\AppServ\www\postthai\admin\fckeditor\editor\lang\eo.js --> bangkokstamp2010.com /httpdocs/code/admin/fckeditor/editor/lang eo.js
2009.06.08 17:35 B C:\AppServ\www\postthai\admin\fckeditor\editor\lang\es.js --> bangkokstamp2010.com /httpdocs/code/admin/fckeditor/editor/lang es.js
2009.06.08 17:35 B C:\AppServ\www\postthai\admin\fckeditor\editor\lang\et.js --> bangkokstamp2010.com /httpdocs/code/admin/fckeditor/editor/lang et.js
2009.06.08 17:35 B C:\AppServ\www\postthai\admin\fckeditor\editor\lang\eu.js --> bangkokstamp2010.com /httpdocs/code/admin/fckeditor/editor/lang eu.js
2009.06.08 17:35 B C:\AppServ\www\postthai\admin\fckeditor\editor\lang\fa.js --> bangkokstamp2010.com /httpdocs/code/admin/fckeditor/editor/lang fa.js
2009.06.08 17:35 B C:\AppServ\www\postthai\admin\fckeditor\editor\lang\fi.js --> bangkokstamp2010.com /httpdocs/code/admin/fckeditor/editor/lang fi.js
2009.06.08 17:35 B C:\AppServ\www\postthai\admin\fckeditor\editor\lang\fo.js --> bangkokstamp2010.com /httpdocs/code/admin/fckeditor/editor/lang fo.js
2009.06.08 17:35 B C:\AppServ\www\postthai\admin\fckeditor\editor\lang\fr.js --> bangkokstamp2010.com /httpdocs/code/admin/fckeditor/editor/lang fr.js
2009.06.08 17:35 B C:\AppServ\www\postthai\admin\fckeditor\editor\lang\gl.js --> bangkokstamp2010.com /httpdocs/code/admin/fckeditor/editor/lang gl.js
2009.06.08 17:35 B C:\AppServ\www\postthai\admin\fckeditor\editor\lang\he.js --> bangkokstamp2010.com /httpdocs/code/admin/fckeditor/editor/lang he.js
2009.06.08 17:35 B C:\AppServ\www\postthai\admin\fckeditor\editor\lang\hi.js --> bangkokstamp2010.com /httpdocs/code/admin/fckeditor/editor/lang hi.js
2009.06.08 17:35 B C:\AppServ\www\postthai\admin\fckeditor\editor\lang\hr.js --> bangkokstamp2010.com /httpdocs/code/admin/fckeditor/editor/lang hr.js
2009.06.08 17:35 B C:\AppServ\www\postthai\admin\fckeditor\editor\lang\hu.js --> bangkokstamp2010.com /httpdocs/code/admin/fckeditor/editor/lang hu.js
2009.06.08 17:35 B C:\AppServ\www\postthai\admin\fckeditor\editor\lang\it.js --> bangkokstamp2010.com /httpdocs/code/admin/fckeditor/editor/lang it.js
2009.06.08 17:35 B C:\AppServ\www\postthai\admin\fckeditor\editor\lang\ja.js --> bangkokstamp2010.com /httpdocs/code/admin/fckeditor/editor/lang ja.js
2009.06.08 17:35 B C:\AppServ\www\postthai\admin\fckeditor\editor\lang\km.js --> bangkokstamp2010.com /httpdocs/code/admin/fckeditor/editor/lang km.js
2009.06.08 17:35 B C:\AppServ\www\postthai\admin\fckeditor\editor\lang\ko.js --> bangkokstamp2010.com /httpdocs/code/admin/fckeditor/editor/lang ko.js
2009.06.08 17:35 B C:\AppServ\www\postthai\admin\fckeditor\editor\lang\lt.js --> bangkokstamp2010.com /httpdocs/code/admin/fckeditor/editor/lang lt.js
2009.06.08 17:35 B C:\AppServ\www\postthai\admin\fckeditor\editor\lang\lv.js --> bangkokstamp2010.com /httpdocs/code/admin/fckeditor/editor/lang lv.js
2009.06.08 17:35 B C:\AppServ\www\postthai\admin\fckeditor\editor\lang\mn.js --> bangkokstamp2010.com /httpdocs/code/admin/fckeditor/editor/lang mn.js
2009.06.08 17:35 B C:\AppServ\www\postthai\admin\fckeditor\editor\lang\ms.js --> bangkokstamp2010.com /httpdocs/code/admin/fckeditor/editor/lang ms.js
2009.06.08 17:35 B C:\AppServ\www\postthai\admin\fckeditor\editor\lang\nb.js --> bangkokstamp2010.com /httpdocs/code/admin/fckeditor/editor/lang nb.js
2009.06.08 17:35 B C:\AppServ\www\postthai\admin\fckeditor\editor\lang\nl.js --> bangkokstamp2010.com /httpdocs/code/admin/fckeditor/editor/lang nl.js
2009.06.08 17:35 B C:\AppServ\www\postthai\admin\fckeditor\editor\lang\no.js --> bangkokstamp2010.com /httpdocs/code/admin/fckeditor/editor/lang no.js
2009.06.08 17:35 B C:\AppServ\www\postthai\admin\fckeditor\editor\lang\pl.js --> bangkokstamp2010.com /httpdocs/code/admin/fckeditor/editor/lang pl.js
2009.06.08 17:35 B C:\AppServ\www\postthai\admin\fckeditor\editor\lang\pt-br.js --> bangkokstamp2010.com /httpdocs/code/admin/fckeditor/editor/lang pt-br.js
2009.06.08 17:35 B C:\AppServ\www\postthai\admin\fckeditor\editor\lang\pt.js --> bangkokstamp2010.com /httpdocs/code/admin/fckeditor/editor/lang pt.js
2009.06.08 17:35 B C:\AppServ\www\postthai\admin\fckeditor\editor\lang\ro.js --> bangkokstamp2010.com /httpdocs/code/admin/fckeditor/editor/lang ro.js
2009.06.08 17:35 B C:\AppServ\www\postthai\admin\fckeditor\editor\lang\ru.js --> bangkokstamp2010.com /httpdocs/code/admin/fckeditor/editor/lang ru.js
2009.06.08 17:35 B C:\AppServ\www\postthai\admin\fckeditor\editor\lang\sk.js --> bangkokstamp2010.com /httpdocs/code/admin/fckeditor/editor/lang sk.js
2009.06.08 17:35 B C:\AppServ\www\postthai\admin\fckeditor\editor\lang\sl.js --> bangkokstamp2010.com /httpdocs/code/admin/fckeditor/editor/lang sl.js
2009.06.08 17:35 B C:\AppServ\www\postthai\admin\fckeditor\editor\lang\sr-latn.js --> bangkokstamp2010.com /httpdocs/code/admin/fckeditor/editor/lang sr-latn.js
2009.06.08 17:35 B C:\AppServ\www\postthai\admin\fckeditor\editor\lang\sr.js --> bangkokstamp2010.com /httpdocs/code/admin/fckeditor/editor/lang sr.js
2009.06.08 17:35 B C:\AppServ\www\postthai\admin\fckeditor\editor\lang\sv.js --> bangkokstamp2010.com /httpdocs/code/admin/fckeditor/editor/lang sv.js
2009.06.08 17:35 B C:\AppServ\www\postthai\admin\fckeditor\editor\lang\th.js --> bangkokstamp2010.com /httpdocs/code/admin/fckeditor/editor/lang th.js
2009.06.08 17:35 B C:\AppServ\www\postthai\admin\fckeditor\editor\lang\tr.js --> bangkokstamp2010.com /httpdocs/code/admin/fckeditor/editor/lang tr.js
2009.06.08 17:35 B C:\AppServ\www\postthai\admin\fckeditor\editor\lang\uk.js --> bangkokstamp2010.com /httpdocs/code/admin/fckeditor/editor/lang uk.js
2009.06.08 17:35 B C:\AppServ\www\postthai\admin\fckeditor\editor\lang\vi.js --> bangkokstamp2010.com /httpdocs/code/admin/fckeditor/editor/lang vi.js
2009.06.08 17:35 B C:\AppServ\www\postthai\admin\fckeditor\editor\lang\zh-cn.js --> bangkokstamp2010.com /httpdocs/code/admin/fckeditor/editor/lang zh-cn.js
2009.06.08 17:35 B C:\AppServ\www\postthai\admin\fckeditor\editor\lang\zh.js --> bangkokstamp2010.com /httpdocs/code/admin/fckeditor/editor/lang zh.js
2009.06.17 16:27 B C:\AppServ\www\futsalhouse\admin\fckeditor\editor\lang\_translationstatus.txt --> futsalhouse.com /httpdocs/admin/fckeditor/editor/lang _translationstatus.txt
2009.06.17 16:27 B C:\AppServ\www\futsalhouse\admin\fckeditor\editor\lang\af.js --> futsalhouse.com /httpdocs/admin/fckeditor/editor/lang af.js
2009.06.17 16:27 B C:\AppServ\www\futsalhouse\admin\fckeditor\editor\lang\ar.js --> futsalhouse.com /httpdocs/admin/fckeditor/editor/lang ar.js
2009.06.17 16:27 B C:\AppServ\www\futsalhouse\admin\fckeditor\editor\lang\bg.js --> futsalhouse.com /httpdocs/admin/fckeditor/editor/lang bg.js
2009.06.17 16:27 B C:\AppServ\www\futsalhouse\admin\fckeditor\editor\lang\bn.js --> futsalhouse.com /httpdocs/admin/fckeditor/editor/lang bn.js
2009.06.17 16:27 B C:\AppServ\www\futsalhouse\admin\fckeditor\editor\lang\bs.js --> futsalhouse.com /httpdocs/admin/fckeditor/editor/lang bs.js
2009.06.17 16:27 B C:\AppServ\www\futsalhouse\admin\fckeditor\editor\lang\ca.js --> futsalhouse.com /httpdocs/admin/fckeditor/editor/lang ca.js
2009.06.17 16:27 B C:\AppServ\www\futsalhouse\admin\fckeditor\editor\lang\cs.js --> futsalhouse.com /httpdocs/admin/fckeditor/editor/lang cs.js
2009.06.17 16:27 B C:\AppServ\www\futsalhouse\admin\fckeditor\editor\lang\da.js --> futsalhouse.com /httpdocs/admin/fckeditor/editor/lang da.js
2009.06.17 16:27 B C:\AppServ\www\futsalhouse\admin\fckeditor\editor\lang\de.js --> futsalhouse.com /httpdocs/admin/fckeditor/editor/lang de.js
2009.06.17 16:27 B C:\AppServ\www\futsalhouse\admin\fckeditor\editor\lang\el.js --> futsalhouse.com /httpdocs/admin/fckeditor/editor/lang el.js
2009.06.17 16:27 B C:\AppServ\www\futsalhouse\admin\fckeditor\editor\lang\en-au.js --> futsalhouse.com /httpdocs/admin/fckeditor/editor/lang en-au.js
2009.06.17 16:27 B C:\AppServ\www\futsalhouse\admin\fckeditor\editor\lang\en-ca.js --> futsalhouse.com /httpdocs/admin/fckeditor/editor/lang en-ca.js
2009.06.17 16:27 B C:\AppServ\www\futsalhouse\admin\fckeditor\editor\lang\en-uk.js --> futsalhouse.com /httpdocs/admin/fckeditor/editor/lang en-uk.js
2009.06.17 16:27 B C:\AppServ\www\futsalhouse\admin\fckeditor\editor\lang\en.js --> futsalhouse.com /httpdocs/admin/fckeditor/editor/lang en.js
2009.06.17 16:27 B C:\AppServ\www\futsalhouse\admin\fckeditor\editor\lang\eo.js --> futsalhouse.com /httpdocs/admin/fckeditor/editor/lang eo.js
2009.06.17 16:27 B C:\AppServ\www\futsalhouse\admin\fckeditor\editor\lang\es.js --> futsalhouse.com /httpdocs/admin/fckeditor/editor/lang es.js
2009.06.17 16:27 B C:\AppServ\www\futsalhouse\admin\fckeditor\editor\lang\et.js --> futsalhouse.com /httpdocs/admin/fckeditor/editor/lang et.js
2009.06.17 16:27 B C:\AppServ\www\futsalhouse\admin\fckeditor\editor\lang\eu.js --> futsalhouse.com /httpdocs/admin/fckeditor/editor/lang eu.js
2009.06.17 16:27 B C:\AppServ\www\futsalhouse\admin\fckeditor\editor\lang\fa.js --> futsalhouse.com /httpdocs/admin/fckeditor/editor/lang fa.js
2009.06.17 16:27 B C:\AppServ\www\futsalhouse\admin\fckeditor\editor\lang\fi.js --> futsalhouse.com /httpdocs/admin/fckeditor/editor/lang fi.js
2009.06.17 16:27 B C:\AppServ\www\futsalhouse\admin\fckeditor\editor\lang\fo.js --> futsalhouse.com /httpdocs/admin/fckeditor/editor/lang fo.js
2009.06.17 16:27 B C:\AppServ\www\futsalhouse\admin\fckeditor\editor\lang\fr.js --> futsalhouse.com /httpdocs/admin/fckeditor/editor/lang fr.js
2009.06.17 16:27 B C:\AppServ\www\futsalhouse\admin\fckeditor\editor\lang\gl.js --> futsalhouse.com /httpdocs/admin/fckeditor/editor/lang gl.js
2009.06.17 16:27 B C:\AppServ\www\futsalhouse\admin\fckeditor\editor\lang\he.js --> futsalhouse.com /httpdocs/admin/fckeditor/editor/lang he.js
2009.06.17 16:27 B C:\AppServ\www\futsalhouse\admin\fckeditor\editor\lang\hi.js --> futsalhouse.com /httpdocs/admin/fckeditor/editor/lang hi.js
2009.06.17 16:27 B C:\AppServ\www\futsalhouse\admin\fckeditor\editor\lang\hr.js --> futsalhouse.com /httpdocs/admin/fckeditor/editor/lang hr.js
2009.06.17 16:27 B C:\AppServ\www\futsalhouse\admin\fckeditor\editor\lang\hu.js --> futsalhouse.com /httpdocs/admin/fckeditor/editor/lang hu.js
2009.06.17 16:27 B C:\AppServ\www\futsalhouse\admin\fckeditor\editor\lang\it.js --> futsalhouse.com /httpdocs/admin/fckeditor/editor/lang it.js
2009.06.17 16:27 B C:\AppServ\www\futsalhouse\admin\fckeditor\editor\lang\ja.js --> futsalhouse.com /httpdocs/admin/fckeditor/editor/lang ja.js
2009.06.17 16:27 B C:\AppServ\www\futsalhouse\admin\fckeditor\editor\lang\km.js --> futsalhouse.com /httpdocs/admin/fckeditor/editor/lang km.js
2009.06.17 16:27 B C:\AppServ\www\futsalhouse\admin\fckeditor\editor\lang\ko.js --> futsalhouse.com /httpdocs/admin/fckeditor/editor/lang ko.js
2009.06.17 16:27 B C:\AppServ\www\futsalhouse\admin\fckeditor\editor\lang\lt.js --> futsalhouse.com /httpdocs/admin/fckeditor/editor/lang lt.js
2009.06.17 16:27 B C:\AppServ\www\futsalhouse\admin\fckeditor\editor\lang\lv.js --> futsalhouse.com /httpdocs/admin/fckeditor/editor/lang lv.js
2009.06.17 16:27 B C:\AppServ\www\futsalhouse\admin\fckeditor\editor\lang\mn.js --> futsalhouse.com /httpdocs/admin/fckeditor/editor/lang mn.js
2009.06.17 16:27 B C:\AppServ\www\futsalhouse\admin\fckeditor\editor\lang\ms.js --> futsalhouse.com /httpdocs/admin/fckeditor/editor/lang ms.js
2009.06.17 16:27 B C:\AppServ\www\futsalhouse\admin\fckeditor\editor\lang\nb.js --> futsalhouse.com /httpdocs/admin/fckeditor/editor/lang nb.js
2009.06.17 16:27 B C:\AppServ\www\futsalhouse\admin\fckeditor\editor\lang\nl.js --> futsalhouse.com /httpdocs/admin/fckeditor/editor/lang nl.js
2009.06.17 16:27 B C:\AppServ\www\futsalhouse\admin\fckeditor\editor\lang\no.js --> futsalhouse.com /httpdocs/admin/fckeditor/editor/lang no.js
2009.06.17 16:27 B C:\AppServ\www\futsalhouse\admin\fckeditor\editor\lang\pl.js --> futsalhouse.com /httpdocs/admin/fckeditor/editor/lang pl.js
2009.06.17 16:27 B C:\AppServ\www\futsalhouse\admin\fckeditor\editor\lang\pt-br.js --> futsalhouse.com /httpdocs/admin/fckeditor/editor/lang pt-br.js
2009.06.17 16:27 B C:\AppServ\www\futsalhouse\admin\fckeditor\editor\lang\pt.js --> futsalhouse.com /httpdocs/admin/fckeditor/editor/lang pt.js
2009.06.17 16:27 B C:\AppServ\www\futsalhouse\admin\fckeditor\editor\lang\ro.js --> futsalhouse.com /httpdocs/admin/fckeditor/editor/lang ro.js
2009.06.17 16:27 B C:\AppServ\www\futsalhouse\admin\fckeditor\editor\lang\ru.js --> futsalhouse.com /httpdocs/admin/fckeditor/editor/lang ru.js
2009.06.17 16:27 B C:\AppServ\www\futsalhouse\admin\fckeditor\editor\lang\sk.js --> futsalhouse.com /httpdocs/admin/fckeditor/editor/lang sk.js
2009.06.17 16:27 B C:\AppServ\www\futsalhouse\admin\fckeditor\editor\lang\sl.js --> futsalhouse.com /httpdocs/admin/fckeditor/editor/lang sl.js
2009.06.17 16:27 B C:\AppServ\www\futsalhouse\admin\fckeditor\editor\lang\sr-latn.js --> futsalhouse.com /httpdocs/admin/fckeditor/editor/lang sr-latn.js
2009.06.17 16:27 B C:\AppServ\www\futsalhouse\admin\fckeditor\editor\lang\sr.js --> futsalhouse.com /httpdocs/admin/fckeditor/editor/lang sr.js
2009.06.17 16:27 B C:\AppServ\www\futsalhouse\admin\fckeditor\editor\lang\sv.js --> futsalhouse.com /httpdocs/admin/fckeditor/editor/lang sv.js
2009.06.17 16:27 B C:\AppServ\www\futsalhouse\admin\fckeditor\editor\lang\th.js --> futsalhouse.com /httpdocs/admin/fckeditor/editor/lang th.js
2009.06.17 16:27 B C:\AppServ\www\futsalhouse\admin\fckeditor\editor\lang\tr.js --> futsalhouse.com /httpdocs/admin/fckeditor/editor/lang tr.js
2009.06.17 16:28 B C:\AppServ\www\futsalhouse\admin\fckeditor\editor\lang\uk.js --> futsalhouse.com /httpdocs/admin/fckeditor/editor/lang uk.js
2009.06.17 16:28 B C:\AppServ\www\futsalhouse\admin\fckeditor\editor\lang\vi.js --> futsalhouse.com /httpdocs/admin/fckeditor/editor/lang vi.js
2009.06.17 16:28 B C:\AppServ\www\futsalhouse\admin\fckeditor\editor\lang\WS_FTP.LOG --> futsalhouse.com /httpdocs/admin/fckeditor/editor/lang WS_FTP.LOG
2009.06.17 16:28 B C:\AppServ\www\futsalhouse\admin\fckeditor\editor\lang\zh-cn.js --> futsalhouse.com /httpdocs/admin/fckeditor/editor/lang zh-cn.js
2009.06.17 16:28 B C:\AppServ\www\futsalhouse\admin\fckeditor\editor\lang\zh.js --> futsalhouse.com /httpdocs/admin/fckeditor/editor/lang zh.js
2009.07.22 09:32 B C:\AppServ\www\corn\admin\fckeditor\editor\lang\_translationstatus.txt --> cornproducts.co.th /httpdocs/code/admin/fckeditor/editor/lang _translationstatus.txt
2009.07.22 09:32 B C:\AppServ\www\corn\admin\fckeditor\editor\lang\af.js --> cornproducts.co.th /httpdocs/code/admin/fckeditor/editor/lang af.js
2009.07.22 09:32 B C:\AppServ\www\corn\admin\fckeditor\editor\lang\ar.js --> cornproducts.co.th /httpdocs/code/admin/fckeditor/editor/lang ar.js
2009.07.22 09:32 B C:\AppServ\www\corn\admin\fckeditor\editor\lang\bg.js --> cornproducts.co.th /httpdocs/code/admin/fckeditor/editor/lang bg.js
2009.07.22 09:32 B C:\AppServ\www\corn\admin\fckeditor\editor\lang\bn.js --> cornproducts.co.th /httpdocs/code/admin/fckeditor/editor/lang bn.js
2009.07.22 09:32 B C:\AppServ\www\corn\admin\fckeditor\editor\lang\bs.js --> cornproducts.co.th /httpdocs/code/admin/fckeditor/editor/lang bs.js
2009.07.22 09:32 B C:\AppServ\www\corn\admin\fckeditor\editor\lang\ca.js --> cornproducts.co.th /httpdocs/code/admin/fckeditor/editor/lang ca.js
2009.07.22 09:32 B C:\AppServ\www\corn\admin\fckeditor\editor\lang\cs.js --> cornproducts.co.th /httpdocs/code/admin/fckeditor/editor/lang cs.js
2009.07.22 09:32 B C:\AppServ\www\corn\admin\fckeditor\editor\lang\da.js --> cornproducts.co.th /httpdocs/code/admin/fckeditor/editor/lang da.js
2009.07.22 09:32 B C:\AppServ\www\corn\admin\fckeditor\editor\lang\de.js --> cornproducts.co.th /httpdocs/code/admin/fckeditor/editor/lang de.js
2009.07.22 09:32 B C:\AppServ\www\corn\admin\fckeditor\editor\lang\el.js --> cornproducts.co.th /httpdocs/code/admin/fckeditor/editor/lang el.js
2009.07.22 09:32 B C:\AppServ\www\corn\admin\fckeditor\editor\lang\en-au.js --> cornproducts.co.th /httpdocs/code/admin/fckeditor/editor/lang en-au.js
2009.07.22 09:32 B C:\AppServ\www\corn\admin\fckeditor\editor\lang\en-ca.js --> cornproducts.co.th /httpdocs/code/admin/fckeditor/editor/lang en-ca.js
2009.07.22 09:32 B C:\AppServ\www\corn\admin\fckeditor\editor\lang\en-uk.js --> cornproducts.co.th /httpdocs/code/admin/fckeditor/editor/lang en-uk.js
2009.07.22 09:32 B C:\AppServ\www\corn\admin\fckeditor\editor\lang\en.js --> cornproducts.co.th /httpdocs/code/admin/fckeditor/editor/lang en.js
2009.07.22 09:32 B C:\AppServ\www\corn\admin\fckeditor\editor\lang\eo.js --> cornproducts.co.th /httpdocs/code/admin/fckeditor/editor/lang eo.js
2009.07.22 09:32 B C:\AppServ\www\corn\admin\fckeditor\editor\lang\es.js --> cornproducts.co.th /httpdocs/code/admin/fckeditor/editor/lang es.js
2009.07.22 09:32 B C:\AppServ\www\corn\admin\fckeditor\editor\lang\et.js --> cornproducts.co.th /httpdocs/code/admin/fckeditor/editor/lang et.js
2009.07.22 09:32 B C:\AppServ\www\corn\admin\fckeditor\editor\lang\eu.js --> cornproducts.co.th /httpdocs/code/admin/fckeditor/editor/lang eu.js
2009.07.22 09:32 B C:\AppServ\www\corn\admin\fckeditor\editor\lang\fa.js --> cornproducts.co.th /httpdocs/code/admin/fckeditor/editor/lang fa.js
2009.07.22 09:32 B C:\AppServ\www\corn\admin\fckeditor\editor\lang\fi.js --> cornproducts.co.th /httpdocs/code/admin/fckeditor/editor/lang fi.js
2009.07.22 09:32 B C:\AppServ\www\corn\admin\fckeditor\editor\lang\fo.js --> cornproducts.co.th /httpdocs/code/admin/fckeditor/editor/lang fo.js
2009.07.22 09:32 B C:\AppServ\www\corn\admin\fckeditor\editor\lang\fr.js --> cornproducts.co.th /httpdocs/code/admin/fckeditor/editor/lang fr.js
2009.07.22 09:32 B C:\AppServ\www\corn\admin\fckeditor\editor\lang\gl.js --> cornproducts.co.th /httpdocs/code/admin/fckeditor/editor/lang gl.js
2009.07.22 09:32 B C:\AppServ\www\corn\admin\fckeditor\editor\lang\he.js --> cornproducts.co.th /httpdocs/code/admin/fckeditor/editor/lang he.js
2009.07.22 09:32 B C:\AppServ\www\corn\admin\fckeditor\editor\lang\hi.js --> cornproducts.co.th /httpdocs/code/admin/fckeditor/editor/lang hi.js
2009.07.22 09:32 B C:\AppServ\www\corn\admin\fckeditor\editor\lang\hr.js --> cornproducts.co.th /httpdocs/code/admin/fckeditor/editor/lang hr.js
2009.07.22 09:32 B C:\AppServ\www\corn\admin\fckeditor\editor\lang\hu.js --> cornproducts.co.th /httpdocs/code/admin/fckeditor/editor/lang hu.js
2009.07.22 09:32 B C:\AppServ\www\corn\admin\fckeditor\editor\lang\it.js --> cornproducts.co.th /httpdocs/code/admin/fckeditor/editor/lang it.js
2009.07.22 09:32 B C:\AppServ\www\corn\admin\fckeditor\editor\lang\ja.js --> cornproducts.co.th /httpdocs/code/admin/fckeditor/editor/lang ja.js
2009.07.22 09:32 B C:\AppServ\www\corn\admin\fckeditor\editor\lang\km.js --> cornproducts.co.th /httpdocs/code/admin/fckeditor/editor/lang km.js
2009.07.22 09:32 B C:\AppServ\www\corn\admin\fckeditor\editor\lang\ko.js --> cornproducts.co.th /httpdocs/code/admin/fckeditor/editor/lang ko.js
2009.07.22 09:32 B C:\AppServ\www\corn\admin\fckeditor\editor\lang\lt.js --> cornproducts.co.th /httpdocs/code/admin/fckeditor/editor/lang lt.js
2009.07.22 09:32 B C:\AppServ\www\corn\admin\fckeditor\editor\lang\lv.js --> cornproducts.co.th /httpdocs/code/admin/fckeditor/editor/lang lv.js
2009.07.22 09:32 B C:\AppServ\www\corn\admin\fckeditor\editor\lang\mn.js --> cornproducts.co.th /httpdocs/code/admin/fckeditor/editor/lang mn.js
2009.07.22 09:32 B C:\AppServ\www\corn\admin\fckeditor\editor\lang\ms.js --> cornproducts.co.th /httpdocs/code/admin/fckeditor/editor/lang ms.js
2009.07.22 09:32 B C:\AppServ\www\corn\admin\fckeditor\editor\lang\nb.js --> cornproducts.co.th /httpdocs/code/admin/fckeditor/editor/lang nb.js
2009.07.22 09:32 B C:\AppServ\www\corn\admin\fckeditor\editor\lang\nl.js --> cornproducts.co.th /httpdocs/code/admin/fckeditor/editor/lang nl.js
2009.07.22 09:32 B C:\AppServ\www\corn\admin\fckeditor\editor\lang\no.js --> cornproducts.co.th /httpdocs/code/admin/fckeditor/editor/lang no.js
2009.07.22 09:33 B C:\AppServ\www\corn\admin\fckeditor\editor\lang\pl.js --> cornproducts.co.th /httpdocs/code/admin/fckeditor/editor/lang pl.js
2009.07.22 09:33 B C:\AppServ\www\corn\admin\fckeditor\editor\lang\pt-br.js --> cornproducts.co.th /httpdocs/code/admin/fckeditor/editor/lang pt-br.js
2009.07.22 09:33 B C:\AppServ\www\corn\admin\fckeditor\editor\lang\pt.js --> cornproducts.co.th /httpdocs/code/admin/fckeditor/editor/lang pt.js
2009.07.22 09:33 B C:\AppServ\www\corn\admin\fckeditor\editor\lang\ro.js --> cornproducts.co.th /httpdocs/code/admin/fckeditor/editor/lang ro.js
2009.07.22 09:33 B C:\AppServ\www\corn\admin\fckeditor\editor\lang\ru.js --> cornproducts.co.th /httpdocs/code/admin/fckeditor/editor/lang ru.js
2009.07.22 09:33 B C:\AppServ\www\corn\admin\fckeditor\editor\lang\sk.js --> cornproducts.co.th /httpdocs/code/admin/fckeditor/editor/lang sk.js
2009.07.22 09:33 B C:\AppServ\www\corn\admin\fckeditor\editor\lang\sl.js --> cornproducts.co.th /httpdocs/code/admin/fckeditor/editor/lang sl.js
2009.07.22 09:33 B C:\AppServ\www\corn\admin\fckeditor\editor\lang\sr-latn.js --> cornproducts.co.th /httpdocs/code/admin/fckeditor/editor/lang sr-latn.js
2009.07.22 09:33 B C:\AppServ\www\corn\admin\fckeditor\editor\lang\sr.js --> cornproducts.co.th /httpdocs/code/admin/fckeditor/editor/lang sr.js
2009.07.22 09:33 B C:\AppServ\www\corn\admin\fckeditor\editor\lang\sv.js --> cornproducts.co.th /httpdocs/code/admin/fckeditor/editor/lang sv.js
2009.07.22 09:33 B C:\AppServ\www\corn\admin\fckeditor\editor\lang\th.js --> cornproducts.co.th /httpdocs/code/admin/fckeditor/editor/lang th.js
2009.07.22 09:33 B C:\AppServ\www\corn\admin\fckeditor\editor\lang\tr.js --> cornproducts.co.th /httpdocs/code/admin/fckeditor/editor/lang tr.js
2009.07.22 09:33 B C:\AppServ\www\corn\admin\fckeditor\editor\lang\uk.js --> cornproducts.co.th /httpdocs/code/admin/fckeditor/editor/lang uk.js
2009.07.22 09:33 B C:\AppServ\www\corn\admin\fckeditor\editor\lang\vi.js --> cornproducts.co.th /httpdocs/code/admin/fckeditor/editor/lang vi.js
2009.07.22 09:33 B C:\AppServ\www\corn\admin\fckeditor\editor\lang\WS_FTP.LOG --> cornproducts.co.th /httpdocs/code/admin/fckeditor/editor/lang WS_FTP.LOG
2009.07.22 09:33 B C:\AppServ\www\corn\admin\fckeditor\editor\lang\zh-cn.js --> cornproducts.co.th /httpdocs/code/admin/fckeditor/editor/lang zh-cn.js
2009.07.22 09:33 B C:\AppServ\www\corn\admin\fckeditor\editor\lang\zh.js --> cornproducts.co.th /httpdocs/code/admin/fckeditor/editor/lang zh.js
2009.08.05 14:00 B C:\AppServ\www\tcl\admin\fckeditor\editor\lang\WS_FTP.LOG --> www.tcl.co.th /httpdocs/code/admin/fckeditor/editor/lang WS_FTP.LOG
2009.08.05 14:00 B C:\AppServ\www\tcl\admin\fckeditor\editor\lang\zh.js --> www.tcl.co.th /httpdocs/code/admin/fckeditor/editor/lang zh.js
2009.08.05 14:00 B C:\AppServ\www\tcl\admin\fckeditor\editor\lang\zh-cn.js --> www.tcl.co.th /httpdocs/code/admin/fckeditor/editor/lang zh-cn.js
2009.08.05 14:00 B C:\AppServ\www\tcl\admin\fckeditor\editor\lang\vi.js --> www.tcl.co.th /httpdocs/code/admin/fckeditor/editor/lang vi.js
2009.08.05 14:00 B C:\AppServ\www\tcl\admin\fckeditor\editor\lang\uk.js --> www.tcl.co.th /httpdocs/code/admin/fckeditor/editor/lang uk.js
2009.08.05 14:00 B C:\AppServ\www\tcl\admin\fckeditor\editor\lang\tr.js --> www.tcl.co.th /httpdocs/code/admin/fckeditor/editor/lang tr.js
2009.08.05 14:00 B C:\AppServ\www\tcl\admin\fckeditor\editor\lang\th.js --> www.tcl.co.th /httpdocs/code/admin/fckeditor/editor/lang th.js
2009.08.05 14:00 B C:\AppServ\www\tcl\admin\fckeditor\editor\lang\sv.js --> www.tcl.co.th /httpdocs/code/admin/fckeditor/editor/lang sv.js
2009.08.05 14:00 B C:\AppServ\www\tcl\admin\fckeditor\editor\lang\sr.js --> www.tcl.co.th /httpdocs/code/admin/fckeditor/editor/lang sr.js
2009.08.05 14:00 B C:\AppServ\www\tcl\admin\fckeditor\editor\lang\sr-latn.js --> www.tcl.co.th /httpdocs/code/admin/fckeditor/editor/lang sr-latn.js
2009.08.05 14:00 B C:\AppServ\www\tcl\admin\fckeditor\editor\lang\sl.js --> www.tcl.co.th /httpdocs/code/admin/fckeditor/editor/lang sl.js
2009.08.05 14:00 B C:\AppServ\www\tcl\admin\fckeditor\editor\lang\sk.js --> www.tcl.co.th /httpdocs/code/admin/fckeditor/editor/lang sk.js
2009.08.05 14:00 B C:\AppServ\www\tcl\admin\fckeditor\editor\lang\ru.js --> www.tcl.co.th /httpdocs/code/admin/fckeditor/editor/lang ru.js
2009.08.05 14:00 B C:\AppServ\www\tcl\admin\fckeditor\editor\lang\ro.js --> www.tcl.co.th /httpdocs/code/admin/fckeditor/editor/lang ro.js
2009.08.05 14:00 B C:\AppServ\www\tcl\admin\fckeditor\editor\lang\pt.js --> www.tcl.co.th /httpdocs/code/admin/fckeditor/editor/lang pt.js
2009.08.05 14:00 B C:\AppServ\www\tcl\admin\fckeditor\editor\lang\pt-br.js --> www.tcl.co.th /httpdocs/code/admin/fckeditor/editor/lang pt-br.js
2009.08.05 14:00 B C:\AppServ\www\tcl\admin\fckeditor\editor\lang\pl.js --> www.tcl.co.th /httpdocs/code/admin/fckeditor/editor/lang pl.js
2009.08.05 14:00 B C:\AppServ\www\tcl\admin\fckeditor\editor\lang\no.js --> www.tcl.co.th /httpdocs/code/admin/fckeditor/editor/lang no.js
2009.08.05 14:00 B C:\AppServ\www\tcl\admin\fckeditor\editor\lang\nl.js --> www.tcl.co.th /httpdocs/code/admin/fckeditor/editor/lang nl.js
2009.08.05 14:00 B C:\AppServ\www\tcl\admin\fckeditor\editor\lang\nb.js --> www.tcl.co.th /httpdocs/code/admin/fckeditor/editor/lang nb.js
2009.08.05 14:00 B C:\AppServ\www\tcl\admin\fckeditor\editor\lang\ms.js --> www.tcl.co.th /httpdocs/code/admin/fckeditor/editor/lang ms.js
2009.08.05 14:00 B C:\AppServ\www\tcl\admin\fckeditor\editor\lang\mn.js --> www.tcl.co.th /httpdocs/code/admin/fckeditor/editor/lang mn.js
2009.08.05 14:00 B C:\AppServ\www\tcl\admin\fckeditor\editor\lang\lv.js --> www.tcl.co.th /httpdocs/code/admin/fckeditor/editor/lang lv.js
2009.08.05 14:00 B C:\AppServ\www\tcl\admin\fckeditor\editor\lang\lt.js --> www.tcl.co.th /httpdocs/code/admin/fckeditor/editor/lang lt.js
2009.08.05 14:00 B C:\AppServ\www\tcl\admin\fckeditor\editor\lang\ko.js --> www.tcl.co.th /httpdocs/code/admin/fckeditor/editor/lang ko.js
2009.08.05 14:00 B C:\AppServ\www\tcl\admin\fckeditor\editor\lang\km.js --> www.tcl.co.th /httpdocs/code/admin/fckeditor/editor/lang km.js
2009.08.05 14:00 B C:\AppServ\www\tcl\admin\fckeditor\editor\lang\ja.js --> www.tcl.co.th /httpdocs/code/admin/fckeditor/editor/lang ja.js
2009.08.05 14:00 B C:\AppServ\www\tcl\admin\fckeditor\editor\lang\it.js --> www.tcl.co.th /httpdocs/code/admin/fckeditor/editor/lang it.js
2009.08.05 14:00 B C:\AppServ\www\tcl\admin\fckeditor\editor\lang\hu.js --> www.tcl.co.th /httpdocs/code/admin/fckeditor/editor/lang hu.js
2009.08.05 14:00 B C:\AppServ\www\tcl\admin\fckeditor\editor\lang\hr.js --> www.tcl.co.th /httpdocs/code/admin/fckeditor/editor/lang hr.js
2009.08.05 14:00 B C:\AppServ\www\tcl\admin\fckeditor\editor\lang\hi.js --> www.tcl.co.th /httpdocs/code/admin/fckeditor/editor/lang hi.js
2009.08.05 14:00 B C:\AppServ\www\tcl\admin\fckeditor\editor\lang\he.js --> www.tcl.co.th /httpdocs/code/admin/fckeditor/editor/lang he.js
2009.08.05 14:00 B C:\AppServ\www\tcl\admin\fckeditor\editor\lang\gl.js --> www.tcl.co.th /httpdocs/code/admin/fckeditor/editor/lang gl.js
2009.08.05 14:00 B C:\AppServ\www\tcl\admin\fckeditor\editor\lang\fr.js --> www.tcl.co.th /httpdocs/code/admin/fckeditor/editor/lang fr.js
2009.08.05 14:00 B C:\AppServ\www\tcl\admin\fckeditor\editor\lang\fo.js --> www.tcl.co.th /httpdocs/code/admin/fckeditor/editor/lang fo.js
2009.08.05 14:00 B C:\AppServ\www\tcl\admin\fckeditor\editor\lang\fi.js --> www.tcl.co.th /httpdocs/code/admin/fckeditor/editor/lang fi.js
2009.08.05 14:00 B C:\AppServ\www\tcl\admin\fckeditor\editor\lang\fa.js --> www.tcl.co.th /httpdocs/code/admin/fckeditor/editor/lang fa.js
2009.08.05 14:00 B C:\AppServ\www\tcl\admin\fckeditor\editor\lang\eu.js --> www.tcl.co.th /httpdocs/code/admin/fckeditor/editor/lang eu.js
2009.08.05 14:00 B C:\AppServ\www\tcl\admin\fckeditor\editor\lang\et.js --> www.tcl.co.th /httpdocs/code/admin/fckeditor/editor/lang et.js
2009.08.05 14:00 B C:\AppServ\www\tcl\admin\fckeditor\editor\lang\es.js --> www.tcl.co.th /httpdocs/code/admin/fckeditor/editor/lang es.js
2009.08.05 14:00 B C:\AppServ\www\tcl\admin\fckeditor\editor\lang\eo.js --> www.tcl.co.th /httpdocs/code/admin/fckeditor/editor/lang eo.js
2009.08.05 14:00 B C:\AppServ\www\tcl\admin\fckeditor\editor\lang\en.js --> www.tcl.co.th /httpdocs/code/admin/fckeditor/editor/lang en.js
2009.08.05 14:00 B C:\AppServ\www\tcl\admin\fckeditor\editor\lang\en-uk.js --> www.tcl.co.th /httpdocs/code/admin/fckeditor/editor/lang en-uk.js
2009.08.05 14:00 B C:\AppServ\www\tcl\admin\fckeditor\editor\lang\en-ca.js --> www.tcl.co.th /httpdocs/code/admin/fckeditor/editor/lang en-ca.js
2009.08.05 14:00 B C:\AppServ\www\tcl\admin\fckeditor\editor\lang\en-au.js --> www.tcl.co.th /httpdocs/code/admin/fckeditor/editor/lang en-au.js
2009.08.05 14:00 B C:\AppServ\www\tcl\admin\fckeditor\editor\lang\el.js --> www.tcl.co.th /httpdocs/code/admin/fckeditor/editor/lang el.js
2009.08.05 14:01 B C:\AppServ\www\tcl\admin\fckeditor\editor\lang\de.js --> www.tcl.co.th /httpdocs/code/admin/fckeditor/editor/lang de.js
2009.08.05 14:01 B C:\AppServ\www\tcl\admin\fckeditor\editor\lang\da.js --> www.tcl.co.th /httpdocs/code/admin/fckeditor/editor/lang da.js
2009.08.05 14:01 B C:\AppServ\www\tcl\admin\fckeditor\editor\lang\cs.js --> www.tcl.co.th /httpdocs/code/admin/fckeditor/editor/lang cs.js
2009.08.05 14:01 B C:\AppServ\www\tcl\admin\fckeditor\editor\lang\ca.js --> www.tcl.co.th /httpdocs/code/admin/fckeditor/editor/lang ca.js
2009.08.05 14:01 B C:\AppServ\www\tcl\admin\fckeditor\editor\lang\bs.js --> www.tcl.co.th /httpdocs/code/admin/fckeditor/editor/lang bs.js
2009.08.05 14:01 B C:\AppServ\www\tcl\admin\fckeditor\editor\lang\bn.js --> www.tcl.co.th /httpdocs/code/admin/fckeditor/editor/lang bn.js
2009.08.05 14:01 B C:\AppServ\www\tcl\admin\fckeditor\editor\lang\bg.js --> www.tcl.co.th /httpdocs/code/admin/fckeditor/editor/lang bg.js
2009.08.05 14:01 B C:\AppServ\www\tcl\admin\fckeditor\editor\lang\ar.js --> www.tcl.co.th /httpdocs/code/admin/fckeditor/editor/lang ar.js
2009.08.05 14:01 B C:\AppServ\www\tcl\admin\fckeditor\editor\lang\af.js --> www.tcl.co.th /httpdocs/code/admin/fckeditor/editor/lang af.js
2009.08.05 14:01 B C:\AppServ\www\tcl\admin\fckeditor\editor\lang\_translationstatus.txt --> www.tcl.co.th /httpdocs/code/admin/fckeditor/editor/lang _translationstatus.txt
2009.08.05 15:20 B C:\AppServ\www\tcl\admin\fckeditor\editor\lang\WS_FTP.LOG --> www.tcl.co.th /httpdocs/code/admin/fckeditor/editor/lang WS_FTP.LOG
2009.08.19 17:34 B C:\AppServ\www\tcl\admin\fckeditor\editor\lang\_translationstatus.txt --> www.tcl.co.th /httpdocs/admin/fckeditor/editor/lang _translationstatus.txt
2009.08.19 17:34 B C:\AppServ\www\tcl\admin\fckeditor\editor\lang\af.js --> www.tcl.co.th /httpdocs/admin/fckeditor/editor/lang af.js
2009.08.19 17:34 B C:\AppServ\www\tcl\admin\fckeditor\editor\lang\ar.js --> www.tcl.co.th /httpdocs/admin/fckeditor/editor/lang ar.js
2009.08.19 17:35 B C:\AppServ\www\tcl\admin\fckeditor\editor\lang\bg.js --> www.tcl.co.th /httpdocs/admin/fckeditor/editor/lang bg.js
2009.08.19 17:35 B C:\AppServ\www\tcl\admin\fckeditor\editor\lang\bn.js --> www.tcl.co.th /httpdocs/admin/fckeditor/editor/lang bn.js
2009.08.19 17:35 B C:\AppServ\www\tcl\admin\fckeditor\editor\lang\bs.js --> www.tcl.co.th /httpdocs/admin/fckeditor/editor/lang bs.js
2009.08.19 17:35 B C:\AppServ\www\tcl\admin\fckeditor\editor\lang\ca.js --> www.tcl.co.th /httpdocs/admin/fckeditor/editor/lang ca.js
2009.08.19 17:35 B C:\AppServ\www\tcl\admin\fckeditor\editor\lang\cs.js --> www.tcl.co.th /httpdocs/admin/fckeditor/editor/lang cs.js
2009.08.19 17:35 B C:\AppServ\www\tcl\admin\fckeditor\editor\lang\da.js --> www.tcl.co.th /httpdocs/admin/fckeditor/editor/lang da.js
2009.08.19 17:35 B C:\AppServ\www\tcl\admin\fckeditor\editor\lang\de.js --> www.tcl.co.th /httpdocs/admin/fckeditor/editor/lang de.js
2009.08.19 17:35 B C:\AppServ\www\tcl\admin\fckeditor\editor\lang\el.js --> www.tcl.co.th /httpdocs/admin/fckeditor/editor/lang el.js
2009.08.19 17:35 B C:\AppServ\www\tcl\admin\fckeditor\editor\lang\en-au.js --> www.tcl.co.th /httpdocs/admin/fckeditor/editor/lang en-au.js
2009.08.19 17:35 B C:\AppServ\www\tcl\admin\fckeditor\editor\lang\en-ca.js --> www.tcl.co.th /httpdocs/admin/fckeditor/editor/lang en-ca.js
2009.08.19 17:35 B C:\AppServ\www\tcl\admin\fckeditor\editor\lang\en-uk.js --> www.tcl.co.th /httpdocs/admin/fckeditor/editor/lang en-uk.js
2009.08.19 17:35 B C:\AppServ\www\tcl\admin\fckeditor\editor\lang\en.js --> www.tcl.co.th /httpdocs/admin/fckeditor/editor/lang en.js
2009.08.19 17:35 B C:\AppServ\www\tcl\admin\fckeditor\editor\lang\eo.js --> www.tcl.co.th /httpdocs/admin/fckeditor/editor/lang eo.js
2009.08.19 17:35 B C:\AppServ\www\tcl\admin\fckeditor\editor\lang\es.js --> www.tcl.co.th /httpdocs/admin/fckeditor/editor/lang es.js
2009.08.19 17:35 B C:\AppServ\www\tcl\admin\fckeditor\editor\lang\et.js --> www.tcl.co.th /httpdocs/admin/fckeditor/editor/lang et.js
2009.08.19 17:35 B C:\AppServ\www\tcl\admin\fckeditor\editor\lang\eu.js --> www.tcl.co.th /httpdocs/admin/fckeditor/editor/lang eu.js
2009.08.19 17:35 B C:\AppServ\www\tcl\admin\fckeditor\editor\lang\fa.js --> www.tcl.co.th /httpdocs/admin/fckeditor/editor/lang fa.js
2009.08.19 17:35 B C:\AppServ\www\tcl\admin\fckeditor\editor\lang\fi.js --> www.tcl.co.th /httpdocs/admin/fckeditor/editor/lang fi.js
2009.08.19 17:35 B C:\AppServ\www\tcl\admin\fckeditor\editor\lang\fo.js --> www.tcl.co.th /httpdocs/admin/fckeditor/editor/lang fo.js
2009.08.19 17:35 B C:\AppServ\www\tcl\admin\fckeditor\editor\lang\fr.js --> www.tcl.co.th /httpdocs/admin/fckeditor/editor/lang fr.js
2009.08.19 17:35 B C:\AppServ\www\tcl\admin\fckeditor\editor\lang\gl.js --> www.tcl.co.th /httpdocs/admin/fckeditor/editor/lang gl.js
2009.08.19 17:35 B C:\AppServ\www\tcl\admin\fckeditor\editor\lang\he.js --> www.tcl.co.th /httpdocs/admin/fckeditor/editor/lang he.js
2009.08.19 17:35 B C:\AppServ\www\tcl\admin\fckeditor\editor\lang\hi.js --> www.tcl.co.th /httpdocs/admin/fckeditor/editor/lang hi.js
2009.08.19 17:35 B C:\AppServ\www\tcl\admin\fckeditor\editor\lang\hr.js --> www.tcl.co.th /httpdocs/admin/fckeditor/editor/lang hr.js
2009.08.19 17:35 B C:\AppServ\www\tcl\admin\fckeditor\editor\lang\hu.js --> www.tcl.co.th /httpdocs/admin/fckeditor/editor/lang hu.js
2009.08.19 17:35 B C:\AppServ\www\tcl\admin\fckeditor\editor\lang\it.js --> www.tcl.co.th /httpdocs/admin/fckeditor/editor/lang it.js
2009.08.19 17:35 B C:\AppServ\www\tcl\admin\fckeditor\editor\lang\ja.js --> www.tcl.co.th /httpdocs/admin/fckeditor/editor/lang ja.js
2009.08.19 17:35 B C:\AppServ\www\tcl\admin\fckeditor\editor\lang\km.js --> www.tcl.co.th /httpdocs/admin/fckeditor/editor/lang km.js
2009.08.19 17:35 B C:\AppServ\www\tcl\admin\fckeditor\editor\lang\ko.js --> www.tcl.co.th /httpdocs/admin/fckeditor/editor/lang ko.js
2009.08.19 17:35 B C:\AppServ\www\tcl\admin\fckeditor\editor\lang\lt.js --> www.tcl.co.th /httpdocs/admin/fckeditor/editor/lang lt.js
2009.08.19 17:35 B C:\AppServ\www\tcl\admin\fckeditor\editor\lang\lv.js --> www.tcl.co.th /httpdocs/admin/fckeditor/editor/lang lv.js
2009.08.19 17:35 B C:\AppServ\www\tcl\admin\fckeditor\editor\lang\mn.js --> www.tcl.co.th /httpdocs/admin/fckeditor/editor/lang mn.js
2009.08.19 17:35 B C:\AppServ\www\tcl\admin\fckeditor\editor\lang\ms.js --> www.tcl.co.th /httpdocs/admin/fckeditor/editor/lang ms.js
2009.08.19 17:35 B C:\AppServ\www\tcl\admin\fckeditor\editor\lang\nb.js --> www.tcl.co.th /httpdocs/admin/fckeditor/editor/lang nb.js
2009.08.19 17:35 B C:\AppServ\www\tcl\admin\fckeditor\editor\lang\nl.js --> www.tcl.co.th /httpdocs/admin/fckeditor/editor/lang nl.js
2009.08.19 17:35 B C:\AppServ\www\tcl\admin\fckeditor\editor\lang\no.js --> www.tcl.co.th /httpdocs/admin/fckeditor/editor/lang no.js
2009.08.19 17:35 B C:\AppServ\www\tcl\admin\fckeditor\editor\lang\pl.js --> www.tcl.co.th /httpdocs/admin/fckeditor/editor/lang pl.js
2009.08.19 17:35 B C:\AppServ\www\tcl\admin\fckeditor\editor\lang\pt-br.js --> www.tcl.co.th /httpdocs/admin/fckeditor/editor/lang pt-br.js
2009.08.19 17:35 B C:\AppServ\www\tcl\admin\fckeditor\editor\lang\pt.js --> www.tcl.co.th /httpdocs/admin/fckeditor/editor/lang pt.js
2009.08.19 17:35 B C:\AppServ\www\tcl\admin\fckeditor\editor\lang\ro.js --> www.tcl.co.th /httpdocs/admin/fckeditor/editor/lang ro.js
2009.08.19 17:35 B C:\AppServ\www\tcl\admin\fckeditor\editor\lang\ru.js --> www.tcl.co.th /httpdocs/admin/fckeditor/editor/lang ru.js
2009.08.19 17:35 B C:\AppServ\www\tcl\admin\fckeditor\editor\lang\sk.js --> www.tcl.co.th /httpdocs/admin/fckeditor/editor/lang sk.js
2009.08.19 17:35 B C:\AppServ\www\tcl\admin\fckeditor\editor\lang\sl.js --> www.tcl.co.th /httpdocs/admin/fckeditor/editor/lang sl.js
2009.08.19 17:35 B C:\AppServ\www\tcl\admin\fckeditor\editor\lang\sr-latn.js --> www.tcl.co.th /httpdocs/admin/fckeditor/editor/lang sr-latn.js
2009.08.19 17:35 B C:\AppServ\www\tcl\admin\fckeditor\editor\lang\sr.js --> www.tcl.co.th /httpdocs/admin/fckeditor/editor/lang sr.js
2009.08.19 17:35 B C:\AppServ\www\tcl\admin\fckeditor\editor\lang\sv.js --> www.tcl.co.th /httpdocs/admin/fckeditor/editor/lang sv.js
2009.08.19 17:35 B C:\AppServ\www\tcl\admin\fckeditor\editor\lang\th.js --> www.tcl.co.th /httpdocs/admin/fckeditor/editor/lang th.js
2009.08.19 17:35 B C:\AppServ\www\tcl\admin\fckeditor\editor\lang\tr.js --> www.tcl.co.th /httpdocs/admin/fckeditor/editor/lang tr.js
2009.08.19 17:35 B C:\AppServ\www\tcl\admin\fckeditor\editor\lang\uk.js --> www.tcl.co.th /httpdocs/admin/fckeditor/editor/lang uk.js
2009.08.19 17:35 B C:\AppServ\www\tcl\admin\fckeditor\editor\lang\vi.js --> www.tcl.co.th /httpdocs/admin/fckeditor/editor/lang vi.js
2009.08.19 17:35 B C:\AppServ\www\tcl\admin\fckeditor\editor\lang\WS_FTP.LOG --> www.tcl.co.th /httpdocs/admin/fckeditor/editor/lang WS_FTP.LOG
2009.08.19 17:35 B C:\AppServ\www\tcl\admin\fckeditor\editor\lang\zh-cn.js --> www.tcl.co.th /httpdocs/admin/fckeditor/editor/lang zh-cn.js
2009.08.19 17:35 B C:\AppServ\www\tcl\admin\fckeditor\editor\lang\zh.js --> www.tcl.co.th /httpdocs/admin/fckeditor/editor/lang zh.js
