2009.06.08 17:33 B C:\AppServ\www\postthai\admin\fckeditor\editor\filemanager\browser\default\browser.css --> bangkokstamp2010.com /httpdocs/code/admin/fckeditor/editor/filemanager/browser/default browser.css
2009.06.08 17:33 B C:\AppServ\www\postthai\admin\fckeditor\editor\filemanager\browser\default\browser.html --> bangkokstamp2010.com /httpdocs/code/admin/fckeditor/editor/filemanager/browser/default browser.html
2009.06.08 17:33 B C:\AppServ\www\postthai\admin\fckeditor\editor\filemanager\browser\default\frmactualfolder.html --> bangkokstamp2010.com /httpdocs/code/admin/fckeditor/editor/filemanager/browser/default frmactualfolder.html
2009.06.08 17:33 B C:\AppServ\www\postthai\admin\fckeditor\editor\filemanager\browser\default\frmcreatefolder.html --> bangkokstamp2010.com /httpdocs/code/admin/fckeditor/editor/filemanager/browser/default frmcreatefolder.html
2009.06.08 17:33 B C:\AppServ\www\postthai\admin\fckeditor\editor\filemanager\browser\default\frmfolders.html --> bangkokstamp2010.com /httpdocs/code/admin/fckeditor/editor/filemanager/browser/default frmfolders.html
2009.06.08 17:33 B C:\AppServ\www\postthai\admin\fckeditor\editor\filemanager\browser\default\frmresourceslist.html --> bangkokstamp2010.com /httpdocs/code/admin/fckeditor/editor/filemanager/browser/default frmresourceslist.html
2009.06.08 17:33 B C:\AppServ\www\postthai\admin\fckeditor\editor\filemanager\browser\default\frmresourcetype.html --> bangkokstamp2010.com /httpdocs/code/admin/fckeditor/editor/filemanager/browser/default frmresourcetype.html
2009.06.08 17:33 B C:\AppServ\www\postthai\admin\fckeditor\editor\filemanager\browser\default\frmupload.html --> bangkokstamp2010.com /httpdocs/code/admin/fckeditor/editor/filemanager/browser/default frmupload.html
2009.06.17 16:25 B C:\AppServ\www\futsalhouse\admin\fckeditor\editor\filemanager\browser\default\browser.css --> futsalhouse.com /httpdocs/admin/fckeditor/editor/filemanager/browser/default browser.css
2009.06.17 16:25 B C:\AppServ\www\futsalhouse\admin\fckeditor\editor\filemanager\browser\default\browser.html --> futsalhouse.com /httpdocs/admin/fckeditor/editor/filemanager/browser/default browser.html
2009.06.17 16:25 B C:\AppServ\www\futsalhouse\admin\fckeditor\editor\filemanager\browser\default\frmactualfolder.html --> futsalhouse.com /httpdocs/admin/fckeditor/editor/filemanager/browser/default frmactualfolder.html
2009.06.17 16:25 B C:\AppServ\www\futsalhouse\admin\fckeditor\editor\filemanager\browser\default\frmcreatefolder.html --> futsalhouse.com /httpdocs/admin/fckeditor/editor/filemanager/browser/default frmcreatefolder.html
2009.06.17 16:25 B C:\AppServ\www\futsalhouse\admin\fckeditor\editor\filemanager\browser\default\frmfolders.html --> futsalhouse.com /httpdocs/admin/fckeditor/editor/filemanager/browser/default frmfolders.html
2009.06.17 16:25 B C:\AppServ\www\futsalhouse\admin\fckeditor\editor\filemanager\browser\default\frmresourceslist.html --> futsalhouse.com /httpdocs/admin/fckeditor/editor/filemanager/browser/default frmresourceslist.html
2009.06.17 16:25 B C:\AppServ\www\futsalhouse\admin\fckeditor\editor\filemanager\browser\default\frmresourcetype.html --> futsalhouse.com /httpdocs/admin/fckeditor/editor/filemanager/browser/default frmresourcetype.html
2009.06.17 16:25 B C:\AppServ\www\futsalhouse\admin\fckeditor\editor\filemanager\browser\default\frmupload.html --> futsalhouse.com /httpdocs/admin/fckeditor/editor/filemanager/browser/default frmupload.html
2009.06.17 16:25 B C:\AppServ\www\futsalhouse\admin\fckeditor\editor\filemanager\browser\default\WS_FTP.LOG --> futsalhouse.com /httpdocs/admin/fckeditor/editor/filemanager/browser/default WS_FTP.LOG
2009.07.22 09:31 B C:\AppServ\www\corn\admin\fckeditor\editor\filemanager\browser\default\browser.css --> cornproducts.co.th /httpdocs/code/admin/fckeditor/editor/filemanager/browser/default browser.css
2009.07.22 09:31 B C:\AppServ\www\corn\admin\fckeditor\editor\filemanager\browser\default\browser.html --> cornproducts.co.th /httpdocs/code/admin/fckeditor/editor/filemanager/browser/default browser.html
2009.07.22 09:31 B C:\AppServ\www\corn\admin\fckeditor\editor\filemanager\browser\default\frmactualfolder.html --> cornproducts.co.th /httpdocs/code/admin/fckeditor/editor/filemanager/browser/default frmactualfolder.html
2009.07.22 09:31 B C:\AppServ\www\corn\admin\fckeditor\editor\filemanager\browser\default\frmcreatefolder.html --> cornproducts.co.th /httpdocs/code/admin/fckeditor/editor/filemanager/browser/default frmcreatefolder.html
2009.07.22 09:31 B C:\AppServ\www\corn\admin\fckeditor\editor\filemanager\browser\default\frmfolders.html --> cornproducts.co.th /httpdocs/code/admin/fckeditor/editor/filemanager/browser/default frmfolders.html
2009.07.22 09:31 B C:\AppServ\www\corn\admin\fckeditor\editor\filemanager\browser\default\frmresourceslist.html --> cornproducts.co.th /httpdocs/code/admin/fckeditor/editor/filemanager/browser/default frmresourceslist.html
2009.07.22 09:31 B C:\AppServ\www\corn\admin\fckeditor\editor\filemanager\browser\default\frmresourcetype.html --> cornproducts.co.th /httpdocs/code/admin/fckeditor/editor/filemanager/browser/default frmresourcetype.html
2009.07.22 09:31 B C:\AppServ\www\corn\admin\fckeditor\editor\filemanager\browser\default\frmupload.html --> cornproducts.co.th /httpdocs/code/admin/fckeditor/editor/filemanager/browser/default frmupload.html
2009.07.22 09:31 B C:\AppServ\www\corn\admin\fckeditor\editor\filemanager\browser\default\WS_FTP.LOG --> cornproducts.co.th /httpdocs/code/admin/fckeditor/editor/filemanager/browser/default WS_FTP.LOG
2009.08.05 14:02 B C:\AppServ\www\tcl\admin\fckeditor\editor\filemanager\browser\default\WS_FTP.LOG --> www.tcl.co.th /httpdocs/code/admin/fckeditor/editor/filemanager/browser/default WS_FTP.LOG
2009.08.05 14:02 B C:\AppServ\www\tcl\admin\fckeditor\editor\filemanager\browser\default\frmupload.html --> www.tcl.co.th /httpdocs/code/admin/fckeditor/editor/filemanager/browser/default frmupload.html
2009.08.05 14:02 B C:\AppServ\www\tcl\admin\fckeditor\editor\filemanager\browser\default\frmresourcetype.html --> www.tcl.co.th /httpdocs/code/admin/fckeditor/editor/filemanager/browser/default frmresourcetype.html
2009.08.05 14:02 B C:\AppServ\www\tcl\admin\fckeditor\editor\filemanager\browser\default\frmresourceslist.html --> www.tcl.co.th /httpdocs/code/admin/fckeditor/editor/filemanager/browser/default frmresourceslist.html
2009.08.05 14:02 B C:\AppServ\www\tcl\admin\fckeditor\editor\filemanager\browser\default\frmfolders.html --> www.tcl.co.th /httpdocs/code/admin/fckeditor/editor/filemanager/browser/default frmfolders.html
2009.08.05 14:02 B C:\AppServ\www\tcl\admin\fckeditor\editor\filemanager\browser\default\frmcreatefolder.html --> www.tcl.co.th /httpdocs/code/admin/fckeditor/editor/filemanager/browser/default frmcreatefolder.html
2009.08.05 14:02 B C:\AppServ\www\tcl\admin\fckeditor\editor\filemanager\browser\default\frmactualfolder.html --> www.tcl.co.th /httpdocs/code/admin/fckeditor/editor/filemanager/browser/default frmactualfolder.html
2009.08.05 14:02 B C:\AppServ\www\tcl\admin\fckeditor\editor\filemanager\browser\default\browser.html --> www.tcl.co.th /httpdocs/code/admin/fckeditor/editor/filemanager/browser/default browser.html
2009.08.05 14:02 B C:\AppServ\www\tcl\admin\fckeditor\editor\filemanager\browser\default\browser.css --> www.tcl.co.th /httpdocs/code/admin/fckeditor/editor/filemanager/browser/default browser.css
2009.08.05 15:19 B C:\AppServ\www\tcl\admin\fckeditor\editor\filemanager\browser\default\WS_FTP.LOG --> www.tcl.co.th /httpdocs/code/admin/fckeditor/editor/filemanager/browser/default WS_FTP.LOG
2009.08.19 17:32 B C:\AppServ\www\tcl\admin\fckeditor\editor\filemanager\browser\default\browser.css --> www.tcl.co.th /httpdocs/admin/fckeditor/editor/filemanager/browser/default browser.css
2009.08.19 17:32 B C:\AppServ\www\tcl\admin\fckeditor\editor\filemanager\browser\default\browser.html --> www.tcl.co.th /httpdocs/admin/fckeditor/editor/filemanager/browser/default browser.html
2009.08.19 17:32 B C:\AppServ\www\tcl\admin\fckeditor\editor\filemanager\browser\default\frmactualfolder.html --> www.tcl.co.th /httpdocs/admin/fckeditor/editor/filemanager/browser/default frmactualfolder.html
2009.08.19 17:32 B C:\AppServ\www\tcl\admin\fckeditor\editor\filemanager\browser\default\frmcreatefolder.html --> www.tcl.co.th /httpdocs/admin/fckeditor/editor/filemanager/browser/default frmcreatefolder.html
2009.08.19 17:32 B C:\AppServ\www\tcl\admin\fckeditor\editor\filemanager\browser\default\frmfolders.html --> www.tcl.co.th /httpdocs/admin/fckeditor/editor/filemanager/browser/default frmfolders.html
2009.08.19 17:32 B C:\AppServ\www\tcl\admin\fckeditor\editor\filemanager\browser\default\frmresourceslist.html --> www.tcl.co.th /httpdocs/admin/fckeditor/editor/filemanager/browser/default frmresourceslist.html
2009.08.19 17:32 B C:\AppServ\www\tcl\admin\fckeditor\editor\filemanager\browser\default\frmresourcetype.html --> www.tcl.co.th /httpdocs/admin/fckeditor/editor/filemanager/browser/default frmresourcetype.html
2009.08.19 17:32 B C:\AppServ\www\tcl\admin\fckeditor\editor\filemanager\browser\default\frmupload.html --> www.tcl.co.th /httpdocs/admin/fckeditor/editor/filemanager/browser/default frmupload.html
2009.08.19 17:32 B C:\AppServ\www\tcl\admin\fckeditor\editor\filemanager\browser\default\WS_FTP.LOG --> www.tcl.co.th /httpdocs/admin/fckeditor/editor/filemanager/browser/default WS_FTP.LOG
