2009.06.08 17:33 B C:\AppServ\www\postthai\admin\fckeditor\editor\filemanager\connectors\asp\basexml.asp --> bangkokstamp2010.com /httpdocs/code/admin/fckeditor/editor/filemanager/connectors/asp basexml.asp
2009.06.08 17:33 B C:\AppServ\www\postthai\admin\fckeditor\editor\filemanager\connectors\asp\class_upload.asp --> bangkokstamp2010.com /httpdocs/code/admin/fckeditor/editor/filemanager/connectors/asp class_upload.asp
2009.06.08 17:33 B C:\AppServ\www\postthai\admin\fckeditor\editor\filemanager\connectors\asp\commands.asp --> bangkokstamp2010.com /httpdocs/code/admin/fckeditor/editor/filemanager/connectors/asp commands.asp
2009.06.08 17:33 B C:\AppServ\www\postthai\admin\fckeditor\editor\filemanager\connectors\asp\config.asp --> bangkokstamp2010.com /httpdocs/code/admin/fckeditor/editor/filemanager/connectors/asp config.asp
2009.06.08 17:33 B C:\AppServ\www\postthai\admin\fckeditor\editor\filemanager\connectors\asp\connector.asp --> bangkokstamp2010.com /httpdocs/code/admin/fckeditor/editor/filemanager/connectors/asp connector.asp
2009.06.08 17:33 B C:\AppServ\www\postthai\admin\fckeditor\editor\filemanager\connectors\asp\io.asp --> bangkokstamp2010.com /httpdocs/code/admin/fckeditor/editor/filemanager/connectors/asp io.asp
2009.06.08 17:33 B C:\AppServ\www\postthai\admin\fckeditor\editor\filemanager\connectors\asp\upload.asp --> bangkokstamp2010.com /httpdocs/code/admin/fckeditor/editor/filemanager/connectors/asp upload.asp
2009.06.08 17:33 B C:\AppServ\www\postthai\admin\fckeditor\editor\filemanager\connectors\asp\util.asp --> bangkokstamp2010.com /httpdocs/code/admin/fckeditor/editor/filemanager/connectors/asp util.asp
2009.06.17 16:25 B C:\AppServ\www\futsalhouse\admin\fckeditor\editor\filemanager\connectors\asp\basexml.asp --> futsalhouse.com /httpdocs/admin/fckeditor/editor/filemanager/connectors/asp basexml.asp
2009.06.17 16:25 B C:\AppServ\www\futsalhouse\admin\fckeditor\editor\filemanager\connectors\asp\class_upload.asp --> futsalhouse.com /httpdocs/admin/fckeditor/editor/filemanager/connectors/asp class_upload.asp
2009.06.17 16:25 B C:\AppServ\www\futsalhouse\admin\fckeditor\editor\filemanager\connectors\asp\commands.asp --> futsalhouse.com /httpdocs/admin/fckeditor/editor/filemanager/connectors/asp commands.asp
2009.06.17 16:25 B C:\AppServ\www\futsalhouse\admin\fckeditor\editor\filemanager\connectors\asp\config.asp --> futsalhouse.com /httpdocs/admin/fckeditor/editor/filemanager/connectors/asp config.asp
2009.06.17 16:25 B C:\AppServ\www\futsalhouse\admin\fckeditor\editor\filemanager\connectors\asp\connector.asp --> futsalhouse.com /httpdocs/admin/fckeditor/editor/filemanager/connectors/asp connector.asp
2009.06.17 16:25 B C:\AppServ\www\futsalhouse\admin\fckeditor\editor\filemanager\connectors\asp\io.asp --> futsalhouse.com /httpdocs/admin/fckeditor/editor/filemanager/connectors/asp io.asp
2009.06.17 16:25 B C:\AppServ\www\futsalhouse\admin\fckeditor\editor\filemanager\connectors\asp\upload.asp --> futsalhouse.com /httpdocs/admin/fckeditor/editor/filemanager/connectors/asp upload.asp
2009.06.17 16:25 B C:\AppServ\www\futsalhouse\admin\fckeditor\editor\filemanager\connectors\asp\util.asp --> futsalhouse.com /httpdocs/admin/fckeditor/editor/filemanager/connectors/asp util.asp
2009.06.17 16:25 B C:\AppServ\www\futsalhouse\admin\fckeditor\editor\filemanager\connectors\asp\WS_FTP.LOG --> futsalhouse.com /httpdocs/admin/fckeditor/editor/filemanager/connectors/asp WS_FTP.LOG
2009.07.22 09:31 B C:\AppServ\www\corn\admin\fckeditor\editor\filemanager\connectors\asp\basexml.asp --> cornproducts.co.th /httpdocs/code/admin/fckeditor/editor/filemanager/connectors/asp basexml.asp
2009.07.22 09:31 B C:\AppServ\www\corn\admin\fckeditor\editor\filemanager\connectors\asp\class_upload.asp --> cornproducts.co.th /httpdocs/code/admin/fckeditor/editor/filemanager/connectors/asp class_upload.asp
2009.07.22 09:31 B C:\AppServ\www\corn\admin\fckeditor\editor\filemanager\connectors\asp\commands.asp --> cornproducts.co.th /httpdocs/code/admin/fckeditor/editor/filemanager/connectors/asp commands.asp
2009.07.22 09:31 B C:\AppServ\www\corn\admin\fckeditor\editor\filemanager\connectors\asp\config.asp --> cornproducts.co.th /httpdocs/code/admin/fckeditor/editor/filemanager/connectors/asp config.asp
2009.07.22 09:31 B C:\AppServ\www\corn\admin\fckeditor\editor\filemanager\connectors\asp\connector.asp --> cornproducts.co.th /httpdocs/code/admin/fckeditor/editor/filemanager/connectors/asp connector.asp
2009.07.22 09:31 B C:\AppServ\www\corn\admin\fckeditor\editor\filemanager\connectors\asp\io.asp --> cornproducts.co.th /httpdocs/code/admin/fckeditor/editor/filemanager/connectors/asp io.asp
2009.07.22 09:31 B C:\AppServ\www\corn\admin\fckeditor\editor\filemanager\connectors\asp\upload.asp --> cornproducts.co.th /httpdocs/code/admin/fckeditor/editor/filemanager/connectors/asp upload.asp
2009.07.22 09:31 B C:\AppServ\www\corn\admin\fckeditor\editor\filemanager\connectors\asp\util.asp --> cornproducts.co.th /httpdocs/code/admin/fckeditor/editor/filemanager/connectors/asp util.asp
2009.07.22 09:31 B C:\AppServ\www\corn\admin\fckeditor\editor\filemanager\connectors\asp\WS_FTP.LOG --> cornproducts.co.th /httpdocs/code/admin/fckeditor/editor/filemanager/connectors/asp WS_FTP.LOG
2009.08.05 14:02 B C:\AppServ\www\tcl\admin\fckeditor\editor\filemanager\connectors\asp\WS_FTP.LOG --> www.tcl.co.th /httpdocs/code/admin/fckeditor/editor/filemanager/connectors/asp WS_FTP.LOG
2009.08.05 14:02 B C:\AppServ\www\tcl\admin\fckeditor\editor\filemanager\connectors\asp\util.asp --> www.tcl.co.th /httpdocs/code/admin/fckeditor/editor/filemanager/connectors/asp util.asp
2009.08.05 14:02 B C:\AppServ\www\tcl\admin\fckeditor\editor\filemanager\connectors\asp\upload.asp --> www.tcl.co.th /httpdocs/code/admin/fckeditor/editor/filemanager/connectors/asp upload.asp
2009.08.05 14:02 B C:\AppServ\www\tcl\admin\fckeditor\editor\filemanager\connectors\asp\io.asp --> www.tcl.co.th /httpdocs/code/admin/fckeditor/editor/filemanager/connectors/asp io.asp
2009.08.05 14:02 B C:\AppServ\www\tcl\admin\fckeditor\editor\filemanager\connectors\asp\connector.asp --> www.tcl.co.th /httpdocs/code/admin/fckeditor/editor/filemanager/connectors/asp connector.asp
2009.08.05 14:02 B C:\AppServ\www\tcl\admin\fckeditor\editor\filemanager\connectors\asp\config.asp --> www.tcl.co.th /httpdocs/code/admin/fckeditor/editor/filemanager/connectors/asp config.asp
2009.08.05 14:02 B C:\AppServ\www\tcl\admin\fckeditor\editor\filemanager\connectors\asp\commands.asp --> www.tcl.co.th /httpdocs/code/admin/fckeditor/editor/filemanager/connectors/asp commands.asp
2009.08.05 14:02 B C:\AppServ\www\tcl\admin\fckeditor\editor\filemanager\connectors\asp\class_upload.asp --> www.tcl.co.th /httpdocs/code/admin/fckeditor/editor/filemanager/connectors/asp class_upload.asp
2009.08.05 14:02 B C:\AppServ\www\tcl\admin\fckeditor\editor\filemanager\connectors\asp\basexml.asp --> www.tcl.co.th /httpdocs/code/admin/fckeditor/editor/filemanager/connectors/asp basexml.asp
2009.08.05 15:19 B C:\AppServ\www\tcl\admin\fckeditor\editor\filemanager\connectors\asp\WS_FTP.LOG --> www.tcl.co.th /httpdocs/code/admin/fckeditor/editor/filemanager/connectors/asp WS_FTP.LOG
2009.08.19 17:32 B C:\AppServ\www\tcl\admin\fckeditor\editor\filemanager\connectors\asp\basexml.asp --> www.tcl.co.th /httpdocs/admin/fckeditor/editor/filemanager/connectors/asp basexml.asp
2009.08.19 17:32 B C:\AppServ\www\tcl\admin\fckeditor\editor\filemanager\connectors\asp\class_upload.asp --> www.tcl.co.th /httpdocs/admin/fckeditor/editor/filemanager/connectors/asp class_upload.asp
2009.08.19 17:32 B C:\AppServ\www\tcl\admin\fckeditor\editor\filemanager\connectors\asp\commands.asp --> www.tcl.co.th /httpdocs/admin/fckeditor/editor/filemanager/connectors/asp commands.asp
2009.08.19 17:32 B C:\AppServ\www\tcl\admin\fckeditor\editor\filemanager\connectors\asp\config.asp --> www.tcl.co.th /httpdocs/admin/fckeditor/editor/filemanager/connectors/asp config.asp
2009.08.19 17:32 B C:\AppServ\www\tcl\admin\fckeditor\editor\filemanager\connectors\asp\connector.asp --> www.tcl.co.th /httpdocs/admin/fckeditor/editor/filemanager/connectors/asp connector.asp
2009.08.19 17:32 B C:\AppServ\www\tcl\admin\fckeditor\editor\filemanager\connectors\asp\io.asp --> www.tcl.co.th /httpdocs/admin/fckeditor/editor/filemanager/connectors/asp io.asp
2009.08.19 17:32 B C:\AppServ\www\tcl\admin\fckeditor\editor\filemanager\connectors\asp\upload.asp --> www.tcl.co.th /httpdocs/admin/fckeditor/editor/filemanager/connectors/asp upload.asp
2009.08.19 17:32 B C:\AppServ\www\tcl\admin\fckeditor\editor\filemanager\connectors\asp\util.asp --> www.tcl.co.th /httpdocs/admin/fckeditor/editor/filemanager/connectors/asp util.asp
2009.08.19 17:32 B C:\AppServ\www\tcl\admin\fckeditor\editor\filemanager\connectors\asp\WS_FTP.LOG --> www.tcl.co.th /httpdocs/admin/fckeditor/editor/filemanager/connectors/asp WS_FTP.LOG
