2009.06.08 17:30 B C:\AppServ\www\postthai\admin\fckeditor\_samples\cfm\sample01.cfm --> bangkokstamp2010.com /httpdocs/code/admin/fckeditor/_samples/cfm sample01.cfm
2009.06.08 17:30 B C:\AppServ\www\postthai\admin\fckeditor\_samples\cfm\sample01_mx.cfm --> bangkokstamp2010.com /httpdocs/code/admin/fckeditor/_samples/cfm sample01_mx.cfm
2009.06.08 17:30 B C:\AppServ\www\postthai\admin\fckeditor\_samples\cfm\sample02.cfm --> bangkokstamp2010.com /httpdocs/code/admin/fckeditor/_samples/cfm sample02.cfm
2009.06.08 17:30 B C:\AppServ\www\postthai\admin\fckeditor\_samples\cfm\sample02_mx.cfm --> bangkokstamp2010.com /httpdocs/code/admin/fckeditor/_samples/cfm sample02_mx.cfm
2009.06.08 17:30 B C:\AppServ\www\postthai\admin\fckeditor\_samples\cfm\sample03.cfm --> bangkokstamp2010.com /httpdocs/code/admin/fckeditor/_samples/cfm sample03.cfm
2009.06.08 17:30 B C:\AppServ\www\postthai\admin\fckeditor\_samples\cfm\sample03_mx.cfm --> bangkokstamp2010.com /httpdocs/code/admin/fckeditor/_samples/cfm sample03_mx.cfm
2009.06.08 17:30 B C:\AppServ\www\postthai\admin\fckeditor\_samples\cfm\sample04.cfm --> bangkokstamp2010.com /httpdocs/code/admin/fckeditor/_samples/cfm sample04.cfm
2009.06.08 17:30 B C:\AppServ\www\postthai\admin\fckeditor\_samples\cfm\sample04_mx.cfm --> bangkokstamp2010.com /httpdocs/code/admin/fckeditor/_samples/cfm sample04_mx.cfm
2009.06.08 17:30 B C:\AppServ\www\postthai\admin\fckeditor\_samples\cfm\sampleposteddata.cfm --> bangkokstamp2010.com /httpdocs/code/admin/fckeditor/_samples/cfm sampleposteddata.cfm
2009.06.17 16:20 B C:\AppServ\www\futsalhouse\admin\fckeditor\_samples\cfm\sample01.cfm --> futsalhouse.com /httpdocs/admin/fckeditor/_samples/cfm sample01.cfm
2009.06.17 16:20 B C:\AppServ\www\futsalhouse\admin\fckeditor\_samples\cfm\sample01_mx.cfm --> futsalhouse.com /httpdocs/admin/fckeditor/_samples/cfm sample01_mx.cfm
2009.06.17 16:20 B C:\AppServ\www\futsalhouse\admin\fckeditor\_samples\cfm\sample02.cfm --> futsalhouse.com /httpdocs/admin/fckeditor/_samples/cfm sample02.cfm
2009.06.17 16:20 B C:\AppServ\www\futsalhouse\admin\fckeditor\_samples\cfm\sample02_mx.cfm --> futsalhouse.com /httpdocs/admin/fckeditor/_samples/cfm sample02_mx.cfm
2009.06.17 16:20 B C:\AppServ\www\futsalhouse\admin\fckeditor\_samples\cfm\sample03.cfm --> futsalhouse.com /httpdocs/admin/fckeditor/_samples/cfm sample03.cfm
2009.06.17 16:20 B C:\AppServ\www\futsalhouse\admin\fckeditor\_samples\cfm\sample03_mx.cfm --> futsalhouse.com /httpdocs/admin/fckeditor/_samples/cfm sample03_mx.cfm
2009.06.17 16:20 B C:\AppServ\www\futsalhouse\admin\fckeditor\_samples\cfm\sample04.cfm --> futsalhouse.com /httpdocs/admin/fckeditor/_samples/cfm sample04.cfm
2009.06.17 16:20 B C:\AppServ\www\futsalhouse\admin\fckeditor\_samples\cfm\sample04_mx.cfm --> futsalhouse.com /httpdocs/admin/fckeditor/_samples/cfm sample04_mx.cfm
2009.06.17 16:20 B C:\AppServ\www\futsalhouse\admin\fckeditor\_samples\cfm\sampleposteddata.cfm --> futsalhouse.com /httpdocs/admin/fckeditor/_samples/cfm sampleposteddata.cfm
2009.06.17 16:20 B C:\AppServ\www\futsalhouse\admin\fckeditor\_samples\cfm\WS_FTP.LOG --> futsalhouse.com /httpdocs/admin/fckeditor/_samples/cfm WS_FTP.LOG
2009.07.22 09:28 B C:\AppServ\www\corn\admin\fckeditor\_samples\cfm\sample01.cfm --> cornproducts.co.th /httpdocs/code/admin/fckeditor/_samples/cfm sample01.cfm
2009.07.22 09:28 B C:\AppServ\www\corn\admin\fckeditor\_samples\cfm\sample01_mx.cfm --> cornproducts.co.th /httpdocs/code/admin/fckeditor/_samples/cfm sample01_mx.cfm
2009.07.22 09:28 B C:\AppServ\www\corn\admin\fckeditor\_samples\cfm\sample02.cfm --> cornproducts.co.th /httpdocs/code/admin/fckeditor/_samples/cfm sample02.cfm
2009.07.22 09:28 B C:\AppServ\www\corn\admin\fckeditor\_samples\cfm\sample02_mx.cfm --> cornproducts.co.th /httpdocs/code/admin/fckeditor/_samples/cfm sample02_mx.cfm
2009.07.22 09:28 B C:\AppServ\www\corn\admin\fckeditor\_samples\cfm\sample03.cfm --> cornproducts.co.th /httpdocs/code/admin/fckeditor/_samples/cfm sample03.cfm
2009.07.22 09:28 B C:\AppServ\www\corn\admin\fckeditor\_samples\cfm\sample03_mx.cfm --> cornproducts.co.th /httpdocs/code/admin/fckeditor/_samples/cfm sample03_mx.cfm
2009.07.22 09:28 B C:\AppServ\www\corn\admin\fckeditor\_samples\cfm\sample04.cfm --> cornproducts.co.th /httpdocs/code/admin/fckeditor/_samples/cfm sample04.cfm
2009.07.22 09:28 B C:\AppServ\www\corn\admin\fckeditor\_samples\cfm\sample04_mx.cfm --> cornproducts.co.th /httpdocs/code/admin/fckeditor/_samples/cfm sample04_mx.cfm
2009.07.22 09:28 B C:\AppServ\www\corn\admin\fckeditor\_samples\cfm\sampleposteddata.cfm --> cornproducts.co.th /httpdocs/code/admin/fckeditor/_samples/cfm sampleposteddata.cfm
2009.07.22 09:28 B C:\AppServ\www\corn\admin\fckeditor\_samples\cfm\WS_FTP.LOG --> cornproducts.co.th /httpdocs/code/admin/fckeditor/_samples/cfm WS_FTP.LOG
2009.08.05 15:17 B C:\AppServ\www\tcl\admin\fckeditor\_samples\cfm\sample01.cfm --> www.tcl.co.th /httpdocs/code/admin/fckeditor/_samples/cfm sample01.cfm
2009.08.05 15:17 B C:\AppServ\www\tcl\admin\fckeditor\_samples\cfm\sample01_mx.cfm --> www.tcl.co.th /httpdocs/code/admin/fckeditor/_samples/cfm sample01_mx.cfm
2009.08.05 15:17 B C:\AppServ\www\tcl\admin\fckeditor\_samples\cfm\sample02.cfm --> www.tcl.co.th /httpdocs/code/admin/fckeditor/_samples/cfm sample02.cfm
2009.08.05 15:17 B C:\AppServ\www\tcl\admin\fckeditor\_samples\cfm\sample02_mx.cfm --> www.tcl.co.th /httpdocs/code/admin/fckeditor/_samples/cfm sample02_mx.cfm
2009.08.05 15:17 B C:\AppServ\www\tcl\admin\fckeditor\_samples\cfm\sample03.cfm --> www.tcl.co.th /httpdocs/code/admin/fckeditor/_samples/cfm sample03.cfm
2009.08.05 15:17 B C:\AppServ\www\tcl\admin\fckeditor\_samples\cfm\sample03_mx.cfm --> www.tcl.co.th /httpdocs/code/admin/fckeditor/_samples/cfm sample03_mx.cfm
2009.08.05 15:17 B C:\AppServ\www\tcl\admin\fckeditor\_samples\cfm\sample04.cfm --> www.tcl.co.th /httpdocs/code/admin/fckeditor/_samples/cfm sample04.cfm
2009.08.05 15:17 B C:\AppServ\www\tcl\admin\fckeditor\_samples\cfm\sample04_mx.cfm --> www.tcl.co.th /httpdocs/code/admin/fckeditor/_samples/cfm sample04_mx.cfm
2009.08.05 15:17 B C:\AppServ\www\tcl\admin\fckeditor\_samples\cfm\sampleposteddata.cfm --> www.tcl.co.th /httpdocs/code/admin/fckeditor/_samples/cfm sampleposteddata.cfm
2009.08.05 15:17 B C:\AppServ\www\tcl\admin\fckeditor\_samples\cfm\WS_FTP.LOG --> www.tcl.co.th /httpdocs/code/admin/fckeditor/_samples/cfm WS_FTP.LOG
2009.08.19 17:25 B C:\AppServ\www\tcl\admin\fckeditor\_samples\cfm\sample01.cfm --> www.tcl.co.th /httpdocs/admin/fckeditor/_samples/cfm sample01.cfm
2009.08.19 17:25 B C:\AppServ\www\tcl\admin\fckeditor\_samples\cfm\sample01_mx.cfm --> www.tcl.co.th /httpdocs/admin/fckeditor/_samples/cfm sample01_mx.cfm
2009.08.19 17:25 B C:\AppServ\www\tcl\admin\fckeditor\_samples\cfm\sample02.cfm --> www.tcl.co.th /httpdocs/admin/fckeditor/_samples/cfm sample02.cfm
2009.08.19 17:25 B C:\AppServ\www\tcl\admin\fckeditor\_samples\cfm\sample02_mx.cfm --> www.tcl.co.th /httpdocs/admin/fckeditor/_samples/cfm sample02_mx.cfm
2009.08.19 17:25 B C:\AppServ\www\tcl\admin\fckeditor\_samples\cfm\sample03.cfm --> www.tcl.co.th /httpdocs/admin/fckeditor/_samples/cfm sample03.cfm
2009.08.19 17:25 B C:\AppServ\www\tcl\admin\fckeditor\_samples\cfm\sample03_mx.cfm --> www.tcl.co.th /httpdocs/admin/fckeditor/_samples/cfm sample03_mx.cfm
2009.08.19 17:25 B C:\AppServ\www\tcl\admin\fckeditor\_samples\cfm\sample04.cfm --> www.tcl.co.th /httpdocs/admin/fckeditor/_samples/cfm sample04.cfm
2009.08.19 17:26 B C:\AppServ\www\tcl\admin\fckeditor\_samples\cfm\sample04_mx.cfm --> www.tcl.co.th /httpdocs/admin/fckeditor/_samples/cfm sample04_mx.cfm
2009.08.19 17:26 B C:\AppServ\www\tcl\admin\fckeditor\_samples\cfm\sampleposteddata.cfm --> www.tcl.co.th /httpdocs/admin/fckeditor/_samples/cfm sampleposteddata.cfm
2009.08.19 17:26 B C:\AppServ\www\tcl\admin\fckeditor\_samples\cfm\WS_FTP.LOG --> www.tcl.co.th /httpdocs/admin/fckeditor/_samples/cfm WS_FTP.LOG
