2009.06.08 17:32 B C:\AppServ\www\postthai\admin\fckeditor\editor\css\images\block_address.png --> bangkokstamp2010.com /httpdocs/code/admin/fckeditor/editor/css/images block_address.png
2009.06.08 17:32 B C:\AppServ\www\postthai\admin\fckeditor\editor\css\images\block_blockquote.png --> bangkokstamp2010.com /httpdocs/code/admin/fckeditor/editor/css/images block_blockquote.png
2009.06.08 17:32 B C:\AppServ\www\postthai\admin\fckeditor\editor\css\images\block_div.png --> bangkokstamp2010.com /httpdocs/code/admin/fckeditor/editor/css/images block_div.png
2009.06.08 17:32 B C:\AppServ\www\postthai\admin\fckeditor\editor\css\images\block_h1.png --> bangkokstamp2010.com /httpdocs/code/admin/fckeditor/editor/css/images block_h1.png
2009.06.08 17:32 B C:\AppServ\www\postthai\admin\fckeditor\editor\css\images\block_h2.png --> bangkokstamp2010.com /httpdocs/code/admin/fckeditor/editor/css/images block_h2.png
2009.06.08 17:32 B C:\AppServ\www\postthai\admin\fckeditor\editor\css\images\block_h3.png --> bangkokstamp2010.com /httpdocs/code/admin/fckeditor/editor/css/images block_h3.png
2009.06.08 17:32 B C:\AppServ\www\postthai\admin\fckeditor\editor\css\images\block_h4.png --> bangkokstamp2010.com /httpdocs/code/admin/fckeditor/editor/css/images block_h4.png
2009.06.08 17:32 B C:\AppServ\www\postthai\admin\fckeditor\editor\css\images\block_h5.png --> bangkokstamp2010.com /httpdocs/code/admin/fckeditor/editor/css/images block_h5.png
2009.06.08 17:32 B C:\AppServ\www\postthai\admin\fckeditor\editor\css\images\block_h6.png --> bangkokstamp2010.com /httpdocs/code/admin/fckeditor/editor/css/images block_h6.png
2009.06.08 17:32 B C:\AppServ\www\postthai\admin\fckeditor\editor\css\images\block_p.png --> bangkokstamp2010.com /httpdocs/code/admin/fckeditor/editor/css/images block_p.png
2009.06.08 17:32 B C:\AppServ\www\postthai\admin\fckeditor\editor\css\images\block_pre.png --> bangkokstamp2010.com /httpdocs/code/admin/fckeditor/editor/css/images block_pre.png
2009.06.08 17:32 B C:\AppServ\www\postthai\admin\fckeditor\editor\css\images\fck_anchor.gif --> bangkokstamp2010.com /httpdocs/code/admin/fckeditor/editor/css/images fck_anchor.gif
2009.06.08 17:32 B C:\AppServ\www\postthai\admin\fckeditor\editor\css\images\fck_flashlogo.gif --> bangkokstamp2010.com /httpdocs/code/admin/fckeditor/editor/css/images fck_flashlogo.gif
2009.06.08 17:32 B C:\AppServ\www\postthai\admin\fckeditor\editor\css\images\fck_hiddenfield.gif --> bangkokstamp2010.com /httpdocs/code/admin/fckeditor/editor/css/images fck_hiddenfield.gif
2009.06.08 17:32 B C:\AppServ\www\postthai\admin\fckeditor\editor\css\images\fck_pagebreak.gif --> bangkokstamp2010.com /httpdocs/code/admin/fckeditor/editor/css/images fck_pagebreak.gif
2009.06.17 16:22 B C:\AppServ\www\futsalhouse\admin\fckeditor\editor\css\images\block_address.png --> futsalhouse.com /httpdocs/admin/fckeditor/editor/css/images block_address.png
2009.06.17 16:22 B C:\AppServ\www\futsalhouse\admin\fckeditor\editor\css\images\block_blockquote.png --> futsalhouse.com /httpdocs/admin/fckeditor/editor/css/images block_blockquote.png
2009.06.17 16:22 B C:\AppServ\www\futsalhouse\admin\fckeditor\editor\css\images\block_div.png --> futsalhouse.com /httpdocs/admin/fckeditor/editor/css/images block_div.png
2009.06.17 16:22 B C:\AppServ\www\futsalhouse\admin\fckeditor\editor\css\images\block_h1.png --> futsalhouse.com /httpdocs/admin/fckeditor/editor/css/images block_h1.png
2009.06.17 16:22 B C:\AppServ\www\futsalhouse\admin\fckeditor\editor\css\images\block_h2.png --> futsalhouse.com /httpdocs/admin/fckeditor/editor/css/images block_h2.png
2009.06.17 16:22 B C:\AppServ\www\futsalhouse\admin\fckeditor\editor\css\images\block_h3.png --> futsalhouse.com /httpdocs/admin/fckeditor/editor/css/images block_h3.png
2009.06.17 16:22 B C:\AppServ\www\futsalhouse\admin\fckeditor\editor\css\images\block_h4.png --> futsalhouse.com /httpdocs/admin/fckeditor/editor/css/images block_h4.png
2009.06.17 16:22 B C:\AppServ\www\futsalhouse\admin\fckeditor\editor\css\images\block_h5.png --> futsalhouse.com /httpdocs/admin/fckeditor/editor/css/images block_h5.png
2009.06.17 16:22 B C:\AppServ\www\futsalhouse\admin\fckeditor\editor\css\images\block_h6.png --> futsalhouse.com /httpdocs/admin/fckeditor/editor/css/images block_h6.png
2009.06.17 16:22 B C:\AppServ\www\futsalhouse\admin\fckeditor\editor\css\images\block_p.png --> futsalhouse.com /httpdocs/admin/fckeditor/editor/css/images block_p.png
2009.06.17 16:22 B C:\AppServ\www\futsalhouse\admin\fckeditor\editor\css\images\block_pre.png --> futsalhouse.com /httpdocs/admin/fckeditor/editor/css/images block_pre.png
2009.06.17 16:22 B C:\AppServ\www\futsalhouse\admin\fckeditor\editor\css\images\fck_anchor.gif --> futsalhouse.com /httpdocs/admin/fckeditor/editor/css/images fck_anchor.gif
2009.06.17 16:22 B C:\AppServ\www\futsalhouse\admin\fckeditor\editor\css\images\fck_flashlogo.gif --> futsalhouse.com /httpdocs/admin/fckeditor/editor/css/images fck_flashlogo.gif
2009.06.17 16:22 B C:\AppServ\www\futsalhouse\admin\fckeditor\editor\css\images\fck_hiddenfield.gif --> futsalhouse.com /httpdocs/admin/fckeditor/editor/css/images fck_hiddenfield.gif
2009.06.17 16:22 B C:\AppServ\www\futsalhouse\admin\fckeditor\editor\css\images\fck_pagebreak.gif --> futsalhouse.com /httpdocs/admin/fckeditor/editor/css/images fck_pagebreak.gif
2009.06.17 16:22 B C:\AppServ\www\futsalhouse\admin\fckeditor\editor\css\images\WS_FTP.LOG --> futsalhouse.com /httpdocs/admin/fckeditor/editor/css/images WS_FTP.LOG
2009.07.22 09:29 B C:\AppServ\www\corn\admin\fckeditor\editor\css\images\block_address.png --> cornproducts.co.th /httpdocs/code/admin/fckeditor/editor/css/images block_address.png
2009.07.22 09:29 B C:\AppServ\www\corn\admin\fckeditor\editor\css\images\block_blockquote.png --> cornproducts.co.th /httpdocs/code/admin/fckeditor/editor/css/images block_blockquote.png
2009.07.22 09:29 B C:\AppServ\www\corn\admin\fckeditor\editor\css\images\block_div.png --> cornproducts.co.th /httpdocs/code/admin/fckeditor/editor/css/images block_div.png
2009.07.22 09:29 B C:\AppServ\www\corn\admin\fckeditor\editor\css\images\block_h1.png --> cornproducts.co.th /httpdocs/code/admin/fckeditor/editor/css/images block_h1.png
2009.07.22 09:29 B C:\AppServ\www\corn\admin\fckeditor\editor\css\images\block_h2.png --> cornproducts.co.th /httpdocs/code/admin/fckeditor/editor/css/images block_h2.png
2009.07.22 09:29 B C:\AppServ\www\corn\admin\fckeditor\editor\css\images\block_h3.png --> cornproducts.co.th /httpdocs/code/admin/fckeditor/editor/css/images block_h3.png
2009.07.22 09:29 B C:\AppServ\www\corn\admin\fckeditor\editor\css\images\block_h4.png --> cornproducts.co.th /httpdocs/code/admin/fckeditor/editor/css/images block_h4.png
2009.07.22 09:29 B C:\AppServ\www\corn\admin\fckeditor\editor\css\images\block_h5.png --> cornproducts.co.th /httpdocs/code/admin/fckeditor/editor/css/images block_h5.png
2009.07.22 09:29 B C:\AppServ\www\corn\admin\fckeditor\editor\css\images\block_h6.png --> cornproducts.co.th /httpdocs/code/admin/fckeditor/editor/css/images block_h6.png
2009.07.22 09:29 B C:\AppServ\www\corn\admin\fckeditor\editor\css\images\block_p.png --> cornproducts.co.th /httpdocs/code/admin/fckeditor/editor/css/images block_p.png
2009.07.22 09:29 B C:\AppServ\www\corn\admin\fckeditor\editor\css\images\block_pre.png --> cornproducts.co.th /httpdocs/code/admin/fckeditor/editor/css/images block_pre.png
2009.07.22 09:29 B C:\AppServ\www\corn\admin\fckeditor\editor\css\images\fck_anchor.gif --> cornproducts.co.th /httpdocs/code/admin/fckeditor/editor/css/images fck_anchor.gif
2009.07.22 09:29 B C:\AppServ\www\corn\admin\fckeditor\editor\css\images\fck_flashlogo.gif --> cornproducts.co.th /httpdocs/code/admin/fckeditor/editor/css/images fck_flashlogo.gif
2009.07.22 09:29 B C:\AppServ\www\corn\admin\fckeditor\editor\css\images\fck_hiddenfield.gif --> cornproducts.co.th /httpdocs/code/admin/fckeditor/editor/css/images fck_hiddenfield.gif
2009.07.22 09:29 B C:\AppServ\www\corn\admin\fckeditor\editor\css\images\fck_pagebreak.gif --> cornproducts.co.th /httpdocs/code/admin/fckeditor/editor/css/images fck_pagebreak.gif
2009.07.22 09:29 B C:\AppServ\www\corn\admin\fckeditor\editor\css\images\WS_FTP.LOG --> cornproducts.co.th /httpdocs/code/admin/fckeditor/editor/css/images WS_FTP.LOG
2009.08.05 15:18 B C:\AppServ\www\tcl\admin\fckeditor\editor\css\images\block_address.png --> www.tcl.co.th /httpdocs/code/admin/fckeditor/editor/css/images block_address.png
2009.08.05 15:18 B C:\AppServ\www\tcl\admin\fckeditor\editor\css\images\block_blockquote.png --> www.tcl.co.th /httpdocs/code/admin/fckeditor/editor/css/images block_blockquote.png
2009.08.05 15:18 B C:\AppServ\www\tcl\admin\fckeditor\editor\css\images\block_div.png --> www.tcl.co.th /httpdocs/code/admin/fckeditor/editor/css/images block_div.png
2009.08.05 15:18 B C:\AppServ\www\tcl\admin\fckeditor\editor\css\images\block_h1.png --> www.tcl.co.th /httpdocs/code/admin/fckeditor/editor/css/images block_h1.png
2009.08.05 15:19 B C:\AppServ\www\tcl\admin\fckeditor\editor\css\images\block_h2.png --> www.tcl.co.th /httpdocs/code/admin/fckeditor/editor/css/images block_h2.png
2009.08.05 15:19 B C:\AppServ\www\tcl\admin\fckeditor\editor\css\images\block_h3.png --> www.tcl.co.th /httpdocs/code/admin/fckeditor/editor/css/images block_h3.png
2009.08.05 15:19 B C:\AppServ\www\tcl\admin\fckeditor\editor\css\images\block_h4.png --> www.tcl.co.th /httpdocs/code/admin/fckeditor/editor/css/images block_h4.png
2009.08.05 15:19 B C:\AppServ\www\tcl\admin\fckeditor\editor\css\images\block_h5.png --> www.tcl.co.th /httpdocs/code/admin/fckeditor/editor/css/images block_h5.png
2009.08.05 15:19 B C:\AppServ\www\tcl\admin\fckeditor\editor\css\images\block_h6.png --> www.tcl.co.th /httpdocs/code/admin/fckeditor/editor/css/images block_h6.png
2009.08.05 15:19 B C:\AppServ\www\tcl\admin\fckeditor\editor\css\images\block_p.png --> www.tcl.co.th /httpdocs/code/admin/fckeditor/editor/css/images block_p.png
2009.08.05 15:19 B C:\AppServ\www\tcl\admin\fckeditor\editor\css\images\block_pre.png --> www.tcl.co.th /httpdocs/code/admin/fckeditor/editor/css/images block_pre.png
2009.08.05 15:19 B C:\AppServ\www\tcl\admin\fckeditor\editor\css\images\fck_anchor.gif --> www.tcl.co.th /httpdocs/code/admin/fckeditor/editor/css/images fck_anchor.gif
2009.08.05 15:19 B C:\AppServ\www\tcl\admin\fckeditor\editor\css\images\fck_flashlogo.gif --> www.tcl.co.th /httpdocs/code/admin/fckeditor/editor/css/images fck_flashlogo.gif
2009.08.05 15:19 B C:\AppServ\www\tcl\admin\fckeditor\editor\css\images\fck_hiddenfield.gif --> www.tcl.co.th /httpdocs/code/admin/fckeditor/editor/css/images fck_hiddenfield.gif
2009.08.05 15:19 B C:\AppServ\www\tcl\admin\fckeditor\editor\css\images\fck_pagebreak.gif --> www.tcl.co.th /httpdocs/code/admin/fckeditor/editor/css/images fck_pagebreak.gif
2009.08.05 15:19 B C:\AppServ\www\tcl\admin\fckeditor\editor\css\images\WS_FTP.LOG --> www.tcl.co.th /httpdocs/code/admin/fckeditor/editor/css/images WS_FTP.LOG
2009.08.19 17:29 B C:\AppServ\www\tcl\admin\fckeditor\editor\css\images\block_address.png --> www.tcl.co.th /httpdocs/admin/fckeditor/editor/css/images block_address.png
2009.08.19 17:29 B C:\AppServ\www\tcl\admin\fckeditor\editor\css\images\block_blockquote.png --> www.tcl.co.th /httpdocs/admin/fckeditor/editor/css/images block_blockquote.png
2009.08.19 17:29 B C:\AppServ\www\tcl\admin\fckeditor\editor\css\images\block_div.png --> www.tcl.co.th /httpdocs/admin/fckeditor/editor/css/images block_div.png
2009.08.19 17:29 B C:\AppServ\www\tcl\admin\fckeditor\editor\css\images\block_h1.png --> www.tcl.co.th /httpdocs/admin/fckeditor/editor/css/images block_h1.png
2009.08.19 17:29 B C:\AppServ\www\tcl\admin\fckeditor\editor\css\images\block_h2.png --> www.tcl.co.th /httpdocs/admin/fckeditor/editor/css/images block_h2.png
2009.08.19 17:29 B C:\AppServ\www\tcl\admin\fckeditor\editor\css\images\block_h3.png --> www.tcl.co.th /httpdocs/admin/fckeditor/editor/css/images block_h3.png
2009.08.19 17:29 B C:\AppServ\www\tcl\admin\fckeditor\editor\css\images\block_h4.png --> www.tcl.co.th /httpdocs/admin/fckeditor/editor/css/images block_h4.png
2009.08.19 17:29 B C:\AppServ\www\tcl\admin\fckeditor\editor\css\images\block_h5.png --> www.tcl.co.th /httpdocs/admin/fckeditor/editor/css/images block_h5.png
2009.08.19 17:29 B C:\AppServ\www\tcl\admin\fckeditor\editor\css\images\block_h6.png --> www.tcl.co.th /httpdocs/admin/fckeditor/editor/css/images block_h6.png
2009.08.19 17:29 B C:\AppServ\www\tcl\admin\fckeditor\editor\css\images\block_p.png --> www.tcl.co.th /httpdocs/admin/fckeditor/editor/css/images block_p.png
2009.08.19 17:29 B C:\AppServ\www\tcl\admin\fckeditor\editor\css\images\block_pre.png --> www.tcl.co.th /httpdocs/admin/fckeditor/editor/css/images block_pre.png
2009.08.19 17:29 B C:\AppServ\www\tcl\admin\fckeditor\editor\css\images\fck_anchor.gif --> www.tcl.co.th /httpdocs/admin/fckeditor/editor/css/images fck_anchor.gif
2009.08.19 17:29 B C:\AppServ\www\tcl\admin\fckeditor\editor\css\images\fck_flashlogo.gif --> www.tcl.co.th /httpdocs/admin/fckeditor/editor/css/images fck_flashlogo.gif
2009.08.19 17:29 B C:\AppServ\www\tcl\admin\fckeditor\editor\css\images\fck_hiddenfield.gif --> www.tcl.co.th /httpdocs/admin/fckeditor/editor/css/images fck_hiddenfield.gif
2009.08.19 17:29 B C:\AppServ\www\tcl\admin\fckeditor\editor\css\images\fck_pagebreak.gif --> www.tcl.co.th /httpdocs/admin/fckeditor/editor/css/images fck_pagebreak.gif
2009.08.19 17:29 B C:\AppServ\www\tcl\admin\fckeditor\editor\css\images\WS_FTP.LOG --> www.tcl.co.th /httpdocs/admin/fckeditor/editor/css/images WS_FTP.LOG
