2009.06.08 17:30 B C:\AppServ\www\postthai\admin\fckeditor\_samples\_plugins\findreplace\fckplugin.js --> bangkokstamp2010.com /httpdocs/code/admin/fckeditor/_samples/_plugins/findreplace fckplugin.js
2009.06.08 17:30 B C:\AppServ\www\postthai\admin\fckeditor\_samples\_plugins\findreplace\find.gif --> bangkokstamp2010.com /httpdocs/code/admin/fckeditor/_samples/_plugins/findreplace find.gif
2009.06.08 17:30 B C:\AppServ\www\postthai\admin\fckeditor\_samples\_plugins\findreplace\find.html --> bangkokstamp2010.com /httpdocs/code/admin/fckeditor/_samples/_plugins/findreplace find.html
2009.06.08 17:30 B C:\AppServ\www\postthai\admin\fckeditor\_samples\_plugins\findreplace\replace.gif --> bangkokstamp2010.com /httpdocs/code/admin/fckeditor/_samples/_plugins/findreplace replace.gif
2009.06.08 17:30 B C:\AppServ\www\postthai\admin\fckeditor\_samples\_plugins\findreplace\replace.html --> bangkokstamp2010.com /httpdocs/code/admin/fckeditor/_samples/_plugins/findreplace replace.html
2009.06.17 16:20 B C:\AppServ\www\futsalhouse\admin\fckeditor\_samples\_plugins\findreplace\fckplugin.js --> futsalhouse.com /httpdocs/admin/fckeditor/_samples/_plugins/findreplace fckplugin.js
2009.06.17 16:20 B C:\AppServ\www\futsalhouse\admin\fckeditor\_samples\_plugins\findreplace\find.gif --> futsalhouse.com /httpdocs/admin/fckeditor/_samples/_plugins/findreplace find.gif
2009.06.17 16:20 B C:\AppServ\www\futsalhouse\admin\fckeditor\_samples\_plugins\findreplace\find.html --> futsalhouse.com /httpdocs/admin/fckeditor/_samples/_plugins/findreplace find.html
2009.06.17 16:20 B C:\AppServ\www\futsalhouse\admin\fckeditor\_samples\_plugins\findreplace\replace.gif --> futsalhouse.com /httpdocs/admin/fckeditor/_samples/_plugins/findreplace replace.gif
2009.06.17 16:20 B C:\AppServ\www\futsalhouse\admin\fckeditor\_samples\_plugins\findreplace\replace.html --> futsalhouse.com /httpdocs/admin/fckeditor/_samples/_plugins/findreplace replace.html
2009.06.17 16:20 B C:\AppServ\www\futsalhouse\admin\fckeditor\_samples\_plugins\findreplace\WS_FTP.LOG --> futsalhouse.com /httpdocs/admin/fckeditor/_samples/_plugins/findreplace WS_FTP.LOG
2009.07.22 09:27 B C:\AppServ\www\corn\admin\fckeditor\_samples\_plugins\findreplace\fckplugin.js --> cornproducts.co.th /httpdocs/code/admin/fckeditor/_samples/_plugins/findreplace fckplugin.js
2009.07.22 09:27 B C:\AppServ\www\corn\admin\fckeditor\_samples\_plugins\findreplace\find.gif --> cornproducts.co.th /httpdocs/code/admin/fckeditor/_samples/_plugins/findreplace find.gif
2009.07.22 09:27 B C:\AppServ\www\corn\admin\fckeditor\_samples\_plugins\findreplace\find.html --> cornproducts.co.th /httpdocs/code/admin/fckeditor/_samples/_plugins/findreplace find.html
2009.07.22 09:27 B C:\AppServ\www\corn\admin\fckeditor\_samples\_plugins\findreplace\replace.gif --> cornproducts.co.th /httpdocs/code/admin/fckeditor/_samples/_plugins/findreplace replace.gif
2009.07.22 09:27 B C:\AppServ\www\corn\admin\fckeditor\_samples\_plugins\findreplace\replace.html --> cornproducts.co.th /httpdocs/code/admin/fckeditor/_samples/_plugins/findreplace replace.html
2009.07.22 09:27 B C:\AppServ\www\corn\admin\fckeditor\_samples\_plugins\findreplace\WS_FTP.LOG --> cornproducts.co.th /httpdocs/code/admin/fckeditor/_samples/_plugins/findreplace WS_FTP.LOG
2009.08.05 15:17 B C:\AppServ\www\tcl\admin\fckeditor\_samples\_plugins\findreplace\fckplugin.js --> www.tcl.co.th /httpdocs/code/admin/fckeditor/_samples/_plugins/findreplace fckplugin.js
2009.08.05 15:17 B C:\AppServ\www\tcl\admin\fckeditor\_samples\_plugins\findreplace\find.gif --> www.tcl.co.th /httpdocs/code/admin/fckeditor/_samples/_plugins/findreplace find.gif
2009.08.05 15:17 B C:\AppServ\www\tcl\admin\fckeditor\_samples\_plugins\findreplace\find.html --> www.tcl.co.th /httpdocs/code/admin/fckeditor/_samples/_plugins/findreplace find.html
2009.08.05 15:17 B C:\AppServ\www\tcl\admin\fckeditor\_samples\_plugins\findreplace\replace.gif --> www.tcl.co.th /httpdocs/code/admin/fckeditor/_samples/_plugins/findreplace replace.gif
2009.08.05 15:17 B C:\AppServ\www\tcl\admin\fckeditor\_samples\_plugins\findreplace\replace.html --> www.tcl.co.th /httpdocs/code/admin/fckeditor/_samples/_plugins/findreplace replace.html
2009.08.05 15:17 B C:\AppServ\www\tcl\admin\fckeditor\_samples\_plugins\findreplace\WS_FTP.LOG --> www.tcl.co.th /httpdocs/code/admin/fckeditor/_samples/_plugins/findreplace WS_FTP.LOG
2009.08.19 17:25 B C:\AppServ\www\tcl\admin\fckeditor\_samples\_plugins\findreplace\fckplugin.js --> www.tcl.co.th /httpdocs/admin/fckeditor/_samples/_plugins/findreplace fckplugin.js
2009.08.19 17:25 B C:\AppServ\www\tcl\admin\fckeditor\_samples\_plugins\findreplace\find.gif --> www.tcl.co.th /httpdocs/admin/fckeditor/_samples/_plugins/findreplace find.gif
2009.08.19 17:25 B C:\AppServ\www\tcl\admin\fckeditor\_samples\_plugins\findreplace\find.html --> www.tcl.co.th /httpdocs/admin/fckeditor/_samples/_plugins/findreplace find.html
2009.08.19 17:25 B C:\AppServ\www\tcl\admin\fckeditor\_samples\_plugins\findreplace\replace.gif --> www.tcl.co.th /httpdocs/admin/fckeditor/_samples/_plugins/findreplace replace.gif
2009.08.19 17:25 B C:\AppServ\www\tcl\admin\fckeditor\_samples\_plugins\findreplace\replace.html --> www.tcl.co.th /httpdocs/admin/fckeditor/_samples/_plugins/findreplace replace.html
2009.08.19 17:25 B C:\AppServ\www\tcl\admin\fckeditor\_samples\_plugins\findreplace\WS_FTP.LOG --> www.tcl.co.th /httpdocs/admin/fckeditor/_samples/_plugins/findreplace WS_FTP.LOG
