2009.06.08 17:33 B C:\AppServ\www\postthai\admin\fckeditor\editor\filemanager\browser\default\images\icons\ai.gif --> bangkokstamp2010.com /httpdocs/code/admin/fckeditor/editor/filemanager/browser/default/images/icons ai.gif
2009.06.08 17:33 B C:\AppServ\www\postthai\admin\fckeditor\editor\filemanager\browser\default\images\icons\avi.gif --> bangkokstamp2010.com /httpdocs/code/admin/fckeditor/editor/filemanager/browser/default/images/icons avi.gif
2009.06.08 17:33 B C:\AppServ\www\postthai\admin\fckeditor\editor\filemanager\browser\default\images\icons\bmp.gif --> bangkokstamp2010.com /httpdocs/code/admin/fckeditor/editor/filemanager/browser/default/images/icons bmp.gif
2009.06.08 17:33 B C:\AppServ\www\postthai\admin\fckeditor\editor\filemanager\browser\default\images\icons\cs.gif --> bangkokstamp2010.com /httpdocs/code/admin/fckeditor/editor/filemanager/browser/default/images/icons cs.gif
2009.06.08 17:33 B C:\AppServ\www\postthai\admin\fckeditor\editor\filemanager\browser\default\images\icons\default.icon.gif --> bangkokstamp2010.com /httpdocs/code/admin/fckeditor/editor/filemanager/browser/default/images/icons default.icon.gif
2009.06.08 17:33 B C:\AppServ\www\postthai\admin\fckeditor\editor\filemanager\browser\default\images\icons\dll.gif --> bangkokstamp2010.com /httpdocs/code/admin/fckeditor/editor/filemanager/browser/default/images/icons dll.gif
2009.06.08 17:33 B C:\AppServ\www\postthai\admin\fckeditor\editor\filemanager\browser\default\images\icons\doc.gif --> bangkokstamp2010.com /httpdocs/code/admin/fckeditor/editor/filemanager/browser/default/images/icons doc.gif
2009.06.08 17:33 B C:\AppServ\www\postthai\admin\fckeditor\editor\filemanager\browser\default\images\icons\exe.gif --> bangkokstamp2010.com /httpdocs/code/admin/fckeditor/editor/filemanager/browser/default/images/icons exe.gif
2009.06.08 17:33 B C:\AppServ\www\postthai\admin\fckeditor\editor\filemanager\browser\default\images\icons\fla.gif --> bangkokstamp2010.com /httpdocs/code/admin/fckeditor/editor/filemanager/browser/default/images/icons fla.gif
2009.06.08 17:33 B C:\AppServ\www\postthai\admin\fckeditor\editor\filemanager\browser\default\images\icons\gif.gif --> bangkokstamp2010.com /httpdocs/code/admin/fckeditor/editor/filemanager/browser/default/images/icons gif.gif
2009.06.08 17:33 B C:\AppServ\www\postthai\admin\fckeditor\editor\filemanager\browser\default\images\icons\htm.gif --> bangkokstamp2010.com /httpdocs/code/admin/fckeditor/editor/filemanager/browser/default/images/icons htm.gif
2009.06.08 17:33 B C:\AppServ\www\postthai\admin\fckeditor\editor\filemanager\browser\default\images\icons\html.gif --> bangkokstamp2010.com /httpdocs/code/admin/fckeditor/editor/filemanager/browser/default/images/icons html.gif
2009.06.08 17:33 B C:\AppServ\www\postthai\admin\fckeditor\editor\filemanager\browser\default\images\icons\jpg.gif --> bangkokstamp2010.com /httpdocs/code/admin/fckeditor/editor/filemanager/browser/default/images/icons jpg.gif
2009.06.08 17:33 B C:\AppServ\www\postthai\admin\fckeditor\editor\filemanager\browser\default\images\icons\js.gif --> bangkokstamp2010.com /httpdocs/code/admin/fckeditor/editor/filemanager/browser/default/images/icons js.gif
2009.06.08 17:33 B C:\AppServ\www\postthai\admin\fckeditor\editor\filemanager\browser\default\images\icons\mdb.gif --> bangkokstamp2010.com /httpdocs/code/admin/fckeditor/editor/filemanager/browser/default/images/icons mdb.gif
2009.06.08 17:33 B C:\AppServ\www\postthai\admin\fckeditor\editor\filemanager\browser\default\images\icons\mp3.gif --> bangkokstamp2010.com /httpdocs/code/admin/fckeditor/editor/filemanager/browser/default/images/icons mp3.gif
2009.06.08 17:33 B C:\AppServ\www\postthai\admin\fckeditor\editor\filemanager\browser\default\images\icons\pdf.gif --> bangkokstamp2010.com /httpdocs/code/admin/fckeditor/editor/filemanager/browser/default/images/icons pdf.gif
2009.06.08 17:33 B C:\AppServ\www\postthai\admin\fckeditor\editor\filemanager\browser\default\images\icons\png.gif --> bangkokstamp2010.com /httpdocs/code/admin/fckeditor/editor/filemanager/browser/default/images/icons png.gif
2009.06.08 17:33 B C:\AppServ\www\postthai\admin\fckeditor\editor\filemanager\browser\default\images\icons\ppt.gif --> bangkokstamp2010.com /httpdocs/code/admin/fckeditor/editor/filemanager/browser/default/images/icons ppt.gif
2009.06.08 17:33 B C:\AppServ\www\postthai\admin\fckeditor\editor\filemanager\browser\default\images\icons\rdp.gif --> bangkokstamp2010.com /httpdocs/code/admin/fckeditor/editor/filemanager/browser/default/images/icons rdp.gif
2009.06.08 17:33 B C:\AppServ\www\postthai\admin\fckeditor\editor\filemanager\browser\default\images\icons\swf.gif --> bangkokstamp2010.com /httpdocs/code/admin/fckeditor/editor/filemanager/browser/default/images/icons swf.gif
2009.06.08 17:33 B C:\AppServ\www\postthai\admin\fckeditor\editor\filemanager\browser\default\images\icons\swt.gif --> bangkokstamp2010.com /httpdocs/code/admin/fckeditor/editor/filemanager/browser/default/images/icons swt.gif
2009.06.08 17:33 B C:\AppServ\www\postthai\admin\fckeditor\editor\filemanager\browser\default\images\icons\txt.gif --> bangkokstamp2010.com /httpdocs/code/admin/fckeditor/editor/filemanager/browser/default/images/icons txt.gif
2009.06.08 17:33 B C:\AppServ\www\postthai\admin\fckeditor\editor\filemanager\browser\default\images\icons\vsd.gif --> bangkokstamp2010.com /httpdocs/code/admin/fckeditor/editor/filemanager/browser/default/images/icons vsd.gif
2009.06.08 17:33 B C:\AppServ\www\postthai\admin\fckeditor\editor\filemanager\browser\default\images\icons\xls.gif --> bangkokstamp2010.com /httpdocs/code/admin/fckeditor/editor/filemanager/browser/default/images/icons xls.gif
2009.06.08 17:33 B C:\AppServ\www\postthai\admin\fckeditor\editor\filemanager\browser\default\images\icons\xml.gif --> bangkokstamp2010.com /httpdocs/code/admin/fckeditor/editor/filemanager/browser/default/images/icons xml.gif
2009.06.08 17:33 B C:\AppServ\www\postthai\admin\fckeditor\editor\filemanager\browser\default\images\icons\zip.gif --> bangkokstamp2010.com /httpdocs/code/admin/fckeditor/editor/filemanager/browser/default/images/icons zip.gif
2009.06.17 16:25 B C:\AppServ\www\futsalhouse\admin\fckeditor\editor\filemanager\browser\default\images\icons\ai.gif --> futsalhouse.com /httpdocs/admin/fckeditor/editor/filemanager/browser/default/images/icons ai.gif
2009.06.17 16:25 B C:\AppServ\www\futsalhouse\admin\fckeditor\editor\filemanager\browser\default\images\icons\avi.gif --> futsalhouse.com /httpdocs/admin/fckeditor/editor/filemanager/browser/default/images/icons avi.gif
2009.06.17 16:25 B C:\AppServ\www\futsalhouse\admin\fckeditor\editor\filemanager\browser\default\images\icons\bmp.gif --> futsalhouse.com /httpdocs/admin/fckeditor/editor/filemanager/browser/default/images/icons bmp.gif
2009.06.17 16:25 B C:\AppServ\www\futsalhouse\admin\fckeditor\editor\filemanager\browser\default\images\icons\cs.gif --> futsalhouse.com /httpdocs/admin/fckeditor/editor/filemanager/browser/default/images/icons cs.gif
2009.06.17 16:25 B C:\AppServ\www\futsalhouse\admin\fckeditor\editor\filemanager\browser\default\images\icons\default.icon.gif --> futsalhouse.com /httpdocs/admin/fckeditor/editor/filemanager/browser/default/images/icons default.icon.gif
2009.06.17 16:25 B C:\AppServ\www\futsalhouse\admin\fckeditor\editor\filemanager\browser\default\images\icons\dll.gif --> futsalhouse.com /httpdocs/admin/fckeditor/editor/filemanager/browser/default/images/icons dll.gif
2009.06.17 16:25 B C:\AppServ\www\futsalhouse\admin\fckeditor\editor\filemanager\browser\default\images\icons\doc.gif --> futsalhouse.com /httpdocs/admin/fckeditor/editor/filemanager/browser/default/images/icons doc.gif
2009.06.17 16:25 B C:\AppServ\www\futsalhouse\admin\fckeditor\editor\filemanager\browser\default\images\icons\exe.gif --> futsalhouse.com /httpdocs/admin/fckeditor/editor/filemanager/browser/default/images/icons exe.gif
2009.06.17 16:25 B C:\AppServ\www\futsalhouse\admin\fckeditor\editor\filemanager\browser\default\images\icons\fla.gif --> futsalhouse.com /httpdocs/admin/fckeditor/editor/filemanager/browser/default/images/icons fla.gif
2009.06.17 16:25 B C:\AppServ\www\futsalhouse\admin\fckeditor\editor\filemanager\browser\default\images\icons\gif.gif --> futsalhouse.com /httpdocs/admin/fckeditor/editor/filemanager/browser/default/images/icons gif.gif
2009.06.17 16:25 B C:\AppServ\www\futsalhouse\admin\fckeditor\editor\filemanager\browser\default\images\icons\htm.gif --> futsalhouse.com /httpdocs/admin/fckeditor/editor/filemanager/browser/default/images/icons htm.gif
2009.06.17 16:25 B C:\AppServ\www\futsalhouse\admin\fckeditor\editor\filemanager\browser\default\images\icons\html.gif --> futsalhouse.com /httpdocs/admin/fckeditor/editor/filemanager/browser/default/images/icons html.gif
2009.06.17 16:25 B C:\AppServ\www\futsalhouse\admin\fckeditor\editor\filemanager\browser\default\images\icons\jpg.gif --> futsalhouse.com /httpdocs/admin/fckeditor/editor/filemanager/browser/default/images/icons jpg.gif
2009.06.17 16:25 B C:\AppServ\www\futsalhouse\admin\fckeditor\editor\filemanager\browser\default\images\icons\js.gif --> futsalhouse.com /httpdocs/admin/fckeditor/editor/filemanager/browser/default/images/icons js.gif
2009.06.17 16:25 B C:\AppServ\www\futsalhouse\admin\fckeditor\editor\filemanager\browser\default\images\icons\mdb.gif --> futsalhouse.com /httpdocs/admin/fckeditor/editor/filemanager/browser/default/images/icons mdb.gif
2009.06.17 16:25 B C:\AppServ\www\futsalhouse\admin\fckeditor\editor\filemanager\browser\default\images\icons\mp3.gif --> futsalhouse.com /httpdocs/admin/fckeditor/editor/filemanager/browser/default/images/icons mp3.gif
2009.06.17 16:25 B C:\AppServ\www\futsalhouse\admin\fckeditor\editor\filemanager\browser\default\images\icons\pdf.gif --> futsalhouse.com /httpdocs/admin/fckeditor/editor/filemanager/browser/default/images/icons pdf.gif
2009.06.17 16:25 B C:\AppServ\www\futsalhouse\admin\fckeditor\editor\filemanager\browser\default\images\icons\png.gif --> futsalhouse.com /httpdocs/admin/fckeditor/editor/filemanager/browser/default/images/icons png.gif
2009.06.17 16:25 B C:\AppServ\www\futsalhouse\admin\fckeditor\editor\filemanager\browser\default\images\icons\ppt.gif --> futsalhouse.com /httpdocs/admin/fckeditor/editor/filemanager/browser/default/images/icons ppt.gif
2009.06.17 16:25 B C:\AppServ\www\futsalhouse\admin\fckeditor\editor\filemanager\browser\default\images\icons\rdp.gif --> futsalhouse.com /httpdocs/admin/fckeditor/editor/filemanager/browser/default/images/icons rdp.gif
2009.06.17 16:25 B C:\AppServ\www\futsalhouse\admin\fckeditor\editor\filemanager\browser\default\images\icons\swf.gif --> futsalhouse.com /httpdocs/admin/fckeditor/editor/filemanager/browser/default/images/icons swf.gif
2009.06.17 16:25 B C:\AppServ\www\futsalhouse\admin\fckeditor\editor\filemanager\browser\default\images\icons\swt.gif --> futsalhouse.com /httpdocs/admin/fckeditor/editor/filemanager/browser/default/images/icons swt.gif
2009.06.17 16:25 B C:\AppServ\www\futsalhouse\admin\fckeditor\editor\filemanager\browser\default\images\icons\txt.gif --> futsalhouse.com /httpdocs/admin/fckeditor/editor/filemanager/browser/default/images/icons txt.gif
2009.06.17 16:25 B C:\AppServ\www\futsalhouse\admin\fckeditor\editor\filemanager\browser\default\images\icons\vsd.gif --> futsalhouse.com /httpdocs/admin/fckeditor/editor/filemanager/browser/default/images/icons vsd.gif
2009.06.17 16:25 B C:\AppServ\www\futsalhouse\admin\fckeditor\editor\filemanager\browser\default\images\icons\WS_FTP.LOG --> futsalhouse.com /httpdocs/admin/fckeditor/editor/filemanager/browser/default/images/icons WS_FTP.LOG
2009.06.17 16:25 B C:\AppServ\www\futsalhouse\admin\fckeditor\editor\filemanager\browser\default\images\icons\xls.gif --> futsalhouse.com /httpdocs/admin/fckeditor/editor/filemanager/browser/default/images/icons xls.gif
2009.06.17 16:25 B C:\AppServ\www\futsalhouse\admin\fckeditor\editor\filemanager\browser\default\images\icons\xml.gif --> futsalhouse.com /httpdocs/admin/fckeditor/editor/filemanager/browser/default/images/icons xml.gif
2009.06.17 16:25 B C:\AppServ\www\futsalhouse\admin\fckeditor\editor\filemanager\browser\default\images\icons\zip.gif --> futsalhouse.com /httpdocs/admin/fckeditor/editor/filemanager/browser/default/images/icons zip.gif
2009.07.22 09:30 B C:\AppServ\www\corn\admin\fckeditor\editor\filemanager\browser\default\images\icons\ai.gif --> cornproducts.co.th /httpdocs/code/admin/fckeditor/editor/filemanager/browser/default/images/icons ai.gif
2009.07.22 09:30 B C:\AppServ\www\corn\admin\fckeditor\editor\filemanager\browser\default\images\icons\avi.gif --> cornproducts.co.th /httpdocs/code/admin/fckeditor/editor/filemanager/browser/default/images/icons avi.gif
2009.07.22 09:30 B C:\AppServ\www\corn\admin\fckeditor\editor\filemanager\browser\default\images\icons\bmp.gif --> cornproducts.co.th /httpdocs/code/admin/fckeditor/editor/filemanager/browser/default/images/icons bmp.gif
2009.07.22 09:30 B C:\AppServ\www\corn\admin\fckeditor\editor\filemanager\browser\default\images\icons\cs.gif --> cornproducts.co.th /httpdocs/code/admin/fckeditor/editor/filemanager/browser/default/images/icons cs.gif
2009.07.22 09:30 B C:\AppServ\www\corn\admin\fckeditor\editor\filemanager\browser\default\images\icons\default.icon.gif --> cornproducts.co.th /httpdocs/code/admin/fckeditor/editor/filemanager/browser/default/images/icons default.icon.gif
2009.07.22 09:30 B C:\AppServ\www\corn\admin\fckeditor\editor\filemanager\browser\default\images\icons\dll.gif --> cornproducts.co.th /httpdocs/code/admin/fckeditor/editor/filemanager/browser/default/images/icons dll.gif
2009.07.22 09:30 B C:\AppServ\www\corn\admin\fckeditor\editor\filemanager\browser\default\images\icons\doc.gif --> cornproducts.co.th /httpdocs/code/admin/fckeditor/editor/filemanager/browser/default/images/icons doc.gif
2009.07.22 09:30 B C:\AppServ\www\corn\admin\fckeditor\editor\filemanager\browser\default\images\icons\exe.gif --> cornproducts.co.th /httpdocs/code/admin/fckeditor/editor/filemanager/browser/default/images/icons exe.gif
2009.07.22 09:30 B C:\AppServ\www\corn\admin\fckeditor\editor\filemanager\browser\default\images\icons\fla.gif --> cornproducts.co.th /httpdocs/code/admin/fckeditor/editor/filemanager/browser/default/images/icons fla.gif
2009.07.22 09:30 B C:\AppServ\www\corn\admin\fckeditor\editor\filemanager\browser\default\images\icons\gif.gif --> cornproducts.co.th /httpdocs/code/admin/fckeditor/editor/filemanager/browser/default/images/icons gif.gif
2009.07.22 09:30 B C:\AppServ\www\corn\admin\fckeditor\editor\filemanager\browser\default\images\icons\htm.gif --> cornproducts.co.th /httpdocs/code/admin/fckeditor/editor/filemanager/browser/default/images/icons htm.gif
2009.07.22 09:30 B C:\AppServ\www\corn\admin\fckeditor\editor\filemanager\browser\default\images\icons\html.gif --> cornproducts.co.th /httpdocs/code/admin/fckeditor/editor/filemanager/browser/default/images/icons html.gif
2009.07.22 09:30 B C:\AppServ\www\corn\admin\fckeditor\editor\filemanager\browser\default\images\icons\jpg.gif --> cornproducts.co.th /httpdocs/code/admin/fckeditor/editor/filemanager/browser/default/images/icons jpg.gif
2009.07.22 09:30 B C:\AppServ\www\corn\admin\fckeditor\editor\filemanager\browser\default\images\icons\js.gif --> cornproducts.co.th /httpdocs/code/admin/fckeditor/editor/filemanager/browser/default/images/icons js.gif
2009.07.22 09:30 B C:\AppServ\www\corn\admin\fckeditor\editor\filemanager\browser\default\images\icons\mdb.gif --> cornproducts.co.th /httpdocs/code/admin/fckeditor/editor/filemanager/browser/default/images/icons mdb.gif
2009.07.22 09:30 B C:\AppServ\www\corn\admin\fckeditor\editor\filemanager\browser\default\images\icons\mp3.gif --> cornproducts.co.th /httpdocs/code/admin/fckeditor/editor/filemanager/browser/default/images/icons mp3.gif
2009.07.22 09:30 B C:\AppServ\www\corn\admin\fckeditor\editor\filemanager\browser\default\images\icons\pdf.gif --> cornproducts.co.th /httpdocs/code/admin/fckeditor/editor/filemanager/browser/default/images/icons pdf.gif
2009.07.22 09:30 B C:\AppServ\www\corn\admin\fckeditor\editor\filemanager\browser\default\images\icons\png.gif --> cornproducts.co.th /httpdocs/code/admin/fckeditor/editor/filemanager/browser/default/images/icons png.gif
2009.07.22 09:30 B C:\AppServ\www\corn\admin\fckeditor\editor\filemanager\browser\default\images\icons\ppt.gif --> cornproducts.co.th /httpdocs/code/admin/fckeditor/editor/filemanager/browser/default/images/icons ppt.gif
2009.07.22 09:30 B C:\AppServ\www\corn\admin\fckeditor\editor\filemanager\browser\default\images\icons\rdp.gif --> cornproducts.co.th /httpdocs/code/admin/fckeditor/editor/filemanager/browser/default/images/icons rdp.gif
2009.07.22 09:30 B C:\AppServ\www\corn\admin\fckeditor\editor\filemanager\browser\default\images\icons\swf.gif --> cornproducts.co.th /httpdocs/code/admin/fckeditor/editor/filemanager/browser/default/images/icons swf.gif
2009.07.22 09:31 B C:\AppServ\www\corn\admin\fckeditor\editor\filemanager\browser\default\images\icons\swt.gif --> cornproducts.co.th /httpdocs/code/admin/fckeditor/editor/filemanager/browser/default/images/icons swt.gif
2009.07.22 09:31 B C:\AppServ\www\corn\admin\fckeditor\editor\filemanager\browser\default\images\icons\txt.gif --> cornproducts.co.th /httpdocs/code/admin/fckeditor/editor/filemanager/browser/default/images/icons txt.gif
2009.07.22 09:31 B C:\AppServ\www\corn\admin\fckeditor\editor\filemanager\browser\default\images\icons\vsd.gif --> cornproducts.co.th /httpdocs/code/admin/fckeditor/editor/filemanager/browser/default/images/icons vsd.gif
2009.07.22 09:31 B C:\AppServ\www\corn\admin\fckeditor\editor\filemanager\browser\default\images\icons\WS_FTP.LOG --> cornproducts.co.th /httpdocs/code/admin/fckeditor/editor/filemanager/browser/default/images/icons WS_FTP.LOG
2009.07.22 09:31 B C:\AppServ\www\corn\admin\fckeditor\editor\filemanager\browser\default\images\icons\xls.gif --> cornproducts.co.th /httpdocs/code/admin/fckeditor/editor/filemanager/browser/default/images/icons xls.gif
2009.07.22 09:31 B C:\AppServ\www\corn\admin\fckeditor\editor\filemanager\browser\default\images\icons\xml.gif --> cornproducts.co.th /httpdocs/code/admin/fckeditor/editor/filemanager/browser/default/images/icons xml.gif
2009.07.22 09:31 B C:\AppServ\www\corn\admin\fckeditor\editor\filemanager\browser\default\images\icons\zip.gif --> cornproducts.co.th /httpdocs/code/admin/fckeditor/editor/filemanager/browser/default/images/icons zip.gif
2009.08.05 14:02 B C:\AppServ\www\tcl\admin\fckeditor\editor\filemanager\browser\default\images\icons\WS_FTP.LOG --> www.tcl.co.th /httpdocs/code/admin/fckeditor/editor/filemanager/browser/default/images/icons WS_FTP.LOG
2009.08.05 14:02 B C:\AppServ\www\tcl\admin\fckeditor\editor\filemanager\browser\default\images\icons\zip.gif --> www.tcl.co.th /httpdocs/code/admin/fckeditor/editor/filemanager/browser/default/images/icons zip.gif
2009.08.05 14:02 B C:\AppServ\www\tcl\admin\fckeditor\editor\filemanager\browser\default\images\icons\xml.gif --> www.tcl.co.th /httpdocs/code/admin/fckeditor/editor/filemanager/browser/default/images/icons xml.gif
2009.08.05 14:02 B C:\AppServ\www\tcl\admin\fckeditor\editor\filemanager\browser\default\images\icons\xls.gif --> www.tcl.co.th /httpdocs/code/admin/fckeditor/editor/filemanager/browser/default/images/icons xls.gif
2009.08.05 14:02 B C:\AppServ\www\tcl\admin\fckeditor\editor\filemanager\browser\default\images\icons\vsd.gif --> www.tcl.co.th /httpdocs/code/admin/fckeditor/editor/filemanager/browser/default/images/icons vsd.gif
2009.08.05 14:02 B C:\AppServ\www\tcl\admin\fckeditor\editor\filemanager\browser\default\images\icons\txt.gif --> www.tcl.co.th /httpdocs/code/admin/fckeditor/editor/filemanager/browser/default/images/icons txt.gif
2009.08.05 14:02 B C:\AppServ\www\tcl\admin\fckeditor\editor\filemanager\browser\default\images\icons\swt.gif --> www.tcl.co.th /httpdocs/code/admin/fckeditor/editor/filemanager/browser/default/images/icons swt.gif
2009.08.05 14:02 B C:\AppServ\www\tcl\admin\fckeditor\editor\filemanager\browser\default\images\icons\swf.gif --> www.tcl.co.th /httpdocs/code/admin/fckeditor/editor/filemanager/browser/default/images/icons swf.gif
2009.08.05 14:02 B C:\AppServ\www\tcl\admin\fckeditor\editor\filemanager\browser\default\images\icons\rdp.gif --> www.tcl.co.th /httpdocs/code/admin/fckeditor/editor/filemanager/browser/default/images/icons rdp.gif
2009.08.05 14:02 B C:\AppServ\www\tcl\admin\fckeditor\editor\filemanager\browser\default\images\icons\ppt.gif --> www.tcl.co.th /httpdocs/code/admin/fckeditor/editor/filemanager/browser/default/images/icons ppt.gif
2009.08.05 14:02 B C:\AppServ\www\tcl\admin\fckeditor\editor\filemanager\browser\default\images\icons\png.gif --> www.tcl.co.th /httpdocs/code/admin/fckeditor/editor/filemanager/browser/default/images/icons png.gif
2009.08.05 14:02 B C:\AppServ\www\tcl\admin\fckeditor\editor\filemanager\browser\default\images\icons\pdf.gif --> www.tcl.co.th /httpdocs/code/admin/fckeditor/editor/filemanager/browser/default/images/icons pdf.gif
2009.08.05 14:02 B C:\AppServ\www\tcl\admin\fckeditor\editor\filemanager\browser\default\images\icons\mp3.gif --> www.tcl.co.th /httpdocs/code/admin/fckeditor/editor/filemanager/browser/default/images/icons mp3.gif
2009.08.05 14:02 B C:\AppServ\www\tcl\admin\fckeditor\editor\filemanager\browser\default\images\icons\mdb.gif --> www.tcl.co.th /httpdocs/code/admin/fckeditor/editor/filemanager/browser/default/images/icons mdb.gif
2009.08.05 14:02 B C:\AppServ\www\tcl\admin\fckeditor\editor\filemanager\browser\default\images\icons\js.gif --> www.tcl.co.th /httpdocs/code/admin/fckeditor/editor/filemanager/browser/default/images/icons js.gif
2009.08.05 14:02 B C:\AppServ\www\tcl\admin\fckeditor\editor\filemanager\browser\default\images\icons\jpg.gif --> www.tcl.co.th /httpdocs/code/admin/fckeditor/editor/filemanager/browser/default/images/icons jpg.gif
2009.08.05 14:02 B C:\AppServ\www\tcl\admin\fckeditor\editor\filemanager\browser\default\images\icons\html.gif --> www.tcl.co.th /httpdocs/code/admin/fckeditor/editor/filemanager/browser/default/images/icons html.gif
2009.08.05 14:02 B C:\AppServ\www\tcl\admin\fckeditor\editor\filemanager\browser\default\images\icons\htm.gif --> www.tcl.co.th /httpdocs/code/admin/fckeditor/editor/filemanager/browser/default/images/icons htm.gif
2009.08.05 14:02 B C:\AppServ\www\tcl\admin\fckeditor\editor\filemanager\browser\default\images\icons\gif.gif --> www.tcl.co.th /httpdocs/code/admin/fckeditor/editor/filemanager/browser/default/images/icons gif.gif
2009.08.05 14:02 B C:\AppServ\www\tcl\admin\fckeditor\editor\filemanager\browser\default\images\icons\fla.gif --> www.tcl.co.th /httpdocs/code/admin/fckeditor/editor/filemanager/browser/default/images/icons fla.gif
2009.08.05 14:02 B C:\AppServ\www\tcl\admin\fckeditor\editor\filemanager\browser\default\images\icons\exe.gif --> www.tcl.co.th /httpdocs/code/admin/fckeditor/editor/filemanager/browser/default/images/icons exe.gif
2009.08.05 14:02 B C:\AppServ\www\tcl\admin\fckeditor\editor\filemanager\browser\default\images\icons\doc.gif --> www.tcl.co.th /httpdocs/code/admin/fckeditor/editor/filemanager/browser/default/images/icons doc.gif
2009.08.05 14:02 B C:\AppServ\www\tcl\admin\fckeditor\editor\filemanager\browser\default\images\icons\dll.gif --> www.tcl.co.th /httpdocs/code/admin/fckeditor/editor/filemanager/browser/default/images/icons dll.gif
2009.08.05 14:02 B C:\AppServ\www\tcl\admin\fckeditor\editor\filemanager\browser\default\images\icons\default.icon.gif --> www.tcl.co.th /httpdocs/code/admin/fckeditor/editor/filemanager/browser/default/images/icons default.icon.gif
2009.08.05 14:02 B C:\AppServ\www\tcl\admin\fckeditor\editor\filemanager\browser\default\images\icons\cs.gif --> www.tcl.co.th /httpdocs/code/admin/fckeditor/editor/filemanager/browser/default/images/icons cs.gif
2009.08.05 14:02 B C:\AppServ\www\tcl\admin\fckeditor\editor\filemanager\browser\default\images\icons\bmp.gif --> www.tcl.co.th /httpdocs/code/admin/fckeditor/editor/filemanager/browser/default/images/icons bmp.gif
2009.08.05 14:02 B C:\AppServ\www\tcl\admin\fckeditor\editor\filemanager\browser\default\images\icons\avi.gif --> www.tcl.co.th /httpdocs/code/admin/fckeditor/editor/filemanager/browser/default/images/icons avi.gif
2009.08.05 14:02 B C:\AppServ\www\tcl\admin\fckeditor\editor\filemanager\browser\default\images\icons\ai.gif --> www.tcl.co.th /httpdocs/code/admin/fckeditor/editor/filemanager/browser/default/images/icons ai.gif
2009.08.05 15:19 B C:\AppServ\www\tcl\admin\fckeditor\editor\filemanager\browser\default\images\icons\WS_FTP.LOG --> www.tcl.co.th /httpdocs/code/admin/fckeditor/editor/filemanager/browser/default/images/icons WS_FTP.LOG
2009.08.19 17:31 B C:\AppServ\www\tcl\admin\fckeditor\editor\filemanager\browser\default\images\icons\ai.gif --> www.tcl.co.th /httpdocs/admin/fckeditor/editor/filemanager/browser/default/images/icons ai.gif
2009.08.19 17:31 B C:\AppServ\www\tcl\admin\fckeditor\editor\filemanager\browser\default\images\icons\avi.gif --> www.tcl.co.th /httpdocs/admin/fckeditor/editor/filemanager/browser/default/images/icons avi.gif
2009.08.19 17:31 B C:\AppServ\www\tcl\admin\fckeditor\editor\filemanager\browser\default\images\icons\bmp.gif --> www.tcl.co.th /httpdocs/admin/fckeditor/editor/filemanager/browser/default/images/icons bmp.gif
2009.08.19 17:31 B C:\AppServ\www\tcl\admin\fckeditor\editor\filemanager\browser\default\images\icons\cs.gif --> www.tcl.co.th /httpdocs/admin/fckeditor/editor/filemanager/browser/default/images/icons cs.gif
2009.08.19 17:31 B C:\AppServ\www\tcl\admin\fckeditor\editor\filemanager\browser\default\images\icons\default.icon.gif --> www.tcl.co.th /httpdocs/admin/fckeditor/editor/filemanager/browser/default/images/icons default.icon.gif
2009.08.19 17:31 B C:\AppServ\www\tcl\admin\fckeditor\editor\filemanager\browser\default\images\icons\dll.gif --> www.tcl.co.th /httpdocs/admin/fckeditor/editor/filemanager/browser/default/images/icons dll.gif
2009.08.19 17:31 B C:\AppServ\www\tcl\admin\fckeditor\editor\filemanager\browser\default\images\icons\doc.gif --> www.tcl.co.th /httpdocs/admin/fckeditor/editor/filemanager/browser/default/images/icons doc.gif
2009.08.19 17:31 B C:\AppServ\www\tcl\admin\fckeditor\editor\filemanager\browser\default\images\icons\exe.gif --> www.tcl.co.th /httpdocs/admin/fckeditor/editor/filemanager/browser/default/images/icons exe.gif
2009.08.19 17:31 B C:\AppServ\www\tcl\admin\fckeditor\editor\filemanager\browser\default\images\icons\fla.gif --> www.tcl.co.th /httpdocs/admin/fckeditor/editor/filemanager/browser/default/images/icons fla.gif
2009.08.19 17:31 B C:\AppServ\www\tcl\admin\fckeditor\editor\filemanager\browser\default\images\icons\gif.gif --> www.tcl.co.th /httpdocs/admin/fckeditor/editor/filemanager/browser/default/images/icons gif.gif
2009.08.19 17:31 B C:\AppServ\www\tcl\admin\fckeditor\editor\filemanager\browser\default\images\icons\htm.gif --> www.tcl.co.th /httpdocs/admin/fckeditor/editor/filemanager/browser/default/images/icons htm.gif
2009.08.19 17:32 B C:\AppServ\www\tcl\admin\fckeditor\editor\filemanager\browser\default\images\icons\html.gif --> www.tcl.co.th /httpdocs/admin/fckeditor/editor/filemanager/browser/default/images/icons html.gif
2009.08.19 17:32 B C:\AppServ\www\tcl\admin\fckeditor\editor\filemanager\browser\default\images\icons\jpg.gif --> www.tcl.co.th /httpdocs/admin/fckeditor/editor/filemanager/browser/default/images/icons jpg.gif
2009.08.19 17:32 B C:\AppServ\www\tcl\admin\fckeditor\editor\filemanager\browser\default\images\icons\js.gif --> www.tcl.co.th /httpdocs/admin/fckeditor/editor/filemanager/browser/default/images/icons js.gif
2009.08.19 17:32 B C:\AppServ\www\tcl\admin\fckeditor\editor\filemanager\browser\default\images\icons\mdb.gif --> www.tcl.co.th /httpdocs/admin/fckeditor/editor/filemanager/browser/default/images/icons mdb.gif
2009.08.19 17:32 B C:\AppServ\www\tcl\admin\fckeditor\editor\filemanager\browser\default\images\icons\mp3.gif --> www.tcl.co.th /httpdocs/admin/fckeditor/editor/filemanager/browser/default/images/icons mp3.gif
2009.08.19 17:32 B C:\AppServ\www\tcl\admin\fckeditor\editor\filemanager\browser\default\images\icons\pdf.gif --> www.tcl.co.th /httpdocs/admin/fckeditor/editor/filemanager/browser/default/images/icons pdf.gif
2009.08.19 17:32 B C:\AppServ\www\tcl\admin\fckeditor\editor\filemanager\browser\default\images\icons\png.gif --> www.tcl.co.th /httpdocs/admin/fckeditor/editor/filemanager/browser/default/images/icons png.gif
2009.08.19 17:32 B C:\AppServ\www\tcl\admin\fckeditor\editor\filemanager\browser\default\images\icons\ppt.gif --> www.tcl.co.th /httpdocs/admin/fckeditor/editor/filemanager/browser/default/images/icons ppt.gif
2009.08.19 17:32 B C:\AppServ\www\tcl\admin\fckeditor\editor\filemanager\browser\default\images\icons\rdp.gif --> www.tcl.co.th /httpdocs/admin/fckeditor/editor/filemanager/browser/default/images/icons rdp.gif
2009.08.19 17:32 B C:\AppServ\www\tcl\admin\fckeditor\editor\filemanager\browser\default\images\icons\swf.gif --> www.tcl.co.th /httpdocs/admin/fckeditor/editor/filemanager/browser/default/images/icons swf.gif
2009.08.19 17:32 B C:\AppServ\www\tcl\admin\fckeditor\editor\filemanager\browser\default\images\icons\swt.gif --> www.tcl.co.th /httpdocs/admin/fckeditor/editor/filemanager/browser/default/images/icons swt.gif
2009.08.19 17:32 B C:\AppServ\www\tcl\admin\fckeditor\editor\filemanager\browser\default\images\icons\txt.gif --> www.tcl.co.th /httpdocs/admin/fckeditor/editor/filemanager/browser/default/images/icons txt.gif
2009.08.19 17:32 B C:\AppServ\www\tcl\admin\fckeditor\editor\filemanager\browser\default\images\icons\vsd.gif --> www.tcl.co.th /httpdocs/admin/fckeditor/editor/filemanager/browser/default/images/icons vsd.gif
2009.08.19 17:32 B C:\AppServ\www\tcl\admin\fckeditor\editor\filemanager\browser\default\images\icons\WS_FTP.LOG --> www.tcl.co.th /httpdocs/admin/fckeditor/editor/filemanager/browser/default/images/icons WS_FTP.LOG
2009.08.19 17:32 B C:\AppServ\www\tcl\admin\fckeditor\editor\filemanager\browser\default\images\icons\xls.gif --> www.tcl.co.th /httpdocs/admin/fckeditor/editor/filemanager/browser/default/images/icons xls.gif
2009.08.19 17:32 B C:\AppServ\www\tcl\admin\fckeditor\editor\filemanager\browser\default\images\icons\xml.gif --> www.tcl.co.th /httpdocs/admin/fckeditor/editor/filemanager/browser/default/images/icons xml.gif
2009.08.19 17:32 B C:\AppServ\www\tcl\admin\fckeditor\editor\filemanager\browser\default\images\icons\zip.gif --> www.tcl.co.th /httpdocs/admin/fckeditor/editor/filemanager/browser/default/images/icons zip.gif
