2009.06.08 17:36 B C:\AppServ\www\postthai\admin\fckeditor\editor\skins\default\fck_dialog.css --> bangkokstamp2010.com /httpdocs/code/admin/fckeditor/editor/skins/default fck_dialog.css
2009.06.08 17:36 B C:\AppServ\www\postthai\admin\fckeditor\editor\skins\default\fck_editor.css --> bangkokstamp2010.com /httpdocs/code/admin/fckeditor/editor/skins/default fck_editor.css
2009.06.08 17:36 B C:\AppServ\www\postthai\admin\fckeditor\editor\skins\default\fck_strip.gif --> bangkokstamp2010.com /httpdocs/code/admin/fckeditor/editor/skins/default fck_strip.gif
2009.06.17 16:28 B C:\AppServ\www\futsalhouse\admin\fckeditor\editor\skins\default\fck_dialog.css --> futsalhouse.com /httpdocs/admin/fckeditor/editor/skins/default fck_dialog.css
2009.06.17 16:28 B C:\AppServ\www\futsalhouse\admin\fckeditor\editor\skins\default\fck_editor.css --> futsalhouse.com /httpdocs/admin/fckeditor/editor/skins/default fck_editor.css
2009.06.17 16:28 B C:\AppServ\www\futsalhouse\admin\fckeditor\editor\skins\default\fck_strip.gif --> futsalhouse.com /httpdocs/admin/fckeditor/editor/skins/default fck_strip.gif
2009.06.17 16:28 B C:\AppServ\www\futsalhouse\admin\fckeditor\editor\skins\default\WS_FTP.LOG --> futsalhouse.com /httpdocs/admin/fckeditor/editor/skins/default WS_FTP.LOG
2009.07.22 09:33 B C:\AppServ\www\corn\admin\fckeditor\editor\skins\default\fck_dialog.css --> cornproducts.co.th /httpdocs/code/admin/fckeditor/editor/skins/default fck_dialog.css
2009.07.22 09:33 B C:\AppServ\www\corn\admin\fckeditor\editor\skins\default\fck_editor.css --> cornproducts.co.th /httpdocs/code/admin/fckeditor/editor/skins/default fck_editor.css
2009.07.22 09:33 B C:\AppServ\www\corn\admin\fckeditor\editor\skins\default\fck_strip.gif --> cornproducts.co.th /httpdocs/code/admin/fckeditor/editor/skins/default fck_strip.gif
2009.07.22 09:33 B C:\AppServ\www\corn\admin\fckeditor\editor\skins\default\WS_FTP.LOG --> cornproducts.co.th /httpdocs/code/admin/fckeditor/editor/skins/default WS_FTP.LOG
2009.08.05 14:00 B C:\AppServ\www\tcl\admin\fckeditor\editor\skins\default\WS_FTP.LOG --> www.tcl.co.th /httpdocs/code/admin/fckeditor/editor/skins/default WS_FTP.LOG
2009.08.05 14:00 B C:\AppServ\www\tcl\admin\fckeditor\editor\skins\default\fck_strip.gif --> www.tcl.co.th /httpdocs/code/admin/fckeditor/editor/skins/default fck_strip.gif
2009.08.05 14:00 B C:\AppServ\www\tcl\admin\fckeditor\editor\skins\default\fck_editor.css --> www.tcl.co.th /httpdocs/code/admin/fckeditor/editor/skins/default fck_editor.css
2009.08.05 14:00 B C:\AppServ\www\tcl\admin\fckeditor\editor\skins\default\fck_dialog.css --> www.tcl.co.th /httpdocs/code/admin/fckeditor/editor/skins/default fck_dialog.css
2009.08.05 15:22 B C:\AppServ\www\tcl\admin\fckeditor\editor\skins\default\WS_FTP.LOG --> www.tcl.co.th /httpdocs/code/admin/fckeditor/editor/skins/default WS_FTP.LOG
2009.08.19 17:36 B C:\AppServ\www\tcl\admin\fckeditor\editor\skins\default\fck_dialog.css --> www.tcl.co.th /httpdocs/admin/fckeditor/editor/skins/default fck_dialog.css
2009.08.19 17:36 B C:\AppServ\www\tcl\admin\fckeditor\editor\skins\default\fck_editor.css --> www.tcl.co.th /httpdocs/admin/fckeditor/editor/skins/default fck_editor.css
2009.08.19 17:36 B C:\AppServ\www\tcl\admin\fckeditor\editor\skins\default\fck_strip.gif --> www.tcl.co.th /httpdocs/admin/fckeditor/editor/skins/default fck_strip.gif
2009.08.19 17:36 B C:\AppServ\www\tcl\admin\fckeditor\editor\skins\default\WS_FTP.LOG --> www.tcl.co.th /httpdocs/admin/fckeditor/editor/skins/default WS_FTP.LOG
