2009.06.08 17:35 B C:\AppServ\www\postthai\admin\fckeditor\editor\plugins\placeholder\lang\de.js --> bangkokstamp2010.com /httpdocs/code/admin/fckeditor/editor/plugins/placeholder/lang de.js
2009.06.08 17:35 B C:\AppServ\www\postthai\admin\fckeditor\editor\plugins\placeholder\lang\en.js --> bangkokstamp2010.com /httpdocs/code/admin/fckeditor/editor/plugins/placeholder/lang en.js
2009.06.08 17:35 B C:\AppServ\www\postthai\admin\fckeditor\editor\plugins\placeholder\lang\fr.js --> bangkokstamp2010.com /httpdocs/code/admin/fckeditor/editor/plugins/placeholder/lang fr.js
2009.06.08 17:35 B C:\AppServ\www\postthai\admin\fckeditor\editor\plugins\placeholder\lang\it.js --> bangkokstamp2010.com /httpdocs/code/admin/fckeditor/editor/plugins/placeholder/lang it.js
2009.06.08 17:35 B C:\AppServ\www\postthai\admin\fckeditor\editor\plugins\placeholder\lang\pl.js --> bangkokstamp2010.com /httpdocs/code/admin/fckeditor/editor/plugins/placeholder/lang pl.js
2009.06.17 16:28 B C:\AppServ\www\futsalhouse\admin\fckeditor\editor\plugins\placeholder\lang\de.js --> futsalhouse.com /httpdocs/admin/fckeditor/editor/plugins/placeholder/lang de.js
2009.06.17 16:28 B C:\AppServ\www\futsalhouse\admin\fckeditor\editor\plugins\placeholder\lang\en.js --> futsalhouse.com /httpdocs/admin/fckeditor/editor/plugins/placeholder/lang en.js
2009.06.17 16:28 B C:\AppServ\www\futsalhouse\admin\fckeditor\editor\plugins\placeholder\lang\fr.js --> futsalhouse.com /httpdocs/admin/fckeditor/editor/plugins/placeholder/lang fr.js
2009.06.17 16:28 B C:\AppServ\www\futsalhouse\admin\fckeditor\editor\plugins\placeholder\lang\it.js --> futsalhouse.com /httpdocs/admin/fckeditor/editor/plugins/placeholder/lang it.js
2009.06.17 16:28 B C:\AppServ\www\futsalhouse\admin\fckeditor\editor\plugins\placeholder\lang\pl.js --> futsalhouse.com /httpdocs/admin/fckeditor/editor/plugins/placeholder/lang pl.js
2009.06.17 16:28 B C:\AppServ\www\futsalhouse\admin\fckeditor\editor\plugins\placeholder\lang\WS_FTP.LOG --> futsalhouse.com /httpdocs/admin/fckeditor/editor/plugins/placeholder/lang WS_FTP.LOG
2009.07.22 09:33 B C:\AppServ\www\corn\admin\fckeditor\editor\plugins\placeholder\lang\de.js --> cornproducts.co.th /httpdocs/code/admin/fckeditor/editor/plugins/placeholder/lang de.js
2009.07.22 09:33 B C:\AppServ\www\corn\admin\fckeditor\editor\plugins\placeholder\lang\en.js --> cornproducts.co.th /httpdocs/code/admin/fckeditor/editor/plugins/placeholder/lang en.js
2009.07.22 09:33 B C:\AppServ\www\corn\admin\fckeditor\editor\plugins\placeholder\lang\fr.js --> cornproducts.co.th /httpdocs/code/admin/fckeditor/editor/plugins/placeholder/lang fr.js
2009.07.22 09:33 B C:\AppServ\www\corn\admin\fckeditor\editor\plugins\placeholder\lang\it.js --> cornproducts.co.th /httpdocs/code/admin/fckeditor/editor/plugins/placeholder/lang it.js
2009.07.22 09:33 B C:\AppServ\www\corn\admin\fckeditor\editor\plugins\placeholder\lang\pl.js --> cornproducts.co.th /httpdocs/code/admin/fckeditor/editor/plugins/placeholder/lang pl.js
2009.07.22 09:33 B C:\AppServ\www\corn\admin\fckeditor\editor\plugins\placeholder\lang\WS_FTP.LOG --> cornproducts.co.th /httpdocs/code/admin/fckeditor/editor/plugins/placeholder/lang WS_FTP.LOG
2009.08.05 14:00 B C:\AppServ\www\tcl\admin\fckeditor\editor\plugins\placeholder\lang\WS_FTP.LOG --> www.tcl.co.th /httpdocs/code/admin/fckeditor/editor/plugins/placeholder/lang WS_FTP.LOG
2009.08.05 14:00 B C:\AppServ\www\tcl\admin\fckeditor\editor\plugins\placeholder\lang\pl.js --> www.tcl.co.th /httpdocs/code/admin/fckeditor/editor/plugins/placeholder/lang pl.js
2009.08.05 14:00 B C:\AppServ\www\tcl\admin\fckeditor\editor\plugins\placeholder\lang\it.js --> www.tcl.co.th /httpdocs/code/admin/fckeditor/editor/plugins/placeholder/lang it.js
2009.08.05 14:00 B C:\AppServ\www\tcl\admin\fckeditor\editor\plugins\placeholder\lang\fr.js --> www.tcl.co.th /httpdocs/code/admin/fckeditor/editor/plugins/placeholder/lang fr.js
2009.08.05 14:00 B C:\AppServ\www\tcl\admin\fckeditor\editor\plugins\placeholder\lang\en.js --> www.tcl.co.th /httpdocs/code/admin/fckeditor/editor/plugins/placeholder/lang en.js
2009.08.05 14:00 B C:\AppServ\www\tcl\admin\fckeditor\editor\plugins\placeholder\lang\de.js --> www.tcl.co.th /httpdocs/code/admin/fckeditor/editor/plugins/placeholder/lang de.js
2009.08.19 17:35 B C:\AppServ\www\tcl\admin\fckeditor\editor\plugins\placeholder\lang\de.js --> www.tcl.co.th /httpdocs/admin/fckeditor/editor/plugins/placeholder/lang de.js
2009.08.19 17:36 B C:\AppServ\www\tcl\admin\fckeditor\editor\plugins\placeholder\lang\en.js --> www.tcl.co.th /httpdocs/admin/fckeditor/editor/plugins/placeholder/lang en.js
2009.08.19 17:36 B C:\AppServ\www\tcl\admin\fckeditor\editor\plugins\placeholder\lang\fr.js --> www.tcl.co.th /httpdocs/admin/fckeditor/editor/plugins/placeholder/lang fr.js
2009.08.19 17:36 B C:\AppServ\www\tcl\admin\fckeditor\editor\plugins\placeholder\lang\it.js --> www.tcl.co.th /httpdocs/admin/fckeditor/editor/plugins/placeholder/lang it.js
2009.08.19 17:36 B C:\AppServ\www\tcl\admin\fckeditor\editor\plugins\placeholder\lang\pl.js --> www.tcl.co.th /httpdocs/admin/fckeditor/editor/plugins/placeholder/lang pl.js
2009.08.19 17:36 B C:\AppServ\www\tcl\admin\fckeditor\editor\plugins\placeholder\lang\WS_FTP.LOG --> www.tcl.co.th /httpdocs/admin/fckeditor/editor/plugins/placeholder/lang WS_FTP.LOG
