2009.06.08 17:34 B C:\AppServ\www\postthai\admin\fckeditor\editor\filemanager\connectors\py\config.py --> bangkokstamp2010.com /httpdocs/code/admin/fckeditor/editor/filemanager/connectors/py config.py
2009.06.08 17:34 B C:\AppServ\www\postthai\admin\fckeditor\editor\filemanager\connectors\py\connector.py --> bangkokstamp2010.com /httpdocs/code/admin/fckeditor/editor/filemanager/connectors/py connector.py
2009.06.08 17:34 B C:\AppServ\www\postthai\admin\fckeditor\editor\filemanager\connectors\py\fckcommands.py --> bangkokstamp2010.com /httpdocs/code/admin/fckeditor/editor/filemanager/connectors/py fckcommands.py
2009.06.08 17:34 B C:\AppServ\www\postthai\admin\fckeditor\editor\filemanager\connectors\py\fckconnector.py --> bangkokstamp2010.com /httpdocs/code/admin/fckeditor/editor/filemanager/connectors/py fckconnector.py
2009.06.08 17:34 B C:\AppServ\www\postthai\admin\fckeditor\editor\filemanager\connectors\py\fckoutput.py --> bangkokstamp2010.com /httpdocs/code/admin/fckeditor/editor/filemanager/connectors/py fckoutput.py
2009.06.08 17:34 B C:\AppServ\www\postthai\admin\fckeditor\editor\filemanager\connectors\py\fckutil.py --> bangkokstamp2010.com /httpdocs/code/admin/fckeditor/editor/filemanager/connectors/py fckutil.py
2009.06.08 17:34 B C:\AppServ\www\postthai\admin\fckeditor\editor\filemanager\connectors\py\htaccess.txt --> bangkokstamp2010.com /httpdocs/code/admin/fckeditor/editor/filemanager/connectors/py htaccess.txt
2009.06.08 17:34 B C:\AppServ\www\postthai\admin\fckeditor\editor\filemanager\connectors\py\upload.py --> bangkokstamp2010.com /httpdocs/code/admin/fckeditor/editor/filemanager/connectors/py upload.py
2009.06.08 17:34 B C:\AppServ\www\postthai\admin\fckeditor\editor\filemanager\connectors\py\wsgi.py --> bangkokstamp2010.com /httpdocs/code/admin/fckeditor/editor/filemanager/connectors/py wsgi.py
2009.06.08 17:34 B C:\AppServ\www\postthai\admin\fckeditor\editor\filemanager\connectors\py\zope.py --> bangkokstamp2010.com /httpdocs/code/admin/fckeditor/editor/filemanager/connectors/py zope.py
2009.06.17 16:26 B C:\AppServ\www\futsalhouse\admin\fckeditor\editor\filemanager\connectors\py\config.py --> futsalhouse.com /httpdocs/admin/fckeditor/editor/filemanager/connectors/py config.py
2009.06.17 16:26 B C:\AppServ\www\futsalhouse\admin\fckeditor\editor\filemanager\connectors\py\connector.py --> futsalhouse.com /httpdocs/admin/fckeditor/editor/filemanager/connectors/py connector.py
2009.06.17 16:26 B C:\AppServ\www\futsalhouse\admin\fckeditor\editor\filemanager\connectors\py\fckcommands.py --> futsalhouse.com /httpdocs/admin/fckeditor/editor/filemanager/connectors/py fckcommands.py
2009.06.17 16:26 B C:\AppServ\www\futsalhouse\admin\fckeditor\editor\filemanager\connectors\py\fckconnector.py --> futsalhouse.com /httpdocs/admin/fckeditor/editor/filemanager/connectors/py fckconnector.py
2009.06.17 16:26 B C:\AppServ\www\futsalhouse\admin\fckeditor\editor\filemanager\connectors\py\fckoutput.py --> futsalhouse.com /httpdocs/admin/fckeditor/editor/filemanager/connectors/py fckoutput.py
2009.06.17 16:26 B C:\AppServ\www\futsalhouse\admin\fckeditor\editor\filemanager\connectors\py\fckutil.py --> futsalhouse.com /httpdocs/admin/fckeditor/editor/filemanager/connectors/py fckutil.py
2009.06.17 16:26 B C:\AppServ\www\futsalhouse\admin\fckeditor\editor\filemanager\connectors\py\htaccess.txt --> futsalhouse.com /httpdocs/admin/fckeditor/editor/filemanager/connectors/py htaccess.txt
2009.06.17 16:26 B C:\AppServ\www\futsalhouse\admin\fckeditor\editor\filemanager\connectors\py\upload.py --> futsalhouse.com /httpdocs/admin/fckeditor/editor/filemanager/connectors/py upload.py
2009.06.17 16:26 B C:\AppServ\www\futsalhouse\admin\fckeditor\editor\filemanager\connectors\py\WS_FTP.LOG --> futsalhouse.com /httpdocs/admin/fckeditor/editor/filemanager/connectors/py WS_FTP.LOG
2009.06.17 16:26 B C:\AppServ\www\futsalhouse\admin\fckeditor\editor\filemanager\connectors\py\wsgi.py --> futsalhouse.com /httpdocs/admin/fckeditor/editor/filemanager/connectors/py wsgi.py
2009.06.17 16:26 B C:\AppServ\www\futsalhouse\admin\fckeditor\editor\filemanager\connectors\py\zope.py --> futsalhouse.com /httpdocs/admin/fckeditor/editor/filemanager/connectors/py zope.py
2009.07.22 09:31 B C:\AppServ\www\corn\admin\fckeditor\editor\filemanager\connectors\py\config.py --> cornproducts.co.th /httpdocs/code/admin/fckeditor/editor/filemanager/connectors/py config.py
2009.07.22 09:31 B C:\AppServ\www\corn\admin\fckeditor\editor\filemanager\connectors\py\connector.py --> cornproducts.co.th /httpdocs/code/admin/fckeditor/editor/filemanager/connectors/py connector.py
2009.07.22 09:31 B C:\AppServ\www\corn\admin\fckeditor\editor\filemanager\connectors\py\fckcommands.py --> cornproducts.co.th /httpdocs/code/admin/fckeditor/editor/filemanager/connectors/py fckcommands.py
2009.07.22 09:31 B C:\AppServ\www\corn\admin\fckeditor\editor\filemanager\connectors\py\fckconnector.py --> cornproducts.co.th /httpdocs/code/admin/fckeditor/editor/filemanager/connectors/py fckconnector.py
2009.07.22 09:31 B C:\AppServ\www\corn\admin\fckeditor\editor\filemanager\connectors\py\fckoutput.py --> cornproducts.co.th /httpdocs/code/admin/fckeditor/editor/filemanager/connectors/py fckoutput.py
2009.07.22 09:31 B C:\AppServ\www\corn\admin\fckeditor\editor\filemanager\connectors\py\fckutil.py --> cornproducts.co.th /httpdocs/code/admin/fckeditor/editor/filemanager/connectors/py fckutil.py
2009.07.22 09:31 B C:\AppServ\www\corn\admin\fckeditor\editor\filemanager\connectors\py\htaccess.txt --> cornproducts.co.th /httpdocs/code/admin/fckeditor/editor/filemanager/connectors/py htaccess.txt
2009.07.22 09:31 B C:\AppServ\www\corn\admin\fckeditor\editor\filemanager\connectors\py\upload.py --> cornproducts.co.th /httpdocs/code/admin/fckeditor/editor/filemanager/connectors/py upload.py
2009.07.22 09:31 B C:\AppServ\www\corn\admin\fckeditor\editor\filemanager\connectors\py\WS_FTP.LOG --> cornproducts.co.th /httpdocs/code/admin/fckeditor/editor/filemanager/connectors/py WS_FTP.LOG
2009.07.22 09:31 B C:\AppServ\www\corn\admin\fckeditor\editor\filemanager\connectors\py\wsgi.py --> cornproducts.co.th /httpdocs/code/admin/fckeditor/editor/filemanager/connectors/py wsgi.py
2009.07.22 09:31 B C:\AppServ\www\corn\admin\fckeditor\editor\filemanager\connectors\py\zope.py --> cornproducts.co.th /httpdocs/code/admin/fckeditor/editor/filemanager/connectors/py zope.py
2009.08.05 14:01 B C:\AppServ\www\tcl\admin\fckeditor\editor\filemanager\connectors\py\WS_FTP.LOG --> www.tcl.co.th /httpdocs/code/admin/fckeditor/editor/filemanager/connectors/py WS_FTP.LOG
2009.08.05 14:01 B C:\AppServ\www\tcl\admin\fckeditor\editor\filemanager\connectors\py\zope.py --> www.tcl.co.th /httpdocs/code/admin/fckeditor/editor/filemanager/connectors/py zope.py
2009.08.05 14:01 B C:\AppServ\www\tcl\admin\fckeditor\editor\filemanager\connectors\py\wsgi.py --> www.tcl.co.th /httpdocs/code/admin/fckeditor/editor/filemanager/connectors/py wsgi.py
2009.08.05 14:01 B C:\AppServ\www\tcl\admin\fckeditor\editor\filemanager\connectors\py\upload.py --> www.tcl.co.th /httpdocs/code/admin/fckeditor/editor/filemanager/connectors/py upload.py
2009.08.05 14:01 B C:\AppServ\www\tcl\admin\fckeditor\editor\filemanager\connectors\py\htaccess.txt --> www.tcl.co.th /httpdocs/code/admin/fckeditor/editor/filemanager/connectors/py htaccess.txt
2009.08.05 14:01 B C:\AppServ\www\tcl\admin\fckeditor\editor\filemanager\connectors\py\fckutil.py --> www.tcl.co.th /httpdocs/code/admin/fckeditor/editor/filemanager/connectors/py fckutil.py
2009.08.05 14:01 B C:\AppServ\www\tcl\admin\fckeditor\editor\filemanager\connectors\py\fckoutput.py --> www.tcl.co.th /httpdocs/code/admin/fckeditor/editor/filemanager/connectors/py fckoutput.py
2009.08.05 14:01 B C:\AppServ\www\tcl\admin\fckeditor\editor\filemanager\connectors\py\fckconnector.py --> www.tcl.co.th /httpdocs/code/admin/fckeditor/editor/filemanager/connectors/py fckconnector.py
2009.08.05 14:01 B C:\AppServ\www\tcl\admin\fckeditor\editor\filemanager\connectors\py\fckcommands.py --> www.tcl.co.th /httpdocs/code/admin/fckeditor/editor/filemanager/connectors/py fckcommands.py
2009.08.05 14:01 B C:\AppServ\www\tcl\admin\fckeditor\editor\filemanager\connectors\py\connector.py --> www.tcl.co.th /httpdocs/code/admin/fckeditor/editor/filemanager/connectors/py connector.py
2009.08.05 14:01 B C:\AppServ\www\tcl\admin\fckeditor\editor\filemanager\connectors\py\config.py --> www.tcl.co.th /httpdocs/code/admin/fckeditor/editor/filemanager/connectors/py config.py
2009.08.05 15:20 B C:\AppServ\www\tcl\admin\fckeditor\editor\filemanager\connectors\py\WS_FTP.LOG --> www.tcl.co.th /httpdocs/code/admin/fckeditor/editor/filemanager/connectors/py WS_FTP.LOG
2009.08.19 17:34 B C:\AppServ\www\tcl\admin\fckeditor\editor\filemanager\connectors\py\config.py --> www.tcl.co.th /httpdocs/admin/fckeditor/editor/filemanager/connectors/py config.py
2009.08.19 17:34 B C:\AppServ\www\tcl\admin\fckeditor\editor\filemanager\connectors\py\connector.py --> www.tcl.co.th /httpdocs/admin/fckeditor/editor/filemanager/connectors/py connector.py
2009.08.19 17:34 B C:\AppServ\www\tcl\admin\fckeditor\editor\filemanager\connectors\py\fckcommands.py --> www.tcl.co.th /httpdocs/admin/fckeditor/editor/filemanager/connectors/py fckcommands.py
2009.08.19 17:34 B C:\AppServ\www\tcl\admin\fckeditor\editor\filemanager\connectors\py\fckconnector.py --> www.tcl.co.th /httpdocs/admin/fckeditor/editor/filemanager/connectors/py fckconnector.py
2009.08.19 17:34 B C:\AppServ\www\tcl\admin\fckeditor\editor\filemanager\connectors\py\fckoutput.py --> www.tcl.co.th /httpdocs/admin/fckeditor/editor/filemanager/connectors/py fckoutput.py
2009.08.19 17:34 B C:\AppServ\www\tcl\admin\fckeditor\editor\filemanager\connectors\py\fckutil.py --> www.tcl.co.th /httpdocs/admin/fckeditor/editor/filemanager/connectors/py fckutil.py
2009.08.19 17:34 B C:\AppServ\www\tcl\admin\fckeditor\editor\filemanager\connectors\py\htaccess.txt --> www.tcl.co.th /httpdocs/admin/fckeditor/editor/filemanager/connectors/py htaccess.txt
2009.08.19 17:34 B C:\AppServ\www\tcl\admin\fckeditor\editor\filemanager\connectors\py\upload.py --> www.tcl.co.th /httpdocs/admin/fckeditor/editor/filemanager/connectors/py upload.py
2009.08.19 17:34 B C:\AppServ\www\tcl\admin\fckeditor\editor\filemanager\connectors\py\WS_FTP.LOG --> www.tcl.co.th /httpdocs/admin/fckeditor/editor/filemanager/connectors/py WS_FTP.LOG
2009.08.19 17:34 B C:\AppServ\www\tcl\admin\fckeditor\editor\filemanager\connectors\py\wsgi.py --> www.tcl.co.th /httpdocs/admin/fckeditor/editor/filemanager/connectors/py wsgi.py
2009.08.19 17:34 B C:\AppServ\www\tcl\admin\fckeditor\editor\filemanager\connectors\py\zope.py --> www.tcl.co.th /httpdocs/admin/fckeditor/editor/filemanager/connectors/py zope.py
