2009.06.08 17:34 B C:\AppServ\www\postthai\admin\fckeditor\editor\images\anchor.gif --> bangkokstamp2010.com /httpdocs/code/admin/fckeditor/editor/images anchor.gif
2009.06.08 17:34 B C:\AppServ\www\postthai\admin\fckeditor\editor\images\arrow_ltr.gif --> bangkokstamp2010.com /httpdocs/code/admin/fckeditor/editor/images arrow_ltr.gif
2009.06.08 17:34 B C:\AppServ\www\postthai\admin\fckeditor\editor\images\arrow_rtl.gif --> bangkokstamp2010.com /httpdocs/code/admin/fckeditor/editor/images arrow_rtl.gif
2009.06.08 17:34 B C:\AppServ\www\postthai\admin\fckeditor\editor\images\spacer.gif --> bangkokstamp2010.com /httpdocs/code/admin/fckeditor/editor/images spacer.gif
2009.06.17 16:26 B C:\AppServ\www\futsalhouse\admin\fckeditor\editor\images\anchor.gif --> futsalhouse.com /httpdocs/admin/fckeditor/editor/images anchor.gif
2009.06.17 16:26 B C:\AppServ\www\futsalhouse\admin\fckeditor\editor\images\arrow_ltr.gif --> futsalhouse.com /httpdocs/admin/fckeditor/editor/images arrow_ltr.gif
2009.06.17 16:26 B C:\AppServ\www\futsalhouse\admin\fckeditor\editor\images\arrow_rtl.gif --> futsalhouse.com /httpdocs/admin/fckeditor/editor/images arrow_rtl.gif
2009.06.17 16:26 B C:\AppServ\www\futsalhouse\admin\fckeditor\editor\images\spacer.gif --> futsalhouse.com /httpdocs/admin/fckeditor/editor/images spacer.gif
2009.06.17 16:26 B C:\AppServ\www\futsalhouse\admin\fckeditor\editor\images\WS_FTP.LOG --> futsalhouse.com /httpdocs/admin/fckeditor/editor/images WS_FTP.LOG
2009.07.22 09:32 B C:\AppServ\www\corn\admin\fckeditor\editor\images\anchor.gif --> cornproducts.co.th /httpdocs/code/admin/fckeditor/editor/images anchor.gif
2009.07.22 09:32 B C:\AppServ\www\corn\admin\fckeditor\editor\images\arrow_ltr.gif --> cornproducts.co.th /httpdocs/code/admin/fckeditor/editor/images arrow_ltr.gif
2009.07.22 09:32 B C:\AppServ\www\corn\admin\fckeditor\editor\images\arrow_rtl.gif --> cornproducts.co.th /httpdocs/code/admin/fckeditor/editor/images arrow_rtl.gif
2009.07.22 09:32 B C:\AppServ\www\corn\admin\fckeditor\editor\images\spacer.gif --> cornproducts.co.th /httpdocs/code/admin/fckeditor/editor/images spacer.gif
2009.07.22 09:32 B C:\AppServ\www\corn\admin\fckeditor\editor\images\WS_FTP.LOG --> cornproducts.co.th /httpdocs/code/admin/fckeditor/editor/images WS_FTP.LOG
2009.08.05 14:01 B C:\AppServ\www\tcl\admin\fckeditor\editor\images\WS_FTP.LOG --> www.tcl.co.th /httpdocs/code/admin/fckeditor/editor/images WS_FTP.LOG
2009.08.05 14:01 B C:\AppServ\www\tcl\admin\fckeditor\editor\images\spacer.gif --> www.tcl.co.th /httpdocs/code/admin/fckeditor/editor/images spacer.gif
2009.08.05 14:01 B C:\AppServ\www\tcl\admin\fckeditor\editor\images\arrow_rtl.gif --> www.tcl.co.th /httpdocs/code/admin/fckeditor/editor/images arrow_rtl.gif
2009.08.05 14:01 B C:\AppServ\www\tcl\admin\fckeditor\editor\images\arrow_ltr.gif --> www.tcl.co.th /httpdocs/code/admin/fckeditor/editor/images arrow_ltr.gif
2009.08.05 14:01 B C:\AppServ\www\tcl\admin\fckeditor\editor\images\anchor.gif --> www.tcl.co.th /httpdocs/code/admin/fckeditor/editor/images anchor.gif
2009.08.05 15:20 B C:\AppServ\www\tcl\admin\fckeditor\editor\images\WS_FTP.LOG --> www.tcl.co.th /httpdocs/code/admin/fckeditor/editor/images WS_FTP.LOG
2009.08.19 17:34 B C:\AppServ\www\tcl\admin\fckeditor\editor\images\anchor.gif --> www.tcl.co.th /httpdocs/admin/fckeditor/editor/images anchor.gif
2009.08.19 17:34 B C:\AppServ\www\tcl\admin\fckeditor\editor\images\arrow_ltr.gif --> www.tcl.co.th /httpdocs/admin/fckeditor/editor/images arrow_ltr.gif
2009.08.19 17:34 B C:\AppServ\www\tcl\admin\fckeditor\editor\images\arrow_rtl.gif --> www.tcl.co.th /httpdocs/admin/fckeditor/editor/images arrow_rtl.gif
2009.08.19 17:34 B C:\AppServ\www\tcl\admin\fckeditor\editor\images\spacer.gif --> www.tcl.co.th /httpdocs/admin/fckeditor/editor/images spacer.gif
2009.08.19 17:34 B C:\AppServ\www\tcl\admin\fckeditor\editor\images\WS_FTP.LOG --> www.tcl.co.th /httpdocs/admin/fckeditor/editor/images WS_FTP.LOG
