2009.06.08 17:31 B C:\AppServ\www\postthai\admin\fckeditor\editor\_source\internals\fck.js --> bangkokstamp2010.com /httpdocs/code/admin/fckeditor/editor/_source/internals fck.js
2009.06.08 17:31 B C:\AppServ\www\postthai\admin\fckeditor\editor\_source\internals\fck_contextmenu.js --> bangkokstamp2010.com /httpdocs/code/admin/fckeditor/editor/_source/internals fck_contextmenu.js
2009.06.08 17:31 B C:\AppServ\www\postthai\admin\fckeditor\editor\_source\internals\fck_gecko.js --> bangkokstamp2010.com /httpdocs/code/admin/fckeditor/editor/_source/internals fck_gecko.js
2009.06.08 17:31 B C:\AppServ\www\postthai\admin\fckeditor\editor\_source\internals\fck_ie.js --> bangkokstamp2010.com /httpdocs/code/admin/fckeditor/editor/_source/internals fck_ie.js
2009.06.08 17:31 B C:\AppServ\www\postthai\admin\fckeditor\editor\_source\internals\fckbrowserinfo.js --> bangkokstamp2010.com /httpdocs/code/admin/fckeditor/editor/_source/internals fckbrowserinfo.js
2009.06.08 17:31 B C:\AppServ\www\postthai\admin\fckeditor\editor\_source\internals\fckcodeformatter.js --> bangkokstamp2010.com /httpdocs/code/admin/fckeditor/editor/_source/internals fckcodeformatter.js
2009.06.08 17:31 B C:\AppServ\www\postthai\admin\fckeditor\editor\_source\internals\fckcommands.js --> bangkokstamp2010.com /httpdocs/code/admin/fckeditor/editor/_source/internals fckcommands.js
2009.06.08 17:31 B C:\AppServ\www\postthai\admin\fckeditor\editor\_source\internals\fckconfig.js --> bangkokstamp2010.com /httpdocs/code/admin/fckeditor/editor/_source/internals fckconfig.js
2009.06.08 17:31 B C:\AppServ\www\postthai\admin\fckeditor\editor\_source\internals\fckdebug.js --> bangkokstamp2010.com /httpdocs/code/admin/fckeditor/editor/_source/internals fckdebug.js
2009.06.08 17:31 B C:\AppServ\www\postthai\admin\fckeditor\editor\_source\internals\fckdialog.js --> bangkokstamp2010.com /httpdocs/code/admin/fckeditor/editor/_source/internals fckdialog.js
2009.06.08 17:31 B C:\AppServ\www\postthai\admin\fckeditor\editor\_source\internals\fckdialog_gecko.js --> bangkokstamp2010.com /httpdocs/code/admin/fckeditor/editor/_source/internals fckdialog_gecko.js
2009.06.08 17:31 B C:\AppServ\www\postthai\admin\fckeditor\editor\_source\internals\fckdialog_ie.js --> bangkokstamp2010.com /httpdocs/code/admin/fckeditor/editor/_source/internals fckdialog_ie.js
2009.06.08 17:31 B C:\AppServ\www\postthai\admin\fckeditor\editor\_source\internals\fckdocumentprocessor.js --> bangkokstamp2010.com /httpdocs/code/admin/fckeditor/editor/_source/internals fckdocumentprocessor.js
2009.06.08 17:31 B C:\AppServ\www\postthai\admin\fckeditor\editor\_source\internals\fckdomtools.js --> bangkokstamp2010.com /httpdocs/code/admin/fckeditor/editor/_source/internals fckdomtools.js
2009.06.08 17:31 B C:\AppServ\www\postthai\admin\fckeditor\editor\_source\internals\fcklanguagemanager.js --> bangkokstamp2010.com /httpdocs/code/admin/fckeditor/editor/_source/internals fcklanguagemanager.js
2009.06.08 17:31 B C:\AppServ\www\postthai\admin\fckeditor\editor\_source\internals\fcklisthandler.js --> bangkokstamp2010.com /httpdocs/code/admin/fckeditor/editor/_source/internals fcklisthandler.js
2009.06.08 17:31 B C:\AppServ\www\postthai\admin\fckeditor\editor\_source\internals\fcklistslib.js --> bangkokstamp2010.com /httpdocs/code/admin/fckeditor/editor/_source/internals fcklistslib.js
2009.06.08 17:31 B C:\AppServ\www\postthai\admin\fckeditor\editor\_source\internals\fckplugins.js --> bangkokstamp2010.com /httpdocs/code/admin/fckeditor/editor/_source/internals fckplugins.js
2009.06.08 17:31 B C:\AppServ\www\postthai\admin\fckeditor\editor\_source\internals\fckregexlib.js --> bangkokstamp2010.com /httpdocs/code/admin/fckeditor/editor/_source/internals fckregexlib.js
2009.06.08 17:31 B C:\AppServ\www\postthai\admin\fckeditor\editor\_source\internals\fckselection.js --> bangkokstamp2010.com /httpdocs/code/admin/fckeditor/editor/_source/internals fckselection.js
2009.06.08 17:31 B C:\AppServ\www\postthai\admin\fckeditor\editor\_source\internals\fckselection_gecko.js --> bangkokstamp2010.com /httpdocs/code/admin/fckeditor/editor/_source/internals fckselection_gecko.js
2009.06.08 17:31 B C:\AppServ\www\postthai\admin\fckeditor\editor\_source\internals\fckselection_ie.js --> bangkokstamp2010.com /httpdocs/code/admin/fckeditor/editor/_source/internals fckselection_ie.js
2009.06.08 17:31 B C:\AppServ\www\postthai\admin\fckeditor\editor\_source\internals\fckstyles.js --> bangkokstamp2010.com /httpdocs/code/admin/fckeditor/editor/_source/internals fckstyles.js
2009.06.08 17:31 B C:\AppServ\www\postthai\admin\fckeditor\editor\_source\internals\fcktablehandler.js --> bangkokstamp2010.com /httpdocs/code/admin/fckeditor/editor/_source/internals fcktablehandler.js
2009.06.08 17:31 B C:\AppServ\www\postthai\admin\fckeditor\editor\_source\internals\fcktablehandler_gecko.js --> bangkokstamp2010.com /httpdocs/code/admin/fckeditor/editor/_source/internals fcktablehandler_gecko.js
2009.06.08 17:31 B C:\AppServ\www\postthai\admin\fckeditor\editor\_source\internals\fcktablehandler_ie.js --> bangkokstamp2010.com /httpdocs/code/admin/fckeditor/editor/_source/internals fcktablehandler_ie.js
2009.06.08 17:31 B C:\AppServ\www\postthai\admin\fckeditor\editor\_source\internals\fcktoolbaritems.js --> bangkokstamp2010.com /httpdocs/code/admin/fckeditor/editor/_source/internals fcktoolbaritems.js
2009.06.08 17:31 B C:\AppServ\www\postthai\admin\fckeditor\editor\_source\internals\fcktoolbarset.js --> bangkokstamp2010.com /httpdocs/code/admin/fckeditor/editor/_source/internals fcktoolbarset.js
2009.06.08 17:31 B C:\AppServ\www\postthai\admin\fckeditor\editor\_source\internals\fcktools.js --> bangkokstamp2010.com /httpdocs/code/admin/fckeditor/editor/_source/internals fcktools.js
2009.06.08 17:31 B C:\AppServ\www\postthai\admin\fckeditor\editor\_source\internals\fcktools_gecko.js --> bangkokstamp2010.com /httpdocs/code/admin/fckeditor/editor/_source/internals fcktools_gecko.js
2009.06.08 17:31 B C:\AppServ\www\postthai\admin\fckeditor\editor\_source\internals\fcktools_ie.js --> bangkokstamp2010.com /httpdocs/code/admin/fckeditor/editor/_source/internals fcktools_ie.js
2009.06.08 17:31 B C:\AppServ\www\postthai\admin\fckeditor\editor\_source\internals\fckundo.js --> bangkokstamp2010.com /httpdocs/code/admin/fckeditor/editor/_source/internals fckundo.js
2009.06.08 17:31 B C:\AppServ\www\postthai\admin\fckeditor\editor\_source\internals\fckurlparams.js --> bangkokstamp2010.com /httpdocs/code/admin/fckeditor/editor/_source/internals fckurlparams.js
2009.06.08 17:31 B C:\AppServ\www\postthai\admin\fckeditor\editor\_source\internals\fckxhtml.js --> bangkokstamp2010.com /httpdocs/code/admin/fckeditor/editor/_source/internals fckxhtml.js
2009.06.08 17:31 B C:\AppServ\www\postthai\admin\fckeditor\editor\_source\internals\fckxhtml_gecko.js --> bangkokstamp2010.com /httpdocs/code/admin/fckeditor/editor/_source/internals fckxhtml_gecko.js
2009.06.08 17:31 B C:\AppServ\www\postthai\admin\fckeditor\editor\_source\internals\fckxhtml_ie.js --> bangkokstamp2010.com /httpdocs/code/admin/fckeditor/editor/_source/internals fckxhtml_ie.js
2009.06.08 17:31 B C:\AppServ\www\postthai\admin\fckeditor\editor\_source\internals\fckxhtmlentities.js --> bangkokstamp2010.com /httpdocs/code/admin/fckeditor/editor/_source/internals fckxhtmlentities.js
2009.06.17 16:21 B C:\AppServ\www\futsalhouse\admin\fckeditor\editor\_source\internals\fck.js --> futsalhouse.com /httpdocs/admin/fckeditor/editor/_source/internals fck.js
2009.06.17 16:21 B C:\AppServ\www\futsalhouse\admin\fckeditor\editor\_source\internals\fck_contextmenu.js --> futsalhouse.com /httpdocs/admin/fckeditor/editor/_source/internals fck_contextmenu.js
2009.06.17 16:21 B C:\AppServ\www\futsalhouse\admin\fckeditor\editor\_source\internals\fck_gecko.js --> futsalhouse.com /httpdocs/admin/fckeditor/editor/_source/internals fck_gecko.js
2009.06.17 16:21 B C:\AppServ\www\futsalhouse\admin\fckeditor\editor\_source\internals\fck_ie.js --> futsalhouse.com /httpdocs/admin/fckeditor/editor/_source/internals fck_ie.js
2009.06.17 16:21 B C:\AppServ\www\futsalhouse\admin\fckeditor\editor\_source\internals\fckbrowserinfo.js --> futsalhouse.com /httpdocs/admin/fckeditor/editor/_source/internals fckbrowserinfo.js
2009.06.17 16:21 B C:\AppServ\www\futsalhouse\admin\fckeditor\editor\_source\internals\fckcodeformatter.js --> futsalhouse.com /httpdocs/admin/fckeditor/editor/_source/internals fckcodeformatter.js
2009.06.17 16:21 B C:\AppServ\www\futsalhouse\admin\fckeditor\editor\_source\internals\fckcommands.js --> futsalhouse.com /httpdocs/admin/fckeditor/editor/_source/internals fckcommands.js
2009.06.17 16:21 B C:\AppServ\www\futsalhouse\admin\fckeditor\editor\_source\internals\fckconfig.js --> futsalhouse.com /httpdocs/admin/fckeditor/editor/_source/internals fckconfig.js
2009.06.17 16:21 B C:\AppServ\www\futsalhouse\admin\fckeditor\editor\_source\internals\fckdebug.js --> futsalhouse.com /httpdocs/admin/fckeditor/editor/_source/internals fckdebug.js
2009.06.17 16:21 B C:\AppServ\www\futsalhouse\admin\fckeditor\editor\_source\internals\fckdialog.js --> futsalhouse.com /httpdocs/admin/fckeditor/editor/_source/internals fckdialog.js
2009.06.17 16:21 B C:\AppServ\www\futsalhouse\admin\fckeditor\editor\_source\internals\fckdialog_gecko.js --> futsalhouse.com /httpdocs/admin/fckeditor/editor/_source/internals fckdialog_gecko.js
2009.06.17 16:21 B C:\AppServ\www\futsalhouse\admin\fckeditor\editor\_source\internals\fckdialog_ie.js --> futsalhouse.com /httpdocs/admin/fckeditor/editor/_source/internals fckdialog_ie.js
2009.06.17 16:21 B C:\AppServ\www\futsalhouse\admin\fckeditor\editor\_source\internals\fckdocumentprocessor.js --> futsalhouse.com /httpdocs/admin/fckeditor/editor/_source/internals fckdocumentprocessor.js
2009.06.17 16:21 B C:\AppServ\www\futsalhouse\admin\fckeditor\editor\_source\internals\fckdomtools.js --> futsalhouse.com /httpdocs/admin/fckeditor/editor/_source/internals fckdomtools.js
2009.06.17 16:21 B C:\AppServ\www\futsalhouse\admin\fckeditor\editor\_source\internals\fcklanguagemanager.js --> futsalhouse.com /httpdocs/admin/fckeditor/editor/_source/internals fcklanguagemanager.js
2009.06.17 16:21 B C:\AppServ\www\futsalhouse\admin\fckeditor\editor\_source\internals\fcklisthandler.js --> futsalhouse.com /httpdocs/admin/fckeditor/editor/_source/internals fcklisthandler.js
2009.06.17 16:21 B C:\AppServ\www\futsalhouse\admin\fckeditor\editor\_source\internals\fcklistslib.js --> futsalhouse.com /httpdocs/admin/fckeditor/editor/_source/internals fcklistslib.js
2009.06.17 16:21 B C:\AppServ\www\futsalhouse\admin\fckeditor\editor\_source\internals\fckplugins.js --> futsalhouse.com /httpdocs/admin/fckeditor/editor/_source/internals fckplugins.js
2009.06.17 16:21 B C:\AppServ\www\futsalhouse\admin\fckeditor\editor\_source\internals\fckregexlib.js --> futsalhouse.com /httpdocs/admin/fckeditor/editor/_source/internals fckregexlib.js
2009.06.17 16:21 B C:\AppServ\www\futsalhouse\admin\fckeditor\editor\_source\internals\fckselection.js --> futsalhouse.com /httpdocs/admin/fckeditor/editor/_source/internals fckselection.js
2009.06.17 16:21 B C:\AppServ\www\futsalhouse\admin\fckeditor\editor\_source\internals\fckselection_gecko.js --> futsalhouse.com /httpdocs/admin/fckeditor/editor/_source/internals fckselection_gecko.js
2009.06.17 16:21 B C:\AppServ\www\futsalhouse\admin\fckeditor\editor\_source\internals\fckselection_ie.js --> futsalhouse.com /httpdocs/admin/fckeditor/editor/_source/internals fckselection_ie.js
2009.06.17 16:21 B C:\AppServ\www\futsalhouse\admin\fckeditor\editor\_source\internals\fckstyles.js --> futsalhouse.com /httpdocs/admin/fckeditor/editor/_source/internals fckstyles.js
2009.06.17 16:21 B C:\AppServ\www\futsalhouse\admin\fckeditor\editor\_source\internals\fcktablehandler.js --> futsalhouse.com /httpdocs/admin/fckeditor/editor/_source/internals fcktablehandler.js
2009.06.17 16:21 B C:\AppServ\www\futsalhouse\admin\fckeditor\editor\_source\internals\fcktablehandler_gecko.js --> futsalhouse.com /httpdocs/admin/fckeditor/editor/_source/internals fcktablehandler_gecko.js
2009.06.17 16:21 B C:\AppServ\www\futsalhouse\admin\fckeditor\editor\_source\internals\fcktablehandler_ie.js --> futsalhouse.com /httpdocs/admin/fckeditor/editor/_source/internals fcktablehandler_ie.js
2009.06.17 16:21 B C:\AppServ\www\futsalhouse\admin\fckeditor\editor\_source\internals\fcktoolbaritems.js --> futsalhouse.com /httpdocs/admin/fckeditor/editor/_source/internals fcktoolbaritems.js
2009.06.17 16:21 B C:\AppServ\www\futsalhouse\admin\fckeditor\editor\_source\internals\fcktoolbarset.js --> futsalhouse.com /httpdocs/admin/fckeditor/editor/_source/internals fcktoolbarset.js
2009.06.17 16:21 B C:\AppServ\www\futsalhouse\admin\fckeditor\editor\_source\internals\fcktools.js --> futsalhouse.com /httpdocs/admin/fckeditor/editor/_source/internals fcktools.js
2009.06.17 16:21 B C:\AppServ\www\futsalhouse\admin\fckeditor\editor\_source\internals\fcktools_gecko.js --> futsalhouse.com /httpdocs/admin/fckeditor/editor/_source/internals fcktools_gecko.js
2009.06.17 16:21 B C:\AppServ\www\futsalhouse\admin\fckeditor\editor\_source\internals\fcktools_ie.js --> futsalhouse.com /httpdocs/admin/fckeditor/editor/_source/internals fcktools_ie.js
2009.06.17 16:22 B C:\AppServ\www\futsalhouse\admin\fckeditor\editor\_source\internals\fckundo.js --> futsalhouse.com /httpdocs/admin/fckeditor/editor/_source/internals fckundo.js
2009.06.17 16:22 B C:\AppServ\www\futsalhouse\admin\fckeditor\editor\_source\internals\fckurlparams.js --> futsalhouse.com /httpdocs/admin/fckeditor/editor/_source/internals fckurlparams.js
2009.06.17 16:22 B C:\AppServ\www\futsalhouse\admin\fckeditor\editor\_source\internals\fckxhtml.js --> futsalhouse.com /httpdocs/admin/fckeditor/editor/_source/internals fckxhtml.js
2009.06.17 16:22 B C:\AppServ\www\futsalhouse\admin\fckeditor\editor\_source\internals\fckxhtml_gecko.js --> futsalhouse.com /httpdocs/admin/fckeditor/editor/_source/internals fckxhtml_gecko.js
2009.06.17 16:22 B C:\AppServ\www\futsalhouse\admin\fckeditor\editor\_source\internals\fckxhtml_ie.js --> futsalhouse.com /httpdocs/admin/fckeditor/editor/_source/internals fckxhtml_ie.js
2009.06.17 16:22 B C:\AppServ\www\futsalhouse\admin\fckeditor\editor\_source\internals\fckxhtmlentities.js --> futsalhouse.com /httpdocs/admin/fckeditor/editor/_source/internals fckxhtmlentities.js
2009.06.17 16:22 B C:\AppServ\www\futsalhouse\admin\fckeditor\editor\_source\internals\WS_FTP.LOG --> futsalhouse.com /httpdocs/admin/fckeditor/editor/_source/internals WS_FTP.LOG
2009.07.22 09:29 B C:\AppServ\www\corn\admin\fckeditor\editor\_source\internals\fck.js --> cornproducts.co.th /httpdocs/code/admin/fckeditor/editor/_source/internals fck.js
2009.07.22 09:29 B C:\AppServ\www\corn\admin\fckeditor\editor\_source\internals\fck_contextmenu.js --> cornproducts.co.th /httpdocs/code/admin/fckeditor/editor/_source/internals fck_contextmenu.js
2009.07.22 09:29 B C:\AppServ\www\corn\admin\fckeditor\editor\_source\internals\fck_gecko.js --> cornproducts.co.th /httpdocs/code/admin/fckeditor/editor/_source/internals fck_gecko.js
2009.07.22 09:29 B C:\AppServ\www\corn\admin\fckeditor\editor\_source\internals\fck_ie.js --> cornproducts.co.th /httpdocs/code/admin/fckeditor/editor/_source/internals fck_ie.js
2009.07.22 09:29 B C:\AppServ\www\corn\admin\fckeditor\editor\_source\internals\fckbrowserinfo.js --> cornproducts.co.th /httpdocs/code/admin/fckeditor/editor/_source/internals fckbrowserinfo.js
2009.07.22 09:29 B C:\AppServ\www\corn\admin\fckeditor\editor\_source\internals\fckcodeformatter.js --> cornproducts.co.th /httpdocs/code/admin/fckeditor/editor/_source/internals fckcodeformatter.js
2009.07.22 09:29 B C:\AppServ\www\corn\admin\fckeditor\editor\_source\internals\fckcommands.js --> cornproducts.co.th /httpdocs/code/admin/fckeditor/editor/_source/internals fckcommands.js
2009.07.22 09:29 B C:\AppServ\www\corn\admin\fckeditor\editor\_source\internals\fckconfig.js --> cornproducts.co.th /httpdocs/code/admin/fckeditor/editor/_source/internals fckconfig.js
2009.07.22 09:29 B C:\AppServ\www\corn\admin\fckeditor\editor\_source\internals\fckdebug.js --> cornproducts.co.th /httpdocs/code/admin/fckeditor/editor/_source/internals fckdebug.js
2009.07.22 09:29 B C:\AppServ\www\corn\admin\fckeditor\editor\_source\internals\fckdialog.js --> cornproducts.co.th /httpdocs/code/admin/fckeditor/editor/_source/internals fckdialog.js
2009.07.22 09:29 B C:\AppServ\www\corn\admin\fckeditor\editor\_source\internals\fckdialog_gecko.js --> cornproducts.co.th /httpdocs/code/admin/fckeditor/editor/_source/internals fckdialog_gecko.js
2009.07.22 09:29 B C:\AppServ\www\corn\admin\fckeditor\editor\_source\internals\fckdialog_ie.js --> cornproducts.co.th /httpdocs/code/admin/fckeditor/editor/_source/internals fckdialog_ie.js
2009.07.22 09:29 B C:\AppServ\www\corn\admin\fckeditor\editor\_source\internals\fckdocumentprocessor.js --> cornproducts.co.th /httpdocs/code/admin/fckeditor/editor/_source/internals fckdocumentprocessor.js
2009.07.22 09:29 B C:\AppServ\www\corn\admin\fckeditor\editor\_source\internals\fckdomtools.js --> cornproducts.co.th /httpdocs/code/admin/fckeditor/editor/_source/internals fckdomtools.js
2009.07.22 09:29 B C:\AppServ\www\corn\admin\fckeditor\editor\_source\internals\fcklanguagemanager.js --> cornproducts.co.th /httpdocs/code/admin/fckeditor/editor/_source/internals fcklanguagemanager.js
2009.07.22 09:29 B C:\AppServ\www\corn\admin\fckeditor\editor\_source\internals\fcklisthandler.js --> cornproducts.co.th /httpdocs/code/admin/fckeditor/editor/_source/internals fcklisthandler.js
2009.07.22 09:29 B C:\AppServ\www\corn\admin\fckeditor\editor\_source\internals\fcklistslib.js --> cornproducts.co.th /httpdocs/code/admin/fckeditor/editor/_source/internals fcklistslib.js
2009.07.22 09:29 B C:\AppServ\www\corn\admin\fckeditor\editor\_source\internals\fckplugins.js --> cornproducts.co.th /httpdocs/code/admin/fckeditor/editor/_source/internals fckplugins.js
2009.07.22 09:29 B C:\AppServ\www\corn\admin\fckeditor\editor\_source\internals\fckregexlib.js --> cornproducts.co.th /httpdocs/code/admin/fckeditor/editor/_source/internals fckregexlib.js
2009.07.22 09:29 B C:\AppServ\www\corn\admin\fckeditor\editor\_source\internals\fckselection.js --> cornproducts.co.th /httpdocs/code/admin/fckeditor/editor/_source/internals fckselection.js
2009.07.22 09:29 B C:\AppServ\www\corn\admin\fckeditor\editor\_source\internals\fckselection_gecko.js --> cornproducts.co.th /httpdocs/code/admin/fckeditor/editor/_source/internals fckselection_gecko.js
2009.07.22 09:29 B C:\AppServ\www\corn\admin\fckeditor\editor\_source\internals\fckselection_ie.js --> cornproducts.co.th /httpdocs/code/admin/fckeditor/editor/_source/internals fckselection_ie.js
2009.07.22 09:29 B C:\AppServ\www\corn\admin\fckeditor\editor\_source\internals\fckstyles.js --> cornproducts.co.th /httpdocs/code/admin/fckeditor/editor/_source/internals fckstyles.js
2009.07.22 09:29 B C:\AppServ\www\corn\admin\fckeditor\editor\_source\internals\fcktablehandler.js --> cornproducts.co.th /httpdocs/code/admin/fckeditor/editor/_source/internals fcktablehandler.js
2009.07.22 09:29 B C:\AppServ\www\corn\admin\fckeditor\editor\_source\internals\fcktablehandler_gecko.js --> cornproducts.co.th /httpdocs/code/admin/fckeditor/editor/_source/internals fcktablehandler_gecko.js
2009.07.22 09:29 B C:\AppServ\www\corn\admin\fckeditor\editor\_source\internals\fcktablehandler_ie.js --> cornproducts.co.th /httpdocs/code/admin/fckeditor/editor/_source/internals fcktablehandler_ie.js
2009.07.22 09:29 B C:\AppServ\www\corn\admin\fckeditor\editor\_source\internals\fcktoolbaritems.js --> cornproducts.co.th /httpdocs/code/admin/fckeditor/editor/_source/internals fcktoolbaritems.js
2009.07.22 09:29 B C:\AppServ\www\corn\admin\fckeditor\editor\_source\internals\fcktoolbarset.js --> cornproducts.co.th /httpdocs/code/admin/fckeditor/editor/_source/internals fcktoolbarset.js
2009.07.22 09:29 B C:\AppServ\www\corn\admin\fckeditor\editor\_source\internals\fcktools.js --> cornproducts.co.th /httpdocs/code/admin/fckeditor/editor/_source/internals fcktools.js
2009.07.22 09:29 B C:\AppServ\www\corn\admin\fckeditor\editor\_source\internals\fcktools_gecko.js --> cornproducts.co.th /httpdocs/code/admin/fckeditor/editor/_source/internals fcktools_gecko.js
2009.07.22 09:29 B C:\AppServ\www\corn\admin\fckeditor\editor\_source\internals\fcktools_ie.js --> cornproducts.co.th /httpdocs/code/admin/fckeditor/editor/_source/internals fcktools_ie.js
2009.07.22 09:29 B C:\AppServ\www\corn\admin\fckeditor\editor\_source\internals\fckundo.js --> cornproducts.co.th /httpdocs/code/admin/fckeditor/editor/_source/internals fckundo.js
2009.07.22 09:29 B C:\AppServ\www\corn\admin\fckeditor\editor\_source\internals\fckurlparams.js --> cornproducts.co.th /httpdocs/code/admin/fckeditor/editor/_source/internals fckurlparams.js
2009.07.22 09:29 B C:\AppServ\www\corn\admin\fckeditor\editor\_source\internals\fckxhtml.js --> cornproducts.co.th /httpdocs/code/admin/fckeditor/editor/_source/internals fckxhtml.js
2009.07.22 09:29 B C:\AppServ\www\corn\admin\fckeditor\editor\_source\internals\fckxhtml_gecko.js --> cornproducts.co.th /httpdocs/code/admin/fckeditor/editor/_source/internals fckxhtml_gecko.js
2009.07.22 09:29 B C:\AppServ\www\corn\admin\fckeditor\editor\_source\internals\fckxhtml_ie.js --> cornproducts.co.th /httpdocs/code/admin/fckeditor/editor/_source/internals fckxhtml_ie.js
2009.07.22 09:29 B C:\AppServ\www\corn\admin\fckeditor\editor\_source\internals\fckxhtmlentities.js --> cornproducts.co.th /httpdocs/code/admin/fckeditor/editor/_source/internals fckxhtmlentities.js
2009.07.22 09:29 B C:\AppServ\www\corn\admin\fckeditor\editor\_source\internals\WS_FTP.LOG --> cornproducts.co.th /httpdocs/code/admin/fckeditor/editor/_source/internals WS_FTP.LOG
2009.08.05 15:18 B C:\AppServ\www\tcl\admin\fckeditor\editor\_source\internals\fck.js --> www.tcl.co.th /httpdocs/code/admin/fckeditor/editor/_source/internals fck.js
2009.08.05 15:18 B C:\AppServ\www\tcl\admin\fckeditor\editor\_source\internals\fck_contextmenu.js --> www.tcl.co.th /httpdocs/code/admin/fckeditor/editor/_source/internals fck_contextmenu.js
2009.08.05 15:18 B C:\AppServ\www\tcl\admin\fckeditor\editor\_source\internals\fck_gecko.js --> www.tcl.co.th /httpdocs/code/admin/fckeditor/editor/_source/internals fck_gecko.js
2009.08.05 15:18 B C:\AppServ\www\tcl\admin\fckeditor\editor\_source\internals\fck_ie.js --> www.tcl.co.th /httpdocs/code/admin/fckeditor/editor/_source/internals fck_ie.js
2009.08.05 15:18 B C:\AppServ\www\tcl\admin\fckeditor\editor\_source\internals\fckbrowserinfo.js --> www.tcl.co.th /httpdocs/code/admin/fckeditor/editor/_source/internals fckbrowserinfo.js
2009.08.05 15:18 B C:\AppServ\www\tcl\admin\fckeditor\editor\_source\internals\fckcodeformatter.js --> www.tcl.co.th /httpdocs/code/admin/fckeditor/editor/_source/internals fckcodeformatter.js
2009.08.05 15:18 B C:\AppServ\www\tcl\admin\fckeditor\editor\_source\internals\fckcommands.js --> www.tcl.co.th /httpdocs/code/admin/fckeditor/editor/_source/internals fckcommands.js
2009.08.05 15:18 B C:\AppServ\www\tcl\admin\fckeditor\editor\_source\internals\fckconfig.js --> www.tcl.co.th /httpdocs/code/admin/fckeditor/editor/_source/internals fckconfig.js
2009.08.05 15:18 B C:\AppServ\www\tcl\admin\fckeditor\editor\_source\internals\fckdebug.js --> www.tcl.co.th /httpdocs/code/admin/fckeditor/editor/_source/internals fckdebug.js
2009.08.05 15:18 B C:\AppServ\www\tcl\admin\fckeditor\editor\_source\internals\fckdialog.js --> www.tcl.co.th /httpdocs/code/admin/fckeditor/editor/_source/internals fckdialog.js
2009.08.05 15:18 B C:\AppServ\www\tcl\admin\fckeditor\editor\_source\internals\fckdialog_gecko.js --> www.tcl.co.th /httpdocs/code/admin/fckeditor/editor/_source/internals fckdialog_gecko.js
2009.08.05 15:18 B C:\AppServ\www\tcl\admin\fckeditor\editor\_source\internals\fckdialog_ie.js --> www.tcl.co.th /httpdocs/code/admin/fckeditor/editor/_source/internals fckdialog_ie.js
2009.08.05 15:18 B C:\AppServ\www\tcl\admin\fckeditor\editor\_source\internals\fckdocumentprocessor.js --> www.tcl.co.th /httpdocs/code/admin/fckeditor/editor/_source/internals fckdocumentprocessor.js
2009.08.05 15:18 B C:\AppServ\www\tcl\admin\fckeditor\editor\_source\internals\fckdomtools.js --> www.tcl.co.th /httpdocs/code/admin/fckeditor/editor/_source/internals fckdomtools.js
2009.08.05 15:18 B C:\AppServ\www\tcl\admin\fckeditor\editor\_source\internals\fcklanguagemanager.js --> www.tcl.co.th /httpdocs/code/admin/fckeditor/editor/_source/internals fcklanguagemanager.js
2009.08.05 15:18 B C:\AppServ\www\tcl\admin\fckeditor\editor\_source\internals\fcklisthandler.js --> www.tcl.co.th /httpdocs/code/admin/fckeditor/editor/_source/internals fcklisthandler.js
2009.08.05 15:18 B C:\AppServ\www\tcl\admin\fckeditor\editor\_source\internals\fcklistslib.js --> www.tcl.co.th /httpdocs/code/admin/fckeditor/editor/_source/internals fcklistslib.js
2009.08.05 15:18 B C:\AppServ\www\tcl\admin\fckeditor\editor\_source\internals\fckplugins.js --> www.tcl.co.th /httpdocs/code/admin/fckeditor/editor/_source/internals fckplugins.js
2009.08.05 15:18 B C:\AppServ\www\tcl\admin\fckeditor\editor\_source\internals\fckregexlib.js --> www.tcl.co.th /httpdocs/code/admin/fckeditor/editor/_source/internals fckregexlib.js
2009.08.05 15:18 B C:\AppServ\www\tcl\admin\fckeditor\editor\_source\internals\fckselection.js --> www.tcl.co.th /httpdocs/code/admin/fckeditor/editor/_source/internals fckselection.js
2009.08.05 15:18 B C:\AppServ\www\tcl\admin\fckeditor\editor\_source\internals\fckselection_gecko.js --> www.tcl.co.th /httpdocs/code/admin/fckeditor/editor/_source/internals fckselection_gecko.js
2009.08.05 15:18 B C:\AppServ\www\tcl\admin\fckeditor\editor\_source\internals\fckselection_ie.js --> www.tcl.co.th /httpdocs/code/admin/fckeditor/editor/_source/internals fckselection_ie.js
2009.08.05 15:18 B C:\AppServ\www\tcl\admin\fckeditor\editor\_source\internals\fckstyles.js --> www.tcl.co.th /httpdocs/code/admin/fckeditor/editor/_source/internals fckstyles.js
2009.08.05 15:18 B C:\AppServ\www\tcl\admin\fckeditor\editor\_source\internals\fcktablehandler.js --> www.tcl.co.th /httpdocs/code/admin/fckeditor/editor/_source/internals fcktablehandler.js
2009.08.05 15:18 B C:\AppServ\www\tcl\admin\fckeditor\editor\_source\internals\fcktablehandler_gecko.js --> www.tcl.co.th /httpdocs/code/admin/fckeditor/editor/_source/internals fcktablehandler_gecko.js
2009.08.05 15:18 B C:\AppServ\www\tcl\admin\fckeditor\editor\_source\internals\fcktablehandler_ie.js --> www.tcl.co.th /httpdocs/code/admin/fckeditor/editor/_source/internals fcktablehandler_ie.js
2009.08.05 15:18 B C:\AppServ\www\tcl\admin\fckeditor\editor\_source\internals\fcktoolbaritems.js --> www.tcl.co.th /httpdocs/code/admin/fckeditor/editor/_source/internals fcktoolbaritems.js
2009.08.05 15:18 B C:\AppServ\www\tcl\admin\fckeditor\editor\_source\internals\fcktoolbarset.js --> www.tcl.co.th /httpdocs/code/admin/fckeditor/editor/_source/internals fcktoolbarset.js
2009.08.05 15:18 B C:\AppServ\www\tcl\admin\fckeditor\editor\_source\internals\fcktools.js --> www.tcl.co.th /httpdocs/code/admin/fckeditor/editor/_source/internals fcktools.js
2009.08.05 15:18 B C:\AppServ\www\tcl\admin\fckeditor\editor\_source\internals\fcktools_gecko.js --> www.tcl.co.th /httpdocs/code/admin/fckeditor/editor/_source/internals fcktools_gecko.js
2009.08.05 15:18 B C:\AppServ\www\tcl\admin\fckeditor\editor\_source\internals\fcktools_ie.js --> www.tcl.co.th /httpdocs/code/admin/fckeditor/editor/_source/internals fcktools_ie.js
2009.08.05 15:18 B C:\AppServ\www\tcl\admin\fckeditor\editor\_source\internals\fckundo.js --> www.tcl.co.th /httpdocs/code/admin/fckeditor/editor/_source/internals fckundo.js
2009.08.05 15:18 B C:\AppServ\www\tcl\admin\fckeditor\editor\_source\internals\fckurlparams.js --> www.tcl.co.th /httpdocs/code/admin/fckeditor/editor/_source/internals fckurlparams.js
2009.08.05 15:18 B C:\AppServ\www\tcl\admin\fckeditor\editor\_source\internals\fckxhtml.js --> www.tcl.co.th /httpdocs/code/admin/fckeditor/editor/_source/internals fckxhtml.js
2009.08.05 15:18 B C:\AppServ\www\tcl\admin\fckeditor\editor\_source\internals\fckxhtml_gecko.js --> www.tcl.co.th /httpdocs/code/admin/fckeditor/editor/_source/internals fckxhtml_gecko.js
2009.08.05 15:18 B C:\AppServ\www\tcl\admin\fckeditor\editor\_source\internals\fckxhtml_ie.js --> www.tcl.co.th /httpdocs/code/admin/fckeditor/editor/_source/internals fckxhtml_ie.js
2009.08.05 15:18 B C:\AppServ\www\tcl\admin\fckeditor\editor\_source\internals\fckxhtmlentities.js --> www.tcl.co.th /httpdocs/code/admin/fckeditor/editor/_source/internals fckxhtmlentities.js
2009.08.05 15:18 B C:\AppServ\www\tcl\admin\fckeditor\editor\_source\internals\WS_FTP.LOG --> www.tcl.co.th /httpdocs/code/admin/fckeditor/editor/_source/internals WS_FTP.LOG
2009.08.19 17:29 B C:\AppServ\www\tcl\admin\fckeditor\editor\_source\internals\fck.js --> www.tcl.co.th /httpdocs/admin/fckeditor/editor/_source/internals fck.js
2009.08.19 17:29 B C:\AppServ\www\tcl\admin\fckeditor\editor\_source\internals\fck_contextmenu.js --> www.tcl.co.th /httpdocs/admin/fckeditor/editor/_source/internals fck_contextmenu.js
2009.08.19 17:29 B C:\AppServ\www\tcl\admin\fckeditor\editor\_source\internals\fck_gecko.js --> www.tcl.co.th /httpdocs/admin/fckeditor/editor/_source/internals fck_gecko.js
2009.08.19 17:29 B C:\AppServ\www\tcl\admin\fckeditor\editor\_source\internals\fck_ie.js --> www.tcl.co.th /httpdocs/admin/fckeditor/editor/_source/internals fck_ie.js
2009.08.19 17:29 B C:\AppServ\www\tcl\admin\fckeditor\editor\_source\internals\fckbrowserinfo.js --> www.tcl.co.th /httpdocs/admin/fckeditor/editor/_source/internals fckbrowserinfo.js
2009.08.19 17:29 B C:\AppServ\www\tcl\admin\fckeditor\editor\_source\internals\fckcodeformatter.js --> www.tcl.co.th /httpdocs/admin/fckeditor/editor/_source/internals fckcodeformatter.js
2009.08.19 17:29 B C:\AppServ\www\tcl\admin\fckeditor\editor\_source\internals\fckcommands.js --> www.tcl.co.th /httpdocs/admin/fckeditor/editor/_source/internals fckcommands.js
2009.08.19 17:29 B C:\AppServ\www\tcl\admin\fckeditor\editor\_source\internals\fckconfig.js --> www.tcl.co.th /httpdocs/admin/fckeditor/editor/_source/internals fckconfig.js
2009.08.19 17:29 B C:\AppServ\www\tcl\admin\fckeditor\editor\_source\internals\fckdebug.js --> www.tcl.co.th /httpdocs/admin/fckeditor/editor/_source/internals fckdebug.js
2009.08.19 17:29 B C:\AppServ\www\tcl\admin\fckeditor\editor\_source\internals\fckdialog.js --> www.tcl.co.th /httpdocs/admin/fckeditor/editor/_source/internals fckdialog.js
2009.08.19 17:29 B C:\AppServ\www\tcl\admin\fckeditor\editor\_source\internals\fckdialog_gecko.js --> www.tcl.co.th /httpdocs/admin/fckeditor/editor/_source/internals fckdialog_gecko.js
2009.08.19 17:29 B C:\AppServ\www\tcl\admin\fckeditor\editor\_source\internals\fckdialog_ie.js --> www.tcl.co.th /httpdocs/admin/fckeditor/editor/_source/internals fckdialog_ie.js
2009.08.19 17:29 B C:\AppServ\www\tcl\admin\fckeditor\editor\_source\internals\fckdocumentprocessor.js --> www.tcl.co.th /httpdocs/admin/fckeditor/editor/_source/internals fckdocumentprocessor.js
2009.08.19 17:29 B C:\AppServ\www\tcl\admin\fckeditor\editor\_source\internals\fckdomtools.js --> www.tcl.co.th /httpdocs/admin/fckeditor/editor/_source/internals fckdomtools.js
2009.08.19 17:29 B C:\AppServ\www\tcl\admin\fckeditor\editor\_source\internals\fcklanguagemanager.js --> www.tcl.co.th /httpdocs/admin/fckeditor/editor/_source/internals fcklanguagemanager.js
2009.08.19 17:29 B C:\AppServ\www\tcl\admin\fckeditor\editor\_source\internals\fcklisthandler.js --> www.tcl.co.th /httpdocs/admin/fckeditor/editor/_source/internals fcklisthandler.js
2009.08.19 17:29 B C:\AppServ\www\tcl\admin\fckeditor\editor\_source\internals\fcklistslib.js --> www.tcl.co.th /httpdocs/admin/fckeditor/editor/_source/internals fcklistslib.js
2009.08.19 17:29 B C:\AppServ\www\tcl\admin\fckeditor\editor\_source\internals\fckplugins.js --> www.tcl.co.th /httpdocs/admin/fckeditor/editor/_source/internals fckplugins.js
2009.08.19 17:29 B C:\AppServ\www\tcl\admin\fckeditor\editor\_source\internals\fckregexlib.js --> www.tcl.co.th /httpdocs/admin/fckeditor/editor/_source/internals fckregexlib.js
2009.08.19 17:29 B C:\AppServ\www\tcl\admin\fckeditor\editor\_source\internals\fckselection.js --> www.tcl.co.th /httpdocs/admin/fckeditor/editor/_source/internals fckselection.js
2009.08.19 17:29 B C:\AppServ\www\tcl\admin\fckeditor\editor\_source\internals\fckselection_gecko.js --> www.tcl.co.th /httpdocs/admin/fckeditor/editor/_source/internals fckselection_gecko.js
2009.08.19 17:29 B C:\AppServ\www\tcl\admin\fckeditor\editor\_source\internals\fckselection_ie.js --> www.tcl.co.th /httpdocs/admin/fckeditor/editor/_source/internals fckselection_ie.js
2009.08.19 17:29 B C:\AppServ\www\tcl\admin\fckeditor\editor\_source\internals\fckstyles.js --> www.tcl.co.th /httpdocs/admin/fckeditor/editor/_source/internals fckstyles.js
2009.08.19 17:29 B C:\AppServ\www\tcl\admin\fckeditor\editor\_source\internals\fcktablehandler.js --> www.tcl.co.th /httpdocs/admin/fckeditor/editor/_source/internals fcktablehandler.js
2009.08.19 17:29 B C:\AppServ\www\tcl\admin\fckeditor\editor\_source\internals\fcktablehandler_gecko.js --> www.tcl.co.th /httpdocs/admin/fckeditor/editor/_source/internals fcktablehandler_gecko.js
2009.08.19 17:29 B C:\AppServ\www\tcl\admin\fckeditor\editor\_source\internals\fcktablehandler_ie.js --> www.tcl.co.th /httpdocs/admin/fckeditor/editor/_source/internals fcktablehandler_ie.js
2009.08.19 17:29 B C:\AppServ\www\tcl\admin\fckeditor\editor\_source\internals\fcktoolbaritems.js --> www.tcl.co.th /httpdocs/admin/fckeditor/editor/_source/internals fcktoolbaritems.js
2009.08.19 17:29 B C:\AppServ\www\tcl\admin\fckeditor\editor\_source\internals\fcktoolbarset.js --> www.tcl.co.th /httpdocs/admin/fckeditor/editor/_source/internals fcktoolbarset.js
2009.08.19 17:29 B C:\AppServ\www\tcl\admin\fckeditor\editor\_source\internals\fcktools.js --> www.tcl.co.th /httpdocs/admin/fckeditor/editor/_source/internals fcktools.js
2009.08.19 17:29 B C:\AppServ\www\tcl\admin\fckeditor\editor\_source\internals\fcktools_gecko.js --> www.tcl.co.th /httpdocs/admin/fckeditor/editor/_source/internals fcktools_gecko.js
2009.08.19 17:29 B C:\AppServ\www\tcl\admin\fckeditor\editor\_source\internals\fcktools_ie.js --> www.tcl.co.th /httpdocs/admin/fckeditor/editor/_source/internals fcktools_ie.js
2009.08.19 17:29 B C:\AppServ\www\tcl\admin\fckeditor\editor\_source\internals\fckundo.js --> www.tcl.co.th /httpdocs/admin/fckeditor/editor/_source/internals fckundo.js
2009.08.19 17:29 B C:\AppServ\www\tcl\admin\fckeditor\editor\_source\internals\fckurlparams.js --> www.tcl.co.th /httpdocs/admin/fckeditor/editor/_source/internals fckurlparams.js
2009.08.19 17:29 B C:\AppServ\www\tcl\admin\fckeditor\editor\_source\internals\fckxhtml.js --> www.tcl.co.th /httpdocs/admin/fckeditor/editor/_source/internals fckxhtml.js
2009.08.19 17:29 B C:\AppServ\www\tcl\admin\fckeditor\editor\_source\internals\fckxhtml_gecko.js --> www.tcl.co.th /httpdocs/admin/fckeditor/editor/_source/internals fckxhtml_gecko.js
2009.08.19 17:29 B C:\AppServ\www\tcl\admin\fckeditor\editor\_source\internals\fckxhtml_ie.js --> www.tcl.co.th /httpdocs/admin/fckeditor/editor/_source/internals fckxhtml_ie.js
2009.08.19 17:29 B C:\AppServ\www\tcl\admin\fckeditor\editor\_source\internals\fckxhtmlentities.js --> www.tcl.co.th /httpdocs/admin/fckeditor/editor/_source/internals fckxhtmlentities.js
2009.08.19 17:29 B C:\AppServ\www\tcl\admin\fckeditor\editor\_source\internals\WS_FTP.LOG --> www.tcl.co.th /httpdocs/admin/fckeditor/editor/_source/internals WS_FTP.LOG
