2009.06.08 17:30 B C:\AppServ\www\postthai\admin\fckeditor\_samples\html\sample01.html --> bangkokstamp2010.com /httpdocs/code/admin/fckeditor/_samples/html sample01.html
2009.06.08 17:30 B C:\AppServ\www\postthai\admin\fckeditor\_samples\html\sample02.html --> bangkokstamp2010.com /httpdocs/code/admin/fckeditor/_samples/html sample02.html
2009.06.08 17:30 B C:\AppServ\www\postthai\admin\fckeditor\_samples\html\sample03.html --> bangkokstamp2010.com /httpdocs/code/admin/fckeditor/_samples/html sample03.html
2009.06.08 17:30 B C:\AppServ\www\postthai\admin\fckeditor\_samples\html\sample04.html --> bangkokstamp2010.com /httpdocs/code/admin/fckeditor/_samples/html sample04.html
2009.06.08 17:30 B C:\AppServ\www\postthai\admin\fckeditor\_samples\html\sample05.html --> bangkokstamp2010.com /httpdocs/code/admin/fckeditor/_samples/html sample05.html
2009.06.08 17:30 B C:\AppServ\www\postthai\admin\fckeditor\_samples\html\sample06.config.js --> bangkokstamp2010.com /httpdocs/code/admin/fckeditor/_samples/html sample06.config.js
2009.06.08 17:30 B C:\AppServ\www\postthai\admin\fckeditor\_samples\html\sample06.html --> bangkokstamp2010.com /httpdocs/code/admin/fckeditor/_samples/html sample06.html
2009.06.08 17:30 B C:\AppServ\www\postthai\admin\fckeditor\_samples\html\sample07.html --> bangkokstamp2010.com /httpdocs/code/admin/fckeditor/_samples/html sample07.html
2009.06.08 17:30 B C:\AppServ\www\postthai\admin\fckeditor\_samples\html\sample08.html --> bangkokstamp2010.com /httpdocs/code/admin/fckeditor/_samples/html sample08.html
2009.06.08 17:30 B C:\AppServ\www\postthai\admin\fckeditor\_samples\html\sample09.html --> bangkokstamp2010.com /httpdocs/code/admin/fckeditor/_samples/html sample09.html
2009.06.08 17:30 B C:\AppServ\www\postthai\admin\fckeditor\_samples\html\sample10.html --> bangkokstamp2010.com /httpdocs/code/admin/fckeditor/_samples/html sample10.html
2009.06.08 17:30 B C:\AppServ\www\postthai\admin\fckeditor\_samples\html\sample11.html --> bangkokstamp2010.com /httpdocs/code/admin/fckeditor/_samples/html sample11.html
2009.06.08 17:30 B C:\AppServ\www\postthai\admin\fckeditor\_samples\html\sample11_frame.html --> bangkokstamp2010.com /httpdocs/code/admin/fckeditor/_samples/html sample11_frame.html
2009.06.08 17:30 B C:\AppServ\www\postthai\admin\fckeditor\_samples\html\sample12.html --> bangkokstamp2010.com /httpdocs/code/admin/fckeditor/_samples/html sample12.html
2009.06.08 17:30 B C:\AppServ\www\postthai\admin\fckeditor\_samples\html\sample13.html --> bangkokstamp2010.com /httpdocs/code/admin/fckeditor/_samples/html sample13.html
2009.06.08 17:30 B C:\AppServ\www\postthai\admin\fckeditor\_samples\html\sample14.config.js --> bangkokstamp2010.com /httpdocs/code/admin/fckeditor/_samples/html sample14.config.js
2009.06.08 17:30 B C:\AppServ\www\postthai\admin\fckeditor\_samples\html\sample14.html --> bangkokstamp2010.com /httpdocs/code/admin/fckeditor/_samples/html sample14.html
2009.06.08 17:30 B C:\AppServ\www\postthai\admin\fckeditor\_samples\html\sample14.styles.css --> bangkokstamp2010.com /httpdocs/code/admin/fckeditor/_samples/html sample14.styles.css
2009.06.08 17:30 B C:\AppServ\www\postthai\admin\fckeditor\_samples\html\sampleposteddata.asp --> bangkokstamp2010.com /httpdocs/code/admin/fckeditor/_samples/html sampleposteddata.asp
2009.06.08 17:30 B C:\AppServ\www\postthai\admin\fckeditor\_samples\html\sampleposteddata.html --> bangkokstamp2010.com /httpdocs/code/admin/fckeditor/_samples/html sampleposteddata.html
2009.06.17 16:20 B C:\AppServ\www\futsalhouse\admin\fckeditor\_samples\html\sample01.html --> futsalhouse.com /httpdocs/admin/fckeditor/_samples/html sample01.html
2009.06.17 16:20 B C:\AppServ\www\futsalhouse\admin\fckeditor\_samples\html\sample02.html --> futsalhouse.com /httpdocs/admin/fckeditor/_samples/html sample02.html
2009.06.17 16:20 B C:\AppServ\www\futsalhouse\admin\fckeditor\_samples\html\sample03.html --> futsalhouse.com /httpdocs/admin/fckeditor/_samples/html sample03.html
2009.06.17 16:20 B C:\AppServ\www\futsalhouse\admin\fckeditor\_samples\html\sample04.html --> futsalhouse.com /httpdocs/admin/fckeditor/_samples/html sample04.html
2009.06.17 16:20 B C:\AppServ\www\futsalhouse\admin\fckeditor\_samples\html\sample05.html --> futsalhouse.com /httpdocs/admin/fckeditor/_samples/html sample05.html
2009.06.17 16:20 B C:\AppServ\www\futsalhouse\admin\fckeditor\_samples\html\sample06.config.js --> futsalhouse.com /httpdocs/admin/fckeditor/_samples/html sample06.config.js
2009.06.17 16:20 B C:\AppServ\www\futsalhouse\admin\fckeditor\_samples\html\sample06.html --> futsalhouse.com /httpdocs/admin/fckeditor/_samples/html sample06.html
2009.06.17 16:20 B C:\AppServ\www\futsalhouse\admin\fckeditor\_samples\html\sample07.html --> futsalhouse.com /httpdocs/admin/fckeditor/_samples/html sample07.html
2009.06.17 16:20 B C:\AppServ\www\futsalhouse\admin\fckeditor\_samples\html\sample08.html --> futsalhouse.com /httpdocs/admin/fckeditor/_samples/html sample08.html
2009.06.17 16:20 B C:\AppServ\www\futsalhouse\admin\fckeditor\_samples\html\sample09.html --> futsalhouse.com /httpdocs/admin/fckeditor/_samples/html sample09.html
2009.06.17 16:20 B C:\AppServ\www\futsalhouse\admin\fckeditor\_samples\html\sample10.html --> futsalhouse.com /httpdocs/admin/fckeditor/_samples/html sample10.html
2009.06.17 16:20 B C:\AppServ\www\futsalhouse\admin\fckeditor\_samples\html\sample11.html --> futsalhouse.com /httpdocs/admin/fckeditor/_samples/html sample11.html
2009.06.17 16:20 B C:\AppServ\www\futsalhouse\admin\fckeditor\_samples\html\sample11_frame.html --> futsalhouse.com /httpdocs/admin/fckeditor/_samples/html sample11_frame.html
2009.06.17 16:20 B C:\AppServ\www\futsalhouse\admin\fckeditor\_samples\html\sample12.html --> futsalhouse.com /httpdocs/admin/fckeditor/_samples/html sample12.html
2009.06.17 16:20 B C:\AppServ\www\futsalhouse\admin\fckeditor\_samples\html\sample13.html --> futsalhouse.com /httpdocs/admin/fckeditor/_samples/html sample13.html
2009.06.17 16:20 B C:\AppServ\www\futsalhouse\admin\fckeditor\_samples\html\sample14.config.js --> futsalhouse.com /httpdocs/admin/fckeditor/_samples/html sample14.config.js
2009.06.17 16:20 B C:\AppServ\www\futsalhouse\admin\fckeditor\_samples\html\sample14.html --> futsalhouse.com /httpdocs/admin/fckeditor/_samples/html sample14.html
2009.06.17 16:20 B C:\AppServ\www\futsalhouse\admin\fckeditor\_samples\html\sample14.styles.css --> futsalhouse.com /httpdocs/admin/fckeditor/_samples/html sample14.styles.css
2009.06.17 16:20 B C:\AppServ\www\futsalhouse\admin\fckeditor\_samples\html\sampleposteddata.asp --> futsalhouse.com /httpdocs/admin/fckeditor/_samples/html sampleposteddata.asp
2009.06.17 16:20 B C:\AppServ\www\futsalhouse\admin\fckeditor\_samples\html\sampleposteddata.html --> futsalhouse.com /httpdocs/admin/fckeditor/_samples/html sampleposteddata.html
2009.06.17 16:20 B C:\AppServ\www\futsalhouse\admin\fckeditor\_samples\html\WS_FTP.LOG --> futsalhouse.com /httpdocs/admin/fckeditor/_samples/html WS_FTP.LOG
2009.07.22 09:28 B C:\AppServ\www\corn\admin\fckeditor\_samples\html\sample01.html --> cornproducts.co.th /httpdocs/code/admin/fckeditor/_samples/html sample01.html
2009.07.22 09:28 B C:\AppServ\www\corn\admin\fckeditor\_samples\html\sample02.html --> cornproducts.co.th /httpdocs/code/admin/fckeditor/_samples/html sample02.html
2009.07.22 09:28 B C:\AppServ\www\corn\admin\fckeditor\_samples\html\sample03.html --> cornproducts.co.th /httpdocs/code/admin/fckeditor/_samples/html sample03.html
2009.07.22 09:28 B C:\AppServ\www\corn\admin\fckeditor\_samples\html\sample04.html --> cornproducts.co.th /httpdocs/code/admin/fckeditor/_samples/html sample04.html
2009.07.22 09:28 B C:\AppServ\www\corn\admin\fckeditor\_samples\html\sample05.html --> cornproducts.co.th /httpdocs/code/admin/fckeditor/_samples/html sample05.html
2009.07.22 09:28 B C:\AppServ\www\corn\admin\fckeditor\_samples\html\sample06.config.js --> cornproducts.co.th /httpdocs/code/admin/fckeditor/_samples/html sample06.config.js
2009.07.22 09:28 B C:\AppServ\www\corn\admin\fckeditor\_samples\html\sample06.html --> cornproducts.co.th /httpdocs/code/admin/fckeditor/_samples/html sample06.html
2009.07.22 09:28 B C:\AppServ\www\corn\admin\fckeditor\_samples\html\sample07.html --> cornproducts.co.th /httpdocs/code/admin/fckeditor/_samples/html sample07.html
2009.07.22 09:28 B C:\AppServ\www\corn\admin\fckeditor\_samples\html\sample08.html --> cornproducts.co.th /httpdocs/code/admin/fckeditor/_samples/html sample08.html
2009.07.22 09:28 B C:\AppServ\www\corn\admin\fckeditor\_samples\html\sample09.html --> cornproducts.co.th /httpdocs/code/admin/fckeditor/_samples/html sample09.html
2009.07.22 09:28 B C:\AppServ\www\corn\admin\fckeditor\_samples\html\sample10.html --> cornproducts.co.th /httpdocs/code/admin/fckeditor/_samples/html sample10.html
2009.07.22 09:28 B C:\AppServ\www\corn\admin\fckeditor\_samples\html\sample11.html --> cornproducts.co.th /httpdocs/code/admin/fckeditor/_samples/html sample11.html
2009.07.22 09:28 B C:\AppServ\www\corn\admin\fckeditor\_samples\html\sample11_frame.html --> cornproducts.co.th /httpdocs/code/admin/fckeditor/_samples/html sample11_frame.html
2009.07.22 09:28 B C:\AppServ\www\corn\admin\fckeditor\_samples\html\sample12.html --> cornproducts.co.th /httpdocs/code/admin/fckeditor/_samples/html sample12.html
2009.07.22 09:28 B C:\AppServ\www\corn\admin\fckeditor\_samples\html\sample13.html --> cornproducts.co.th /httpdocs/code/admin/fckeditor/_samples/html sample13.html
2009.07.22 09:28 B C:\AppServ\www\corn\admin\fckeditor\_samples\html\sample14.config.js --> cornproducts.co.th /httpdocs/code/admin/fckeditor/_samples/html sample14.config.js
2009.07.22 09:28 B C:\AppServ\www\corn\admin\fckeditor\_samples\html\sample14.html --> cornproducts.co.th /httpdocs/code/admin/fckeditor/_samples/html sample14.html
2009.07.22 09:28 B C:\AppServ\www\corn\admin\fckeditor\_samples\html\sample14.styles.css --> cornproducts.co.th /httpdocs/code/admin/fckeditor/_samples/html sample14.styles.css
2009.07.22 09:28 B C:\AppServ\www\corn\admin\fckeditor\_samples\html\sampleposteddata.asp --> cornproducts.co.th /httpdocs/code/admin/fckeditor/_samples/html sampleposteddata.asp
2009.07.22 09:28 B C:\AppServ\www\corn\admin\fckeditor\_samples\html\sampleposteddata.html --> cornproducts.co.th /httpdocs/code/admin/fckeditor/_samples/html sampleposteddata.html
2009.07.22 09:28 B C:\AppServ\www\corn\admin\fckeditor\_samples\html\WS_FTP.LOG --> cornproducts.co.th /httpdocs/code/admin/fckeditor/_samples/html WS_FTP.LOG
2009.08.05 15:17 B C:\AppServ\www\tcl\admin\fckeditor\_samples\html\sample01.html --> www.tcl.co.th /httpdocs/code/admin/fckeditor/_samples/html sample01.html
2009.08.05 15:17 B C:\AppServ\www\tcl\admin\fckeditor\_samples\html\sample02.html --> www.tcl.co.th /httpdocs/code/admin/fckeditor/_samples/html sample02.html
2009.08.05 15:17 B C:\AppServ\www\tcl\admin\fckeditor\_samples\html\sample03.html --> www.tcl.co.th /httpdocs/code/admin/fckeditor/_samples/html sample03.html
2009.08.05 15:17 B C:\AppServ\www\tcl\admin\fckeditor\_samples\html\sample04.html --> www.tcl.co.th /httpdocs/code/admin/fckeditor/_samples/html sample04.html
2009.08.05 15:17 B C:\AppServ\www\tcl\admin\fckeditor\_samples\html\sample05.html --> www.tcl.co.th /httpdocs/code/admin/fckeditor/_samples/html sample05.html
2009.08.05 15:17 B C:\AppServ\www\tcl\admin\fckeditor\_samples\html\sample06.config.js --> www.tcl.co.th /httpdocs/code/admin/fckeditor/_samples/html sample06.config.js
2009.08.05 15:17 B C:\AppServ\www\tcl\admin\fckeditor\_samples\html\sample06.html --> www.tcl.co.th /httpdocs/code/admin/fckeditor/_samples/html sample06.html
2009.08.05 15:17 B C:\AppServ\www\tcl\admin\fckeditor\_samples\html\sample07.html --> www.tcl.co.th /httpdocs/code/admin/fckeditor/_samples/html sample07.html
2009.08.05 15:17 B C:\AppServ\www\tcl\admin\fckeditor\_samples\html\sample08.html --> www.tcl.co.th /httpdocs/code/admin/fckeditor/_samples/html sample08.html
2009.08.05 15:17 B C:\AppServ\www\tcl\admin\fckeditor\_samples\html\sample09.html --> www.tcl.co.th /httpdocs/code/admin/fckeditor/_samples/html sample09.html
2009.08.05 15:17 B C:\AppServ\www\tcl\admin\fckeditor\_samples\html\sample10.html --> www.tcl.co.th /httpdocs/code/admin/fckeditor/_samples/html sample10.html
2009.08.05 15:17 B C:\AppServ\www\tcl\admin\fckeditor\_samples\html\sample11.html --> www.tcl.co.th /httpdocs/code/admin/fckeditor/_samples/html sample11.html
2009.08.05 15:17 B C:\AppServ\www\tcl\admin\fckeditor\_samples\html\sample11_frame.html --> www.tcl.co.th /httpdocs/code/admin/fckeditor/_samples/html sample11_frame.html
2009.08.05 15:17 B C:\AppServ\www\tcl\admin\fckeditor\_samples\html\sample12.html --> www.tcl.co.th /httpdocs/code/admin/fckeditor/_samples/html sample12.html
2009.08.05 15:17 B C:\AppServ\www\tcl\admin\fckeditor\_samples\html\sample13.html --> www.tcl.co.th /httpdocs/code/admin/fckeditor/_samples/html sample13.html
2009.08.05 15:17 B C:\AppServ\www\tcl\admin\fckeditor\_samples\html\sample14.config.js --> www.tcl.co.th /httpdocs/code/admin/fckeditor/_samples/html sample14.config.js
2009.08.05 15:17 B C:\AppServ\www\tcl\admin\fckeditor\_samples\html\sample14.html --> www.tcl.co.th /httpdocs/code/admin/fckeditor/_samples/html sample14.html
2009.08.05 15:17 B C:\AppServ\www\tcl\admin\fckeditor\_samples\html\sample14.styles.css --> www.tcl.co.th /httpdocs/code/admin/fckeditor/_samples/html sample14.styles.css
2009.08.05 15:17 B C:\AppServ\www\tcl\admin\fckeditor\_samples\html\sampleposteddata.asp --> www.tcl.co.th /httpdocs/code/admin/fckeditor/_samples/html sampleposteddata.asp
2009.08.05 15:17 B C:\AppServ\www\tcl\admin\fckeditor\_samples\html\sampleposteddata.html --> www.tcl.co.th /httpdocs/code/admin/fckeditor/_samples/html sampleposteddata.html
2009.08.05 15:17 B C:\AppServ\www\tcl\admin\fckeditor\_samples\html\WS_FTP.LOG --> www.tcl.co.th /httpdocs/code/admin/fckeditor/_samples/html WS_FTP.LOG
2009.08.19 17:26 B C:\AppServ\www\tcl\admin\fckeditor\_samples\html\sample01.html --> www.tcl.co.th /httpdocs/admin/fckeditor/_samples/html sample01.html
2009.08.19 17:26 B C:\AppServ\www\tcl\admin\fckeditor\_samples\html\sample02.html --> www.tcl.co.th /httpdocs/admin/fckeditor/_samples/html sample02.html
2009.08.19 17:26 B C:\AppServ\www\tcl\admin\fckeditor\_samples\html\sample03.html --> www.tcl.co.th /httpdocs/admin/fckeditor/_samples/html sample03.html
2009.08.19 17:26 B C:\AppServ\www\tcl\admin\fckeditor\_samples\html\sample04.html --> www.tcl.co.th /httpdocs/admin/fckeditor/_samples/html sample04.html
2009.08.19 17:26 B C:\AppServ\www\tcl\admin\fckeditor\_samples\html\sample05.html --> www.tcl.co.th /httpdocs/admin/fckeditor/_samples/html sample05.html
2009.08.19 17:26 B C:\AppServ\www\tcl\admin\fckeditor\_samples\html\sample06.config.js --> www.tcl.co.th /httpdocs/admin/fckeditor/_samples/html sample06.config.js
2009.08.19 17:26 B C:\AppServ\www\tcl\admin\fckeditor\_samples\html\sample06.html --> www.tcl.co.th /httpdocs/admin/fckeditor/_samples/html sample06.html
2009.08.19 17:26 B C:\AppServ\www\tcl\admin\fckeditor\_samples\html\sample07.html --> www.tcl.co.th /httpdocs/admin/fckeditor/_samples/html sample07.html
2009.08.19 17:26 B C:\AppServ\www\tcl\admin\fckeditor\_samples\html\sample08.html --> www.tcl.co.th /httpdocs/admin/fckeditor/_samples/html sample08.html
2009.08.19 17:26 B C:\AppServ\www\tcl\admin\fckeditor\_samples\html\sample09.html --> www.tcl.co.th /httpdocs/admin/fckeditor/_samples/html sample09.html
2009.08.19 17:26 B C:\AppServ\www\tcl\admin\fckeditor\_samples\html\sample10.html --> www.tcl.co.th /httpdocs/admin/fckeditor/_samples/html sample10.html
2009.08.19 17:26 B C:\AppServ\www\tcl\admin\fckeditor\_samples\html\sample11.html --> www.tcl.co.th /httpdocs/admin/fckeditor/_samples/html sample11.html
2009.08.19 17:26 B C:\AppServ\www\tcl\admin\fckeditor\_samples\html\sample11_frame.html --> www.tcl.co.th /httpdocs/admin/fckeditor/_samples/html sample11_frame.html
2009.08.19 17:26 B C:\AppServ\www\tcl\admin\fckeditor\_samples\html\sample12.html --> www.tcl.co.th /httpdocs/admin/fckeditor/_samples/html sample12.html
2009.08.19 17:26 B C:\AppServ\www\tcl\admin\fckeditor\_samples\html\sample13.html --> www.tcl.co.th /httpdocs/admin/fckeditor/_samples/html sample13.html
2009.08.19 17:26 B C:\AppServ\www\tcl\admin\fckeditor\_samples\html\sample14.config.js --> www.tcl.co.th /httpdocs/admin/fckeditor/_samples/html sample14.config.js
2009.08.19 17:26 B C:\AppServ\www\tcl\admin\fckeditor\_samples\html\sample14.html --> www.tcl.co.th /httpdocs/admin/fckeditor/_samples/html sample14.html
2009.08.19 17:26 B C:\AppServ\www\tcl\admin\fckeditor\_samples\html\sample14.styles.css --> www.tcl.co.th /httpdocs/admin/fckeditor/_samples/html sample14.styles.css
2009.08.19 17:26 B C:\AppServ\www\tcl\admin\fckeditor\_samples\html\sampleposteddata.asp --> www.tcl.co.th /httpdocs/admin/fckeditor/_samples/html sampleposteddata.asp
2009.08.19 17:26 B C:\AppServ\www\tcl\admin\fckeditor\_samples\html\sampleposteddata.html --> www.tcl.co.th /httpdocs/admin/fckeditor/_samples/html sampleposteddata.html
2009.08.19 17:26 B C:\AppServ\www\tcl\admin\fckeditor\_samples\html\WS_FTP.LOG --> www.tcl.co.th /httpdocs/admin/fckeditor/_samples/html WS_FTP.LOG
