2009.06.08 17:36 B C:\AppServ\www\postthai\admin\fckeditor\editor\fckdebug.html --> bangkokstamp2010.com /httpdocs/code/admin/fckeditor/editor fckdebug.html
2009.06.08 17:36 B C:\AppServ\www\postthai\admin\fckeditor\editor\fckdialog.html --> bangkokstamp2010.com /httpdocs/code/admin/fckeditor/editor fckdialog.html
2009.06.08 17:36 B C:\AppServ\www\postthai\admin\fckeditor\editor\fckeditor.html --> bangkokstamp2010.com /httpdocs/code/admin/fckeditor/editor fckeditor.html
2009.06.08 17:36 B C:\AppServ\www\postthai\admin\fckeditor\editor\fckeditor.original.html --> bangkokstamp2010.com /httpdocs/code/admin/fckeditor/editor fckeditor.original.html
2009.06.17 16:28 B C:\AppServ\www\futsalhouse\admin\fckeditor\editor\fckdebug.html --> futsalhouse.com /httpdocs/admin/fckeditor/editor fckdebug.html
2009.06.17 16:28 B C:\AppServ\www\futsalhouse\admin\fckeditor\editor\fckdialog.html --> futsalhouse.com /httpdocs/admin/fckeditor/editor fckdialog.html
2009.06.17 16:28 B C:\AppServ\www\futsalhouse\admin\fckeditor\editor\fckeditor.html --> futsalhouse.com /httpdocs/admin/fckeditor/editor fckeditor.html
2009.06.17 16:28 B C:\AppServ\www\futsalhouse\admin\fckeditor\editor\fckeditor.original.html --> futsalhouse.com /httpdocs/admin/fckeditor/editor fckeditor.original.html
2009.06.17 16:28 B C:\AppServ\www\futsalhouse\admin\fckeditor\editor\WS_FTP.LOG --> futsalhouse.com /httpdocs/admin/fckeditor/editor WS_FTP.LOG
2009.07.22 09:34 B C:\AppServ\www\corn\admin\fckeditor\editor\fckdebug.html --> cornproducts.co.th /httpdocs/code/admin/fckeditor/editor fckdebug.html
2009.07.22 09:34 B C:\AppServ\www\corn\admin\fckeditor\editor\fckdialog.html --> cornproducts.co.th /httpdocs/code/admin/fckeditor/editor fckdialog.html
2009.07.22 09:34 B C:\AppServ\www\corn\admin\fckeditor\editor\fckeditor.html --> cornproducts.co.th /httpdocs/code/admin/fckeditor/editor fckeditor.html
2009.07.22 09:34 B C:\AppServ\www\corn\admin\fckeditor\editor\fckeditor.original.html --> cornproducts.co.th /httpdocs/code/admin/fckeditor/editor fckeditor.original.html
2009.07.22 09:34 B C:\AppServ\www\corn\admin\fckeditor\editor\WS_FTP.LOG --> cornproducts.co.th /httpdocs/code/admin/fckeditor/editor WS_FTP.LOG
2009.08.05 15:22 B C:\AppServ\www\tcl\admin\fckeditor\editor\fckdebug.html --> www.tcl.co.th /httpdocs/code/admin/fckeditor/editor fckdebug.html
2009.08.05 15:22 B C:\AppServ\www\tcl\admin\fckeditor\editor\fckdialog.html --> www.tcl.co.th /httpdocs/code/admin/fckeditor/editor fckdialog.html
2009.08.05 15:22 B C:\AppServ\www\tcl\admin\fckeditor\editor\fckeditor.html --> www.tcl.co.th /httpdocs/code/admin/fckeditor/editor fckeditor.html
2009.08.05 15:22 B C:\AppServ\www\tcl\admin\fckeditor\editor\fckeditor.original.html --> www.tcl.co.th /httpdocs/code/admin/fckeditor/editor fckeditor.original.html
2009.08.05 15:22 B C:\AppServ\www\tcl\admin\fckeditor\editor\WS_FTP.LOG --> www.tcl.co.th /httpdocs/code/admin/fckeditor/editor WS_FTP.LOG
2009.08.19 17:36 B C:\AppServ\www\tcl\admin\fckeditor\editor\fckdebug.html --> www.tcl.co.th /httpdocs/admin/fckeditor/editor fckdebug.html
2009.08.19 17:36 B C:\AppServ\www\tcl\admin\fckeditor\editor\fckdialog.html --> www.tcl.co.th /httpdocs/admin/fckeditor/editor fckdialog.html
2009.08.19 17:36 B C:\AppServ\www\tcl\admin\fckeditor\editor\fckeditor.html --> www.tcl.co.th /httpdocs/admin/fckeditor/editor fckeditor.html
2009.08.19 17:36 B C:\AppServ\www\tcl\admin\fckeditor\editor\fckeditor.original.html --> www.tcl.co.th /httpdocs/admin/fckeditor/editor fckeditor.original.html
2009.08.19 17:36 B C:\AppServ\www\tcl\admin\fckeditor\editor\WS_FTP.LOG --> www.tcl.co.th /httpdocs/admin/fckeditor/editor WS_FTP.LOG
