2009.06.08 17:33 B C:\AppServ\www\postthai\admin\fckeditor\editor\filemanager\connectors\cfm\cf5_connector.cfm --> bangkokstamp2010.com /httpdocs/code/admin/fckeditor/editor/filemanager/connectors/cfm cf5_connector.cfm
2009.06.08 17:33 B C:\AppServ\www\postthai\admin\fckeditor\editor\filemanager\connectors\cfm\cf5_upload.cfm --> bangkokstamp2010.com /httpdocs/code/admin/fckeditor/editor/filemanager/connectors/cfm cf5_upload.cfm
2009.06.08 17:33 B C:\AppServ\www\postthai\admin\fckeditor\editor\filemanager\connectors\cfm\cf_basexml.cfm --> bangkokstamp2010.com /httpdocs/code/admin/fckeditor/editor/filemanager/connectors/cfm cf_basexml.cfm
2009.06.08 17:33 B C:\AppServ\www\postthai\admin\fckeditor\editor\filemanager\connectors\cfm\cf_commands.cfm --> bangkokstamp2010.com /httpdocs/code/admin/fckeditor/editor/filemanager/connectors/cfm cf_commands.cfm
2009.06.08 17:33 B C:\AppServ\www\postthai\admin\fckeditor\editor\filemanager\connectors\cfm\cf_connector.cfm --> bangkokstamp2010.com /httpdocs/code/admin/fckeditor/editor/filemanager/connectors/cfm cf_connector.cfm
2009.06.08 17:33 B C:\AppServ\www\postthai\admin\fckeditor\editor\filemanager\connectors\cfm\cf_io.cfm --> bangkokstamp2010.com /httpdocs/code/admin/fckeditor/editor/filemanager/connectors/cfm cf_io.cfm
2009.06.08 17:33 B C:\AppServ\www\postthai\admin\fckeditor\editor\filemanager\connectors\cfm\cf_upload.cfm --> bangkokstamp2010.com /httpdocs/code/admin/fckeditor/editor/filemanager/connectors/cfm cf_upload.cfm
2009.06.08 17:33 B C:\AppServ\www\postthai\admin\fckeditor\editor\filemanager\connectors\cfm\cf_util.cfm --> bangkokstamp2010.com /httpdocs/code/admin/fckeditor/editor/filemanager/connectors/cfm cf_util.cfm
2009.06.08 17:33 B C:\AppServ\www\postthai\admin\fckeditor\editor\filemanager\connectors\cfm\config.cfm --> bangkokstamp2010.com /httpdocs/code/admin/fckeditor/editor/filemanager/connectors/cfm config.cfm
2009.06.08 17:33 B C:\AppServ\www\postthai\admin\fckeditor\editor\filemanager\connectors\cfm\connector.cfm --> bangkokstamp2010.com /httpdocs/code/admin/fckeditor/editor/filemanager/connectors/cfm connector.cfm
2009.06.08 17:33 B C:\AppServ\www\postthai\admin\fckeditor\editor\filemanager\connectors\cfm\image.cfc --> bangkokstamp2010.com /httpdocs/code/admin/fckeditor/editor/filemanager/connectors/cfm image.cfc
2009.06.08 17:33 B C:\AppServ\www\postthai\admin\fckeditor\editor\filemanager\connectors\cfm\ImageObject.cfc --> bangkokstamp2010.com /httpdocs/code/admin/fckeditor/editor/filemanager/connectors/cfm ImageObject.cfc
2009.06.08 17:33 B C:\AppServ\www\postthai\admin\fckeditor\editor\filemanager\connectors\cfm\upload.cfm --> bangkokstamp2010.com /httpdocs/code/admin/fckeditor/editor/filemanager/connectors/cfm upload.cfm
2009.06.17 16:25 B C:\AppServ\www\futsalhouse\admin\fckeditor\editor\filemanager\connectors\cfm\cf5_connector.cfm --> futsalhouse.com /httpdocs/admin/fckeditor/editor/filemanager/connectors/cfm cf5_connector.cfm
2009.06.17 16:25 B C:\AppServ\www\futsalhouse\admin\fckeditor\editor\filemanager\connectors\cfm\cf5_upload.cfm --> futsalhouse.com /httpdocs/admin/fckeditor/editor/filemanager/connectors/cfm cf5_upload.cfm
2009.06.17 16:25 B C:\AppServ\www\futsalhouse\admin\fckeditor\editor\filemanager\connectors\cfm\cf_basexml.cfm --> futsalhouse.com /httpdocs/admin/fckeditor/editor/filemanager/connectors/cfm cf_basexml.cfm
2009.06.17 16:25 B C:\AppServ\www\futsalhouse\admin\fckeditor\editor\filemanager\connectors\cfm\cf_commands.cfm --> futsalhouse.com /httpdocs/admin/fckeditor/editor/filemanager/connectors/cfm cf_commands.cfm
2009.06.17 16:25 B C:\AppServ\www\futsalhouse\admin\fckeditor\editor\filemanager\connectors\cfm\cf_connector.cfm --> futsalhouse.com /httpdocs/admin/fckeditor/editor/filemanager/connectors/cfm cf_connector.cfm
2009.06.17 16:25 B C:\AppServ\www\futsalhouse\admin\fckeditor\editor\filemanager\connectors\cfm\cf_io.cfm --> futsalhouse.com /httpdocs/admin/fckeditor/editor/filemanager/connectors/cfm cf_io.cfm
2009.06.17 16:25 B C:\AppServ\www\futsalhouse\admin\fckeditor\editor\filemanager\connectors\cfm\cf_upload.cfm --> futsalhouse.com /httpdocs/admin/fckeditor/editor/filemanager/connectors/cfm cf_upload.cfm
2009.06.17 16:25 B C:\AppServ\www\futsalhouse\admin\fckeditor\editor\filemanager\connectors\cfm\cf_util.cfm --> futsalhouse.com /httpdocs/admin/fckeditor/editor/filemanager/connectors/cfm cf_util.cfm
2009.06.17 16:25 B C:\AppServ\www\futsalhouse\admin\fckeditor\editor\filemanager\connectors\cfm\config.cfm --> futsalhouse.com /httpdocs/admin/fckeditor/editor/filemanager/connectors/cfm config.cfm
2009.06.17 16:25 B C:\AppServ\www\futsalhouse\admin\fckeditor\editor\filemanager\connectors\cfm\connector.cfm --> futsalhouse.com /httpdocs/admin/fckeditor/editor/filemanager/connectors/cfm connector.cfm
2009.06.17 16:25 B C:\AppServ\www\futsalhouse\admin\fckeditor\editor\filemanager\connectors\cfm\image.cfc --> futsalhouse.com /httpdocs/admin/fckeditor/editor/filemanager/connectors/cfm image.cfc
2009.06.17 16:25 B C:\AppServ\www\futsalhouse\admin\fckeditor\editor\filemanager\connectors\cfm\ImageObject.cfc --> futsalhouse.com /httpdocs/admin/fckeditor/editor/filemanager/connectors/cfm ImageObject.cfc
2009.06.17 16:25 B C:\AppServ\www\futsalhouse\admin\fckeditor\editor\filemanager\connectors\cfm\upload.cfm --> futsalhouse.com /httpdocs/admin/fckeditor/editor/filemanager/connectors/cfm upload.cfm
2009.06.17 16:25 B C:\AppServ\www\futsalhouse\admin\fckeditor\editor\filemanager\connectors\cfm\WS_FTP.LOG --> futsalhouse.com /httpdocs/admin/fckeditor/editor/filemanager/connectors/cfm WS_FTP.LOG
2009.07.22 09:31 B C:\AppServ\www\corn\admin\fckeditor\editor\filemanager\connectors\cfm\cf5_connector.cfm --> cornproducts.co.th /httpdocs/code/admin/fckeditor/editor/filemanager/connectors/cfm cf5_connector.cfm
2009.07.22 09:31 B C:\AppServ\www\corn\admin\fckeditor\editor\filemanager\connectors\cfm\cf5_upload.cfm --> cornproducts.co.th /httpdocs/code/admin/fckeditor/editor/filemanager/connectors/cfm cf5_upload.cfm
2009.07.22 09:31 B C:\AppServ\www\corn\admin\fckeditor\editor\filemanager\connectors\cfm\cf_basexml.cfm --> cornproducts.co.th /httpdocs/code/admin/fckeditor/editor/filemanager/connectors/cfm cf_basexml.cfm
2009.07.22 09:31 B C:\AppServ\www\corn\admin\fckeditor\editor\filemanager\connectors\cfm\cf_commands.cfm --> cornproducts.co.th /httpdocs/code/admin/fckeditor/editor/filemanager/connectors/cfm cf_commands.cfm
2009.07.22 09:31 B C:\AppServ\www\corn\admin\fckeditor\editor\filemanager\connectors\cfm\cf_connector.cfm --> cornproducts.co.th /httpdocs/code/admin/fckeditor/editor/filemanager/connectors/cfm cf_connector.cfm
2009.07.22 09:31 B C:\AppServ\www\corn\admin\fckeditor\editor\filemanager\connectors\cfm\cf_io.cfm --> cornproducts.co.th /httpdocs/code/admin/fckeditor/editor/filemanager/connectors/cfm cf_io.cfm
2009.07.22 09:31 B C:\AppServ\www\corn\admin\fckeditor\editor\filemanager\connectors\cfm\cf_upload.cfm --> cornproducts.co.th /httpdocs/code/admin/fckeditor/editor/filemanager/connectors/cfm cf_upload.cfm
2009.07.22 09:31 B C:\AppServ\www\corn\admin\fckeditor\editor\filemanager\connectors\cfm\cf_util.cfm --> cornproducts.co.th /httpdocs/code/admin/fckeditor/editor/filemanager/connectors/cfm cf_util.cfm
2009.07.22 09:31 B C:\AppServ\www\corn\admin\fckeditor\editor\filemanager\connectors\cfm\config.cfm --> cornproducts.co.th /httpdocs/code/admin/fckeditor/editor/filemanager/connectors/cfm config.cfm
2009.07.22 09:31 B C:\AppServ\www\corn\admin\fckeditor\editor\filemanager\connectors\cfm\connector.cfm --> cornproducts.co.th /httpdocs/code/admin/fckeditor/editor/filemanager/connectors/cfm connector.cfm
2009.07.22 09:31 B C:\AppServ\www\corn\admin\fckeditor\editor\filemanager\connectors\cfm\image.cfc --> cornproducts.co.th /httpdocs/code/admin/fckeditor/editor/filemanager/connectors/cfm image.cfc
2009.07.22 09:31 B C:\AppServ\www\corn\admin\fckeditor\editor\filemanager\connectors\cfm\ImageObject.cfc --> cornproducts.co.th /httpdocs/code/admin/fckeditor/editor/filemanager/connectors/cfm ImageObject.cfc
2009.07.22 09:31 B C:\AppServ\www\corn\admin\fckeditor\editor\filemanager\connectors\cfm\upload.cfm --> cornproducts.co.th /httpdocs/code/admin/fckeditor/editor/filemanager/connectors/cfm upload.cfm
2009.07.22 09:31 B C:\AppServ\www\corn\admin\fckeditor\editor\filemanager\connectors\cfm\WS_FTP.LOG --> cornproducts.co.th /httpdocs/code/admin/fckeditor/editor/filemanager/connectors/cfm WS_FTP.LOG
2009.08.05 14:02 B C:\AppServ\www\tcl\admin\fckeditor\editor\filemanager\connectors\cfm\WS_FTP.LOG --> www.tcl.co.th /httpdocs/code/admin/fckeditor/editor/filemanager/connectors/cfm WS_FTP.LOG
2009.08.05 14:02 B C:\AppServ\www\tcl\admin\fckeditor\editor\filemanager\connectors\cfm\upload.cfm --> www.tcl.co.th /httpdocs/code/admin/fckeditor/editor/filemanager/connectors/cfm upload.cfm
2009.08.05 14:02 B C:\AppServ\www\tcl\admin\fckeditor\editor\filemanager\connectors\cfm\ImageObject.cfc --> www.tcl.co.th /httpdocs/code/admin/fckeditor/editor/filemanager/connectors/cfm ImageObject.cfc
2009.08.05 14:02 B C:\AppServ\www\tcl\admin\fckeditor\editor\filemanager\connectors\cfm\image.cfc --> www.tcl.co.th /httpdocs/code/admin/fckeditor/editor/filemanager/connectors/cfm image.cfc
2009.08.05 14:02 B C:\AppServ\www\tcl\admin\fckeditor\editor\filemanager\connectors\cfm\connector.cfm --> www.tcl.co.th /httpdocs/code/admin/fckeditor/editor/filemanager/connectors/cfm connector.cfm
2009.08.05 14:02 B C:\AppServ\www\tcl\admin\fckeditor\editor\filemanager\connectors\cfm\config.cfm --> www.tcl.co.th /httpdocs/code/admin/fckeditor/editor/filemanager/connectors/cfm config.cfm
2009.08.05 14:02 B C:\AppServ\www\tcl\admin\fckeditor\editor\filemanager\connectors\cfm\cf_util.cfm --> www.tcl.co.th /httpdocs/code/admin/fckeditor/editor/filemanager/connectors/cfm cf_util.cfm
2009.08.05 14:02 B C:\AppServ\www\tcl\admin\fckeditor\editor\filemanager\connectors\cfm\cf_upload.cfm --> www.tcl.co.th /httpdocs/code/admin/fckeditor/editor/filemanager/connectors/cfm cf_upload.cfm
2009.08.05 14:02 B C:\AppServ\www\tcl\admin\fckeditor\editor\filemanager\connectors\cfm\cf_io.cfm --> www.tcl.co.th /httpdocs/code/admin/fckeditor/editor/filemanager/connectors/cfm cf_io.cfm
2009.08.05 14:02 B C:\AppServ\www\tcl\admin\fckeditor\editor\filemanager\connectors\cfm\cf_connector.cfm --> www.tcl.co.th /httpdocs/code/admin/fckeditor/editor/filemanager/connectors/cfm cf_connector.cfm
2009.08.05 14:02 B C:\AppServ\www\tcl\admin\fckeditor\editor\filemanager\connectors\cfm\cf_commands.cfm --> www.tcl.co.th /httpdocs/code/admin/fckeditor/editor/filemanager/connectors/cfm cf_commands.cfm
2009.08.05 14:02 B C:\AppServ\www\tcl\admin\fckeditor\editor\filemanager\connectors\cfm\cf_basexml.cfm --> www.tcl.co.th /httpdocs/code/admin/fckeditor/editor/filemanager/connectors/cfm cf_basexml.cfm
2009.08.05 14:02 B C:\AppServ\www\tcl\admin\fckeditor\editor\filemanager\connectors\cfm\cf5_upload.cfm --> www.tcl.co.th /httpdocs/code/admin/fckeditor/editor/filemanager/connectors/cfm cf5_upload.cfm
2009.08.05 14:02 B C:\AppServ\www\tcl\admin\fckeditor\editor\filemanager\connectors\cfm\cf5_connector.cfm --> www.tcl.co.th /httpdocs/code/admin/fckeditor/editor/filemanager/connectors/cfm cf5_connector.cfm
2009.08.05 15:19 B C:\AppServ\www\tcl\admin\fckeditor\editor\filemanager\connectors\cfm\WS_FTP.LOG --> www.tcl.co.th /httpdocs/code/admin/fckeditor/editor/filemanager/connectors/cfm WS_FTP.LOG
2009.08.19 17:32 B C:\AppServ\www\tcl\admin\fckeditor\editor\filemanager\connectors\cfm\cf5_connector.cfm --> www.tcl.co.th /httpdocs/admin/fckeditor/editor/filemanager/connectors/cfm cf5_connector.cfm
2009.08.19 17:32 B C:\AppServ\www\tcl\admin\fckeditor\editor\filemanager\connectors\cfm\cf5_upload.cfm --> www.tcl.co.th /httpdocs/admin/fckeditor/editor/filemanager/connectors/cfm cf5_upload.cfm
2009.08.19 17:32 B C:\AppServ\www\tcl\admin\fckeditor\editor\filemanager\connectors\cfm\cf_basexml.cfm --> www.tcl.co.th /httpdocs/admin/fckeditor/editor/filemanager/connectors/cfm cf_basexml.cfm
2009.08.19 17:32 B C:\AppServ\www\tcl\admin\fckeditor\editor\filemanager\connectors\cfm\cf_commands.cfm --> www.tcl.co.th /httpdocs/admin/fckeditor/editor/filemanager/connectors/cfm cf_commands.cfm
2009.08.19 17:32 B C:\AppServ\www\tcl\admin\fckeditor\editor\filemanager\connectors\cfm\cf_connector.cfm --> www.tcl.co.th /httpdocs/admin/fckeditor/editor/filemanager/connectors/cfm cf_connector.cfm
2009.08.19 17:32 B C:\AppServ\www\tcl\admin\fckeditor\editor\filemanager\connectors\cfm\cf_io.cfm --> www.tcl.co.th /httpdocs/admin/fckeditor/editor/filemanager/connectors/cfm cf_io.cfm
2009.08.19 17:32 B C:\AppServ\www\tcl\admin\fckeditor\editor\filemanager\connectors\cfm\cf_upload.cfm --> www.tcl.co.th /httpdocs/admin/fckeditor/editor/filemanager/connectors/cfm cf_upload.cfm
2009.08.19 17:32 B C:\AppServ\www\tcl\admin\fckeditor\editor\filemanager\connectors\cfm\cf_util.cfm --> www.tcl.co.th /httpdocs/admin/fckeditor/editor/filemanager/connectors/cfm cf_util.cfm
2009.08.19 17:32 B C:\AppServ\www\tcl\admin\fckeditor\editor\filemanager\connectors\cfm\config.cfm --> www.tcl.co.th /httpdocs/admin/fckeditor/editor/filemanager/connectors/cfm config.cfm
2009.08.19 17:32 B C:\AppServ\www\tcl\admin\fckeditor\editor\filemanager\connectors\cfm\connector.cfm --> www.tcl.co.th /httpdocs/admin/fckeditor/editor/filemanager/connectors/cfm connector.cfm
2009.08.19 17:32 B C:\AppServ\www\tcl\admin\fckeditor\editor\filemanager\connectors\cfm\image.cfc --> www.tcl.co.th /httpdocs/admin/fckeditor/editor/filemanager/connectors/cfm image.cfc
2009.08.19 17:33 B C:\AppServ\www\tcl\admin\fckeditor\editor\filemanager\connectors\cfm\ImageObject.cfc --> www.tcl.co.th /httpdocs/admin/fckeditor/editor/filemanager/connectors/cfm ImageObject.cfc
2009.08.19 17:33 B C:\AppServ\www\tcl\admin\fckeditor\editor\filemanager\connectors\cfm\upload.cfm --> www.tcl.co.th /httpdocs/admin/fckeditor/editor/filemanager/connectors/cfm upload.cfm
2009.08.19 17:33 B C:\AppServ\www\tcl\admin\fckeditor\editor\filemanager\connectors\cfm\WS_FTP.LOG --> www.tcl.co.th /httpdocs/admin/fckeditor/editor/filemanager/connectors/cfm WS_FTP.LOG
