2009.06.08 17:34 B C:\AppServ\www\postthai\admin\fckeditor\editor\filemanager\connectors\php\basexml.php --> bangkokstamp2010.com /httpdocs/code/admin/fckeditor/editor/filemanager/connectors/php basexml.php
2009.06.08 17:34 B C:\AppServ\www\postthai\admin\fckeditor\editor\filemanager\connectors\php\commands.php --> bangkokstamp2010.com /httpdocs/code/admin/fckeditor/editor/filemanager/connectors/php commands.php
2009.06.08 17:34 B C:\AppServ\www\postthai\admin\fckeditor\editor\filemanager\connectors\php\config.php --> bangkokstamp2010.com /httpdocs/code/admin/fckeditor/editor/filemanager/connectors/php config.php
2009.06.08 17:34 B C:\AppServ\www\postthai\admin\fckeditor\editor\filemanager\connectors\php\connector.php --> bangkokstamp2010.com /httpdocs/code/admin/fckeditor/editor/filemanager/connectors/php connector.php
2009.06.08 17:34 B C:\AppServ\www\postthai\admin\fckeditor\editor\filemanager\connectors\php\connector2.php --> bangkokstamp2010.com /httpdocs/code/admin/fckeditor/editor/filemanager/connectors/php connector2.php
2009.06.08 17:34 B C:\AppServ\www\postthai\admin\fckeditor\editor\filemanager\connectors\php\io.php --> bangkokstamp2010.com /httpdocs/code/admin/fckeditor/editor/filemanager/connectors/php io.php
2009.06.08 17:34 B C:\AppServ\www\postthai\admin\fckeditor\editor\filemanager\connectors\php\phpcompat.php --> bangkokstamp2010.com /httpdocs/code/admin/fckeditor/editor/filemanager/connectors/php phpcompat.php
2009.06.08 17:34 B C:\AppServ\www\postthai\admin\fckeditor\editor\filemanager\connectors\php\upload.php --> bangkokstamp2010.com /httpdocs/code/admin/fckeditor/editor/filemanager/connectors/php upload.php
2009.06.08 17:34 B C:\AppServ\www\postthai\admin\fckeditor\editor\filemanager\connectors\php\util.php --> bangkokstamp2010.com /httpdocs/code/admin/fckeditor/editor/filemanager/connectors/php util.php
2009.06.17 16:26 B C:\AppServ\www\futsalhouse\admin\fckeditor\editor\filemanager\connectors\php\basexml.php --> futsalhouse.com /httpdocs/admin/fckeditor/editor/filemanager/connectors/php basexml.php
2009.06.17 16:26 B C:\AppServ\www\futsalhouse\admin\fckeditor\editor\filemanager\connectors\php\commands.php --> futsalhouse.com /httpdocs/admin/fckeditor/editor/filemanager/connectors/php commands.php
2009.06.17 16:26 B C:\AppServ\www\futsalhouse\admin\fckeditor\editor\filemanager\connectors\php\config.php --> futsalhouse.com /httpdocs/admin/fckeditor/editor/filemanager/connectors/php config.php
2009.06.17 16:26 B C:\AppServ\www\futsalhouse\admin\fckeditor\editor\filemanager\connectors\php\connector.php --> futsalhouse.com /httpdocs/admin/fckeditor/editor/filemanager/connectors/php connector.php
2009.06.17 16:26 B C:\AppServ\www\futsalhouse\admin\fckeditor\editor\filemanager\connectors\php\connector2.php --> futsalhouse.com /httpdocs/admin/fckeditor/editor/filemanager/connectors/php connector2.php
2009.06.17 16:26 B C:\AppServ\www\futsalhouse\admin\fckeditor\editor\filemanager\connectors\php\io.php --> futsalhouse.com /httpdocs/admin/fckeditor/editor/filemanager/connectors/php io.php
2009.06.17 16:26 B C:\AppServ\www\futsalhouse\admin\fckeditor\editor\filemanager\connectors\php\phpcompat.php --> futsalhouse.com /httpdocs/admin/fckeditor/editor/filemanager/connectors/php phpcompat.php
2009.06.17 16:26 B C:\AppServ\www\futsalhouse\admin\fckeditor\editor\filemanager\connectors\php\upload.php --> futsalhouse.com /httpdocs/admin/fckeditor/editor/filemanager/connectors/php upload.php
2009.06.17 16:26 B C:\AppServ\www\futsalhouse\admin\fckeditor\editor\filemanager\connectors\php\util.php --> futsalhouse.com /httpdocs/admin/fckeditor/editor/filemanager/connectors/php util.php
2009.06.17 16:26 B C:\AppServ\www\futsalhouse\admin\fckeditor\editor\filemanager\connectors\php\WS_FTP.LOG --> futsalhouse.com /httpdocs/admin/fckeditor/editor/filemanager/connectors/php WS_FTP.LOG
2009.07.22 09:31 B C:\AppServ\www\corn\admin\fckeditor\editor\filemanager\connectors\php\basexml.php --> cornproducts.co.th /httpdocs/code/admin/fckeditor/editor/filemanager/connectors/php basexml.php
2009.07.22 09:31 B C:\AppServ\www\corn\admin\fckeditor\editor\filemanager\connectors\php\commands.php --> cornproducts.co.th /httpdocs/code/admin/fckeditor/editor/filemanager/connectors/php commands.php
2009.07.22 09:31 B C:\AppServ\www\corn\admin\fckeditor\editor\filemanager\connectors\php\config.php --> cornproducts.co.th /httpdocs/code/admin/fckeditor/editor/filemanager/connectors/php config.php
2009.07.22 09:31 B C:\AppServ\www\corn\admin\fckeditor\editor\filemanager\connectors\php\connector.php --> cornproducts.co.th /httpdocs/code/admin/fckeditor/editor/filemanager/connectors/php connector.php
2009.07.22 09:31 B C:\AppServ\www\corn\admin\fckeditor\editor\filemanager\connectors\php\connector2.php --> cornproducts.co.th /httpdocs/code/admin/fckeditor/editor/filemanager/connectors/php connector2.php
2009.07.22 09:31 B C:\AppServ\www\corn\admin\fckeditor\editor\filemanager\connectors\php\io.php --> cornproducts.co.th /httpdocs/code/admin/fckeditor/editor/filemanager/connectors/php io.php
2009.07.22 09:31 B C:\AppServ\www\corn\admin\fckeditor\editor\filemanager\connectors\php\phpcompat.php --> cornproducts.co.th /httpdocs/code/admin/fckeditor/editor/filemanager/connectors/php phpcompat.php
2009.07.22 09:31 B C:\AppServ\www\corn\admin\fckeditor\editor\filemanager\connectors\php\upload.php --> cornproducts.co.th /httpdocs/code/admin/fckeditor/editor/filemanager/connectors/php upload.php
2009.07.22 09:31 B C:\AppServ\www\corn\admin\fckeditor\editor\filemanager\connectors\php\util.php --> cornproducts.co.th /httpdocs/code/admin/fckeditor/editor/filemanager/connectors/php util.php
2009.07.22 09:31 B C:\AppServ\www\corn\admin\fckeditor\editor\filemanager\connectors\php\WS_FTP.LOG --> cornproducts.co.th /httpdocs/code/admin/fckeditor/editor/filemanager/connectors/php WS_FTP.LOG
2009.08.05 14:01 B C:\AppServ\www\tcl\admin\fckeditor\editor\filemanager\connectors\php\WS_FTP.LOG --> www.tcl.co.th /httpdocs/code/admin/fckeditor/editor/filemanager/connectors/php WS_FTP.LOG
2009.08.05 14:01 B C:\AppServ\www\tcl\admin\fckeditor\editor\filemanager\connectors\php\config.php --> www.tcl.co.th /httpdocs/code/admin/fckeditor/editor/filemanager/connectors/php config.php
2009.08.05 14:01 B C:\AppServ\www\tcl\admin\fckeditor\editor\filemanager\connectors\php\util.php --> www.tcl.co.th /httpdocs/code/admin/fckeditor/editor/filemanager/connectors/php util.php
2009.08.05 14:01 B C:\AppServ\www\tcl\admin\fckeditor\editor\filemanager\connectors\php\upload.php --> www.tcl.co.th /httpdocs/code/admin/fckeditor/editor/filemanager/connectors/php upload.php
2009.08.05 14:01 B C:\AppServ\www\tcl\admin\fckeditor\editor\filemanager\connectors\php\phpcompat.php --> www.tcl.co.th /httpdocs/code/admin/fckeditor/editor/filemanager/connectors/php phpcompat.php
2009.08.05 14:01 B C:\AppServ\www\tcl\admin\fckeditor\editor\filemanager\connectors\php\io.php --> www.tcl.co.th /httpdocs/code/admin/fckeditor/editor/filemanager/connectors/php io.php
2009.08.05 14:01 B C:\AppServ\www\tcl\admin\fckeditor\editor\filemanager\connectors\php\connector2.php --> www.tcl.co.th /httpdocs/code/admin/fckeditor/editor/filemanager/connectors/php connector2.php
2009.08.05 14:01 B C:\AppServ\www\tcl\admin\fckeditor\editor\filemanager\connectors\php\connector.php --> www.tcl.co.th /httpdocs/code/admin/fckeditor/editor/filemanager/connectors/php connector.php
2009.08.05 14:01 B C:\AppServ\www\tcl\admin\fckeditor\editor\filemanager\connectors\php\commands.php --> www.tcl.co.th /httpdocs/code/admin/fckeditor/editor/filemanager/connectors/php commands.php
2009.08.05 14:01 B C:\AppServ\www\tcl\admin\fckeditor\editor\filemanager\connectors\php\basexml.php --> www.tcl.co.th /httpdocs/code/admin/fckeditor/editor/filemanager/connectors/php basexml.php
2009.08.05 15:20 B C:\AppServ\www\tcl\admin\fckeditor\editor\filemanager\connectors\php\WS_FTP.LOG --> www.tcl.co.th /httpdocs/code/admin/fckeditor/editor/filemanager/connectors/php WS_FTP.LOG
2009.08.19 17:33 B C:\AppServ\www\tcl\admin\fckeditor\editor\filemanager\connectors\php\basexml.php --> www.tcl.co.th /httpdocs/admin/fckeditor/editor/filemanager/connectors/php basexml.php
2009.08.19 17:33 B C:\AppServ\www\tcl\admin\fckeditor\editor\filemanager\connectors\php\commands.php --> www.tcl.co.th /httpdocs/admin/fckeditor/editor/filemanager/connectors/php commands.php
2009.08.19 17:33 B C:\AppServ\www\tcl\admin\fckeditor\editor\filemanager\connectors\php\config.php --> www.tcl.co.th /httpdocs/admin/fckeditor/editor/filemanager/connectors/php config.php
2009.08.19 17:33 B C:\AppServ\www\tcl\admin\fckeditor\editor\filemanager\connectors\php\connector.php --> www.tcl.co.th /httpdocs/admin/fckeditor/editor/filemanager/connectors/php connector.php
2009.08.19 17:33 B C:\AppServ\www\tcl\admin\fckeditor\editor\filemanager\connectors\php\connector2.php --> www.tcl.co.th /httpdocs/admin/fckeditor/editor/filemanager/connectors/php connector2.php
2009.08.19 17:33 B C:\AppServ\www\tcl\admin\fckeditor\editor\filemanager\connectors\php\io.php --> www.tcl.co.th /httpdocs/admin/fckeditor/editor/filemanager/connectors/php io.php
2009.08.19 17:33 B C:\AppServ\www\tcl\admin\fckeditor\editor\filemanager\connectors\php\phpcompat.php --> www.tcl.co.th /httpdocs/admin/fckeditor/editor/filemanager/connectors/php phpcompat.php
2009.08.19 17:33 B C:\AppServ\www\tcl\admin\fckeditor\editor\filemanager\connectors\php\upload.php --> www.tcl.co.th /httpdocs/admin/fckeditor/editor/filemanager/connectors/php upload.php
2009.08.19 17:33 B C:\AppServ\www\tcl\admin\fckeditor\editor\filemanager\connectors\php\util.php --> www.tcl.co.th /httpdocs/admin/fckeditor/editor/filemanager/connectors/php util.php
2009.08.19 17:33 B C:\AppServ\www\tcl\admin\fckeditor\editor\filemanager\connectors\php\WS_FTP.LOG --> www.tcl.co.th /httpdocs/admin/fckeditor/editor/filemanager/connectors/php WS_FTP.LOG
