2009.06.08 17:31 B C:\AppServ\www\postthai\admin\fckeditor\editor\_source\fckconstants.js --> bangkokstamp2010.com /httpdocs/code/admin/fckeditor/editor/_source fckconstants.js
2009.06.08 17:31 B C:\AppServ\www\postthai\admin\fckeditor\editor\_source\fckeditorapi.js --> bangkokstamp2010.com /httpdocs/code/admin/fckeditor/editor/_source fckeditorapi.js
2009.06.08 17:31 B C:\AppServ\www\postthai\admin\fckeditor\editor\_source\fckjscoreextensions.js --> bangkokstamp2010.com /httpdocs/code/admin/fckeditor/editor/_source fckjscoreextensions.js
2009.06.08 17:31 B C:\AppServ\www\postthai\admin\fckeditor\editor\_source\fckscriptloader.js --> bangkokstamp2010.com /httpdocs/code/admin/fckeditor/editor/_source fckscriptloader.js
2009.06.17 16:22 B C:\AppServ\www\futsalhouse\admin\fckeditor\editor\_source\fckconstants.js --> futsalhouse.com /httpdocs/admin/fckeditor/editor/_source fckconstants.js
2009.06.17 16:22 B C:\AppServ\www\futsalhouse\admin\fckeditor\editor\_source\fckeditorapi.js --> futsalhouse.com /httpdocs/admin/fckeditor/editor/_source fckeditorapi.js
2009.06.17 16:22 B C:\AppServ\www\futsalhouse\admin\fckeditor\editor\_source\fckjscoreextensions.js --> futsalhouse.com /httpdocs/admin/fckeditor/editor/_source fckjscoreextensions.js
2009.06.17 16:22 B C:\AppServ\www\futsalhouse\admin\fckeditor\editor\_source\fckscriptloader.js --> futsalhouse.com /httpdocs/admin/fckeditor/editor/_source fckscriptloader.js
2009.06.17 16:22 B C:\AppServ\www\futsalhouse\admin\fckeditor\editor\_source\WS_FTP.LOG --> futsalhouse.com /httpdocs/admin/fckeditor/editor/_source WS_FTP.LOG
2009.07.22 09:29 B C:\AppServ\www\corn\admin\fckeditor\editor\_source\fckconstants.js --> cornproducts.co.th /httpdocs/code/admin/fckeditor/editor/_source fckconstants.js
2009.07.22 09:29 B C:\AppServ\www\corn\admin\fckeditor\editor\_source\fckeditorapi.js --> cornproducts.co.th /httpdocs/code/admin/fckeditor/editor/_source fckeditorapi.js
2009.07.22 09:29 B C:\AppServ\www\corn\admin\fckeditor\editor\_source\fckjscoreextensions.js --> cornproducts.co.th /httpdocs/code/admin/fckeditor/editor/_source fckjscoreextensions.js
2009.07.22 09:29 B C:\AppServ\www\corn\admin\fckeditor\editor\_source\fckscriptloader.js --> cornproducts.co.th /httpdocs/code/admin/fckeditor/editor/_source fckscriptloader.js
2009.07.22 09:29 B C:\AppServ\www\corn\admin\fckeditor\editor\_source\WS_FTP.LOG --> cornproducts.co.th /httpdocs/code/admin/fckeditor/editor/_source WS_FTP.LOG
2009.08.05 15:18 B C:\AppServ\www\tcl\admin\fckeditor\editor\_source\fckconstants.js --> www.tcl.co.th /httpdocs/code/admin/fckeditor/editor/_source fckconstants.js
2009.08.05 15:18 B C:\AppServ\www\tcl\admin\fckeditor\editor\_source\fckeditorapi.js --> www.tcl.co.th /httpdocs/code/admin/fckeditor/editor/_source fckeditorapi.js
2009.08.05 15:18 B C:\AppServ\www\tcl\admin\fckeditor\editor\_source\fckjscoreextensions.js --> www.tcl.co.th /httpdocs/code/admin/fckeditor/editor/_source fckjscoreextensions.js
2009.08.05 15:18 B C:\AppServ\www\tcl\admin\fckeditor\editor\_source\fckscriptloader.js --> www.tcl.co.th /httpdocs/code/admin/fckeditor/editor/_source fckscriptloader.js
2009.08.05 15:18 B C:\AppServ\www\tcl\admin\fckeditor\editor\_source\WS_FTP.LOG --> www.tcl.co.th /httpdocs/code/admin/fckeditor/editor/_source WS_FTP.LOG
2009.08.19 17:29 B C:\AppServ\www\tcl\admin\fckeditor\editor\_source\fckconstants.js --> www.tcl.co.th /httpdocs/admin/fckeditor/editor/_source fckconstants.js
2009.08.19 17:29 B C:\AppServ\www\tcl\admin\fckeditor\editor\_source\fckeditorapi.js --> www.tcl.co.th /httpdocs/admin/fckeditor/editor/_source fckeditorapi.js
2009.08.19 17:29 B C:\AppServ\www\tcl\admin\fckeditor\editor\_source\fckjscoreextensions.js --> www.tcl.co.th /httpdocs/admin/fckeditor/editor/_source fckjscoreextensions.js
2009.08.19 17:29 B C:\AppServ\www\tcl\admin\fckeditor\editor\_source\fckscriptloader.js --> www.tcl.co.th /httpdocs/admin/fckeditor/editor/_source fckscriptloader.js
2009.08.19 17:29 B C:\AppServ\www\tcl\admin\fckeditor\editor\_source\WS_FTP.LOG --> www.tcl.co.th /httpdocs/admin/fckeditor/editor/_source WS_FTP.LOG
