2009.06.08 17:36 B C:\AppServ\www\postthai\admin\fckeditor\_documentation.html --> bangkokstamp2010.com /httpdocs/code/admin/fckeditor _documentation.html
2009.06.08 17:36 B C:\AppServ\www\postthai\admin\fckeditor\_upgrade.html --> bangkokstamp2010.com /httpdocs/code/admin/fckeditor _upgrade.html
2009.06.08 17:36 B C:\AppServ\www\postthai\admin\fckeditor\_whatsnew.html --> bangkokstamp2010.com /httpdocs/code/admin/fckeditor _whatsnew.html
2009.06.08 17:36 B C:\AppServ\www\postthai\admin\fckeditor\_whatsnew_history.html --> bangkokstamp2010.com /httpdocs/code/admin/fckeditor _whatsnew_history.html
2009.06.08 17:36 B C:\AppServ\www\postthai\admin\fckeditor\fckconfig.js --> bangkokstamp2010.com /httpdocs/code/admin/fckeditor fckconfig.js
2009.06.08 17:36 B C:\AppServ\www\postthai\admin\fckeditor\fckeditor.afp --> bangkokstamp2010.com /httpdocs/code/admin/fckeditor fckeditor.afp
2009.06.08 17:36 B C:\AppServ\www\postthai\admin\fckeditor\fckeditor.asp --> bangkokstamp2010.com /httpdocs/code/admin/fckeditor fckeditor.asp
2009.06.08 17:36 B C:\AppServ\www\postthai\admin\fckeditor\fckeditor.cfc --> bangkokstamp2010.com /httpdocs/code/admin/fckeditor fckeditor.cfc
2009.06.08 17:36 B C:\AppServ\www\postthai\admin\fckeditor\fckeditor.cfm --> bangkokstamp2010.com /httpdocs/code/admin/fckeditor fckeditor.cfm
2009.06.08 17:36 B C:\AppServ\www\postthai\admin\fckeditor\fckeditor.js --> bangkokstamp2010.com /httpdocs/code/admin/fckeditor fckeditor.js
2009.06.08 17:36 B C:\AppServ\www\postthai\admin\fckeditor\fckeditor.lasso --> bangkokstamp2010.com /httpdocs/code/admin/fckeditor fckeditor.lasso
2009.06.08 17:36 B C:\AppServ\www\postthai\admin\fckeditor\fckeditor.php --> bangkokstamp2010.com /httpdocs/code/admin/fckeditor fckeditor.php
2009.06.08 17:36 B C:\AppServ\www\postthai\admin\fckeditor\fckeditor.pl --> bangkokstamp2010.com /httpdocs/code/admin/fckeditor fckeditor.pl
2009.06.08 17:36 B C:\AppServ\www\postthai\admin\fckeditor\fckeditor.py --> bangkokstamp2010.com /httpdocs/code/admin/fckeditor fckeditor.py
2009.06.08 17:36 B C:\AppServ\www\postthai\admin\fckeditor\fckeditor_php4.php --> bangkokstamp2010.com /httpdocs/code/admin/fckeditor fckeditor_php4.php
2009.06.08 17:36 B C:\AppServ\www\postthai\admin\fckeditor\fckeditor_php5.php --> bangkokstamp2010.com /httpdocs/code/admin/fckeditor fckeditor_php5.php
2009.06.08 17:36 B C:\AppServ\www\postthai\admin\fckeditor\fckpackager.xml --> bangkokstamp2010.com /httpdocs/code/admin/fckeditor fckpackager.xml
2009.06.08 17:36 B C:\AppServ\www\postthai\admin\fckeditor\fckstyles.xml --> bangkokstamp2010.com /httpdocs/code/admin/fckeditor fckstyles.xml
2009.06.08 17:36 B C:\AppServ\www\postthai\admin\fckeditor\fcktemplates.xml --> bangkokstamp2010.com /httpdocs/code/admin/fckeditor fcktemplates.xml
2009.06.08 17:36 B C:\AppServ\www\postthai\admin\fckeditor\fckutils.cfm --> bangkokstamp2010.com /httpdocs/code/admin/fckeditor fckutils.cfm
2009.06.08 17:36 B C:\AppServ\www\postthai\admin\fckeditor\license.txt --> bangkokstamp2010.com /httpdocs/code/admin/fckeditor license.txt
2009.06.17 16:28 B C:\AppServ\www\futsalhouse\admin\fckeditor\_documentation.html --> futsalhouse.com /httpdocs/admin/fckeditor _documentation.html
2009.06.17 16:28 B C:\AppServ\www\futsalhouse\admin\fckeditor\_upgrade.html --> futsalhouse.com /httpdocs/admin/fckeditor _upgrade.html
2009.06.17 16:28 B C:\AppServ\www\futsalhouse\admin\fckeditor\_whatsnew.html --> futsalhouse.com /httpdocs/admin/fckeditor _whatsnew.html
2009.06.17 16:28 B C:\AppServ\www\futsalhouse\admin\fckeditor\_whatsnew_history.html --> futsalhouse.com /httpdocs/admin/fckeditor _whatsnew_history.html
2009.06.17 16:28 B C:\AppServ\www\futsalhouse\admin\fckeditor\fckconfig.js --> futsalhouse.com /httpdocs/admin/fckeditor fckconfig.js
2009.06.17 16:28 B C:\AppServ\www\futsalhouse\admin\fckeditor\fckeditor.afp --> futsalhouse.com /httpdocs/admin/fckeditor fckeditor.afp
2009.06.17 16:28 B C:\AppServ\www\futsalhouse\admin\fckeditor\fckeditor.asp --> futsalhouse.com /httpdocs/admin/fckeditor fckeditor.asp
2009.06.17 16:28 B C:\AppServ\www\futsalhouse\admin\fckeditor\fckeditor.cfc --> futsalhouse.com /httpdocs/admin/fckeditor fckeditor.cfc
2009.06.17 16:28 B C:\AppServ\www\futsalhouse\admin\fckeditor\fckeditor.cfm --> futsalhouse.com /httpdocs/admin/fckeditor fckeditor.cfm
2009.06.17 16:29 B C:\AppServ\www\futsalhouse\admin\fckeditor\fckeditor.js --> futsalhouse.com /httpdocs/admin/fckeditor fckeditor.js
2009.06.17 16:29 B C:\AppServ\www\futsalhouse\admin\fckeditor\fckeditor.lasso --> futsalhouse.com /httpdocs/admin/fckeditor fckeditor.lasso
2009.06.17 16:29 B C:\AppServ\www\futsalhouse\admin\fckeditor\fckeditor.php --> futsalhouse.com /httpdocs/admin/fckeditor fckeditor.php
2009.06.17 16:29 B C:\AppServ\www\futsalhouse\admin\fckeditor\fckeditor.pl --> futsalhouse.com /httpdocs/admin/fckeditor fckeditor.pl
2009.06.17 16:29 B C:\AppServ\www\futsalhouse\admin\fckeditor\fckeditor.py --> futsalhouse.com /httpdocs/admin/fckeditor fckeditor.py
2009.06.17 16:29 B C:\AppServ\www\futsalhouse\admin\fckeditor\fckeditor_php4.php --> futsalhouse.com /httpdocs/admin/fckeditor fckeditor_php4.php
2009.06.17 16:29 B C:\AppServ\www\futsalhouse\admin\fckeditor\fckeditor_php5.php --> futsalhouse.com /httpdocs/admin/fckeditor fckeditor_php5.php
2009.06.17 16:29 B C:\AppServ\www\futsalhouse\admin\fckeditor\fckpackager.xml --> futsalhouse.com /httpdocs/admin/fckeditor fckpackager.xml
2009.06.17 16:29 B C:\AppServ\www\futsalhouse\admin\fckeditor\fckstyles.xml --> futsalhouse.com /httpdocs/admin/fckeditor fckstyles.xml
2009.06.17 16:29 B C:\AppServ\www\futsalhouse\admin\fckeditor\fcktemplates.xml --> futsalhouse.com /httpdocs/admin/fckeditor fcktemplates.xml
2009.06.17 16:29 B C:\AppServ\www\futsalhouse\admin\fckeditor\fckutils.cfm --> futsalhouse.com /httpdocs/admin/fckeditor fckutils.cfm
2009.06.17 16:29 B C:\AppServ\www\futsalhouse\admin\fckeditor\license.txt --> futsalhouse.com /httpdocs/admin/fckeditor license.txt
2009.06.17 16:29 B C:\AppServ\www\futsalhouse\admin\fckeditor\WS_FTP.LOG --> futsalhouse.com /httpdocs/admin/fckeditor WS_FTP.LOG
2009.07.22 09:34 B C:\AppServ\www\corn\admin\fckeditor\_documentation.html --> cornproducts.co.th /httpdocs/code/admin/fckeditor _documentation.html
2009.07.22 09:34 B C:\AppServ\www\corn\admin\fckeditor\_upgrade.html --> cornproducts.co.th /httpdocs/code/admin/fckeditor _upgrade.html
2009.07.22 09:34 B C:\AppServ\www\corn\admin\fckeditor\_whatsnew.html --> cornproducts.co.th /httpdocs/code/admin/fckeditor _whatsnew.html
2009.07.22 09:34 B C:\AppServ\www\corn\admin\fckeditor\_whatsnew_history.html --> cornproducts.co.th /httpdocs/code/admin/fckeditor _whatsnew_history.html
2009.07.22 09:34 B C:\AppServ\www\corn\admin\fckeditor\fckconfig.js --> cornproducts.co.th /httpdocs/code/admin/fckeditor fckconfig.js
2009.07.22 09:34 B C:\AppServ\www\corn\admin\fckeditor\fckeditor.afp --> cornproducts.co.th /httpdocs/code/admin/fckeditor fckeditor.afp
2009.07.22 09:34 B C:\AppServ\www\corn\admin\fckeditor\fckeditor.asp --> cornproducts.co.th /httpdocs/code/admin/fckeditor fckeditor.asp
2009.07.22 09:34 B C:\AppServ\www\corn\admin\fckeditor\fckeditor.cfc --> cornproducts.co.th /httpdocs/code/admin/fckeditor fckeditor.cfc
2009.07.22 09:34 B C:\AppServ\www\corn\admin\fckeditor\fckeditor.cfm --> cornproducts.co.th /httpdocs/code/admin/fckeditor fckeditor.cfm
2009.07.22 09:34 B C:\AppServ\www\corn\admin\fckeditor\fckeditor.js --> cornproducts.co.th /httpdocs/code/admin/fckeditor fckeditor.js
2009.07.22 09:34 B C:\AppServ\www\corn\admin\fckeditor\fckeditor.lasso --> cornproducts.co.th /httpdocs/code/admin/fckeditor fckeditor.lasso
2009.07.22 09:34 B C:\AppServ\www\corn\admin\fckeditor\fckeditor.php --> cornproducts.co.th /httpdocs/code/admin/fckeditor fckeditor.php
2009.07.22 09:34 B C:\AppServ\www\corn\admin\fckeditor\fckeditor.pl --> cornproducts.co.th /httpdocs/code/admin/fckeditor fckeditor.pl
2009.07.22 09:34 B C:\AppServ\www\corn\admin\fckeditor\fckeditor.py --> cornproducts.co.th /httpdocs/code/admin/fckeditor fckeditor.py
2009.07.22 09:34 B C:\AppServ\www\corn\admin\fckeditor\fckeditor_php4.php --> cornproducts.co.th /httpdocs/code/admin/fckeditor fckeditor_php4.php
2009.07.22 09:34 B C:\AppServ\www\corn\admin\fckeditor\fckeditor_php5.php --> cornproducts.co.th /httpdocs/code/admin/fckeditor fckeditor_php5.php
2009.07.22 09:34 B C:\AppServ\www\corn\admin\fckeditor\fckpackager.xml --> cornproducts.co.th /httpdocs/code/admin/fckeditor fckpackager.xml
2009.07.22 09:34 B C:\AppServ\www\corn\admin\fckeditor\fckstyles.xml --> cornproducts.co.th /httpdocs/code/admin/fckeditor fckstyles.xml
2009.07.22 09:34 B C:\AppServ\www\corn\admin\fckeditor\fcktemplates.xml --> cornproducts.co.th /httpdocs/code/admin/fckeditor fcktemplates.xml
2009.07.22 09:34 B C:\AppServ\www\corn\admin\fckeditor\fckutils.cfm --> cornproducts.co.th /httpdocs/code/admin/fckeditor fckutils.cfm
2009.07.22 09:34 B C:\AppServ\www\corn\admin\fckeditor\license.txt --> cornproducts.co.th /httpdocs/code/admin/fckeditor license.txt
2009.07.22 09:34 B C:\AppServ\www\corn\admin\fckeditor\WS_FTP.LOG --> cornproducts.co.th /httpdocs/code/admin/fckeditor WS_FTP.LOG
2009.08.05 15:23 B C:\AppServ\www\tcl\admin\fckeditor\_documentation.html --> www.tcl.co.th /httpdocs/code/admin/fckeditor _documentation.html
2009.08.05 15:23 B C:\AppServ\www\tcl\admin\fckeditor\_upgrade.html --> www.tcl.co.th /httpdocs/code/admin/fckeditor _upgrade.html
2009.08.05 15:23 B C:\AppServ\www\tcl\admin\fckeditor\_whatsnew.html --> www.tcl.co.th /httpdocs/code/admin/fckeditor _whatsnew.html
2009.08.05 15:23 B C:\AppServ\www\tcl\admin\fckeditor\_whatsnew_history.html --> www.tcl.co.th /httpdocs/code/admin/fckeditor _whatsnew_history.html
2009.08.05 15:23 B C:\AppServ\www\tcl\admin\fckeditor\fckconfig.js --> www.tcl.co.th /httpdocs/code/admin/fckeditor fckconfig.js
2009.08.05 15:23 B C:\AppServ\www\tcl\admin\fckeditor\fckeditor.afp --> www.tcl.co.th /httpdocs/code/admin/fckeditor fckeditor.afp
2009.08.05 15:23 B C:\AppServ\www\tcl\admin\fckeditor\fckeditor.asp --> www.tcl.co.th /httpdocs/code/admin/fckeditor fckeditor.asp
2009.08.05 15:23 B C:\AppServ\www\tcl\admin\fckeditor\fckeditor.cfc --> www.tcl.co.th /httpdocs/code/admin/fckeditor fckeditor.cfc
2009.08.05 15:23 B C:\AppServ\www\tcl\admin\fckeditor\fckeditor.cfm --> www.tcl.co.th /httpdocs/code/admin/fckeditor fckeditor.cfm
2009.08.05 15:23 B C:\AppServ\www\tcl\admin\fckeditor\fckeditor.js --> www.tcl.co.th /httpdocs/code/admin/fckeditor fckeditor.js
2009.08.05 15:23 B C:\AppServ\www\tcl\admin\fckeditor\fckeditor.lasso --> www.tcl.co.th /httpdocs/code/admin/fckeditor fckeditor.lasso
2009.08.05 15:23 B C:\AppServ\www\tcl\admin\fckeditor\fckeditor.php --> www.tcl.co.th /httpdocs/code/admin/fckeditor fckeditor.php
2009.08.05 15:23 B C:\AppServ\www\tcl\admin\fckeditor\fckeditor.pl --> www.tcl.co.th /httpdocs/code/admin/fckeditor fckeditor.pl
2009.08.05 15:23 B C:\AppServ\www\tcl\admin\fckeditor\fckeditor.py --> www.tcl.co.th /httpdocs/code/admin/fckeditor fckeditor.py
2009.08.05 15:23 B C:\AppServ\www\tcl\admin\fckeditor\fckeditor_php4.php --> www.tcl.co.th /httpdocs/code/admin/fckeditor fckeditor_php4.php
2009.08.05 15:23 B C:\AppServ\www\tcl\admin\fckeditor\fckeditor_php5.php --> www.tcl.co.th /httpdocs/code/admin/fckeditor fckeditor_php5.php
2009.08.05 15:23 B C:\AppServ\www\tcl\admin\fckeditor\fckpackager.xml --> www.tcl.co.th /httpdocs/code/admin/fckeditor fckpackager.xml
2009.08.05 15:23 B C:\AppServ\www\tcl\admin\fckeditor\fckstyles.xml --> www.tcl.co.th /httpdocs/code/admin/fckeditor fckstyles.xml
2009.08.05 15:23 B C:\AppServ\www\tcl\admin\fckeditor\fcktemplates.xml --> www.tcl.co.th /httpdocs/code/admin/fckeditor fcktemplates.xml
2009.08.05 15:23 B C:\AppServ\www\tcl\admin\fckeditor\fckutils.cfm --> www.tcl.co.th /httpdocs/code/admin/fckeditor fckutils.cfm
2009.08.05 15:23 B C:\AppServ\www\tcl\admin\fckeditor\license.txt --> www.tcl.co.th /httpdocs/code/admin/fckeditor license.txt
2009.08.19 17:36 B C:\AppServ\www\tcl\admin\fckeditor\_documentation.html --> www.tcl.co.th /httpdocs/admin/fckeditor _documentation.html
2009.08.19 17:36 B C:\AppServ\www\tcl\admin\fckeditor\_upgrade.html --> www.tcl.co.th /httpdocs/admin/fckeditor _upgrade.html
2009.08.19 17:36 B C:\AppServ\www\tcl\admin\fckeditor\_whatsnew.html --> www.tcl.co.th /httpdocs/admin/fckeditor _whatsnew.html
2009.08.19 17:37 B C:\AppServ\www\tcl\admin\fckeditor\_whatsnew_history.html --> www.tcl.co.th /httpdocs/admin/fckeditor _whatsnew_history.html
2009.08.19 17:37 B C:\AppServ\www\tcl\admin\fckeditor\fckconfig.js --> www.tcl.co.th /httpdocs/admin/fckeditor fckconfig.js
2009.08.19 17:37 B C:\AppServ\www\tcl\admin\fckeditor\fckeditor.afp --> www.tcl.co.th /httpdocs/admin/fckeditor fckeditor.afp
2009.08.19 17:37 B C:\AppServ\www\tcl\admin\fckeditor\fckeditor.asp --> www.tcl.co.th /httpdocs/admin/fckeditor fckeditor.asp
2009.08.19 17:37 B C:\AppServ\www\tcl\admin\fckeditor\fckeditor.cfc --> www.tcl.co.th /httpdocs/admin/fckeditor fckeditor.cfc
2009.08.19 17:37 B C:\AppServ\www\tcl\admin\fckeditor\fckeditor.cfm --> www.tcl.co.th /httpdocs/admin/fckeditor fckeditor.cfm
2009.08.19 17:37 B C:\AppServ\www\tcl\admin\fckeditor\fckeditor.js --> www.tcl.co.th /httpdocs/admin/fckeditor fckeditor.js
2009.08.19 17:37 B C:\AppServ\www\tcl\admin\fckeditor\fckeditor.lasso --> www.tcl.co.th /httpdocs/admin/fckeditor fckeditor.lasso
2009.08.19 17:37 B C:\AppServ\www\tcl\admin\fckeditor\fckeditor.php --> www.tcl.co.th /httpdocs/admin/fckeditor fckeditor.php
2009.08.19 17:37 B C:\AppServ\www\tcl\admin\fckeditor\fckeditor.pl --> www.tcl.co.th /httpdocs/admin/fckeditor fckeditor.pl
2009.08.19 17:37 B C:\AppServ\www\tcl\admin\fckeditor\fckeditor.py --> www.tcl.co.th /httpdocs/admin/fckeditor fckeditor.py
2009.08.19 17:37 B C:\AppServ\www\tcl\admin\fckeditor\fckeditor_php4.php --> www.tcl.co.th /httpdocs/admin/fckeditor fckeditor_php4.php
2009.08.19 17:37 B C:\AppServ\www\tcl\admin\fckeditor\fckeditor_php5.php --> www.tcl.co.th /httpdocs/admin/fckeditor fckeditor_php5.php
2009.08.19 17:37 B C:\AppServ\www\tcl\admin\fckeditor\fckpackager.xml --> www.tcl.co.th /httpdocs/admin/fckeditor fckpackager.xml
2009.08.19 17:37 B C:\AppServ\www\tcl\admin\fckeditor\fckstyles.xml --> www.tcl.co.th /httpdocs/admin/fckeditor fckstyles.xml
2009.08.19 17:37 B C:\AppServ\www\tcl\admin\fckeditor\fcktemplates.xml --> www.tcl.co.th /httpdocs/admin/fckeditor fcktemplates.xml
2009.08.19 17:37 B C:\AppServ\www\tcl\admin\fckeditor\fckutils.cfm --> www.tcl.co.th /httpdocs/admin/fckeditor fckutils.cfm
2009.08.19 17:37 B C:\AppServ\www\tcl\admin\fckeditor\license.txt --> www.tcl.co.th /httpdocs/admin/fckeditor license.txt
2009.08.19 17:37 B C:\AppServ\www\tcl\admin\fckeditor\WS_FTP.LOG --> www.tcl.co.th /httpdocs/admin/fckeditor WS_FTP.LOG
