2009.06.08 17:33 B C:\AppServ\www\postthai\admin\fckeditor\editor\filemanager\browser\default\images\icons\32\ai.gif --> bangkokstamp2010.com /httpdocs/code/admin/fckeditor/editor/filemanager/browser/default/images/icons/32 ai.gif
2009.06.08 17:33 B C:\AppServ\www\postthai\admin\fckeditor\editor\filemanager\browser\default\images\icons\32\avi.gif --> bangkokstamp2010.com /httpdocs/code/admin/fckeditor/editor/filemanager/browser/default/images/icons/32 avi.gif
2009.06.08 17:33 B C:\AppServ\www\postthai\admin\fckeditor\editor\filemanager\browser\default\images\icons\32\bmp.gif --> bangkokstamp2010.com /httpdocs/code/admin/fckeditor/editor/filemanager/browser/default/images/icons/32 bmp.gif
2009.06.08 17:33 B C:\AppServ\www\postthai\admin\fckeditor\editor\filemanager\browser\default\images\icons\32\cs.gif --> bangkokstamp2010.com /httpdocs/code/admin/fckeditor/editor/filemanager/browser/default/images/icons/32 cs.gif
2009.06.08 17:33 B C:\AppServ\www\postthai\admin\fckeditor\editor\filemanager\browser\default\images\icons\32\default.icon.gif --> bangkokstamp2010.com /httpdocs/code/admin/fckeditor/editor/filemanager/browser/default/images/icons/32 default.icon.gif
2009.06.08 17:33 B C:\AppServ\www\postthai\admin\fckeditor\editor\filemanager\browser\default\images\icons\32\dll.gif --> bangkokstamp2010.com /httpdocs/code/admin/fckeditor/editor/filemanager/browser/default/images/icons/32 dll.gif
2009.06.08 17:33 B C:\AppServ\www\postthai\admin\fckeditor\editor\filemanager\browser\default\images\icons\32\doc.gif --> bangkokstamp2010.com /httpdocs/code/admin/fckeditor/editor/filemanager/browser/default/images/icons/32 doc.gif
2009.06.08 17:33 B C:\AppServ\www\postthai\admin\fckeditor\editor\filemanager\browser\default\images\icons\32\exe.gif --> bangkokstamp2010.com /httpdocs/code/admin/fckeditor/editor/filemanager/browser/default/images/icons/32 exe.gif
2009.06.08 17:33 B C:\AppServ\www\postthai\admin\fckeditor\editor\filemanager\browser\default\images\icons\32\fla.gif --> bangkokstamp2010.com /httpdocs/code/admin/fckeditor/editor/filemanager/browser/default/images/icons/32 fla.gif
2009.06.08 17:33 B C:\AppServ\www\postthai\admin\fckeditor\editor\filemanager\browser\default\images\icons\32\gif.gif --> bangkokstamp2010.com /httpdocs/code/admin/fckeditor/editor/filemanager/browser/default/images/icons/32 gif.gif
2009.06.08 17:33 B C:\AppServ\www\postthai\admin\fckeditor\editor\filemanager\browser\default\images\icons\32\htm.gif --> bangkokstamp2010.com /httpdocs/code/admin/fckeditor/editor/filemanager/browser/default/images/icons/32 htm.gif
2009.06.08 17:33 B C:\AppServ\www\postthai\admin\fckeditor\editor\filemanager\browser\default\images\icons\32\html.gif --> bangkokstamp2010.com /httpdocs/code/admin/fckeditor/editor/filemanager/browser/default/images/icons/32 html.gif
2009.06.08 17:33 B C:\AppServ\www\postthai\admin\fckeditor\editor\filemanager\browser\default\images\icons\32\jpg.gif --> bangkokstamp2010.com /httpdocs/code/admin/fckeditor/editor/filemanager/browser/default/images/icons/32 jpg.gif
2009.06.08 17:33 B C:\AppServ\www\postthai\admin\fckeditor\editor\filemanager\browser\default\images\icons\32\js.gif --> bangkokstamp2010.com /httpdocs/code/admin/fckeditor/editor/filemanager/browser/default/images/icons/32 js.gif
2009.06.08 17:33 B C:\AppServ\www\postthai\admin\fckeditor\editor\filemanager\browser\default\images\icons\32\mdb.gif --> bangkokstamp2010.com /httpdocs/code/admin/fckeditor/editor/filemanager/browser/default/images/icons/32 mdb.gif
2009.06.08 17:33 B C:\AppServ\www\postthai\admin\fckeditor\editor\filemanager\browser\default\images\icons\32\mp3.gif --> bangkokstamp2010.com /httpdocs/code/admin/fckeditor/editor/filemanager/browser/default/images/icons/32 mp3.gif
2009.06.08 17:33 B C:\AppServ\www\postthai\admin\fckeditor\editor\filemanager\browser\default\images\icons\32\pdf.gif --> bangkokstamp2010.com /httpdocs/code/admin/fckeditor/editor/filemanager/browser/default/images/icons/32 pdf.gif
2009.06.08 17:33 B C:\AppServ\www\postthai\admin\fckeditor\editor\filemanager\browser\default\images\icons\32\png.gif --> bangkokstamp2010.com /httpdocs/code/admin/fckeditor/editor/filemanager/browser/default/images/icons/32 png.gif
2009.06.08 17:33 B C:\AppServ\www\postthai\admin\fckeditor\editor\filemanager\browser\default\images\icons\32\ppt.gif --> bangkokstamp2010.com /httpdocs/code/admin/fckeditor/editor/filemanager/browser/default/images/icons/32 ppt.gif
2009.06.08 17:33 B C:\AppServ\www\postthai\admin\fckeditor\editor\filemanager\browser\default\images\icons\32\rdp.gif --> bangkokstamp2010.com /httpdocs/code/admin/fckeditor/editor/filemanager/browser/default/images/icons/32 rdp.gif
2009.06.08 17:33 B C:\AppServ\www\postthai\admin\fckeditor\editor\filemanager\browser\default\images\icons\32\swf.gif --> bangkokstamp2010.com /httpdocs/code/admin/fckeditor/editor/filemanager/browser/default/images/icons/32 swf.gif
2009.06.08 17:33 B C:\AppServ\www\postthai\admin\fckeditor\editor\filemanager\browser\default\images\icons\32\swt.gif --> bangkokstamp2010.com /httpdocs/code/admin/fckeditor/editor/filemanager/browser/default/images/icons/32 swt.gif
2009.06.08 17:33 B C:\AppServ\www\postthai\admin\fckeditor\editor\filemanager\browser\default\images\icons\32\txt.gif --> bangkokstamp2010.com /httpdocs/code/admin/fckeditor/editor/filemanager/browser/default/images/icons/32 txt.gif
2009.06.08 17:33 B C:\AppServ\www\postthai\admin\fckeditor\editor\filemanager\browser\default\images\icons\32\vsd.gif --> bangkokstamp2010.com /httpdocs/code/admin/fckeditor/editor/filemanager/browser/default/images/icons/32 vsd.gif
2009.06.08 17:33 B C:\AppServ\www\postthai\admin\fckeditor\editor\filemanager\browser\default\images\icons\32\xls.gif --> bangkokstamp2010.com /httpdocs/code/admin/fckeditor/editor/filemanager/browser/default/images/icons/32 xls.gif
2009.06.08 17:33 B C:\AppServ\www\postthai\admin\fckeditor\editor\filemanager\browser\default\images\icons\32\xml.gif --> bangkokstamp2010.com /httpdocs/code/admin/fckeditor/editor/filemanager/browser/default/images/icons/32 xml.gif
2009.06.08 17:33 B C:\AppServ\www\postthai\admin\fckeditor\editor\filemanager\browser\default\images\icons\32\zip.gif --> bangkokstamp2010.com /httpdocs/code/admin/fckeditor/editor/filemanager/browser/default/images/icons/32 zip.gif
2009.06.17 16:24 B C:\AppServ\www\futsalhouse\admin\fckeditor\editor\filemanager\browser\default\images\icons\32\ai.gif --> futsalhouse.com /httpdocs/admin/fckeditor/editor/filemanager/browser/default/images/icons/32 ai.gif
2009.06.17 16:24 B C:\AppServ\www\futsalhouse\admin\fckeditor\editor\filemanager\browser\default\images\icons\32\avi.gif --> futsalhouse.com /httpdocs/admin/fckeditor/editor/filemanager/browser/default/images/icons/32 avi.gif
2009.06.17 16:24 B C:\AppServ\www\futsalhouse\admin\fckeditor\editor\filemanager\browser\default\images\icons\32\bmp.gif --> futsalhouse.com /httpdocs/admin/fckeditor/editor/filemanager/browser/default/images/icons/32 bmp.gif
2009.06.17 16:24 B C:\AppServ\www\futsalhouse\admin\fckeditor\editor\filemanager\browser\default\images\icons\32\cs.gif --> futsalhouse.com /httpdocs/admin/fckeditor/editor/filemanager/browser/default/images/icons/32 cs.gif
2009.06.17 16:24 B C:\AppServ\www\futsalhouse\admin\fckeditor\editor\filemanager\browser\default\images\icons\32\default.icon.gif --> futsalhouse.com /httpdocs/admin/fckeditor/editor/filemanager/browser/default/images/icons/32 default.icon.gif
2009.06.17 16:24 B C:\AppServ\www\futsalhouse\admin\fckeditor\editor\filemanager\browser\default\images\icons\32\dll.gif --> futsalhouse.com /httpdocs/admin/fckeditor/editor/filemanager/browser/default/images/icons/32 dll.gif
2009.06.17 16:24 B C:\AppServ\www\futsalhouse\admin\fckeditor\editor\filemanager\browser\default\images\icons\32\doc.gif --> futsalhouse.com /httpdocs/admin/fckeditor/editor/filemanager/browser/default/images/icons/32 doc.gif
2009.06.17 16:24 B C:\AppServ\www\futsalhouse\admin\fckeditor\editor\filemanager\browser\default\images\icons\32\exe.gif --> futsalhouse.com /httpdocs/admin/fckeditor/editor/filemanager/browser/default/images/icons/32 exe.gif
2009.06.17 16:24 B C:\AppServ\www\futsalhouse\admin\fckeditor\editor\filemanager\browser\default\images\icons\32\fla.gif --> futsalhouse.com /httpdocs/admin/fckeditor/editor/filemanager/browser/default/images/icons/32 fla.gif
2009.06.17 16:24 B C:\AppServ\www\futsalhouse\admin\fckeditor\editor\filemanager\browser\default\images\icons\32\gif.gif --> futsalhouse.com /httpdocs/admin/fckeditor/editor/filemanager/browser/default/images/icons/32 gif.gif
2009.06.17 16:24 B C:\AppServ\www\futsalhouse\admin\fckeditor\editor\filemanager\browser\default\images\icons\32\htm.gif --> futsalhouse.com /httpdocs/admin/fckeditor/editor/filemanager/browser/default/images/icons/32 htm.gif
2009.06.17 16:24 B C:\AppServ\www\futsalhouse\admin\fckeditor\editor\filemanager\browser\default\images\icons\32\html.gif --> futsalhouse.com /httpdocs/admin/fckeditor/editor/filemanager/browser/default/images/icons/32 html.gif
2009.06.17 16:24 B C:\AppServ\www\futsalhouse\admin\fckeditor\editor\filemanager\browser\default\images\icons\32\jpg.gif --> futsalhouse.com /httpdocs/admin/fckeditor/editor/filemanager/browser/default/images/icons/32 jpg.gif
2009.06.17 16:24 B C:\AppServ\www\futsalhouse\admin\fckeditor\editor\filemanager\browser\default\images\icons\32\js.gif --> futsalhouse.com /httpdocs/admin/fckeditor/editor/filemanager/browser/default/images/icons/32 js.gif
2009.06.17 16:24 B C:\AppServ\www\futsalhouse\admin\fckeditor\editor\filemanager\browser\default\images\icons\32\mdb.gif --> futsalhouse.com /httpdocs/admin/fckeditor/editor/filemanager/browser/default/images/icons/32 mdb.gif
2009.06.17 16:25 B C:\AppServ\www\futsalhouse\admin\fckeditor\editor\filemanager\browser\default\images\icons\32\mp3.gif --> futsalhouse.com /httpdocs/admin/fckeditor/editor/filemanager/browser/default/images/icons/32 mp3.gif
2009.06.17 16:25 B C:\AppServ\www\futsalhouse\admin\fckeditor\editor\filemanager\browser\default\images\icons\32\pdf.gif --> futsalhouse.com /httpdocs/admin/fckeditor/editor/filemanager/browser/default/images/icons/32 pdf.gif
2009.06.17 16:25 B C:\AppServ\www\futsalhouse\admin\fckeditor\editor\filemanager\browser\default\images\icons\32\png.gif --> futsalhouse.com /httpdocs/admin/fckeditor/editor/filemanager/browser/default/images/icons/32 png.gif
2009.06.17 16:25 B C:\AppServ\www\futsalhouse\admin\fckeditor\editor\filemanager\browser\default\images\icons\32\ppt.gif --> futsalhouse.com /httpdocs/admin/fckeditor/editor/filemanager/browser/default/images/icons/32 ppt.gif
2009.06.17 16:25 B C:\AppServ\www\futsalhouse\admin\fckeditor\editor\filemanager\browser\default\images\icons\32\rdp.gif --> futsalhouse.com /httpdocs/admin/fckeditor/editor/filemanager/browser/default/images/icons/32 rdp.gif
2009.06.17 16:25 B C:\AppServ\www\futsalhouse\admin\fckeditor\editor\filemanager\browser\default\images\icons\32\swf.gif --> futsalhouse.com /httpdocs/admin/fckeditor/editor/filemanager/browser/default/images/icons/32 swf.gif
2009.06.17 16:25 B C:\AppServ\www\futsalhouse\admin\fckeditor\editor\filemanager\browser\default\images\icons\32\swt.gif --> futsalhouse.com /httpdocs/admin/fckeditor/editor/filemanager/browser/default/images/icons/32 swt.gif
2009.06.17 16:25 B C:\AppServ\www\futsalhouse\admin\fckeditor\editor\filemanager\browser\default\images\icons\32\txt.gif --> futsalhouse.com /httpdocs/admin/fckeditor/editor/filemanager/browser/default/images/icons/32 txt.gif
2009.06.17 16:25 B C:\AppServ\www\futsalhouse\admin\fckeditor\editor\filemanager\browser\default\images\icons\32\vsd.gif --> futsalhouse.com /httpdocs/admin/fckeditor/editor/filemanager/browser/default/images/icons/32 vsd.gif
2009.06.17 16:25 B C:\AppServ\www\futsalhouse\admin\fckeditor\editor\filemanager\browser\default\images\icons\32\WS_FTP.LOG --> futsalhouse.com /httpdocs/admin/fckeditor/editor/filemanager/browser/default/images/icons/32 WS_FTP.LOG
2009.06.17 16:25 B C:\AppServ\www\futsalhouse\admin\fckeditor\editor\filemanager\browser\default\images\icons\32\xls.gif --> futsalhouse.com /httpdocs/admin/fckeditor/editor/filemanager/browser/default/images/icons/32 xls.gif
2009.06.17 16:25 B C:\AppServ\www\futsalhouse\admin\fckeditor\editor\filemanager\browser\default\images\icons\32\xml.gif --> futsalhouse.com /httpdocs/admin/fckeditor/editor/filemanager/browser/default/images/icons/32 xml.gif
2009.06.17 16:25 B C:\AppServ\www\futsalhouse\admin\fckeditor\editor\filemanager\browser\default\images\icons\32\zip.gif --> futsalhouse.com /httpdocs/admin/fckeditor/editor/filemanager/browser/default/images/icons/32 zip.gif
2009.07.22 09:30 B C:\AppServ\www\corn\admin\fckeditor\editor\filemanager\browser\default\images\icons\32\ai.gif --> cornproducts.co.th /httpdocs/code/admin/fckeditor/editor/filemanager/browser/default/images/icons/32 ai.gif
2009.07.22 09:30 B C:\AppServ\www\corn\admin\fckeditor\editor\filemanager\browser\default\images\icons\32\avi.gif --> cornproducts.co.th /httpdocs/code/admin/fckeditor/editor/filemanager/browser/default/images/icons/32 avi.gif
2009.07.22 09:30 B C:\AppServ\www\corn\admin\fckeditor\editor\filemanager\browser\default\images\icons\32\bmp.gif --> cornproducts.co.th /httpdocs/code/admin/fckeditor/editor/filemanager/browser/default/images/icons/32 bmp.gif
2009.07.22 09:30 B C:\AppServ\www\corn\admin\fckeditor\editor\filemanager\browser\default\images\icons\32\cs.gif --> cornproducts.co.th /httpdocs/code/admin/fckeditor/editor/filemanager/browser/default/images/icons/32 cs.gif
2009.07.22 09:30 B C:\AppServ\www\corn\admin\fckeditor\editor\filemanager\browser\default\images\icons\32\default.icon.gif --> cornproducts.co.th /httpdocs/code/admin/fckeditor/editor/filemanager/browser/default/images/icons/32 default.icon.gif
2009.07.22 09:30 B C:\AppServ\www\corn\admin\fckeditor\editor\filemanager\browser\default\images\icons\32\dll.gif --> cornproducts.co.th /httpdocs/code/admin/fckeditor/editor/filemanager/browser/default/images/icons/32 dll.gif
2009.07.22 09:30 B C:\AppServ\www\corn\admin\fckeditor\editor\filemanager\browser\default\images\icons\32\doc.gif --> cornproducts.co.th /httpdocs/code/admin/fckeditor/editor/filemanager/browser/default/images/icons/32 doc.gif
2009.07.22 09:30 B C:\AppServ\www\corn\admin\fckeditor\editor\filemanager\browser\default\images\icons\32\exe.gif --> cornproducts.co.th /httpdocs/code/admin/fckeditor/editor/filemanager/browser/default/images/icons/32 exe.gif
2009.07.22 09:30 B C:\AppServ\www\corn\admin\fckeditor\editor\filemanager\browser\default\images\icons\32\fla.gif --> cornproducts.co.th /httpdocs/code/admin/fckeditor/editor/filemanager/browser/default/images/icons/32 fla.gif
2009.07.22 09:30 B C:\AppServ\www\corn\admin\fckeditor\editor\filemanager\browser\default\images\icons\32\gif.gif --> cornproducts.co.th /httpdocs/code/admin/fckeditor/editor/filemanager/browser/default/images/icons/32 gif.gif
2009.07.22 09:30 B C:\AppServ\www\corn\admin\fckeditor\editor\filemanager\browser\default\images\icons\32\htm.gif --> cornproducts.co.th /httpdocs/code/admin/fckeditor/editor/filemanager/browser/default/images/icons/32 htm.gif
2009.07.22 09:30 B C:\AppServ\www\corn\admin\fckeditor\editor\filemanager\browser\default\images\icons\32\html.gif --> cornproducts.co.th /httpdocs/code/admin/fckeditor/editor/filemanager/browser/default/images/icons/32 html.gif
2009.07.22 09:30 B C:\AppServ\www\corn\admin\fckeditor\editor\filemanager\browser\default\images\icons\32\jpg.gif --> cornproducts.co.th /httpdocs/code/admin/fckeditor/editor/filemanager/browser/default/images/icons/32 jpg.gif
2009.07.22 09:30 B C:\AppServ\www\corn\admin\fckeditor\editor\filemanager\browser\default\images\icons\32\js.gif --> cornproducts.co.th /httpdocs/code/admin/fckeditor/editor/filemanager/browser/default/images/icons/32 js.gif
2009.07.22 09:30 B C:\AppServ\www\corn\admin\fckeditor\editor\filemanager\browser\default\images\icons\32\mdb.gif --> cornproducts.co.th /httpdocs/code/admin/fckeditor/editor/filemanager/browser/default/images/icons/32 mdb.gif
2009.07.22 09:30 B C:\AppServ\www\corn\admin\fckeditor\editor\filemanager\browser\default\images\icons\32\mp3.gif --> cornproducts.co.th /httpdocs/code/admin/fckeditor/editor/filemanager/browser/default/images/icons/32 mp3.gif
2009.07.22 09:30 B C:\AppServ\www\corn\admin\fckeditor\editor\filemanager\browser\default\images\icons\32\pdf.gif --> cornproducts.co.th /httpdocs/code/admin/fckeditor/editor/filemanager/browser/default/images/icons/32 pdf.gif
2009.07.22 09:30 B C:\AppServ\www\corn\admin\fckeditor\editor\filemanager\browser\default\images\icons\32\png.gif --> cornproducts.co.th /httpdocs/code/admin/fckeditor/editor/filemanager/browser/default/images/icons/32 png.gif
2009.07.22 09:30 B C:\AppServ\www\corn\admin\fckeditor\editor\filemanager\browser\default\images\icons\32\ppt.gif --> cornproducts.co.th /httpdocs/code/admin/fckeditor/editor/filemanager/browser/default/images/icons/32 ppt.gif
2009.07.22 09:30 B C:\AppServ\www\corn\admin\fckeditor\editor\filemanager\browser\default\images\icons\32\rdp.gif --> cornproducts.co.th /httpdocs/code/admin/fckeditor/editor/filemanager/browser/default/images/icons/32 rdp.gif
2009.07.22 09:30 B C:\AppServ\www\corn\admin\fckeditor\editor\filemanager\browser\default\images\icons\32\swf.gif --> cornproducts.co.th /httpdocs/code/admin/fckeditor/editor/filemanager/browser/default/images/icons/32 swf.gif
2009.07.22 09:30 B C:\AppServ\www\corn\admin\fckeditor\editor\filemanager\browser\default\images\icons\32\swt.gif --> cornproducts.co.th /httpdocs/code/admin/fckeditor/editor/filemanager/browser/default/images/icons/32 swt.gif
2009.07.22 09:30 B C:\AppServ\www\corn\admin\fckeditor\editor\filemanager\browser\default\images\icons\32\txt.gif --> cornproducts.co.th /httpdocs/code/admin/fckeditor/editor/filemanager/browser/default/images/icons/32 txt.gif
2009.07.22 09:30 B C:\AppServ\www\corn\admin\fckeditor\editor\filemanager\browser\default\images\icons\32\vsd.gif --> cornproducts.co.th /httpdocs/code/admin/fckeditor/editor/filemanager/browser/default/images/icons/32 vsd.gif
2009.07.22 09:30 B C:\AppServ\www\corn\admin\fckeditor\editor\filemanager\browser\default\images\icons\32\WS_FTP.LOG --> cornproducts.co.th /httpdocs/code/admin/fckeditor/editor/filemanager/browser/default/images/icons/32 WS_FTP.LOG
2009.07.22 09:30 B C:\AppServ\www\corn\admin\fckeditor\editor\filemanager\browser\default\images\icons\32\xls.gif --> cornproducts.co.th /httpdocs/code/admin/fckeditor/editor/filemanager/browser/default/images/icons/32 xls.gif
2009.07.22 09:30 B C:\AppServ\www\corn\admin\fckeditor\editor\filemanager\browser\default\images\icons\32\xml.gif --> cornproducts.co.th /httpdocs/code/admin/fckeditor/editor/filemanager/browser/default/images/icons/32 xml.gif
2009.07.22 09:30 B C:\AppServ\www\corn\admin\fckeditor\editor\filemanager\browser\default\images\icons\32\zip.gif --> cornproducts.co.th /httpdocs/code/admin/fckeditor/editor/filemanager/browser/default/images/icons/32 zip.gif
2009.08.05 14:02 B C:\AppServ\www\tcl\admin\fckeditor\editor\filemanager\browser\default\images\icons\32\WS_FTP.LOG --> www.tcl.co.th /httpdocs/code/admin/fckeditor/editor/filemanager/browser/default/images/icons/32 WS_FTP.LOG
2009.08.05 14:02 B C:\AppServ\www\tcl\admin\fckeditor\editor\filemanager\browser\default\images\icons\32\zip.gif --> www.tcl.co.th /httpdocs/code/admin/fckeditor/editor/filemanager/browser/default/images/icons/32 zip.gif
2009.08.05 14:02 B C:\AppServ\www\tcl\admin\fckeditor\editor\filemanager\browser\default\images\icons\32\xml.gif --> www.tcl.co.th /httpdocs/code/admin/fckeditor/editor/filemanager/browser/default/images/icons/32 xml.gif
2009.08.05 14:02 B C:\AppServ\www\tcl\admin\fckeditor\editor\filemanager\browser\default\images\icons\32\xls.gif --> www.tcl.co.th /httpdocs/code/admin/fckeditor/editor/filemanager/browser/default/images/icons/32 xls.gif
2009.08.05 14:02 B C:\AppServ\www\tcl\admin\fckeditor\editor\filemanager\browser\default\images\icons\32\vsd.gif --> www.tcl.co.th /httpdocs/code/admin/fckeditor/editor/filemanager/browser/default/images/icons/32 vsd.gif
2009.08.05 14:02 B C:\AppServ\www\tcl\admin\fckeditor\editor\filemanager\browser\default\images\icons\32\txt.gif --> www.tcl.co.th /httpdocs/code/admin/fckeditor/editor/filemanager/browser/default/images/icons/32 txt.gif
2009.08.05 14:02 B C:\AppServ\www\tcl\admin\fckeditor\editor\filemanager\browser\default\images\icons\32\swt.gif --> www.tcl.co.th /httpdocs/code/admin/fckeditor/editor/filemanager/browser/default/images/icons/32 swt.gif
2009.08.05 14:02 B C:\AppServ\www\tcl\admin\fckeditor\editor\filemanager\browser\default\images\icons\32\swf.gif --> www.tcl.co.th /httpdocs/code/admin/fckeditor/editor/filemanager/browser/default/images/icons/32 swf.gif
2009.08.05 14:02 B C:\AppServ\www\tcl\admin\fckeditor\editor\filemanager\browser\default\images\icons\32\rdp.gif --> www.tcl.co.th /httpdocs/code/admin/fckeditor/editor/filemanager/browser/default/images/icons/32 rdp.gif
2009.08.05 14:02 B C:\AppServ\www\tcl\admin\fckeditor\editor\filemanager\browser\default\images\icons\32\ppt.gif --> www.tcl.co.th /httpdocs/code/admin/fckeditor/editor/filemanager/browser/default/images/icons/32 ppt.gif
2009.08.05 14:02 B C:\AppServ\www\tcl\admin\fckeditor\editor\filemanager\browser\default\images\icons\32\png.gif --> www.tcl.co.th /httpdocs/code/admin/fckeditor/editor/filemanager/browser/default/images/icons/32 png.gif
2009.08.05 14:02 B C:\AppServ\www\tcl\admin\fckeditor\editor\filemanager\browser\default\images\icons\32\pdf.gif --> www.tcl.co.th /httpdocs/code/admin/fckeditor/editor/filemanager/browser/default/images/icons/32 pdf.gif
2009.08.05 14:02 B C:\AppServ\www\tcl\admin\fckeditor\editor\filemanager\browser\default\images\icons\32\mp3.gif --> www.tcl.co.th /httpdocs/code/admin/fckeditor/editor/filemanager/browser/default/images/icons/32 mp3.gif
2009.08.05 14:02 B C:\AppServ\www\tcl\admin\fckeditor\editor\filemanager\browser\default\images\icons\32\mdb.gif --> www.tcl.co.th /httpdocs/code/admin/fckeditor/editor/filemanager/browser/default/images/icons/32 mdb.gif
2009.08.05 14:02 B C:\AppServ\www\tcl\admin\fckeditor\editor\filemanager\browser\default\images\icons\32\js.gif --> www.tcl.co.th /httpdocs/code/admin/fckeditor/editor/filemanager/browser/default/images/icons/32 js.gif
2009.08.05 14:02 B C:\AppServ\www\tcl\admin\fckeditor\editor\filemanager\browser\default\images\icons\32\jpg.gif --> www.tcl.co.th /httpdocs/code/admin/fckeditor/editor/filemanager/browser/default/images/icons/32 jpg.gif
2009.08.05 14:02 B C:\AppServ\www\tcl\admin\fckeditor\editor\filemanager\browser\default\images\icons\32\html.gif --> www.tcl.co.th /httpdocs/code/admin/fckeditor/editor/filemanager/browser/default/images/icons/32 html.gif
2009.08.05 14:02 B C:\AppServ\www\tcl\admin\fckeditor\editor\filemanager\browser\default\images\icons\32\htm.gif --> www.tcl.co.th /httpdocs/code/admin/fckeditor/editor/filemanager/browser/default/images/icons/32 htm.gif
2009.08.05 14:02 B C:\AppServ\www\tcl\admin\fckeditor\editor\filemanager\browser\default\images\icons\32\gif.gif --> www.tcl.co.th /httpdocs/code/admin/fckeditor/editor/filemanager/browser/default/images/icons/32 gif.gif
2009.08.05 14:02 B C:\AppServ\www\tcl\admin\fckeditor\editor\filemanager\browser\default\images\icons\32\fla.gif --> www.tcl.co.th /httpdocs/code/admin/fckeditor/editor/filemanager/browser/default/images/icons/32 fla.gif
2009.08.05 14:02 B C:\AppServ\www\tcl\admin\fckeditor\editor\filemanager\browser\default\images\icons\32\exe.gif --> www.tcl.co.th /httpdocs/code/admin/fckeditor/editor/filemanager/browser/default/images/icons/32 exe.gif
2009.08.05 14:02 B C:\AppServ\www\tcl\admin\fckeditor\editor\filemanager\browser\default\images\icons\32\doc.gif --> www.tcl.co.th /httpdocs/code/admin/fckeditor/editor/filemanager/browser/default/images/icons/32 doc.gif
2009.08.05 14:02 B C:\AppServ\www\tcl\admin\fckeditor\editor\filemanager\browser\default\images\icons\32\dll.gif --> www.tcl.co.th /httpdocs/code/admin/fckeditor/editor/filemanager/browser/default/images/icons/32 dll.gif
2009.08.05 14:02 B C:\AppServ\www\tcl\admin\fckeditor\editor\filemanager\browser\default\images\icons\32\default.icon.gif --> www.tcl.co.th /httpdocs/code/admin/fckeditor/editor/filemanager/browser/default/images/icons/32 default.icon.gif
2009.08.05 14:02 B C:\AppServ\www\tcl\admin\fckeditor\editor\filemanager\browser\default\images\icons\32\cs.gif --> www.tcl.co.th /httpdocs/code/admin/fckeditor/editor/filemanager/browser/default/images/icons/32 cs.gif
2009.08.05 14:02 B C:\AppServ\www\tcl\admin\fckeditor\editor\filemanager\browser\default\images\icons\32\bmp.gif --> www.tcl.co.th /httpdocs/code/admin/fckeditor/editor/filemanager/browser/default/images/icons/32 bmp.gif
2009.08.05 14:02 B C:\AppServ\www\tcl\admin\fckeditor\editor\filemanager\browser\default\images\icons\32\avi.gif --> www.tcl.co.th /httpdocs/code/admin/fckeditor/editor/filemanager/browser/default/images/icons/32 avi.gif
2009.08.05 14:02 B C:\AppServ\www\tcl\admin\fckeditor\editor\filemanager\browser\default\images\icons\32\ai.gif --> www.tcl.co.th /httpdocs/code/admin/fckeditor/editor/filemanager/browser/default/images/icons/32 ai.gif
2009.08.05 15:19 B C:\AppServ\www\tcl\admin\fckeditor\editor\filemanager\browser\default\images\icons\32\WS_FTP.LOG --> www.tcl.co.th /httpdocs/code/admin/fckeditor/editor/filemanager/browser/default/images/icons/32 WS_FTP.LOG
2009.08.19 17:31 B C:\AppServ\www\tcl\admin\fckeditor\editor\filemanager\browser\default\images\icons\32\ai.gif --> www.tcl.co.th /httpdocs/admin/fckeditor/editor/filemanager/browser/default/images/icons/32 ai.gif
2009.08.19 17:31 B C:\AppServ\www\tcl\admin\fckeditor\editor\filemanager\browser\default\images\icons\32\avi.gif --> www.tcl.co.th /httpdocs/admin/fckeditor/editor/filemanager/browser/default/images/icons/32 avi.gif
2009.08.19 17:31 B C:\AppServ\www\tcl\admin\fckeditor\editor\filemanager\browser\default\images\icons\32\bmp.gif --> www.tcl.co.th /httpdocs/admin/fckeditor/editor/filemanager/browser/default/images/icons/32 bmp.gif
2009.08.19 17:31 B C:\AppServ\www\tcl\admin\fckeditor\editor\filemanager\browser\default\images\icons\32\cs.gif --> www.tcl.co.th /httpdocs/admin/fckeditor/editor/filemanager/browser/default/images/icons/32 cs.gif
2009.08.19 17:31 B C:\AppServ\www\tcl\admin\fckeditor\editor\filemanager\browser\default\images\icons\32\default.icon.gif --> www.tcl.co.th /httpdocs/admin/fckeditor/editor/filemanager/browser/default/images/icons/32 default.icon.gif
2009.08.19 17:31 B C:\AppServ\www\tcl\admin\fckeditor\editor\filemanager\browser\default\images\icons\32\dll.gif --> www.tcl.co.th /httpdocs/admin/fckeditor/editor/filemanager/browser/default/images/icons/32 dll.gif
2009.08.19 17:31 B C:\AppServ\www\tcl\admin\fckeditor\editor\filemanager\browser\default\images\icons\32\doc.gif --> www.tcl.co.th /httpdocs/admin/fckeditor/editor/filemanager/browser/default/images/icons/32 doc.gif
2009.08.19 17:31 B C:\AppServ\www\tcl\admin\fckeditor\editor\filemanager\browser\default\images\icons\32\exe.gif --> www.tcl.co.th /httpdocs/admin/fckeditor/editor/filemanager/browser/default/images/icons/32 exe.gif
2009.08.19 17:31 B C:\AppServ\www\tcl\admin\fckeditor\editor\filemanager\browser\default\images\icons\32\fla.gif --> www.tcl.co.th /httpdocs/admin/fckeditor/editor/filemanager/browser/default/images/icons/32 fla.gif
2009.08.19 17:31 B C:\AppServ\www\tcl\admin\fckeditor\editor\filemanager\browser\default\images\icons\32\gif.gif --> www.tcl.co.th /httpdocs/admin/fckeditor/editor/filemanager/browser/default/images/icons/32 gif.gif
2009.08.19 17:31 B C:\AppServ\www\tcl\admin\fckeditor\editor\filemanager\browser\default\images\icons\32\htm.gif --> www.tcl.co.th /httpdocs/admin/fckeditor/editor/filemanager/browser/default/images/icons/32 htm.gif
2009.08.19 17:31 B C:\AppServ\www\tcl\admin\fckeditor\editor\filemanager\browser\default\images\icons\32\html.gif --> www.tcl.co.th /httpdocs/admin/fckeditor/editor/filemanager/browser/default/images/icons/32 html.gif
2009.08.19 17:31 B C:\AppServ\www\tcl\admin\fckeditor\editor\filemanager\browser\default\images\icons\32\jpg.gif --> www.tcl.co.th /httpdocs/admin/fckeditor/editor/filemanager/browser/default/images/icons/32 jpg.gif
2009.08.19 17:31 B C:\AppServ\www\tcl\admin\fckeditor\editor\filemanager\browser\default\images\icons\32\js.gif --> www.tcl.co.th /httpdocs/admin/fckeditor/editor/filemanager/browser/default/images/icons/32 js.gif
2009.08.19 17:31 B C:\AppServ\www\tcl\admin\fckeditor\editor\filemanager\browser\default\images\icons\32\mdb.gif --> www.tcl.co.th /httpdocs/admin/fckeditor/editor/filemanager/browser/default/images/icons/32 mdb.gif
2009.08.19 17:31 B C:\AppServ\www\tcl\admin\fckeditor\editor\filemanager\browser\default\images\icons\32\mp3.gif --> www.tcl.co.th /httpdocs/admin/fckeditor/editor/filemanager/browser/default/images/icons/32 mp3.gif
2009.08.19 17:31 B C:\AppServ\www\tcl\admin\fckeditor\editor\filemanager\browser\default\images\icons\32\pdf.gif --> www.tcl.co.th /httpdocs/admin/fckeditor/editor/filemanager/browser/default/images/icons/32 pdf.gif
2009.08.19 17:31 B C:\AppServ\www\tcl\admin\fckeditor\editor\filemanager\browser\default\images\icons\32\png.gif --> www.tcl.co.th /httpdocs/admin/fckeditor/editor/filemanager/browser/default/images/icons/32 png.gif
2009.08.19 17:31 B C:\AppServ\www\tcl\admin\fckeditor\editor\filemanager\browser\default\images\icons\32\ppt.gif --> www.tcl.co.th /httpdocs/admin/fckeditor/editor/filemanager/browser/default/images/icons/32 ppt.gif
2009.08.19 17:31 B C:\AppServ\www\tcl\admin\fckeditor\editor\filemanager\browser\default\images\icons\32\rdp.gif --> www.tcl.co.th /httpdocs/admin/fckeditor/editor/filemanager/browser/default/images/icons/32 rdp.gif
2009.08.19 17:31 B C:\AppServ\www\tcl\admin\fckeditor\editor\filemanager\browser\default\images\icons\32\swf.gif --> www.tcl.co.th /httpdocs/admin/fckeditor/editor/filemanager/browser/default/images/icons/32 swf.gif
2009.08.19 17:31 B C:\AppServ\www\tcl\admin\fckeditor\editor\filemanager\browser\default\images\icons\32\swt.gif --> www.tcl.co.th /httpdocs/admin/fckeditor/editor/filemanager/browser/default/images/icons/32 swt.gif
2009.08.19 17:31 B C:\AppServ\www\tcl\admin\fckeditor\editor\filemanager\browser\default\images\icons\32\txt.gif --> www.tcl.co.th /httpdocs/admin/fckeditor/editor/filemanager/browser/default/images/icons/32 txt.gif
2009.08.19 17:31 B C:\AppServ\www\tcl\admin\fckeditor\editor\filemanager\browser\default\images\icons\32\vsd.gif --> www.tcl.co.th /httpdocs/admin/fckeditor/editor/filemanager/browser/default/images/icons/32 vsd.gif
2009.08.19 17:31 B C:\AppServ\www\tcl\admin\fckeditor\editor\filemanager\browser\default\images\icons\32\WS_FTP.LOG --> www.tcl.co.th /httpdocs/admin/fckeditor/editor/filemanager/browser/default/images/icons/32 WS_FTP.LOG
2009.08.19 17:31 B C:\AppServ\www\tcl\admin\fckeditor\editor\filemanager\browser\default\images\icons\32\xls.gif --> www.tcl.co.th /httpdocs/admin/fckeditor/editor/filemanager/browser/default/images/icons/32 xls.gif
2009.08.19 17:31 B C:\AppServ\www\tcl\admin\fckeditor\editor\filemanager\browser\default\images\icons\32\xml.gif --> www.tcl.co.th /httpdocs/admin/fckeditor/editor/filemanager/browser/default/images/icons/32 xml.gif
2009.08.19 17:31 B C:\AppServ\www\tcl\admin\fckeditor\editor\filemanager\browser\default\images\icons\32\zip.gif --> www.tcl.co.th /httpdocs/admin/fckeditor/editor/filemanager/browser/default/images/icons/32 zip.gif
