2009.06.08 17:34 B C:\AppServ\www\postthai\admin\fckeditor\editor\filemanager\connectors\perl\basexml.pl --> bangkokstamp2010.com /httpdocs/code/admin/fckeditor/editor/filemanager/connectors/perl basexml.pl
2009.06.08 17:34 B C:\AppServ\www\postthai\admin\fckeditor\editor\filemanager\connectors\perl\commands.pl --> bangkokstamp2010.com /httpdocs/code/admin/fckeditor/editor/filemanager/connectors/perl commands.pl
2009.06.08 17:34 B C:\AppServ\www\postthai\admin\fckeditor\editor\filemanager\connectors\perl\connector.cgi --> bangkokstamp2010.com /httpdocs/code/admin/fckeditor/editor/filemanager/connectors/perl connector.cgi
2009.06.08 17:34 B C:\AppServ\www\postthai\admin\fckeditor\editor\filemanager\connectors\perl\io.pl --> bangkokstamp2010.com /httpdocs/code/admin/fckeditor/editor/filemanager/connectors/perl io.pl
2009.06.08 17:34 B C:\AppServ\www\postthai\admin\fckeditor\editor\filemanager\connectors\perl\upload.cgi --> bangkokstamp2010.com /httpdocs/code/admin/fckeditor/editor/filemanager/connectors/perl upload.cgi
2009.06.08 17:34 B C:\AppServ\www\postthai\admin\fckeditor\editor\filemanager\connectors\perl\upload_fck.pl --> bangkokstamp2010.com /httpdocs/code/admin/fckeditor/editor/filemanager/connectors/perl upload_fck.pl
2009.06.08 17:34 B C:\AppServ\www\postthai\admin\fckeditor\editor\filemanager\connectors\perl\util.pl --> bangkokstamp2010.com /httpdocs/code/admin/fckeditor/editor/filemanager/connectors/perl util.pl
2009.06.17 16:26 B C:\AppServ\www\futsalhouse\admin\fckeditor\editor\filemanager\connectors\perl\basexml.pl --> futsalhouse.com /httpdocs/admin/fckeditor/editor/filemanager/connectors/perl basexml.pl
2009.06.17 16:26 B C:\AppServ\www\futsalhouse\admin\fckeditor\editor\filemanager\connectors\perl\commands.pl --> futsalhouse.com /httpdocs/admin/fckeditor/editor/filemanager/connectors/perl commands.pl
2009.06.17 16:26 B C:\AppServ\www\futsalhouse\admin\fckeditor\editor\filemanager\connectors\perl\connector.cgi --> futsalhouse.com /httpdocs/admin/fckeditor/editor/filemanager/connectors/perl connector.cgi
2009.06.17 16:26 B C:\AppServ\www\futsalhouse\admin\fckeditor\editor\filemanager\connectors\perl\io.pl --> futsalhouse.com /httpdocs/admin/fckeditor/editor/filemanager/connectors/perl io.pl
2009.06.17 16:26 B C:\AppServ\www\futsalhouse\admin\fckeditor\editor\filemanager\connectors\perl\upload.cgi --> futsalhouse.com /httpdocs/admin/fckeditor/editor/filemanager/connectors/perl upload.cgi
2009.06.17 16:26 B C:\AppServ\www\futsalhouse\admin\fckeditor\editor\filemanager\connectors\perl\upload_fck.pl --> futsalhouse.com /httpdocs/admin/fckeditor/editor/filemanager/connectors/perl upload_fck.pl
2009.06.17 16:26 B C:\AppServ\www\futsalhouse\admin\fckeditor\editor\filemanager\connectors\perl\util.pl --> futsalhouse.com /httpdocs/admin/fckeditor/editor/filemanager/connectors/perl util.pl
2009.06.17 16:26 B C:\AppServ\www\futsalhouse\admin\fckeditor\editor\filemanager\connectors\perl\WS_FTP.LOG --> futsalhouse.com /httpdocs/admin/fckeditor/editor/filemanager/connectors/perl WS_FTP.LOG
2009.07.22 09:31 B C:\AppServ\www\corn\admin\fckeditor\editor\filemanager\connectors\perl\basexml.pl --> cornproducts.co.th /httpdocs/code/admin/fckeditor/editor/filemanager/connectors/perl basexml.pl
2009.07.22 09:31 B C:\AppServ\www\corn\admin\fckeditor\editor\filemanager\connectors\perl\commands.pl --> cornproducts.co.th /httpdocs/code/admin/fckeditor/editor/filemanager/connectors/perl commands.pl
2009.07.22 09:31 B C:\AppServ\www\corn\admin\fckeditor\editor\filemanager\connectors\perl\connector.cgi --> cornproducts.co.th /httpdocs/code/admin/fckeditor/editor/filemanager/connectors/perl connector.cgi
2009.07.22 09:31 B C:\AppServ\www\corn\admin\fckeditor\editor\filemanager\connectors\perl\io.pl --> cornproducts.co.th /httpdocs/code/admin/fckeditor/editor/filemanager/connectors/perl io.pl
2009.07.22 09:31 B C:\AppServ\www\corn\admin\fckeditor\editor\filemanager\connectors\perl\upload.cgi --> cornproducts.co.th /httpdocs/code/admin/fckeditor/editor/filemanager/connectors/perl upload.cgi
2009.07.22 09:31 B C:\AppServ\www\corn\admin\fckeditor\editor\filemanager\connectors\perl\upload_fck.pl --> cornproducts.co.th /httpdocs/code/admin/fckeditor/editor/filemanager/connectors/perl upload_fck.pl
2009.07.22 09:31 B C:\AppServ\www\corn\admin\fckeditor\editor\filemanager\connectors\perl\util.pl --> cornproducts.co.th /httpdocs/code/admin/fckeditor/editor/filemanager/connectors/perl util.pl
2009.07.22 09:31 B C:\AppServ\www\corn\admin\fckeditor\editor\filemanager\connectors\perl\WS_FTP.LOG --> cornproducts.co.th /httpdocs/code/admin/fckeditor/editor/filemanager/connectors/perl WS_FTP.LOG
2009.08.05 14:01 B C:\AppServ\www\tcl\admin\fckeditor\editor\filemanager\connectors\perl\WS_FTP.LOG --> www.tcl.co.th /httpdocs/code/admin/fckeditor/editor/filemanager/connectors/perl WS_FTP.LOG
2009.08.05 14:01 B C:\AppServ\www\tcl\admin\fckeditor\editor\filemanager\connectors\perl\util.pl --> www.tcl.co.th /httpdocs/code/admin/fckeditor/editor/filemanager/connectors/perl util.pl
2009.08.05 14:01 B C:\AppServ\www\tcl\admin\fckeditor\editor\filemanager\connectors\perl\upload_fck.pl --> www.tcl.co.th /httpdocs/code/admin/fckeditor/editor/filemanager/connectors/perl upload_fck.pl
2009.08.05 14:01 B C:\AppServ\www\tcl\admin\fckeditor\editor\filemanager\connectors\perl\upload.cgi --> www.tcl.co.th /httpdocs/code/admin/fckeditor/editor/filemanager/connectors/perl upload.cgi
2009.08.05 14:01 B C:\AppServ\www\tcl\admin\fckeditor\editor\filemanager\connectors\perl\io.pl --> www.tcl.co.th /httpdocs/code/admin/fckeditor/editor/filemanager/connectors/perl io.pl
2009.08.05 14:01 B C:\AppServ\www\tcl\admin\fckeditor\editor\filemanager\connectors\perl\connector.cgi --> www.tcl.co.th /httpdocs/code/admin/fckeditor/editor/filemanager/connectors/perl connector.cgi
2009.08.05 14:01 B C:\AppServ\www\tcl\admin\fckeditor\editor\filemanager\connectors\perl\commands.pl --> www.tcl.co.th /httpdocs/code/admin/fckeditor/editor/filemanager/connectors/perl commands.pl
2009.08.05 14:01 B C:\AppServ\www\tcl\admin\fckeditor\editor\filemanager\connectors\perl\basexml.pl --> www.tcl.co.th /httpdocs/code/admin/fckeditor/editor/filemanager/connectors/perl basexml.pl
2009.08.05 15:20 B C:\AppServ\www\tcl\admin\fckeditor\editor\filemanager\connectors\perl\WS_FTP.LOG --> www.tcl.co.th /httpdocs/code/admin/fckeditor/editor/filemanager/connectors/perl WS_FTP.LOG
2009.08.19 17:33 B C:\AppServ\www\tcl\admin\fckeditor\editor\filemanager\connectors\perl\basexml.pl --> www.tcl.co.th /httpdocs/admin/fckeditor/editor/filemanager/connectors/perl basexml.pl
2009.08.19 17:33 B C:\AppServ\www\tcl\admin\fckeditor\editor\filemanager\connectors\perl\commands.pl --> www.tcl.co.th /httpdocs/admin/fckeditor/editor/filemanager/connectors/perl commands.pl
2009.08.19 17:33 B C:\AppServ\www\tcl\admin\fckeditor\editor\filemanager\connectors\perl\connector.cgi --> www.tcl.co.th /httpdocs/admin/fckeditor/editor/filemanager/connectors/perl connector.cgi
2009.08.19 17:33 B C:\AppServ\www\tcl\admin\fckeditor\editor\filemanager\connectors\perl\io.pl --> www.tcl.co.th /httpdocs/admin/fckeditor/editor/filemanager/connectors/perl io.pl
2009.08.19 17:33 B C:\AppServ\www\tcl\admin\fckeditor\editor\filemanager\connectors\perl\upload.cgi --> www.tcl.co.th /httpdocs/admin/fckeditor/editor/filemanager/connectors/perl upload.cgi
2009.08.19 17:33 B C:\AppServ\www\tcl\admin\fckeditor\editor\filemanager\connectors\perl\upload_fck.pl --> www.tcl.co.th /httpdocs/admin/fckeditor/editor/filemanager/connectors/perl upload_fck.pl
2009.08.19 17:33 B C:\AppServ\www\tcl\admin\fckeditor\editor\filemanager\connectors\perl\util.pl --> www.tcl.co.th /httpdocs/admin/fckeditor/editor/filemanager/connectors/perl util.pl
2009.08.19 17:33 B C:\AppServ\www\tcl\admin\fckeditor\editor\filemanager\connectors\perl\WS_FTP.LOG --> www.tcl.co.th /httpdocs/admin/fckeditor/editor/filemanager/connectors/perl WS_FTP.LOG
