2009.06.08 17:32 B C:\AppServ\www\postthai\admin\fckeditor\editor\dialog\fck_spellerpages\spellerpages\server-scripts\spellchecker.cfm --> bangkokstamp2010.com /httpdocs/code/admin/fckeditor/editor/dialog/fck_spellerpages/spellerpages/server-scripts spellchecker.cfm
2009.06.08 17:32 B C:\AppServ\www\postthai\admin\fckeditor\editor\dialog\fck_spellerpages\spellerpages\server-scripts\spellchecker.php --> bangkokstamp2010.com /httpdocs/code/admin/fckeditor/editor/dialog/fck_spellerpages/spellerpages/server-scripts spellchecker.php
2009.06.08 17:32 B C:\AppServ\www\postthai\admin\fckeditor\editor\dialog\fck_spellerpages\spellerpages\server-scripts\spellchecker.pl --> bangkokstamp2010.com /httpdocs/code/admin/fckeditor/editor/dialog/fck_spellerpages/spellerpages/server-scripts spellchecker.pl
2009.06.17 16:23 B C:\AppServ\www\futsalhouse\admin\fckeditor\editor\dialog\fck_spellerpages\spellerpages\server-scripts\spellchecker.cfm --> futsalhouse.com /httpdocs/admin/fckeditor/editor/dialog/fck_spellerpages/spellerpages/server-scripts spellchecker.cfm
2009.06.17 16:23 B C:\AppServ\www\futsalhouse\admin\fckeditor\editor\dialog\fck_spellerpages\spellerpages\server-scripts\spellchecker.php --> futsalhouse.com /httpdocs/admin/fckeditor/editor/dialog/fck_spellerpages/spellerpages/server-scripts spellchecker.php
2009.06.17 16:23 B C:\AppServ\www\futsalhouse\admin\fckeditor\editor\dialog\fck_spellerpages\spellerpages\server-scripts\spellchecker.pl --> futsalhouse.com /httpdocs/admin/fckeditor/editor/dialog/fck_spellerpages/spellerpages/server-scripts spellchecker.pl
2009.06.17 16:23 B C:\AppServ\www\futsalhouse\admin\fckeditor\editor\dialog\fck_spellerpages\spellerpages\server-scripts\WS_FTP.LOG --> futsalhouse.com /httpdocs/admin/fckeditor/editor/dialog/fck_spellerpages/spellerpages/server-scripts WS_FTP.LOG
2009.07.22 09:30 B C:\AppServ\www\corn\admin\fckeditor\editor\dialog\fck_spellerpages\spellerpages\server-scripts\spellchecker.cfm --> cornproducts.co.th /httpdocs/code/admin/fckeditor/editor/dialog/fck_spellerpages/spellerpages/server-scripts spellchecker.cfm
2009.07.22 09:30 B C:\AppServ\www\corn\admin\fckeditor\editor\dialog\fck_spellerpages\spellerpages\server-scripts\spellchecker.php --> cornproducts.co.th /httpdocs/code/admin/fckeditor/editor/dialog/fck_spellerpages/spellerpages/server-scripts spellchecker.php
2009.07.22 09:30 B C:\AppServ\www\corn\admin\fckeditor\editor\dialog\fck_spellerpages\spellerpages\server-scripts\spellchecker.pl --> cornproducts.co.th /httpdocs/code/admin/fckeditor/editor/dialog/fck_spellerpages/spellerpages/server-scripts spellchecker.pl
2009.07.22 09:30 B C:\AppServ\www\corn\admin\fckeditor\editor\dialog\fck_spellerpages\spellerpages\server-scripts\WS_FTP.LOG --> cornproducts.co.th /httpdocs/code/admin/fckeditor/editor/dialog/fck_spellerpages/spellerpages/server-scripts WS_FTP.LOG
2009.08.05 14:02 B C:\AppServ\www\tcl\admin\fckeditor\editor\dialog\fck_spellerpages\spellerpages\server-scripts\WS_FTP.LOG --> www.tcl.co.th /httpdocs/code/admin/fckeditor/editor/dialog/fck_spellerpages/spellerpages/server-scripts WS_FTP.LOG
2009.08.05 14:02 B C:\AppServ\www\tcl\admin\fckeditor\editor\dialog\fck_spellerpages\spellerpages\server-scripts\spellchecker.pl --> www.tcl.co.th /httpdocs/code/admin/fckeditor/editor/dialog/fck_spellerpages/spellerpages/server-scripts spellchecker.pl
2009.08.05 14:02 B C:\AppServ\www\tcl\admin\fckeditor\editor\dialog\fck_spellerpages\spellerpages\server-scripts\spellchecker.php --> www.tcl.co.th /httpdocs/code/admin/fckeditor/editor/dialog/fck_spellerpages/spellerpages/server-scripts spellchecker.php
2009.08.05 14:02 B C:\AppServ\www\tcl\admin\fckeditor\editor\dialog\fck_spellerpages\spellerpages\server-scripts\spellchecker.cfm --> www.tcl.co.th /httpdocs/code/admin/fckeditor/editor/dialog/fck_spellerpages/spellerpages/server-scripts spellchecker.cfm
2009.08.05 15:19 B C:\AppServ\www\tcl\admin\fckeditor\editor\dialog\fck_spellerpages\spellerpages\server-scripts\WS_FTP.LOG --> www.tcl.co.th /httpdocs/code/admin/fckeditor/editor/dialog/fck_spellerpages/spellerpages/server-scripts WS_FTP.LOG
2009.08.19 17:30 B C:\AppServ\www\tcl\admin\fckeditor\editor\dialog\fck_spellerpages\spellerpages\server-scripts\spellchecker.cfm --> www.tcl.co.th /httpdocs/admin/fckeditor/editor/dialog/fck_spellerpages/spellerpages/server-scripts spellchecker.cfm
2009.08.19 17:30 B C:\AppServ\www\tcl\admin\fckeditor\editor\dialog\fck_spellerpages\spellerpages\server-scripts\spellchecker.php --> www.tcl.co.th /httpdocs/admin/fckeditor/editor/dialog/fck_spellerpages/spellerpages/server-scripts spellchecker.php
2009.08.19 17:30 B C:\AppServ\www\tcl\admin\fckeditor\editor\dialog\fck_spellerpages\spellerpages\server-scripts\spellchecker.pl --> www.tcl.co.th /httpdocs/admin/fckeditor/editor/dialog/fck_spellerpages/spellerpages/server-scripts spellchecker.pl
2009.08.19 17:30 B C:\AppServ\www\tcl\admin\fckeditor\editor\dialog\fck_spellerpages\spellerpages\server-scripts\WS_FTP.LOG --> www.tcl.co.th /httpdocs/admin/fckeditor/editor/dialog/fck_spellerpages/spellerpages/server-scripts WS_FTP.LOG
