2009.06.08 17:30 B C:\AppServ\www\postthai\admin\fckeditor\_samples\perl\sample01.cgi --> bangkokstamp2010.com /httpdocs/code/admin/fckeditor/_samples/perl sample01.cgi
2009.06.08 17:30 B C:\AppServ\www\postthai\admin\fckeditor\_samples\perl\sample02.cgi --> bangkokstamp2010.com /httpdocs/code/admin/fckeditor/_samples/perl sample02.cgi
2009.06.08 17:30 B C:\AppServ\www\postthai\admin\fckeditor\_samples\perl\sample03.cgi --> bangkokstamp2010.com /httpdocs/code/admin/fckeditor/_samples/perl sample03.cgi
2009.06.08 17:30 B C:\AppServ\www\postthai\admin\fckeditor\_samples\perl\sample04.cgi --> bangkokstamp2010.com /httpdocs/code/admin/fckeditor/_samples/perl sample04.cgi
2009.06.08 17:30 B C:\AppServ\www\postthai\admin\fckeditor\_samples\perl\sampleposteddata.cgi --> bangkokstamp2010.com /httpdocs/code/admin/fckeditor/_samples/perl sampleposteddata.cgi
2009.06.17 16:21 B C:\AppServ\www\futsalhouse\admin\fckeditor\_samples\perl\sample01.cgi --> futsalhouse.com /httpdocs/admin/fckeditor/_samples/perl sample01.cgi
2009.06.17 16:21 B C:\AppServ\www\futsalhouse\admin\fckeditor\_samples\perl\sample02.cgi --> futsalhouse.com /httpdocs/admin/fckeditor/_samples/perl sample02.cgi
2009.06.17 16:21 B C:\AppServ\www\futsalhouse\admin\fckeditor\_samples\perl\sample03.cgi --> futsalhouse.com /httpdocs/admin/fckeditor/_samples/perl sample03.cgi
2009.06.17 16:21 B C:\AppServ\www\futsalhouse\admin\fckeditor\_samples\perl\sample04.cgi --> futsalhouse.com /httpdocs/admin/fckeditor/_samples/perl sample04.cgi
2009.06.17 16:21 B C:\AppServ\www\futsalhouse\admin\fckeditor\_samples\perl\sampleposteddata.cgi --> futsalhouse.com /httpdocs/admin/fckeditor/_samples/perl sampleposteddata.cgi
2009.06.17 16:21 B C:\AppServ\www\futsalhouse\admin\fckeditor\_samples\perl\WS_FTP.LOG --> futsalhouse.com /httpdocs/admin/fckeditor/_samples/perl WS_FTP.LOG
2009.07.22 09:28 B C:\AppServ\www\corn\admin\fckeditor\_samples\perl\sample01.cgi --> cornproducts.co.th /httpdocs/code/admin/fckeditor/_samples/perl sample01.cgi
2009.07.22 09:28 B C:\AppServ\www\corn\admin\fckeditor\_samples\perl\sample02.cgi --> cornproducts.co.th /httpdocs/code/admin/fckeditor/_samples/perl sample02.cgi
2009.07.22 09:28 B C:\AppServ\www\corn\admin\fckeditor\_samples\perl\sample03.cgi --> cornproducts.co.th /httpdocs/code/admin/fckeditor/_samples/perl sample03.cgi
2009.07.22 09:28 B C:\AppServ\www\corn\admin\fckeditor\_samples\perl\sample04.cgi --> cornproducts.co.th /httpdocs/code/admin/fckeditor/_samples/perl sample04.cgi
2009.07.22 09:28 B C:\AppServ\www\corn\admin\fckeditor\_samples\perl\sampleposteddata.cgi --> cornproducts.co.th /httpdocs/code/admin/fckeditor/_samples/perl sampleposteddata.cgi
2009.07.22 09:28 B C:\AppServ\www\corn\admin\fckeditor\_samples\perl\WS_FTP.LOG --> cornproducts.co.th /httpdocs/code/admin/fckeditor/_samples/perl WS_FTP.LOG
2009.08.05 15:17 B C:\AppServ\www\tcl\admin\fckeditor\_samples\perl\sample01.cgi --> www.tcl.co.th /httpdocs/code/admin/fckeditor/_samples/perl sample01.cgi
2009.08.05 15:17 B C:\AppServ\www\tcl\admin\fckeditor\_samples\perl\sample02.cgi --> www.tcl.co.th /httpdocs/code/admin/fckeditor/_samples/perl sample02.cgi
2009.08.05 15:17 B C:\AppServ\www\tcl\admin\fckeditor\_samples\perl\sample03.cgi --> www.tcl.co.th /httpdocs/code/admin/fckeditor/_samples/perl sample03.cgi
2009.08.05 15:17 B C:\AppServ\www\tcl\admin\fckeditor\_samples\perl\sample04.cgi --> www.tcl.co.th /httpdocs/code/admin/fckeditor/_samples/perl sample04.cgi
2009.08.05 15:17 B C:\AppServ\www\tcl\admin\fckeditor\_samples\perl\sampleposteddata.cgi --> www.tcl.co.th /httpdocs/code/admin/fckeditor/_samples/perl sampleposteddata.cgi
2009.08.05 15:17 B C:\AppServ\www\tcl\admin\fckeditor\_samples\perl\WS_FTP.LOG --> www.tcl.co.th /httpdocs/code/admin/fckeditor/_samples/perl WS_FTP.LOG
2009.08.19 17:26 B C:\AppServ\www\tcl\admin\fckeditor\_samples\perl\sample01.cgi --> www.tcl.co.th /httpdocs/admin/fckeditor/_samples/perl sample01.cgi
2009.08.19 17:26 B C:\AppServ\www\tcl\admin\fckeditor\_samples\perl\sample02.cgi --> www.tcl.co.th /httpdocs/admin/fckeditor/_samples/perl sample02.cgi
2009.08.19 17:26 B C:\AppServ\www\tcl\admin\fckeditor\_samples\perl\sample03.cgi --> www.tcl.co.th /httpdocs/admin/fckeditor/_samples/perl sample03.cgi
2009.08.19 17:26 B C:\AppServ\www\tcl\admin\fckeditor\_samples\perl\sample04.cgi --> www.tcl.co.th /httpdocs/admin/fckeditor/_samples/perl sample04.cgi
2009.08.19 17:26 B C:\AppServ\www\tcl\admin\fckeditor\_samples\perl\sampleposteddata.cgi --> www.tcl.co.th /httpdocs/admin/fckeditor/_samples/perl sampleposteddata.cgi
2009.08.19 17:26 B C:\AppServ\www\tcl\admin\fckeditor\_samples\perl\WS_FTP.LOG --> www.tcl.co.th /httpdocs/admin/fckeditor/_samples/perl WS_FTP.LOG
