2009.06.08 17:34 B C:\AppServ\www\postthai\admin\fckeditor\editor\filemanager\connectors\lasso\config.lasso --> bangkokstamp2010.com /httpdocs/code/admin/fckeditor/editor/filemanager/connectors/lasso config.lasso
2009.06.08 17:34 B C:\AppServ\www\postthai\admin\fckeditor\editor\filemanager\connectors\lasso\connector.lasso --> bangkokstamp2010.com /httpdocs/code/admin/fckeditor/editor/filemanager/connectors/lasso connector.lasso
2009.06.08 17:34 B C:\AppServ\www\postthai\admin\fckeditor\editor\filemanager\connectors\lasso\upload.lasso --> bangkokstamp2010.com /httpdocs/code/admin/fckeditor/editor/filemanager/connectors/lasso upload.lasso
2009.06.17 16:26 B C:\AppServ\www\futsalhouse\admin\fckeditor\editor\filemanager\connectors\lasso\config.lasso --> futsalhouse.com /httpdocs/admin/fckeditor/editor/filemanager/connectors/lasso config.lasso
2009.06.17 16:26 B C:\AppServ\www\futsalhouse\admin\fckeditor\editor\filemanager\connectors\lasso\connector.lasso --> futsalhouse.com /httpdocs/admin/fckeditor/editor/filemanager/connectors/lasso connector.lasso
2009.06.17 16:26 B C:\AppServ\www\futsalhouse\admin\fckeditor\editor\filemanager\connectors\lasso\upload.lasso --> futsalhouse.com /httpdocs/admin/fckeditor/editor/filemanager/connectors/lasso upload.lasso
2009.06.17 16:26 B C:\AppServ\www\futsalhouse\admin\fckeditor\editor\filemanager\connectors\lasso\WS_FTP.LOG --> futsalhouse.com /httpdocs/admin/fckeditor/editor/filemanager/connectors/lasso WS_FTP.LOG
2009.07.22 09:31 B C:\AppServ\www\corn\admin\fckeditor\editor\filemanager\connectors\lasso\config.lasso --> cornproducts.co.th /httpdocs/code/admin/fckeditor/editor/filemanager/connectors/lasso config.lasso
2009.07.22 09:31 B C:\AppServ\www\corn\admin\fckeditor\editor\filemanager\connectors\lasso\connector.lasso --> cornproducts.co.th /httpdocs/code/admin/fckeditor/editor/filemanager/connectors/lasso connector.lasso
2009.07.22 09:31 B C:\AppServ\www\corn\admin\fckeditor\editor\filemanager\connectors\lasso\upload.lasso --> cornproducts.co.th /httpdocs/code/admin/fckeditor/editor/filemanager/connectors/lasso upload.lasso
2009.07.22 09:31 B C:\AppServ\www\corn\admin\fckeditor\editor\filemanager\connectors\lasso\WS_FTP.LOG --> cornproducts.co.th /httpdocs/code/admin/fckeditor/editor/filemanager/connectors/lasso WS_FTP.LOG
2009.08.05 14:01 B C:\AppServ\www\tcl\admin\fckeditor\editor\filemanager\connectors\lasso\WS_FTP.LOG --> www.tcl.co.th /httpdocs/code/admin/fckeditor/editor/filemanager/connectors/lasso WS_FTP.LOG
2009.08.05 14:01 B C:\AppServ\www\tcl\admin\fckeditor\editor\filemanager\connectors\lasso\upload.lasso --> www.tcl.co.th /httpdocs/code/admin/fckeditor/editor/filemanager/connectors/lasso upload.lasso
2009.08.05 14:01 B C:\AppServ\www\tcl\admin\fckeditor\editor\filemanager\connectors\lasso\connector.lasso --> www.tcl.co.th /httpdocs/code/admin/fckeditor/editor/filemanager/connectors/lasso connector.lasso
2009.08.05 14:01 B C:\AppServ\www\tcl\admin\fckeditor\editor\filemanager\connectors\lasso\config.lasso --> www.tcl.co.th /httpdocs/code/admin/fckeditor/editor/filemanager/connectors/lasso config.lasso
2009.08.05 15:20 B C:\AppServ\www\tcl\admin\fckeditor\editor\filemanager\connectors\lasso\WS_FTP.LOG --> www.tcl.co.th /httpdocs/code/admin/fckeditor/editor/filemanager/connectors/lasso WS_FTP.LOG
2009.08.19 17:33 B C:\AppServ\www\tcl\admin\fckeditor\editor\filemanager\connectors\lasso\config.lasso --> www.tcl.co.th /httpdocs/admin/fckeditor/editor/filemanager/connectors/lasso config.lasso
2009.08.19 17:33 B C:\AppServ\www\tcl\admin\fckeditor\editor\filemanager\connectors\lasso\connector.lasso --> www.tcl.co.th /httpdocs/admin/fckeditor/editor/filemanager/connectors/lasso connector.lasso
2009.08.19 17:33 B C:\AppServ\www\tcl\admin\fckeditor\editor\filemanager\connectors\lasso\upload.lasso --> www.tcl.co.th /httpdocs/admin/fckeditor/editor/filemanager/connectors/lasso upload.lasso
2009.08.19 17:33 B C:\AppServ\www\tcl\admin\fckeditor\editor\filemanager\connectors\lasso\WS_FTP.LOG --> www.tcl.co.th /httpdocs/admin/fckeditor/editor/filemanager/connectors/lasso WS_FTP.LOG
