2009.06.08 17:34 B C:\AppServ\www\postthai\admin\fckeditor\editor\images\smiley\msn\angel_smile.gif --> bangkokstamp2010.com /httpdocs/code/admin/fckeditor/editor/images/smiley/msn angel_smile.gif
2009.06.08 17:34 B C:\AppServ\www\postthai\admin\fckeditor\editor\images\smiley\msn\angry_smile.gif --> bangkokstamp2010.com /httpdocs/code/admin/fckeditor/editor/images/smiley/msn angry_smile.gif
2009.06.08 17:34 B C:\AppServ\www\postthai\admin\fckeditor\editor\images\smiley\msn\broken_heart.gif --> bangkokstamp2010.com /httpdocs/code/admin/fckeditor/editor/images/smiley/msn broken_heart.gif
2009.06.08 17:34 B C:\AppServ\www\postthai\admin\fckeditor\editor\images\smiley\msn\cake.gif --> bangkokstamp2010.com /httpdocs/code/admin/fckeditor/editor/images/smiley/msn cake.gif
2009.06.08 17:34 B C:\AppServ\www\postthai\admin\fckeditor\editor\images\smiley\msn\confused_smile.gif --> bangkokstamp2010.com /httpdocs/code/admin/fckeditor/editor/images/smiley/msn confused_smile.gif
2009.06.08 17:34 B C:\AppServ\www\postthai\admin\fckeditor\editor\images\smiley\msn\cry_smile.gif --> bangkokstamp2010.com /httpdocs/code/admin/fckeditor/editor/images/smiley/msn cry_smile.gif
2009.06.08 17:34 B C:\AppServ\www\postthai\admin\fckeditor\editor\images\smiley\msn\devil_smile.gif --> bangkokstamp2010.com /httpdocs/code/admin/fckeditor/editor/images/smiley/msn devil_smile.gif
2009.06.08 17:34 B C:\AppServ\www\postthai\admin\fckeditor\editor\images\smiley\msn\embaressed_smile.gif --> bangkokstamp2010.com /httpdocs/code/admin/fckeditor/editor/images/smiley/msn embaressed_smile.gif
2009.06.08 17:34 B C:\AppServ\www\postthai\admin\fckeditor\editor\images\smiley\msn\envelope.gif --> bangkokstamp2010.com /httpdocs/code/admin/fckeditor/editor/images/smiley/msn envelope.gif
2009.06.08 17:34 B C:\AppServ\www\postthai\admin\fckeditor\editor\images\smiley\msn\heart.gif --> bangkokstamp2010.com /httpdocs/code/admin/fckeditor/editor/images/smiley/msn heart.gif
2009.06.08 17:34 B C:\AppServ\www\postthai\admin\fckeditor\editor\images\smiley\msn\kiss.gif --> bangkokstamp2010.com /httpdocs/code/admin/fckeditor/editor/images/smiley/msn kiss.gif
2009.06.08 17:34 B C:\AppServ\www\postthai\admin\fckeditor\editor\images\smiley\msn\lightbulb.gif --> bangkokstamp2010.com /httpdocs/code/admin/fckeditor/editor/images/smiley/msn lightbulb.gif
2009.06.08 17:34 B C:\AppServ\www\postthai\admin\fckeditor\editor\images\smiley\msn\omg_smile.gif --> bangkokstamp2010.com /httpdocs/code/admin/fckeditor/editor/images/smiley/msn omg_smile.gif
2009.06.08 17:34 B C:\AppServ\www\postthai\admin\fckeditor\editor\images\smiley\msn\regular_smile.gif --> bangkokstamp2010.com /httpdocs/code/admin/fckeditor/editor/images/smiley/msn regular_smile.gif
2009.06.08 17:34 B C:\AppServ\www\postthai\admin\fckeditor\editor\images\smiley\msn\sad_smile.gif --> bangkokstamp2010.com /httpdocs/code/admin/fckeditor/editor/images/smiley/msn sad_smile.gif
2009.06.08 17:34 B C:\AppServ\www\postthai\admin\fckeditor\editor\images\smiley\msn\shades_smile.gif --> bangkokstamp2010.com /httpdocs/code/admin/fckeditor/editor/images/smiley/msn shades_smile.gif
2009.06.08 17:34 B C:\AppServ\www\postthai\admin\fckeditor\editor\images\smiley\msn\teeth_smile.gif --> bangkokstamp2010.com /httpdocs/code/admin/fckeditor/editor/images/smiley/msn teeth_smile.gif
2009.06.08 17:34 B C:\AppServ\www\postthai\admin\fckeditor\editor\images\smiley\msn\thumbs_down.gif --> bangkokstamp2010.com /httpdocs/code/admin/fckeditor/editor/images/smiley/msn thumbs_down.gif
2009.06.08 17:34 B C:\AppServ\www\postthai\admin\fckeditor\editor\images\smiley\msn\thumbs_up.gif --> bangkokstamp2010.com /httpdocs/code/admin/fckeditor/editor/images/smiley/msn thumbs_up.gif
2009.06.08 17:34 B C:\AppServ\www\postthai\admin\fckeditor\editor\images\smiley\msn\tounge_smile.gif --> bangkokstamp2010.com /httpdocs/code/admin/fckeditor/editor/images/smiley/msn tounge_smile.gif
2009.06.08 17:34 B C:\AppServ\www\postthai\admin\fckeditor\editor\images\smiley\msn\whatchutalkingabout_smile.gif --> bangkokstamp2010.com /httpdocs/code/admin/fckeditor/editor/images/smiley/msn whatchutalkingabout_smile.gif
2009.06.08 17:34 B C:\AppServ\www\postthai\admin\fckeditor\editor\images\smiley\msn\wink_smile.gif --> bangkokstamp2010.com /httpdocs/code/admin/fckeditor/editor/images/smiley/msn wink_smile.gif
2009.06.17 16:26 B C:\AppServ\www\futsalhouse\admin\fckeditor\editor\images\smiley\msn\angel_smile.gif --> futsalhouse.com /httpdocs/admin/fckeditor/editor/images/smiley/msn angel_smile.gif
2009.06.17 16:26 B C:\AppServ\www\futsalhouse\admin\fckeditor\editor\images\smiley\msn\angry_smile.gif --> futsalhouse.com /httpdocs/admin/fckeditor/editor/images/smiley/msn angry_smile.gif
2009.06.17 16:26 B C:\AppServ\www\futsalhouse\admin\fckeditor\editor\images\smiley\msn\broken_heart.gif --> futsalhouse.com /httpdocs/admin/fckeditor/editor/images/smiley/msn broken_heart.gif
2009.06.17 16:26 B C:\AppServ\www\futsalhouse\admin\fckeditor\editor\images\smiley\msn\cake.gif --> futsalhouse.com /httpdocs/admin/fckeditor/editor/images/smiley/msn cake.gif
2009.06.17 16:26 B C:\AppServ\www\futsalhouse\admin\fckeditor\editor\images\smiley\msn\confused_smile.gif --> futsalhouse.com /httpdocs/admin/fckeditor/editor/images/smiley/msn confused_smile.gif
2009.06.17 16:26 B C:\AppServ\www\futsalhouse\admin\fckeditor\editor\images\smiley\msn\cry_smile.gif --> futsalhouse.com /httpdocs/admin/fckeditor/editor/images/smiley/msn cry_smile.gif
2009.06.17 16:26 B C:\AppServ\www\futsalhouse\admin\fckeditor\editor\images\smiley\msn\devil_smile.gif --> futsalhouse.com /httpdocs/admin/fckeditor/editor/images/smiley/msn devil_smile.gif
2009.06.17 16:26 B C:\AppServ\www\futsalhouse\admin\fckeditor\editor\images\smiley\msn\embaressed_smile.gif --> futsalhouse.com /httpdocs/admin/fckeditor/editor/images/smiley/msn embaressed_smile.gif
2009.06.17 16:26 B C:\AppServ\www\futsalhouse\admin\fckeditor\editor\images\smiley\msn\envelope.gif --> futsalhouse.com /httpdocs/admin/fckeditor/editor/images/smiley/msn envelope.gif
2009.06.17 16:26 B C:\AppServ\www\futsalhouse\admin\fckeditor\editor\images\smiley\msn\heart.gif --> futsalhouse.com /httpdocs/admin/fckeditor/editor/images/smiley/msn heart.gif
2009.06.17 16:26 B C:\AppServ\www\futsalhouse\admin\fckeditor\editor\images\smiley\msn\kiss.gif --> futsalhouse.com /httpdocs/admin/fckeditor/editor/images/smiley/msn kiss.gif
2009.06.17 16:26 B C:\AppServ\www\futsalhouse\admin\fckeditor\editor\images\smiley\msn\lightbulb.gif --> futsalhouse.com /httpdocs/admin/fckeditor/editor/images/smiley/msn lightbulb.gif
2009.06.17 16:26 B C:\AppServ\www\futsalhouse\admin\fckeditor\editor\images\smiley\msn\omg_smile.gif --> futsalhouse.com /httpdocs/admin/fckeditor/editor/images/smiley/msn omg_smile.gif
2009.06.17 16:26 B C:\AppServ\www\futsalhouse\admin\fckeditor\editor\images\smiley\msn\regular_smile.gif --> futsalhouse.com /httpdocs/admin/fckeditor/editor/images/smiley/msn regular_smile.gif
2009.06.17 16:26 B C:\AppServ\www\futsalhouse\admin\fckeditor\editor\images\smiley\msn\sad_smile.gif --> futsalhouse.com /httpdocs/admin/fckeditor/editor/images/smiley/msn sad_smile.gif
2009.06.17 16:26 B C:\AppServ\www\futsalhouse\admin\fckeditor\editor\images\smiley\msn\shades_smile.gif --> futsalhouse.com /httpdocs/admin/fckeditor/editor/images/smiley/msn shades_smile.gif
2009.06.17 16:26 B C:\AppServ\www\futsalhouse\admin\fckeditor\editor\images\smiley\msn\teeth_smile.gif --> futsalhouse.com /httpdocs/admin/fckeditor/editor/images/smiley/msn teeth_smile.gif
2009.06.17 16:26 B C:\AppServ\www\futsalhouse\admin\fckeditor\editor\images\smiley\msn\thumbs_down.gif --> futsalhouse.com /httpdocs/admin/fckeditor/editor/images/smiley/msn thumbs_down.gif
2009.06.17 16:26 B C:\AppServ\www\futsalhouse\admin\fckeditor\editor\images\smiley\msn\thumbs_up.gif --> futsalhouse.com /httpdocs/admin/fckeditor/editor/images/smiley/msn thumbs_up.gif
2009.06.17 16:26 B C:\AppServ\www\futsalhouse\admin\fckeditor\editor\images\smiley\msn\tounge_smile.gif --> futsalhouse.com /httpdocs/admin/fckeditor/editor/images/smiley/msn tounge_smile.gif
2009.06.17 16:26 B C:\AppServ\www\futsalhouse\admin\fckeditor\editor\images\smiley\msn\whatchutalkingabout_smile.gif --> futsalhouse.com /httpdocs/admin/fckeditor/editor/images/smiley/msn whatchutalkingabout_smile.gif
2009.06.17 16:26 B C:\AppServ\www\futsalhouse\admin\fckeditor\editor\images\smiley\msn\wink_smile.gif --> futsalhouse.com /httpdocs/admin/fckeditor/editor/images/smiley/msn wink_smile.gif
2009.06.17 16:26 B C:\AppServ\www\futsalhouse\admin\fckeditor\editor\images\smiley\msn\WS_FTP.LOG --> futsalhouse.com /httpdocs/admin/fckeditor/editor/images/smiley/msn WS_FTP.LOG
2009.07.22 09:32 B C:\AppServ\www\corn\admin\fckeditor\editor\images\smiley\msn\angel_smile.gif --> cornproducts.co.th /httpdocs/code/admin/fckeditor/editor/images/smiley/msn angel_smile.gif
2009.07.22 09:32 B C:\AppServ\www\corn\admin\fckeditor\editor\images\smiley\msn\angry_smile.gif --> cornproducts.co.th /httpdocs/code/admin/fckeditor/editor/images/smiley/msn angry_smile.gif
2009.07.22 09:32 B C:\AppServ\www\corn\admin\fckeditor\editor\images\smiley\msn\broken_heart.gif --> cornproducts.co.th /httpdocs/code/admin/fckeditor/editor/images/smiley/msn broken_heart.gif
2009.07.22 09:32 B C:\AppServ\www\corn\admin\fckeditor\editor\images\smiley\msn\cake.gif --> cornproducts.co.th /httpdocs/code/admin/fckeditor/editor/images/smiley/msn cake.gif
2009.07.22 09:32 B C:\AppServ\www\corn\admin\fckeditor\editor\images\smiley\msn\confused_smile.gif --> cornproducts.co.th /httpdocs/code/admin/fckeditor/editor/images/smiley/msn confused_smile.gif
2009.07.22 09:32 B C:\AppServ\www\corn\admin\fckeditor\editor\images\smiley\msn\cry_smile.gif --> cornproducts.co.th /httpdocs/code/admin/fckeditor/editor/images/smiley/msn cry_smile.gif
2009.07.22 09:32 B C:\AppServ\www\corn\admin\fckeditor\editor\images\smiley\msn\devil_smile.gif --> cornproducts.co.th /httpdocs/code/admin/fckeditor/editor/images/smiley/msn devil_smile.gif
2009.07.22 09:32 B C:\AppServ\www\corn\admin\fckeditor\editor\images\smiley\msn\embaressed_smile.gif --> cornproducts.co.th /httpdocs/code/admin/fckeditor/editor/images/smiley/msn embaressed_smile.gif
2009.07.22 09:32 B C:\AppServ\www\corn\admin\fckeditor\editor\images\smiley\msn\envelope.gif --> cornproducts.co.th /httpdocs/code/admin/fckeditor/editor/images/smiley/msn envelope.gif
2009.07.22 09:32 B C:\AppServ\www\corn\admin\fckeditor\editor\images\smiley\msn\heart.gif --> cornproducts.co.th /httpdocs/code/admin/fckeditor/editor/images/smiley/msn heart.gif
2009.07.22 09:32 B C:\AppServ\www\corn\admin\fckeditor\editor\images\smiley\msn\kiss.gif --> cornproducts.co.th /httpdocs/code/admin/fckeditor/editor/images/smiley/msn kiss.gif
2009.07.22 09:32 B C:\AppServ\www\corn\admin\fckeditor\editor\images\smiley\msn\lightbulb.gif --> cornproducts.co.th /httpdocs/code/admin/fckeditor/editor/images/smiley/msn lightbulb.gif
2009.07.22 09:32 B C:\AppServ\www\corn\admin\fckeditor\editor\images\smiley\msn\omg_smile.gif --> cornproducts.co.th /httpdocs/code/admin/fckeditor/editor/images/smiley/msn omg_smile.gif
2009.07.22 09:32 B C:\AppServ\www\corn\admin\fckeditor\editor\images\smiley\msn\regular_smile.gif --> cornproducts.co.th /httpdocs/code/admin/fckeditor/editor/images/smiley/msn regular_smile.gif
2009.07.22 09:32 B C:\AppServ\www\corn\admin\fckeditor\editor\images\smiley\msn\sad_smile.gif --> cornproducts.co.th /httpdocs/code/admin/fckeditor/editor/images/smiley/msn sad_smile.gif
2009.07.22 09:32 B C:\AppServ\www\corn\admin\fckeditor\editor\images\smiley\msn\shades_smile.gif --> cornproducts.co.th /httpdocs/code/admin/fckeditor/editor/images/smiley/msn shades_smile.gif
2009.07.22 09:32 B C:\AppServ\www\corn\admin\fckeditor\editor\images\smiley\msn\teeth_smile.gif --> cornproducts.co.th /httpdocs/code/admin/fckeditor/editor/images/smiley/msn teeth_smile.gif
2009.07.22 09:32 B C:\AppServ\www\corn\admin\fckeditor\editor\images\smiley\msn\thumbs_down.gif --> cornproducts.co.th /httpdocs/code/admin/fckeditor/editor/images/smiley/msn thumbs_down.gif
2009.07.22 09:32 B C:\AppServ\www\corn\admin\fckeditor\editor\images\smiley\msn\thumbs_up.gif --> cornproducts.co.th /httpdocs/code/admin/fckeditor/editor/images/smiley/msn thumbs_up.gif
2009.07.22 09:32 B C:\AppServ\www\corn\admin\fckeditor\editor\images\smiley\msn\tounge_smile.gif --> cornproducts.co.th /httpdocs/code/admin/fckeditor/editor/images/smiley/msn tounge_smile.gif
2009.07.22 09:32 B C:\AppServ\www\corn\admin\fckeditor\editor\images\smiley\msn\whatchutalkingabout_smile.gif --> cornproducts.co.th /httpdocs/code/admin/fckeditor/editor/images/smiley/msn whatchutalkingabout_smile.gif
2009.07.22 09:32 B C:\AppServ\www\corn\admin\fckeditor\editor\images\smiley\msn\wink_smile.gif --> cornproducts.co.th /httpdocs/code/admin/fckeditor/editor/images/smiley/msn wink_smile.gif
2009.07.22 09:32 B C:\AppServ\www\corn\admin\fckeditor\editor\images\smiley\msn\WS_FTP.LOG --> cornproducts.co.th /httpdocs/code/admin/fckeditor/editor/images/smiley/msn WS_FTP.LOG
2009.08.05 14:01 B C:\AppServ\www\tcl\admin\fckeditor\editor\images\smiley\msn\WS_FTP.LOG --> www.tcl.co.th /httpdocs/code/admin/fckeditor/editor/images/smiley/msn WS_FTP.LOG
2009.08.05 14:01 B C:\AppServ\www\tcl\admin\fckeditor\editor\images\smiley\msn\wink_smile.gif --> www.tcl.co.th /httpdocs/code/admin/fckeditor/editor/images/smiley/msn wink_smile.gif
2009.08.05 14:01 B C:\AppServ\www\tcl\admin\fckeditor\editor\images\smiley\msn\whatchutalkingabout_smile.gif --> www.tcl.co.th /httpdocs/code/admin/fckeditor/editor/images/smiley/msn whatchutalkingabout_smile.gif
2009.08.05 14:01 B C:\AppServ\www\tcl\admin\fckeditor\editor\images\smiley\msn\tounge_smile.gif --> www.tcl.co.th /httpdocs/code/admin/fckeditor/editor/images/smiley/msn tounge_smile.gif
2009.08.05 14:01 B C:\AppServ\www\tcl\admin\fckeditor\editor\images\smiley\msn\thumbs_up.gif --> www.tcl.co.th /httpdocs/code/admin/fckeditor/editor/images/smiley/msn thumbs_up.gif
2009.08.05 14:01 B C:\AppServ\www\tcl\admin\fckeditor\editor\images\smiley\msn\thumbs_down.gif --> www.tcl.co.th /httpdocs/code/admin/fckeditor/editor/images/smiley/msn thumbs_down.gif
2009.08.05 14:01 B C:\AppServ\www\tcl\admin\fckeditor\editor\images\smiley\msn\teeth_smile.gif --> www.tcl.co.th /httpdocs/code/admin/fckeditor/editor/images/smiley/msn teeth_smile.gif
2009.08.05 14:01 B C:\AppServ\www\tcl\admin\fckeditor\editor\images\smiley\msn\shades_smile.gif --> www.tcl.co.th /httpdocs/code/admin/fckeditor/editor/images/smiley/msn shades_smile.gif
2009.08.05 14:01 B C:\AppServ\www\tcl\admin\fckeditor\editor\images\smiley\msn\sad_smile.gif --> www.tcl.co.th /httpdocs/code/admin/fckeditor/editor/images/smiley/msn sad_smile.gif
2009.08.05 14:01 B C:\AppServ\www\tcl\admin\fckeditor\editor\images\smiley\msn\regular_smile.gif --> www.tcl.co.th /httpdocs/code/admin/fckeditor/editor/images/smiley/msn regular_smile.gif
2009.08.05 14:01 B C:\AppServ\www\tcl\admin\fckeditor\editor\images\smiley\msn\omg_smile.gif --> www.tcl.co.th /httpdocs/code/admin/fckeditor/editor/images/smiley/msn omg_smile.gif
2009.08.05 14:01 B C:\AppServ\www\tcl\admin\fckeditor\editor\images\smiley\msn\lightbulb.gif --> www.tcl.co.th /httpdocs/code/admin/fckeditor/editor/images/smiley/msn lightbulb.gif
2009.08.05 14:01 B C:\AppServ\www\tcl\admin\fckeditor\editor\images\smiley\msn\kiss.gif --> www.tcl.co.th /httpdocs/code/admin/fckeditor/editor/images/smiley/msn kiss.gif
2009.08.05 14:01 B C:\AppServ\www\tcl\admin\fckeditor\editor\images\smiley\msn\heart.gif --> www.tcl.co.th /httpdocs/code/admin/fckeditor/editor/images/smiley/msn heart.gif
2009.08.05 14:01 B C:\AppServ\www\tcl\admin\fckeditor\editor\images\smiley\msn\envelope.gif --> www.tcl.co.th /httpdocs/code/admin/fckeditor/editor/images/smiley/msn envelope.gif
2009.08.05 14:01 B C:\AppServ\www\tcl\admin\fckeditor\editor\images\smiley\msn\embaressed_smile.gif --> www.tcl.co.th /httpdocs/code/admin/fckeditor/editor/images/smiley/msn embaressed_smile.gif
2009.08.05 14:01 B C:\AppServ\www\tcl\admin\fckeditor\editor\images\smiley\msn\devil_smile.gif --> www.tcl.co.th /httpdocs/code/admin/fckeditor/editor/images/smiley/msn devil_smile.gif
2009.08.05 14:01 B C:\AppServ\www\tcl\admin\fckeditor\editor\images\smiley\msn\cry_smile.gif --> www.tcl.co.th /httpdocs/code/admin/fckeditor/editor/images/smiley/msn cry_smile.gif
2009.08.05 14:01 B C:\AppServ\www\tcl\admin\fckeditor\editor\images\smiley\msn\confused_smile.gif --> www.tcl.co.th /httpdocs/code/admin/fckeditor/editor/images/smiley/msn confused_smile.gif
2009.08.05 14:01 B C:\AppServ\www\tcl\admin\fckeditor\editor\images\smiley\msn\cake.gif --> www.tcl.co.th /httpdocs/code/admin/fckeditor/editor/images/smiley/msn cake.gif
2009.08.05 14:01 B C:\AppServ\www\tcl\admin\fckeditor\editor\images\smiley\msn\broken_heart.gif --> www.tcl.co.th /httpdocs/code/admin/fckeditor/editor/images/smiley/msn broken_heart.gif
2009.08.05 14:01 B C:\AppServ\www\tcl\admin\fckeditor\editor\images\smiley\msn\angry_smile.gif --> www.tcl.co.th /httpdocs/code/admin/fckeditor/editor/images/smiley/msn angry_smile.gif
2009.08.05 14:01 B C:\AppServ\www\tcl\admin\fckeditor\editor\images\smiley\msn\angel_smile.gif --> www.tcl.co.th /httpdocs/code/admin/fckeditor/editor/images/smiley/msn angel_smile.gif
2009.08.05 15:20 B C:\AppServ\www\tcl\admin\fckeditor\editor\images\smiley\msn\WS_FTP.LOG --> www.tcl.co.th /httpdocs/code/admin/fckeditor/editor/images/smiley/msn WS_FTP.LOG
2009.08.19 17:34 B C:\AppServ\www\tcl\admin\fckeditor\editor\images\smiley\msn\angel_smile.gif --> www.tcl.co.th /httpdocs/admin/fckeditor/editor/images/smiley/msn angel_smile.gif
2009.08.19 17:34 B C:\AppServ\www\tcl\admin\fckeditor\editor\images\smiley\msn\angry_smile.gif --> www.tcl.co.th /httpdocs/admin/fckeditor/editor/images/smiley/msn angry_smile.gif
2009.08.19 17:34 B C:\AppServ\www\tcl\admin\fckeditor\editor\images\smiley\msn\broken_heart.gif --> www.tcl.co.th /httpdocs/admin/fckeditor/editor/images/smiley/msn broken_heart.gif
2009.08.19 17:34 B C:\AppServ\www\tcl\admin\fckeditor\editor\images\smiley\msn\cake.gif --> www.tcl.co.th /httpdocs/admin/fckeditor/editor/images/smiley/msn cake.gif
2009.08.19 17:34 B C:\AppServ\www\tcl\admin\fckeditor\editor\images\smiley\msn\confused_smile.gif --> www.tcl.co.th /httpdocs/admin/fckeditor/editor/images/smiley/msn confused_smile.gif
2009.08.19 17:34 B C:\AppServ\www\tcl\admin\fckeditor\editor\images\smiley\msn\cry_smile.gif --> www.tcl.co.th /httpdocs/admin/fckeditor/editor/images/smiley/msn cry_smile.gif
2009.08.19 17:34 B C:\AppServ\www\tcl\admin\fckeditor\editor\images\smiley\msn\devil_smile.gif --> www.tcl.co.th /httpdocs/admin/fckeditor/editor/images/smiley/msn devil_smile.gif
2009.08.19 17:34 B C:\AppServ\www\tcl\admin\fckeditor\editor\images\smiley\msn\embaressed_smile.gif --> www.tcl.co.th /httpdocs/admin/fckeditor/editor/images/smiley/msn embaressed_smile.gif
2009.08.19 17:34 B C:\AppServ\www\tcl\admin\fckeditor\editor\images\smiley\msn\envelope.gif --> www.tcl.co.th /httpdocs/admin/fckeditor/editor/images/smiley/msn envelope.gif
2009.08.19 17:34 B C:\AppServ\www\tcl\admin\fckeditor\editor\images\smiley\msn\heart.gif --> www.tcl.co.th /httpdocs/admin/fckeditor/editor/images/smiley/msn heart.gif
2009.08.19 17:34 B C:\AppServ\www\tcl\admin\fckeditor\editor\images\smiley\msn\kiss.gif --> www.tcl.co.th /httpdocs/admin/fckeditor/editor/images/smiley/msn kiss.gif
2009.08.19 17:34 B C:\AppServ\www\tcl\admin\fckeditor\editor\images\smiley\msn\lightbulb.gif --> www.tcl.co.th /httpdocs/admin/fckeditor/editor/images/smiley/msn lightbulb.gif
2009.08.19 17:34 B C:\AppServ\www\tcl\admin\fckeditor\editor\images\smiley\msn\omg_smile.gif --> www.tcl.co.th /httpdocs/admin/fckeditor/editor/images/smiley/msn omg_smile.gif
2009.08.19 17:34 B C:\AppServ\www\tcl\admin\fckeditor\editor\images\smiley\msn\regular_smile.gif --> www.tcl.co.th /httpdocs/admin/fckeditor/editor/images/smiley/msn regular_smile.gif
2009.08.19 17:34 B C:\AppServ\www\tcl\admin\fckeditor\editor\images\smiley\msn\sad_smile.gif --> www.tcl.co.th /httpdocs/admin/fckeditor/editor/images/smiley/msn sad_smile.gif
2009.08.19 17:34 B C:\AppServ\www\tcl\admin\fckeditor\editor\images\smiley\msn\shades_smile.gif --> www.tcl.co.th /httpdocs/admin/fckeditor/editor/images/smiley/msn shades_smile.gif
2009.08.19 17:34 B C:\AppServ\www\tcl\admin\fckeditor\editor\images\smiley\msn\teeth_smile.gif --> www.tcl.co.th /httpdocs/admin/fckeditor/editor/images/smiley/msn teeth_smile.gif
2009.08.19 17:34 B C:\AppServ\www\tcl\admin\fckeditor\editor\images\smiley\msn\thumbs_down.gif --> www.tcl.co.th /httpdocs/admin/fckeditor/editor/images/smiley/msn thumbs_down.gif
2009.08.19 17:34 B C:\AppServ\www\tcl\admin\fckeditor\editor\images\smiley\msn\thumbs_up.gif --> www.tcl.co.th /httpdocs/admin/fckeditor/editor/images/smiley/msn thumbs_up.gif
2009.08.19 17:34 B C:\AppServ\www\tcl\admin\fckeditor\editor\images\smiley\msn\tounge_smile.gif --> www.tcl.co.th /httpdocs/admin/fckeditor/editor/images/smiley/msn tounge_smile.gif
2009.08.19 17:34 B C:\AppServ\www\tcl\admin\fckeditor\editor\images\smiley\msn\whatchutalkingabout_smile.gif --> www.tcl.co.th /httpdocs/admin/fckeditor/editor/images/smiley/msn whatchutalkingabout_smile.gif
2009.08.19 17:34 B C:\AppServ\www\tcl\admin\fckeditor\editor\images\smiley\msn\wink_smile.gif --> www.tcl.co.th /httpdocs/admin/fckeditor/editor/images/smiley/msn wink_smile.gif
2009.08.19 17:34 B C:\AppServ\www\tcl\admin\fckeditor\editor\images\smiley\msn\WS_FTP.LOG --> www.tcl.co.th /httpdocs/admin/fckeditor/editor/images/smiley/msn WS_FTP.LOG
