2009.06.08 17:32 B C:\AppServ\www\postthai\admin\fckeditor\editor\dialog\fck_spellerpages\spellerpages\blank.html --> bangkokstamp2010.com /httpdocs/code/admin/fckeditor/editor/dialog/fck_spellerpages/spellerpages blank.html
2009.06.08 17:32 B C:\AppServ\www\postthai\admin\fckeditor\editor\dialog\fck_spellerpages\spellerpages\controls.html --> bangkokstamp2010.com /httpdocs/code/admin/fckeditor/editor/dialog/fck_spellerpages/spellerpages controls.html
2009.06.08 17:32 B C:\AppServ\www\postthai\admin\fckeditor\editor\dialog\fck_spellerpages\spellerpages\controlWindow.js --> bangkokstamp2010.com /httpdocs/code/admin/fckeditor/editor/dialog/fck_spellerpages/spellerpages controlWindow.js
2009.06.08 17:32 B C:\AppServ\www\postthai\admin\fckeditor\editor\dialog\fck_spellerpages\spellerpages\spellchecker.html --> bangkokstamp2010.com /httpdocs/code/admin/fckeditor/editor/dialog/fck_spellerpages/spellerpages spellchecker.html
2009.06.08 17:32 B C:\AppServ\www\postthai\admin\fckeditor\editor\dialog\fck_spellerpages\spellerpages\spellChecker.js --> bangkokstamp2010.com /httpdocs/code/admin/fckeditor/editor/dialog/fck_spellerpages/spellerpages spellChecker.js
2009.06.08 17:32 B C:\AppServ\www\postthai\admin\fckeditor\editor\dialog\fck_spellerpages\spellerpages\spellerStyle.css --> bangkokstamp2010.com /httpdocs/code/admin/fckeditor/editor/dialog/fck_spellerpages/spellerpages spellerStyle.css
2009.06.08 17:32 B C:\AppServ\www\postthai\admin\fckeditor\editor\dialog\fck_spellerpages\spellerpages\wordWindow.js --> bangkokstamp2010.com /httpdocs/code/admin/fckeditor/editor/dialog/fck_spellerpages/spellerpages wordWindow.js
2009.06.17 16:23 B C:\AppServ\www\futsalhouse\admin\fckeditor\editor\dialog\fck_spellerpages\spellerpages\blank.html --> futsalhouse.com /httpdocs/admin/fckeditor/editor/dialog/fck_spellerpages/spellerpages blank.html
2009.06.17 16:23 B C:\AppServ\www\futsalhouse\admin\fckeditor\editor\dialog\fck_spellerpages\spellerpages\controls.html --> futsalhouse.com /httpdocs/admin/fckeditor/editor/dialog/fck_spellerpages/spellerpages controls.html
2009.06.17 16:23 B C:\AppServ\www\futsalhouse\admin\fckeditor\editor\dialog\fck_spellerpages\spellerpages\controlWindow.js --> futsalhouse.com /httpdocs/admin/fckeditor/editor/dialog/fck_spellerpages/spellerpages controlWindow.js
2009.06.17 16:23 B C:\AppServ\www\futsalhouse\admin\fckeditor\editor\dialog\fck_spellerpages\spellerpages\spellchecker.html --> futsalhouse.com /httpdocs/admin/fckeditor/editor/dialog/fck_spellerpages/spellerpages spellchecker.html
2009.06.17 16:23 B C:\AppServ\www\futsalhouse\admin\fckeditor\editor\dialog\fck_spellerpages\spellerpages\spellChecker.js --> futsalhouse.com /httpdocs/admin/fckeditor/editor/dialog/fck_spellerpages/spellerpages spellChecker.js
2009.06.17 16:23 B C:\AppServ\www\futsalhouse\admin\fckeditor\editor\dialog\fck_spellerpages\spellerpages\spellerStyle.css --> futsalhouse.com /httpdocs/admin/fckeditor/editor/dialog/fck_spellerpages/spellerpages spellerStyle.css
2009.06.17 16:23 B C:\AppServ\www\futsalhouse\admin\fckeditor\editor\dialog\fck_spellerpages\spellerpages\wordWindow.js --> futsalhouse.com /httpdocs/admin/fckeditor/editor/dialog/fck_spellerpages/spellerpages wordWindow.js
2009.06.17 16:23 B C:\AppServ\www\futsalhouse\admin\fckeditor\editor\dialog\fck_spellerpages\spellerpages\WS_FTP.LOG --> futsalhouse.com /httpdocs/admin/fckeditor/editor/dialog/fck_spellerpages/spellerpages WS_FTP.LOG
2009.07.22 09:30 B C:\AppServ\www\corn\admin\fckeditor\editor\dialog\fck_spellerpages\spellerpages\blank.html --> cornproducts.co.th /httpdocs/code/admin/fckeditor/editor/dialog/fck_spellerpages/spellerpages blank.html
2009.07.22 09:30 B C:\AppServ\www\corn\admin\fckeditor\editor\dialog\fck_spellerpages\spellerpages\controls.html --> cornproducts.co.th /httpdocs/code/admin/fckeditor/editor/dialog/fck_spellerpages/spellerpages controls.html
2009.07.22 09:30 B C:\AppServ\www\corn\admin\fckeditor\editor\dialog\fck_spellerpages\spellerpages\controlWindow.js --> cornproducts.co.th /httpdocs/code/admin/fckeditor/editor/dialog/fck_spellerpages/spellerpages controlWindow.js
2009.07.22 09:30 B C:\AppServ\www\corn\admin\fckeditor\editor\dialog\fck_spellerpages\spellerpages\spellchecker.html --> cornproducts.co.th /httpdocs/code/admin/fckeditor/editor/dialog/fck_spellerpages/spellerpages spellchecker.html
2009.07.22 09:30 B C:\AppServ\www\corn\admin\fckeditor\editor\dialog\fck_spellerpages\spellerpages\spellChecker.js --> cornproducts.co.th /httpdocs/code/admin/fckeditor/editor/dialog/fck_spellerpages/spellerpages spellChecker.js
2009.07.22 09:30 B C:\AppServ\www\corn\admin\fckeditor\editor\dialog\fck_spellerpages\spellerpages\spellerStyle.css --> cornproducts.co.th /httpdocs/code/admin/fckeditor/editor/dialog/fck_spellerpages/spellerpages spellerStyle.css
2009.07.22 09:30 B C:\AppServ\www\corn\admin\fckeditor\editor\dialog\fck_spellerpages\spellerpages\wordWindow.js --> cornproducts.co.th /httpdocs/code/admin/fckeditor/editor/dialog/fck_spellerpages/spellerpages wordWindow.js
2009.07.22 09:30 B C:\AppServ\www\corn\admin\fckeditor\editor\dialog\fck_spellerpages\spellerpages\WS_FTP.LOG --> cornproducts.co.th /httpdocs/code/admin/fckeditor/editor/dialog/fck_spellerpages/spellerpages WS_FTP.LOG
2009.08.05 14:03 B C:\AppServ\www\tcl\admin\fckeditor\editor\dialog\fck_spellerpages\spellerpages\WS_FTP.LOG --> www.tcl.co.th /httpdocs/code/admin/fckeditor/editor/dialog/fck_spellerpages/spellerpages WS_FTP.LOG
2009.08.05 14:03 B C:\AppServ\www\tcl\admin\fckeditor\editor\dialog\fck_spellerpages\spellerpages\wordWindow.js --> www.tcl.co.th /httpdocs/code/admin/fckeditor/editor/dialog/fck_spellerpages/spellerpages wordWindow.js
2009.08.05 14:03 B C:\AppServ\www\tcl\admin\fckeditor\editor\dialog\fck_spellerpages\spellerpages\spellerStyle.css --> www.tcl.co.th /httpdocs/code/admin/fckeditor/editor/dialog/fck_spellerpages/spellerpages spellerStyle.css
2009.08.05 14:03 B C:\AppServ\www\tcl\admin\fckeditor\editor\dialog\fck_spellerpages\spellerpages\spellChecker.js --> www.tcl.co.th /httpdocs/code/admin/fckeditor/editor/dialog/fck_spellerpages/spellerpages spellChecker.js
2009.08.05 14:03 B C:\AppServ\www\tcl\admin\fckeditor\editor\dialog\fck_spellerpages\spellerpages\spellchecker.html --> www.tcl.co.th /httpdocs/code/admin/fckeditor/editor/dialog/fck_spellerpages/spellerpages spellchecker.html
2009.08.05 14:03 B C:\AppServ\www\tcl\admin\fckeditor\editor\dialog\fck_spellerpages\spellerpages\controlWindow.js --> www.tcl.co.th /httpdocs/code/admin/fckeditor/editor/dialog/fck_spellerpages/spellerpages controlWindow.js
2009.08.05 14:03 B C:\AppServ\www\tcl\admin\fckeditor\editor\dialog\fck_spellerpages\spellerpages\controls.html --> www.tcl.co.th /httpdocs/code/admin/fckeditor/editor/dialog/fck_spellerpages/spellerpages controls.html
2009.08.05 14:03 B C:\AppServ\www\tcl\admin\fckeditor\editor\dialog\fck_spellerpages\spellerpages\blank.html --> www.tcl.co.th /httpdocs/code/admin/fckeditor/editor/dialog/fck_spellerpages/spellerpages blank.html
2009.08.05 15:19 B C:\AppServ\www\tcl\admin\fckeditor\editor\dialog\fck_spellerpages\spellerpages\WS_FTP.LOG --> www.tcl.co.th /httpdocs/code/admin/fckeditor/editor/dialog/fck_spellerpages/spellerpages WS_FTP.LOG
2009.08.19 17:30 B C:\AppServ\www\tcl\admin\fckeditor\editor\dialog\fck_spellerpages\spellerpages\blank.html --> www.tcl.co.th /httpdocs/admin/fckeditor/editor/dialog/fck_spellerpages/spellerpages blank.html
2009.08.19 17:30 B C:\AppServ\www\tcl\admin\fckeditor\editor\dialog\fck_spellerpages\spellerpages\controls.html --> www.tcl.co.th /httpdocs/admin/fckeditor/editor/dialog/fck_spellerpages/spellerpages controls.html
2009.08.19 17:30 B C:\AppServ\www\tcl\admin\fckeditor\editor\dialog\fck_spellerpages\spellerpages\controlWindow.js --> www.tcl.co.th /httpdocs/admin/fckeditor/editor/dialog/fck_spellerpages/spellerpages controlWindow.js
2009.08.19 17:30 B C:\AppServ\www\tcl\admin\fckeditor\editor\dialog\fck_spellerpages\spellerpages\spellchecker.html --> www.tcl.co.th /httpdocs/admin/fckeditor/editor/dialog/fck_spellerpages/spellerpages spellchecker.html
2009.08.19 17:30 B C:\AppServ\www\tcl\admin\fckeditor\editor\dialog\fck_spellerpages\spellerpages\spellChecker.js --> www.tcl.co.th /httpdocs/admin/fckeditor/editor/dialog/fck_spellerpages/spellerpages spellChecker.js
2009.08.19 17:30 B C:\AppServ\www\tcl\admin\fckeditor\editor\dialog\fck_spellerpages\spellerpages\spellerStyle.css --> www.tcl.co.th /httpdocs/admin/fckeditor/editor/dialog/fck_spellerpages/spellerpages spellerStyle.css
2009.08.19 17:30 B C:\AppServ\www\tcl\admin\fckeditor\editor\dialog\fck_spellerpages\spellerpages\wordWindow.js --> www.tcl.co.th /httpdocs/admin/fckeditor/editor/dialog/fck_spellerpages/spellerpages wordWindow.js
2009.08.19 17:30 B C:\AppServ\www\tcl\admin\fckeditor\editor\dialog\fck_spellerpages\spellerpages\WS_FTP.LOG --> www.tcl.co.th /httpdocs/admin/fckeditor/editor/dialog/fck_spellerpages/spellerpages WS_FTP.LOG
