2009.06.08 17:36 B C:\AppServ\www\postthai\admin\fckeditor\editor\skins\default\images\toolbar.arrowright.gif --> bangkokstamp2010.com /httpdocs/code/admin/fckeditor/editor/skins/default/images toolbar.arrowright.gif
2009.06.08 17:36 B C:\AppServ\www\postthai\admin\fckeditor\editor\skins\default\images\toolbar.buttonarrow.gif --> bangkokstamp2010.com /httpdocs/code/admin/fckeditor/editor/skins/default/images toolbar.buttonarrow.gif
2009.06.08 17:36 B C:\AppServ\www\postthai\admin\fckeditor\editor\skins\default\images\toolbar.collapse.gif --> bangkokstamp2010.com /httpdocs/code/admin/fckeditor/editor/skins/default/images toolbar.collapse.gif
2009.06.08 17:36 B C:\AppServ\www\postthai\admin\fckeditor\editor\skins\default\images\toolbar.end.gif --> bangkokstamp2010.com /httpdocs/code/admin/fckeditor/editor/skins/default/images toolbar.end.gif
2009.06.08 17:36 B C:\AppServ\www\postthai\admin\fckeditor\editor\skins\default\images\toolbar.expand.gif --> bangkokstamp2010.com /httpdocs/code/admin/fckeditor/editor/skins/default/images toolbar.expand.gif
2009.06.08 17:36 B C:\AppServ\www\postthai\admin\fckeditor\editor\skins\default\images\toolbar.separator.gif --> bangkokstamp2010.com /httpdocs/code/admin/fckeditor/editor/skins/default/images toolbar.separator.gif
2009.06.08 17:36 B C:\AppServ\www\postthai\admin\fckeditor\editor\skins\default\images\toolbar.start.gif --> bangkokstamp2010.com /httpdocs/code/admin/fckeditor/editor/skins/default/images toolbar.start.gif
2009.06.17 16:28 B C:\AppServ\www\futsalhouse\admin\fckeditor\editor\skins\default\images\toolbar.arrowright.gif --> futsalhouse.com /httpdocs/admin/fckeditor/editor/skins/default/images toolbar.arrowright.gif
2009.06.17 16:28 B C:\AppServ\www\futsalhouse\admin\fckeditor\editor\skins\default\images\toolbar.buttonarrow.gif --> futsalhouse.com /httpdocs/admin/fckeditor/editor/skins/default/images toolbar.buttonarrow.gif
2009.06.17 16:28 B C:\AppServ\www\futsalhouse\admin\fckeditor\editor\skins\default\images\toolbar.collapse.gif --> futsalhouse.com /httpdocs/admin/fckeditor/editor/skins/default/images toolbar.collapse.gif
2009.06.17 16:28 B C:\AppServ\www\futsalhouse\admin\fckeditor\editor\skins\default\images\toolbar.end.gif --> futsalhouse.com /httpdocs/admin/fckeditor/editor/skins/default/images toolbar.end.gif
2009.06.17 16:28 B C:\AppServ\www\futsalhouse\admin\fckeditor\editor\skins\default\images\toolbar.expand.gif --> futsalhouse.com /httpdocs/admin/fckeditor/editor/skins/default/images toolbar.expand.gif
2009.06.17 16:28 B C:\AppServ\www\futsalhouse\admin\fckeditor\editor\skins\default\images\toolbar.separator.gif --> futsalhouse.com /httpdocs/admin/fckeditor/editor/skins/default/images toolbar.separator.gif
2009.06.17 16:28 B C:\AppServ\www\futsalhouse\admin\fckeditor\editor\skins\default\images\toolbar.start.gif --> futsalhouse.com /httpdocs/admin/fckeditor/editor/skins/default/images toolbar.start.gif
2009.06.17 16:28 B C:\AppServ\www\futsalhouse\admin\fckeditor\editor\skins\default\images\WS_FTP.LOG --> futsalhouse.com /httpdocs/admin/fckeditor/editor/skins/default/images WS_FTP.LOG
2009.07.22 09:33 B C:\AppServ\www\corn\admin\fckeditor\editor\skins\default\images\toolbar.arrowright.gif --> cornproducts.co.th /httpdocs/code/admin/fckeditor/editor/skins/default/images toolbar.arrowright.gif
2009.07.22 09:33 B C:\AppServ\www\corn\admin\fckeditor\editor\skins\default\images\toolbar.buttonarrow.gif --> cornproducts.co.th /httpdocs/code/admin/fckeditor/editor/skins/default/images toolbar.buttonarrow.gif
2009.07.22 09:33 B C:\AppServ\www\corn\admin\fckeditor\editor\skins\default\images\toolbar.collapse.gif --> cornproducts.co.th /httpdocs/code/admin/fckeditor/editor/skins/default/images toolbar.collapse.gif
2009.07.22 09:33 B C:\AppServ\www\corn\admin\fckeditor\editor\skins\default\images\toolbar.end.gif --> cornproducts.co.th /httpdocs/code/admin/fckeditor/editor/skins/default/images toolbar.end.gif
2009.07.22 09:33 B C:\AppServ\www\corn\admin\fckeditor\editor\skins\default\images\toolbar.expand.gif --> cornproducts.co.th /httpdocs/code/admin/fckeditor/editor/skins/default/images toolbar.expand.gif
2009.07.22 09:33 B C:\AppServ\www\corn\admin\fckeditor\editor\skins\default\images\toolbar.separator.gif --> cornproducts.co.th /httpdocs/code/admin/fckeditor/editor/skins/default/images toolbar.separator.gif
2009.07.22 09:33 B C:\AppServ\www\corn\admin\fckeditor\editor\skins\default\images\toolbar.start.gif --> cornproducts.co.th /httpdocs/code/admin/fckeditor/editor/skins/default/images toolbar.start.gif
2009.07.22 09:33 B C:\AppServ\www\corn\admin\fckeditor\editor\skins\default\images\WS_FTP.LOG --> cornproducts.co.th /httpdocs/code/admin/fckeditor/editor/skins/default/images WS_FTP.LOG
2009.08.05 14:00 B C:\AppServ\www\tcl\admin\fckeditor\editor\skins\default\images\WS_FTP.LOG --> www.tcl.co.th /httpdocs/code/admin/fckeditor/editor/skins/default/images WS_FTP.LOG
2009.08.05 14:00 B C:\AppServ\www\tcl\admin\fckeditor\editor\skins\default\images\toolbar.end.gif --> www.tcl.co.th /httpdocs/code/admin/fckeditor/editor/skins/default/images toolbar.end.gif
2009.08.05 14:00 B C:\AppServ\www\tcl\admin\fckeditor\editor\skins\default\images\toolbar.collapse.gif --> www.tcl.co.th /httpdocs/code/admin/fckeditor/editor/skins/default/images toolbar.collapse.gif
2009.08.05 14:00 B C:\AppServ\www\tcl\admin\fckeditor\editor\skins\default\images\toolbar.buttonarrow.gif --> www.tcl.co.th /httpdocs/code/admin/fckeditor/editor/skins/default/images toolbar.buttonarrow.gif
2009.08.05 14:00 B C:\AppServ\www\tcl\admin\fckeditor\editor\skins\default\images\toolbar.arrowright.gif --> www.tcl.co.th /httpdocs/code/admin/fckeditor/editor/skins/default/images toolbar.arrowright.gif
2009.08.05 14:00 B C:\AppServ\www\tcl\admin\fckeditor\editor\skins\default\images\toolbar.start.gif --> www.tcl.co.th /httpdocs/code/admin/fckeditor/editor/skins/default/images toolbar.start.gif
2009.08.05 14:00 B C:\AppServ\www\tcl\admin\fckeditor\editor\skins\default\images\toolbar.separator.gif --> www.tcl.co.th /httpdocs/code/admin/fckeditor/editor/skins/default/images toolbar.separator.gif
2009.08.05 14:00 B C:\AppServ\www\tcl\admin\fckeditor\editor\skins\default\images\toolbar.expand.gif --> www.tcl.co.th /httpdocs/code/admin/fckeditor/editor/skins/default/images toolbar.expand.gif
2009.08.05 15:22 B C:\AppServ\www\tcl\admin\fckeditor\editor\skins\default\images\WS_FTP.LOG --> www.tcl.co.th /httpdocs/code/admin/fckeditor/editor/skins/default/images WS_FTP.LOG
2009.08.19 17:36 B C:\AppServ\www\tcl\admin\fckeditor\editor\skins\default\images\toolbar.arrowright.gif --> www.tcl.co.th /httpdocs/admin/fckeditor/editor/skins/default/images toolbar.arrowright.gif
2009.08.19 17:36 B C:\AppServ\www\tcl\admin\fckeditor\editor\skins\default\images\toolbar.buttonarrow.gif --> www.tcl.co.th /httpdocs/admin/fckeditor/editor/skins/default/images toolbar.buttonarrow.gif
2009.08.19 17:36 B C:\AppServ\www\tcl\admin\fckeditor\editor\skins\default\images\toolbar.collapse.gif --> www.tcl.co.th /httpdocs/admin/fckeditor/editor/skins/default/images toolbar.collapse.gif
2009.08.19 17:36 B C:\AppServ\www\tcl\admin\fckeditor\editor\skins\default\images\toolbar.end.gif --> www.tcl.co.th /httpdocs/admin/fckeditor/editor/skins/default/images toolbar.end.gif
2009.08.19 17:36 B C:\AppServ\www\tcl\admin\fckeditor\editor\skins\default\images\toolbar.expand.gif --> www.tcl.co.th /httpdocs/admin/fckeditor/editor/skins/default/images toolbar.expand.gif
2009.08.19 17:36 B C:\AppServ\www\tcl\admin\fckeditor\editor\skins\default\images\toolbar.separator.gif --> www.tcl.co.th /httpdocs/admin/fckeditor/editor/skins/default/images toolbar.separator.gif
2009.08.19 17:36 B C:\AppServ\www\tcl\admin\fckeditor\editor\skins\default\images\toolbar.start.gif --> www.tcl.co.th /httpdocs/admin/fckeditor/editor/skins/default/images toolbar.start.gif
2009.08.19 17:36 B C:\AppServ\www\tcl\admin\fckeditor\editor\skins\default\images\WS_FTP.LOG --> www.tcl.co.th /httpdocs/admin/fckeditor/editor/skins/default/images WS_FTP.LOG
