2009.06.08 17:32 B C:\AppServ\www\postthai\admin\fckeditor\editor\dialog\fck_about.html --> bangkokstamp2010.com /httpdocs/code/admin/fckeditor/editor/dialog fck_about.html
2009.06.08 17:32 B C:\AppServ\www\postthai\admin\fckeditor\editor\dialog\fck_anchor.html --> bangkokstamp2010.com /httpdocs/code/admin/fckeditor/editor/dialog fck_anchor.html
2009.06.08 17:32 B C:\AppServ\www\postthai\admin\fckeditor\editor\dialog\fck_button.html --> bangkokstamp2010.com /httpdocs/code/admin/fckeditor/editor/dialog fck_button.html
2009.06.08 17:32 B C:\AppServ\www\postthai\admin\fckeditor\editor\dialog\fck_checkbox.html --> bangkokstamp2010.com /httpdocs/code/admin/fckeditor/editor/dialog fck_checkbox.html
2009.06.08 17:32 B C:\AppServ\www\postthai\admin\fckeditor\editor\dialog\fck_colorselector.html --> bangkokstamp2010.com /httpdocs/code/admin/fckeditor/editor/dialog fck_colorselector.html
2009.06.08 17:32 B C:\AppServ\www\postthai\admin\fckeditor\editor\dialog\fck_docprops.html --> bangkokstamp2010.com /httpdocs/code/admin/fckeditor/editor/dialog fck_docprops.html
2009.06.08 17:32 B C:\AppServ\www\postthai\admin\fckeditor\editor\dialog\fck_flash.html --> bangkokstamp2010.com /httpdocs/code/admin/fckeditor/editor/dialog fck_flash.html
2009.06.08 17:32 B C:\AppServ\www\postthai\admin\fckeditor\editor\dialog\fck_form.html --> bangkokstamp2010.com /httpdocs/code/admin/fckeditor/editor/dialog fck_form.html
2009.06.08 17:32 B C:\AppServ\www\postthai\admin\fckeditor\editor\dialog\fck_hiddenfield.html --> bangkokstamp2010.com /httpdocs/code/admin/fckeditor/editor/dialog fck_hiddenfield.html
2009.06.08 17:32 B C:\AppServ\www\postthai\admin\fckeditor\editor\dialog\fck_image.html --> bangkokstamp2010.com /httpdocs/code/admin/fckeditor/editor/dialog fck_image.html
2009.06.08 17:32 B C:\AppServ\www\postthai\admin\fckeditor\editor\dialog\fck_link.html --> bangkokstamp2010.com /httpdocs/code/admin/fckeditor/editor/dialog fck_link.html
2009.06.08 17:32 B C:\AppServ\www\postthai\admin\fckeditor\editor\dialog\fck_listprop.html --> bangkokstamp2010.com /httpdocs/code/admin/fckeditor/editor/dialog fck_listprop.html
2009.06.08 17:32 B C:\AppServ\www\postthai\admin\fckeditor\editor\dialog\fck_paste.html --> bangkokstamp2010.com /httpdocs/code/admin/fckeditor/editor/dialog fck_paste.html
2009.06.08 17:32 B C:\AppServ\www\postthai\admin\fckeditor\editor\dialog\fck_radiobutton.html --> bangkokstamp2010.com /httpdocs/code/admin/fckeditor/editor/dialog fck_radiobutton.html
2009.06.08 17:32 B C:\AppServ\www\postthai\admin\fckeditor\editor\dialog\fck_replace.html --> bangkokstamp2010.com /httpdocs/code/admin/fckeditor/editor/dialog fck_replace.html
2009.06.08 17:32 B C:\AppServ\www\postthai\admin\fckeditor\editor\dialog\fck_select.html --> bangkokstamp2010.com /httpdocs/code/admin/fckeditor/editor/dialog fck_select.html
2009.06.08 17:32 B C:\AppServ\www\postthai\admin\fckeditor\editor\dialog\fck_smiley.html --> bangkokstamp2010.com /httpdocs/code/admin/fckeditor/editor/dialog fck_smiley.html
2009.06.08 17:32 B C:\AppServ\www\postthai\admin\fckeditor\editor\dialog\fck_source.html --> bangkokstamp2010.com /httpdocs/code/admin/fckeditor/editor/dialog fck_source.html
2009.06.08 17:32 B C:\AppServ\www\postthai\admin\fckeditor\editor\dialog\fck_specialchar.html --> bangkokstamp2010.com /httpdocs/code/admin/fckeditor/editor/dialog fck_specialchar.html
2009.06.08 17:32 B C:\AppServ\www\postthai\admin\fckeditor\editor\dialog\fck_spellerpages.html --> bangkokstamp2010.com /httpdocs/code/admin/fckeditor/editor/dialog fck_spellerpages.html
2009.06.08 17:32 B C:\AppServ\www\postthai\admin\fckeditor\editor\dialog\fck_table.html --> bangkokstamp2010.com /httpdocs/code/admin/fckeditor/editor/dialog fck_table.html
2009.06.08 17:33 B C:\AppServ\www\postthai\admin\fckeditor\editor\dialog\fck_tablecell.html --> bangkokstamp2010.com /httpdocs/code/admin/fckeditor/editor/dialog fck_tablecell.html
2009.06.08 17:33 B C:\AppServ\www\postthai\admin\fckeditor\editor\dialog\fck_template.html --> bangkokstamp2010.com /httpdocs/code/admin/fckeditor/editor/dialog fck_template.html
2009.06.08 17:33 B C:\AppServ\www\postthai\admin\fckeditor\editor\dialog\fck_textarea.html --> bangkokstamp2010.com /httpdocs/code/admin/fckeditor/editor/dialog fck_textarea.html
2009.06.08 17:33 B C:\AppServ\www\postthai\admin\fckeditor\editor\dialog\fck_textfield.html --> bangkokstamp2010.com /httpdocs/code/admin/fckeditor/editor/dialog fck_textfield.html
2009.06.17 16:24 B C:\AppServ\www\futsalhouse\admin\fckeditor\editor\dialog\fck_about.html --> futsalhouse.com /httpdocs/admin/fckeditor/editor/dialog fck_about.html
2009.06.17 16:24 B C:\AppServ\www\futsalhouse\admin\fckeditor\editor\dialog\fck_anchor.html --> futsalhouse.com /httpdocs/admin/fckeditor/editor/dialog fck_anchor.html
2009.06.17 16:24 B C:\AppServ\www\futsalhouse\admin\fckeditor\editor\dialog\fck_button.html --> futsalhouse.com /httpdocs/admin/fckeditor/editor/dialog fck_button.html
2009.06.17 16:24 B C:\AppServ\www\futsalhouse\admin\fckeditor\editor\dialog\fck_checkbox.html --> futsalhouse.com /httpdocs/admin/fckeditor/editor/dialog fck_checkbox.html
2009.06.17 16:24 B C:\AppServ\www\futsalhouse\admin\fckeditor\editor\dialog\fck_colorselector.html --> futsalhouse.com /httpdocs/admin/fckeditor/editor/dialog fck_colorselector.html
2009.06.17 16:24 B C:\AppServ\www\futsalhouse\admin\fckeditor\editor\dialog\fck_docprops.html --> futsalhouse.com /httpdocs/admin/fckeditor/editor/dialog fck_docprops.html
2009.06.17 16:24 B C:\AppServ\www\futsalhouse\admin\fckeditor\editor\dialog\fck_flash.html --> futsalhouse.com /httpdocs/admin/fckeditor/editor/dialog fck_flash.html
2009.06.17 16:24 B C:\AppServ\www\futsalhouse\admin\fckeditor\editor\dialog\fck_form.html --> futsalhouse.com /httpdocs/admin/fckeditor/editor/dialog fck_form.html
2009.06.17 16:24 B C:\AppServ\www\futsalhouse\admin\fckeditor\editor\dialog\fck_hiddenfield.html --> futsalhouse.com /httpdocs/admin/fckeditor/editor/dialog fck_hiddenfield.html
2009.06.17 16:24 B C:\AppServ\www\futsalhouse\admin\fckeditor\editor\dialog\fck_image.html --> futsalhouse.com /httpdocs/admin/fckeditor/editor/dialog fck_image.html
2009.06.17 16:24 B C:\AppServ\www\futsalhouse\admin\fckeditor\editor\dialog\fck_link.html --> futsalhouse.com /httpdocs/admin/fckeditor/editor/dialog fck_link.html
2009.06.17 16:24 B C:\AppServ\www\futsalhouse\admin\fckeditor\editor\dialog\fck_listprop.html --> futsalhouse.com /httpdocs/admin/fckeditor/editor/dialog fck_listprop.html
2009.06.17 16:24 B C:\AppServ\www\futsalhouse\admin\fckeditor\editor\dialog\fck_paste.html --> futsalhouse.com /httpdocs/admin/fckeditor/editor/dialog fck_paste.html
2009.06.17 16:24 B C:\AppServ\www\futsalhouse\admin\fckeditor\editor\dialog\fck_radiobutton.html --> futsalhouse.com /httpdocs/admin/fckeditor/editor/dialog fck_radiobutton.html
2009.06.17 16:24 B C:\AppServ\www\futsalhouse\admin\fckeditor\editor\dialog\fck_replace.html --> futsalhouse.com /httpdocs/admin/fckeditor/editor/dialog fck_replace.html
2009.06.17 16:24 B C:\AppServ\www\futsalhouse\admin\fckeditor\editor\dialog\fck_select.html --> futsalhouse.com /httpdocs/admin/fckeditor/editor/dialog fck_select.html
2009.06.17 16:24 B C:\AppServ\www\futsalhouse\admin\fckeditor\editor\dialog\fck_smiley.html --> futsalhouse.com /httpdocs/admin/fckeditor/editor/dialog fck_smiley.html
2009.06.17 16:24 B C:\AppServ\www\futsalhouse\admin\fckeditor\editor\dialog\fck_source.html --> futsalhouse.com /httpdocs/admin/fckeditor/editor/dialog fck_source.html
2009.06.17 16:24 B C:\AppServ\www\futsalhouse\admin\fckeditor\editor\dialog\fck_specialchar.html --> futsalhouse.com /httpdocs/admin/fckeditor/editor/dialog fck_specialchar.html
2009.06.17 16:24 B C:\AppServ\www\futsalhouse\admin\fckeditor\editor\dialog\fck_spellerpages.html --> futsalhouse.com /httpdocs/admin/fckeditor/editor/dialog fck_spellerpages.html
2009.06.17 16:24 B C:\AppServ\www\futsalhouse\admin\fckeditor\editor\dialog\fck_table.html --> futsalhouse.com /httpdocs/admin/fckeditor/editor/dialog fck_table.html
2009.06.17 16:24 B C:\AppServ\www\futsalhouse\admin\fckeditor\editor\dialog\fck_tablecell.html --> futsalhouse.com /httpdocs/admin/fckeditor/editor/dialog fck_tablecell.html
2009.06.17 16:24 B C:\AppServ\www\futsalhouse\admin\fckeditor\editor\dialog\fck_template.html --> futsalhouse.com /httpdocs/admin/fckeditor/editor/dialog fck_template.html
2009.06.17 16:24 B C:\AppServ\www\futsalhouse\admin\fckeditor\editor\dialog\fck_textarea.html --> futsalhouse.com /httpdocs/admin/fckeditor/editor/dialog fck_textarea.html
2009.06.17 16:24 B C:\AppServ\www\futsalhouse\admin\fckeditor\editor\dialog\fck_textfield.html --> futsalhouse.com /httpdocs/admin/fckeditor/editor/dialog fck_textfield.html
2009.06.17 16:24 B C:\AppServ\www\futsalhouse\admin\fckeditor\editor\dialog\WS_FTP.LOG --> futsalhouse.com /httpdocs/admin/fckeditor/editor/dialog WS_FTP.LOG
2009.07.22 09:30 B C:\AppServ\www\corn\admin\fckeditor\editor\dialog\fck_about.html --> cornproducts.co.th /httpdocs/code/admin/fckeditor/editor/dialog fck_about.html
2009.07.22 09:30 B C:\AppServ\www\corn\admin\fckeditor\editor\dialog\fck_anchor.html --> cornproducts.co.th /httpdocs/code/admin/fckeditor/editor/dialog fck_anchor.html
2009.07.22 09:30 B C:\AppServ\www\corn\admin\fckeditor\editor\dialog\fck_button.html --> cornproducts.co.th /httpdocs/code/admin/fckeditor/editor/dialog fck_button.html
2009.07.22 09:30 B C:\AppServ\www\corn\admin\fckeditor\editor\dialog\fck_checkbox.html --> cornproducts.co.th /httpdocs/code/admin/fckeditor/editor/dialog fck_checkbox.html
2009.07.22 09:30 B C:\AppServ\www\corn\admin\fckeditor\editor\dialog\fck_colorselector.html --> cornproducts.co.th /httpdocs/code/admin/fckeditor/editor/dialog fck_colorselector.html
2009.07.22 09:30 B C:\AppServ\www\corn\admin\fckeditor\editor\dialog\fck_docprops.html --> cornproducts.co.th /httpdocs/code/admin/fckeditor/editor/dialog fck_docprops.html
2009.07.22 09:30 B C:\AppServ\www\corn\admin\fckeditor\editor\dialog\fck_flash.html --> cornproducts.co.th /httpdocs/code/admin/fckeditor/editor/dialog fck_flash.html
2009.07.22 09:30 B C:\AppServ\www\corn\admin\fckeditor\editor\dialog\fck_form.html --> cornproducts.co.th /httpdocs/code/admin/fckeditor/editor/dialog fck_form.html
2009.07.22 09:30 B C:\AppServ\www\corn\admin\fckeditor\editor\dialog\fck_hiddenfield.html --> cornproducts.co.th /httpdocs/code/admin/fckeditor/editor/dialog fck_hiddenfield.html
2009.07.22 09:30 B C:\AppServ\www\corn\admin\fckeditor\editor\dialog\fck_image.html --> cornproducts.co.th /httpdocs/code/admin/fckeditor/editor/dialog fck_image.html
2009.07.22 09:30 B C:\AppServ\www\corn\admin\fckeditor\editor\dialog\fck_link.html --> cornproducts.co.th /httpdocs/code/admin/fckeditor/editor/dialog fck_link.html
2009.07.22 09:30 B C:\AppServ\www\corn\admin\fckeditor\editor\dialog\fck_listprop.html --> cornproducts.co.th /httpdocs/code/admin/fckeditor/editor/dialog fck_listprop.html
2009.07.22 09:30 B C:\AppServ\www\corn\admin\fckeditor\editor\dialog\fck_paste.html --> cornproducts.co.th /httpdocs/code/admin/fckeditor/editor/dialog fck_paste.html
2009.07.22 09:30 B C:\AppServ\www\corn\admin\fckeditor\editor\dialog\fck_radiobutton.html --> cornproducts.co.th /httpdocs/code/admin/fckeditor/editor/dialog fck_radiobutton.html
2009.07.22 09:30 B C:\AppServ\www\corn\admin\fckeditor\editor\dialog\fck_replace.html --> cornproducts.co.th /httpdocs/code/admin/fckeditor/editor/dialog fck_replace.html
2009.07.22 09:30 B C:\AppServ\www\corn\admin\fckeditor\editor\dialog\fck_select.html --> cornproducts.co.th /httpdocs/code/admin/fckeditor/editor/dialog fck_select.html
2009.07.22 09:30 B C:\AppServ\www\corn\admin\fckeditor\editor\dialog\fck_smiley.html --> cornproducts.co.th /httpdocs/code/admin/fckeditor/editor/dialog fck_smiley.html
2009.07.22 09:30 B C:\AppServ\www\corn\admin\fckeditor\editor\dialog\fck_source.html --> cornproducts.co.th /httpdocs/code/admin/fckeditor/editor/dialog fck_source.html
2009.07.22 09:30 B C:\AppServ\www\corn\admin\fckeditor\editor\dialog\fck_specialchar.html --> cornproducts.co.th /httpdocs/code/admin/fckeditor/editor/dialog fck_specialchar.html
2009.07.22 09:30 B C:\AppServ\www\corn\admin\fckeditor\editor\dialog\fck_spellerpages.html --> cornproducts.co.th /httpdocs/code/admin/fckeditor/editor/dialog fck_spellerpages.html
2009.07.22 09:30 B C:\AppServ\www\corn\admin\fckeditor\editor\dialog\fck_table.html --> cornproducts.co.th /httpdocs/code/admin/fckeditor/editor/dialog fck_table.html
2009.07.22 09:30 B C:\AppServ\www\corn\admin\fckeditor\editor\dialog\fck_tablecell.html --> cornproducts.co.th /httpdocs/code/admin/fckeditor/editor/dialog fck_tablecell.html
2009.07.22 09:30 B C:\AppServ\www\corn\admin\fckeditor\editor\dialog\fck_template.html --> cornproducts.co.th /httpdocs/code/admin/fckeditor/editor/dialog fck_template.html
2009.07.22 09:30 B C:\AppServ\www\corn\admin\fckeditor\editor\dialog\fck_textarea.html --> cornproducts.co.th /httpdocs/code/admin/fckeditor/editor/dialog fck_textarea.html
2009.07.22 09:30 B C:\AppServ\www\corn\admin\fckeditor\editor\dialog\fck_textfield.html --> cornproducts.co.th /httpdocs/code/admin/fckeditor/editor/dialog fck_textfield.html
2009.07.22 09:30 B C:\AppServ\www\corn\admin\fckeditor\editor\dialog\WS_FTP.LOG --> cornproducts.co.th /httpdocs/code/admin/fckeditor/editor/dialog WS_FTP.LOG
2009.08.05 15:19 B C:\AppServ\www\tcl\admin\fckeditor\editor\dialog\fck_about.html --> www.tcl.co.th /httpdocs/code/admin/fckeditor/editor/dialog fck_about.html
2009.08.05 15:19 B C:\AppServ\www\tcl\admin\fckeditor\editor\dialog\fck_anchor.html --> www.tcl.co.th /httpdocs/code/admin/fckeditor/editor/dialog fck_anchor.html
2009.08.05 15:19 B C:\AppServ\www\tcl\admin\fckeditor\editor\dialog\fck_button.html --> www.tcl.co.th /httpdocs/code/admin/fckeditor/editor/dialog fck_button.html
2009.08.05 15:19 B C:\AppServ\www\tcl\admin\fckeditor\editor\dialog\fck_checkbox.html --> www.tcl.co.th /httpdocs/code/admin/fckeditor/editor/dialog fck_checkbox.html
2009.08.05 15:19 B C:\AppServ\www\tcl\admin\fckeditor\editor\dialog\fck_colorselector.html --> www.tcl.co.th /httpdocs/code/admin/fckeditor/editor/dialog fck_colorselector.html
2009.08.05 15:19 B C:\AppServ\www\tcl\admin\fckeditor\editor\dialog\fck_docprops.html --> www.tcl.co.th /httpdocs/code/admin/fckeditor/editor/dialog fck_docprops.html
2009.08.05 15:19 B C:\AppServ\www\tcl\admin\fckeditor\editor\dialog\fck_flash.html --> www.tcl.co.th /httpdocs/code/admin/fckeditor/editor/dialog fck_flash.html
2009.08.05 15:19 B C:\AppServ\www\tcl\admin\fckeditor\editor\dialog\fck_form.html --> www.tcl.co.th /httpdocs/code/admin/fckeditor/editor/dialog fck_form.html
2009.08.05 15:19 B C:\AppServ\www\tcl\admin\fckeditor\editor\dialog\fck_hiddenfield.html --> www.tcl.co.th /httpdocs/code/admin/fckeditor/editor/dialog fck_hiddenfield.html
2009.08.05 15:19 B C:\AppServ\www\tcl\admin\fckeditor\editor\dialog\fck_image.html --> www.tcl.co.th /httpdocs/code/admin/fckeditor/editor/dialog fck_image.html
2009.08.05 15:19 B C:\AppServ\www\tcl\admin\fckeditor\editor\dialog\fck_link.html --> www.tcl.co.th /httpdocs/code/admin/fckeditor/editor/dialog fck_link.html
2009.08.05 15:19 B C:\AppServ\www\tcl\admin\fckeditor\editor\dialog\fck_listprop.html --> www.tcl.co.th /httpdocs/code/admin/fckeditor/editor/dialog fck_listprop.html
2009.08.05 15:19 B C:\AppServ\www\tcl\admin\fckeditor\editor\dialog\fck_paste.html --> www.tcl.co.th /httpdocs/code/admin/fckeditor/editor/dialog fck_paste.html
2009.08.05 15:19 B C:\AppServ\www\tcl\admin\fckeditor\editor\dialog\fck_radiobutton.html --> www.tcl.co.th /httpdocs/code/admin/fckeditor/editor/dialog fck_radiobutton.html
2009.08.05 15:19 B C:\AppServ\www\tcl\admin\fckeditor\editor\dialog\fck_replace.html --> www.tcl.co.th /httpdocs/code/admin/fckeditor/editor/dialog fck_replace.html
2009.08.05 15:19 B C:\AppServ\www\tcl\admin\fckeditor\editor\dialog\fck_select.html --> www.tcl.co.th /httpdocs/code/admin/fckeditor/editor/dialog fck_select.html
2009.08.05 15:19 B C:\AppServ\www\tcl\admin\fckeditor\editor\dialog\fck_smiley.html --> www.tcl.co.th /httpdocs/code/admin/fckeditor/editor/dialog fck_smiley.html
2009.08.05 15:19 B C:\AppServ\www\tcl\admin\fckeditor\editor\dialog\fck_source.html --> www.tcl.co.th /httpdocs/code/admin/fckeditor/editor/dialog fck_source.html
2009.08.05 15:19 B C:\AppServ\www\tcl\admin\fckeditor\editor\dialog\fck_specialchar.html --> www.tcl.co.th /httpdocs/code/admin/fckeditor/editor/dialog fck_specialchar.html
2009.08.05 15:19 B C:\AppServ\www\tcl\admin\fckeditor\editor\dialog\fck_spellerpages.html --> www.tcl.co.th /httpdocs/code/admin/fckeditor/editor/dialog fck_spellerpages.html
2009.08.05 15:19 B C:\AppServ\www\tcl\admin\fckeditor\editor\dialog\fck_table.html --> www.tcl.co.th /httpdocs/code/admin/fckeditor/editor/dialog fck_table.html
2009.08.05 15:19 B C:\AppServ\www\tcl\admin\fckeditor\editor\dialog\fck_tablecell.html --> www.tcl.co.th /httpdocs/code/admin/fckeditor/editor/dialog fck_tablecell.html
2009.08.05 15:19 B C:\AppServ\www\tcl\admin\fckeditor\editor\dialog\fck_template.html --> www.tcl.co.th /httpdocs/code/admin/fckeditor/editor/dialog fck_template.html
2009.08.05 15:19 B C:\AppServ\www\tcl\admin\fckeditor\editor\dialog\fck_textarea.html --> www.tcl.co.th /httpdocs/code/admin/fckeditor/editor/dialog fck_textarea.html
2009.08.05 15:19 B C:\AppServ\www\tcl\admin\fckeditor\editor\dialog\fck_textfield.html --> www.tcl.co.th /httpdocs/code/admin/fckeditor/editor/dialog fck_textfield.html
2009.08.05 15:19 B C:\AppServ\www\tcl\admin\fckeditor\editor\dialog\WS_FTP.LOG --> www.tcl.co.th /httpdocs/code/admin/fckeditor/editor/dialog WS_FTP.LOG
2009.08.19 17:31 B C:\AppServ\www\tcl\admin\fckeditor\editor\dialog\fck_about.html --> www.tcl.co.th /httpdocs/admin/fckeditor/editor/dialog fck_about.html
2009.08.19 17:31 B C:\AppServ\www\tcl\admin\fckeditor\editor\dialog\fck_anchor.html --> www.tcl.co.th /httpdocs/admin/fckeditor/editor/dialog fck_anchor.html
2009.08.19 17:31 B C:\AppServ\www\tcl\admin\fckeditor\editor\dialog\fck_button.html --> www.tcl.co.th /httpdocs/admin/fckeditor/editor/dialog fck_button.html
2009.08.19 17:31 B C:\AppServ\www\tcl\admin\fckeditor\editor\dialog\fck_checkbox.html --> www.tcl.co.th /httpdocs/admin/fckeditor/editor/dialog fck_checkbox.html
2009.08.19 17:31 B C:\AppServ\www\tcl\admin\fckeditor\editor\dialog\fck_colorselector.html --> www.tcl.co.th /httpdocs/admin/fckeditor/editor/dialog fck_colorselector.html
2009.08.19 17:31 B C:\AppServ\www\tcl\admin\fckeditor\editor\dialog\fck_docprops.html --> www.tcl.co.th /httpdocs/admin/fckeditor/editor/dialog fck_docprops.html
2009.08.19 17:31 B C:\AppServ\www\tcl\admin\fckeditor\editor\dialog\fck_flash.html --> www.tcl.co.th /httpdocs/admin/fckeditor/editor/dialog fck_flash.html
2009.08.19 17:31 B C:\AppServ\www\tcl\admin\fckeditor\editor\dialog\fck_form.html --> www.tcl.co.th /httpdocs/admin/fckeditor/editor/dialog fck_form.html
2009.08.19 17:31 B C:\AppServ\www\tcl\admin\fckeditor\editor\dialog\fck_hiddenfield.html --> www.tcl.co.th /httpdocs/admin/fckeditor/editor/dialog fck_hiddenfield.html
2009.08.19 17:31 B C:\AppServ\www\tcl\admin\fckeditor\editor\dialog\fck_image.html --> www.tcl.co.th /httpdocs/admin/fckeditor/editor/dialog fck_image.html
2009.08.19 17:31 B C:\AppServ\www\tcl\admin\fckeditor\editor\dialog\fck_link.html --> www.tcl.co.th /httpdocs/admin/fckeditor/editor/dialog fck_link.html
2009.08.19 17:31 B C:\AppServ\www\tcl\admin\fckeditor\editor\dialog\fck_listprop.html --> www.tcl.co.th /httpdocs/admin/fckeditor/editor/dialog fck_listprop.html
2009.08.19 17:31 B C:\AppServ\www\tcl\admin\fckeditor\editor\dialog\fck_paste.html --> www.tcl.co.th /httpdocs/admin/fckeditor/editor/dialog fck_paste.html
2009.08.19 17:31 B C:\AppServ\www\tcl\admin\fckeditor\editor\dialog\fck_radiobutton.html --> www.tcl.co.th /httpdocs/admin/fckeditor/editor/dialog fck_radiobutton.html
2009.08.19 17:31 B C:\AppServ\www\tcl\admin\fckeditor\editor\dialog\fck_replace.html --> www.tcl.co.th /httpdocs/admin/fckeditor/editor/dialog fck_replace.html
2009.08.19 17:31 B C:\AppServ\www\tcl\admin\fckeditor\editor\dialog\fck_select.html --> www.tcl.co.th /httpdocs/admin/fckeditor/editor/dialog fck_select.html
2009.08.19 17:31 B C:\AppServ\www\tcl\admin\fckeditor\editor\dialog\fck_smiley.html --> www.tcl.co.th /httpdocs/admin/fckeditor/editor/dialog fck_smiley.html
2009.08.19 17:31 B C:\AppServ\www\tcl\admin\fckeditor\editor\dialog\fck_source.html --> www.tcl.co.th /httpdocs/admin/fckeditor/editor/dialog fck_source.html
2009.08.19 17:31 B C:\AppServ\www\tcl\admin\fckeditor\editor\dialog\fck_specialchar.html --> www.tcl.co.th /httpdocs/admin/fckeditor/editor/dialog fck_specialchar.html
2009.08.19 17:31 B C:\AppServ\www\tcl\admin\fckeditor\editor\dialog\fck_spellerpages.html --> www.tcl.co.th /httpdocs/admin/fckeditor/editor/dialog fck_spellerpages.html
2009.08.19 17:31 B C:\AppServ\www\tcl\admin\fckeditor\editor\dialog\fck_table.html --> www.tcl.co.th /httpdocs/admin/fckeditor/editor/dialog fck_table.html
2009.08.19 17:31 B C:\AppServ\www\tcl\admin\fckeditor\editor\dialog\fck_tablecell.html --> www.tcl.co.th /httpdocs/admin/fckeditor/editor/dialog fck_tablecell.html
2009.08.19 17:31 B C:\AppServ\www\tcl\admin\fckeditor\editor\dialog\fck_template.html --> www.tcl.co.th /httpdocs/admin/fckeditor/editor/dialog fck_template.html
2009.08.19 17:31 B C:\AppServ\www\tcl\admin\fckeditor\editor\dialog\fck_textarea.html --> www.tcl.co.th /httpdocs/admin/fckeditor/editor/dialog fck_textarea.html
2009.08.19 17:31 B C:\AppServ\www\tcl\admin\fckeditor\editor\dialog\fck_textfield.html --> www.tcl.co.th /httpdocs/admin/fckeditor/editor/dialog fck_textfield.html
2009.08.19 17:31 B C:\AppServ\www\tcl\admin\fckeditor\editor\dialog\WS_FTP.LOG --> www.tcl.co.th /httpdocs/admin/fckeditor/editor/dialog WS_FTP.LOG
