2009.06.08 17:33 B C:\AppServ\www\postthai\admin\fckeditor\editor\dtd\fck_dtd_test.html --> bangkokstamp2010.com /httpdocs/code/admin/fckeditor/editor/dtd fck_dtd_test.html
2009.06.08 17:33 B C:\AppServ\www\postthai\admin\fckeditor\editor\dtd\fck_xhtml10strict.js --> bangkokstamp2010.com /httpdocs/code/admin/fckeditor/editor/dtd fck_xhtml10strict.js
2009.06.08 17:33 B C:\AppServ\www\postthai\admin\fckeditor\editor\dtd\fck_xhtml10transitional.js --> bangkokstamp2010.com /httpdocs/code/admin/fckeditor/editor/dtd fck_xhtml10transitional.js
2009.06.17 16:24 B C:\AppServ\www\futsalhouse\admin\fckeditor\editor\dtd\fck_dtd_test.html --> futsalhouse.com /httpdocs/admin/fckeditor/editor/dtd fck_dtd_test.html
2009.06.17 16:24 B C:\AppServ\www\futsalhouse\admin\fckeditor\editor\dtd\fck_xhtml10strict.js --> futsalhouse.com /httpdocs/admin/fckeditor/editor/dtd fck_xhtml10strict.js
2009.06.17 16:24 B C:\AppServ\www\futsalhouse\admin\fckeditor\editor\dtd\fck_xhtml10transitional.js --> futsalhouse.com /httpdocs/admin/fckeditor/editor/dtd fck_xhtml10transitional.js
2009.06.17 16:24 B C:\AppServ\www\futsalhouse\admin\fckeditor\editor\dtd\WS_FTP.LOG --> futsalhouse.com /httpdocs/admin/fckeditor/editor/dtd WS_FTP.LOG
2009.07.22 09:30 B C:\AppServ\www\corn\admin\fckeditor\editor\dtd\fck_dtd_test.html --> cornproducts.co.th /httpdocs/code/admin/fckeditor/editor/dtd fck_dtd_test.html
2009.07.22 09:30 B C:\AppServ\www\corn\admin\fckeditor\editor\dtd\fck_xhtml10strict.js --> cornproducts.co.th /httpdocs/code/admin/fckeditor/editor/dtd fck_xhtml10strict.js
2009.07.22 09:30 B C:\AppServ\www\corn\admin\fckeditor\editor\dtd\fck_xhtml10transitional.js --> cornproducts.co.th /httpdocs/code/admin/fckeditor/editor/dtd fck_xhtml10transitional.js
2009.07.22 09:30 B C:\AppServ\www\corn\admin\fckeditor\editor\dtd\WS_FTP.LOG --> cornproducts.co.th /httpdocs/code/admin/fckeditor/editor/dtd WS_FTP.LOG
2009.08.05 14:02 B C:\AppServ\www\tcl\admin\fckeditor\editor\dtd\WS_FTP.LOG --> www.tcl.co.th /httpdocs/code/admin/fckeditor/editor/dtd WS_FTP.LOG
2009.08.05 14:02 B C:\AppServ\www\tcl\admin\fckeditor\editor\dtd\fck_xhtml10transitional.js --> www.tcl.co.th /httpdocs/code/admin/fckeditor/editor/dtd fck_xhtml10transitional.js
2009.08.05 14:02 B C:\AppServ\www\tcl\admin\fckeditor\editor\dtd\fck_xhtml10strict.js --> www.tcl.co.th /httpdocs/code/admin/fckeditor/editor/dtd fck_xhtml10strict.js
2009.08.05 14:02 B C:\AppServ\www\tcl\admin\fckeditor\editor\dtd\fck_dtd_test.html --> www.tcl.co.th /httpdocs/code/admin/fckeditor/editor/dtd fck_dtd_test.html
2009.08.05 15:19 B C:\AppServ\www\tcl\admin\fckeditor\editor\dtd\WS_FTP.LOG --> www.tcl.co.th /httpdocs/code/admin/fckeditor/editor/dtd WS_FTP.LOG
2009.08.19 17:31 B C:\AppServ\www\tcl\admin\fckeditor\editor\dtd\fck_dtd_test.html --> www.tcl.co.th /httpdocs/admin/fckeditor/editor/dtd fck_dtd_test.html
2009.08.19 17:31 B C:\AppServ\www\tcl\admin\fckeditor\editor\dtd\fck_xhtml10strict.js --> www.tcl.co.th /httpdocs/admin/fckeditor/editor/dtd fck_xhtml10strict.js
2009.08.19 17:31 B C:\AppServ\www\tcl\admin\fckeditor\editor\dtd\fck_xhtml10transitional.js --> www.tcl.co.th /httpdocs/admin/fckeditor/editor/dtd fck_xhtml10transitional.js
2009.08.19 17:31 B C:\AppServ\www\tcl\admin\fckeditor\editor\dtd\WS_FTP.LOG --> www.tcl.co.th /httpdocs/admin/fckeditor/editor/dtd WS_FTP.LOG
