2009.06.08 17:30 B C:\AppServ\www\postthai\admin\fckeditor\_samples\afp\fck.afpa --> bangkokstamp2010.com /httpdocs/code/admin/fckeditor/_samples/afp fck.afpa
2009.06.08 17:30 B C:\AppServ\www\postthai\admin\fckeditor\_samples\afp\fck.afpa.code --> bangkokstamp2010.com /httpdocs/code/admin/fckeditor/_samples/afp fck.afpa.code
2009.06.08 17:30 B C:\AppServ\www\postthai\admin\fckeditor\_samples\afp\sample01.afp --> bangkokstamp2010.com /httpdocs/code/admin/fckeditor/_samples/afp sample01.afp
2009.06.08 17:30 B C:\AppServ\www\postthai\admin\fckeditor\_samples\afp\sample02.afp --> bangkokstamp2010.com /httpdocs/code/admin/fckeditor/_samples/afp sample02.afp
2009.06.08 17:30 B C:\AppServ\www\postthai\admin\fckeditor\_samples\afp\sample03.afp --> bangkokstamp2010.com /httpdocs/code/admin/fckeditor/_samples/afp sample03.afp
2009.06.08 17:30 B C:\AppServ\www\postthai\admin\fckeditor\_samples\afp\sample04.afp --> bangkokstamp2010.com /httpdocs/code/admin/fckeditor/_samples/afp sample04.afp
2009.06.08 17:30 B C:\AppServ\www\postthai\admin\fckeditor\_samples\afp\sampleposteddata.afp --> bangkokstamp2010.com /httpdocs/code/admin/fckeditor/_samples/afp sampleposteddata.afp
2009.06.17 16:20 B C:\AppServ\www\futsalhouse\admin\fckeditor\_samples\afp\fck.afpa --> futsalhouse.com /httpdocs/admin/fckeditor/_samples/afp fck.afpa
2009.06.17 16:20 B C:\AppServ\www\futsalhouse\admin\fckeditor\_samples\afp\fck.afpa.code --> futsalhouse.com /httpdocs/admin/fckeditor/_samples/afp fck.afpa.code
2009.06.17 16:20 B C:\AppServ\www\futsalhouse\admin\fckeditor\_samples\afp\sample01.afp --> futsalhouse.com /httpdocs/admin/fckeditor/_samples/afp sample01.afp
2009.06.17 16:20 B C:\AppServ\www\futsalhouse\admin\fckeditor\_samples\afp\sample02.afp --> futsalhouse.com /httpdocs/admin/fckeditor/_samples/afp sample02.afp
2009.06.17 16:20 B C:\AppServ\www\futsalhouse\admin\fckeditor\_samples\afp\sample03.afp --> futsalhouse.com /httpdocs/admin/fckeditor/_samples/afp sample03.afp
2009.06.17 16:20 B C:\AppServ\www\futsalhouse\admin\fckeditor\_samples\afp\sample04.afp --> futsalhouse.com /httpdocs/admin/fckeditor/_samples/afp sample04.afp
2009.06.17 16:20 B C:\AppServ\www\futsalhouse\admin\fckeditor\_samples\afp\sampleposteddata.afp --> futsalhouse.com /httpdocs/admin/fckeditor/_samples/afp sampleposteddata.afp
2009.06.17 16:20 B C:\AppServ\www\futsalhouse\admin\fckeditor\_samples\afp\WS_FTP.LOG --> futsalhouse.com /httpdocs/admin/fckeditor/_samples/afp WS_FTP.LOG
2009.07.22 09:27 B C:\AppServ\www\corn\admin\fckeditor\_samples\afp\fck.afpa --> cornproducts.co.th /httpdocs/code/admin/fckeditor/_samples/afp fck.afpa
2009.07.22 09:27 B C:\AppServ\www\corn\admin\fckeditor\_samples\afp\fck.afpa.code --> cornproducts.co.th /httpdocs/code/admin/fckeditor/_samples/afp fck.afpa.code
2009.07.22 09:27 B C:\AppServ\www\corn\admin\fckeditor\_samples\afp\sample01.afp --> cornproducts.co.th /httpdocs/code/admin/fckeditor/_samples/afp sample01.afp
2009.07.22 09:27 B C:\AppServ\www\corn\admin\fckeditor\_samples\afp\sample02.afp --> cornproducts.co.th /httpdocs/code/admin/fckeditor/_samples/afp sample02.afp
2009.07.22 09:27 B C:\AppServ\www\corn\admin\fckeditor\_samples\afp\sample03.afp --> cornproducts.co.th /httpdocs/code/admin/fckeditor/_samples/afp sample03.afp
2009.07.22 09:27 B C:\AppServ\www\corn\admin\fckeditor\_samples\afp\sample04.afp --> cornproducts.co.th /httpdocs/code/admin/fckeditor/_samples/afp sample04.afp
2009.07.22 09:28 B C:\AppServ\www\corn\admin\fckeditor\_samples\afp\sampleposteddata.afp --> cornproducts.co.th /httpdocs/code/admin/fckeditor/_samples/afp sampleposteddata.afp
2009.07.22 09:28 B C:\AppServ\www\corn\admin\fckeditor\_samples\afp\WS_FTP.LOG --> cornproducts.co.th /httpdocs/code/admin/fckeditor/_samples/afp WS_FTP.LOG
2009.08.05 15:17 B C:\AppServ\www\tcl\admin\fckeditor\_samples\afp\fck.afpa --> www.tcl.co.th /httpdocs/code/admin/fckeditor/_samples/afp fck.afpa
2009.08.05 15:17 B C:\AppServ\www\tcl\admin\fckeditor\_samples\afp\fck.afpa.code --> www.tcl.co.th /httpdocs/code/admin/fckeditor/_samples/afp fck.afpa.code
2009.08.05 15:17 B C:\AppServ\www\tcl\admin\fckeditor\_samples\afp\sample01.afp --> www.tcl.co.th /httpdocs/code/admin/fckeditor/_samples/afp sample01.afp
2009.08.05 15:17 B C:\AppServ\www\tcl\admin\fckeditor\_samples\afp\sample02.afp --> www.tcl.co.th /httpdocs/code/admin/fckeditor/_samples/afp sample02.afp
2009.08.05 15:17 B C:\AppServ\www\tcl\admin\fckeditor\_samples\afp\sample03.afp --> www.tcl.co.th /httpdocs/code/admin/fckeditor/_samples/afp sample03.afp
2009.08.05 15:17 B C:\AppServ\www\tcl\admin\fckeditor\_samples\afp\sample04.afp --> www.tcl.co.th /httpdocs/code/admin/fckeditor/_samples/afp sample04.afp
2009.08.05 15:17 B C:\AppServ\www\tcl\admin\fckeditor\_samples\afp\sampleposteddata.afp --> www.tcl.co.th /httpdocs/code/admin/fckeditor/_samples/afp sampleposteddata.afp
2009.08.05 15:17 B C:\AppServ\www\tcl\admin\fckeditor\_samples\afp\WS_FTP.LOG --> www.tcl.co.th /httpdocs/code/admin/fckeditor/_samples/afp WS_FTP.LOG
2009.08.19 17:25 B C:\AppServ\www\tcl\admin\fckeditor\_samples\afp\fck.afpa --> www.tcl.co.th /httpdocs/admin/fckeditor/_samples/afp fck.afpa
2009.08.19 17:25 B C:\AppServ\www\tcl\admin\fckeditor\_samples\afp\fck.afpa.code --> www.tcl.co.th /httpdocs/admin/fckeditor/_samples/afp fck.afpa.code
2009.08.19 17:25 B C:\AppServ\www\tcl\admin\fckeditor\_samples\afp\sample01.afp --> www.tcl.co.th /httpdocs/admin/fckeditor/_samples/afp sample01.afp
2009.08.19 17:25 B C:\AppServ\www\tcl\admin\fckeditor\_samples\afp\sample02.afp --> www.tcl.co.th /httpdocs/admin/fckeditor/_samples/afp sample02.afp
2009.08.19 17:25 B C:\AppServ\www\tcl\admin\fckeditor\_samples\afp\sample03.afp --> www.tcl.co.th /httpdocs/admin/fckeditor/_samples/afp sample03.afp
2009.08.19 17:25 B C:\AppServ\www\tcl\admin\fckeditor\_samples\afp\sample04.afp --> www.tcl.co.th /httpdocs/admin/fckeditor/_samples/afp sample04.afp
2009.08.19 17:25 B C:\AppServ\www\tcl\admin\fckeditor\_samples\afp\sampleposteddata.afp --> www.tcl.co.th /httpdocs/admin/fckeditor/_samples/afp sampleposteddata.afp
2009.08.19 17:25 B C:\AppServ\www\tcl\admin\fckeditor\_samples\afp\WS_FTP.LOG --> www.tcl.co.th /httpdocs/admin/fckeditor/_samples/afp WS_FTP.LOG
