2009.06.08 17:33 B C:\AppServ\www\postthai\admin\fckeditor\editor\filemanager\browser\default\images\ButtonArrow.gif --> bangkokstamp2010.com /httpdocs/code/admin/fckeditor/editor/filemanager/browser/default/images ButtonArrow.gif
2009.06.08 17:33 B C:\AppServ\www\postthai\admin\fckeditor\editor\filemanager\browser\default\images\Folder.gif --> bangkokstamp2010.com /httpdocs/code/admin/fckeditor/editor/filemanager/browser/default/images Folder.gif
2009.06.08 17:33 B C:\AppServ\www\postthai\admin\fckeditor\editor\filemanager\browser\default\images\Folder32.gif --> bangkokstamp2010.com /httpdocs/code/admin/fckeditor/editor/filemanager/browser/default/images Folder32.gif
2009.06.08 17:33 B C:\AppServ\www\postthai\admin\fckeditor\editor\filemanager\browser\default\images\FolderOpened.gif --> bangkokstamp2010.com /httpdocs/code/admin/fckeditor/editor/filemanager/browser/default/images FolderOpened.gif
2009.06.08 17:33 B C:\AppServ\www\postthai\admin\fckeditor\editor\filemanager\browser\default\images\FolderOpened32.gif --> bangkokstamp2010.com /httpdocs/code/admin/fckeditor/editor/filemanager/browser/default/images FolderOpened32.gif
2009.06.08 17:33 B C:\AppServ\www\postthai\admin\fckeditor\editor\filemanager\browser\default\images\FolderUp.gif --> bangkokstamp2010.com /httpdocs/code/admin/fckeditor/editor/filemanager/browser/default/images FolderUp.gif
2009.06.08 17:33 B C:\AppServ\www\postthai\admin\fckeditor\editor\filemanager\browser\default\images\spacer.gif --> bangkokstamp2010.com /httpdocs/code/admin/fckeditor/editor/filemanager/browser/default/images spacer.gif
2009.06.17 16:25 B C:\AppServ\www\futsalhouse\admin\fckeditor\editor\filemanager\browser\default\images\ButtonArrow.gif --> futsalhouse.com /httpdocs/admin/fckeditor/editor/filemanager/browser/default/images ButtonArrow.gif
2009.06.17 16:25 B C:\AppServ\www\futsalhouse\admin\fckeditor\editor\filemanager\browser\default\images\Folder.gif --> futsalhouse.com /httpdocs/admin/fckeditor/editor/filemanager/browser/default/images Folder.gif
2009.06.17 16:25 B C:\AppServ\www\futsalhouse\admin\fckeditor\editor\filemanager\browser\default\images\Folder32.gif --> futsalhouse.com /httpdocs/admin/fckeditor/editor/filemanager/browser/default/images Folder32.gif
2009.06.17 16:25 B C:\AppServ\www\futsalhouse\admin\fckeditor\editor\filemanager\browser\default\images\FolderOpened.gif --> futsalhouse.com /httpdocs/admin/fckeditor/editor/filemanager/browser/default/images FolderOpened.gif
2009.06.17 16:25 B C:\AppServ\www\futsalhouse\admin\fckeditor\editor\filemanager\browser\default\images\FolderOpened32.gif --> futsalhouse.com /httpdocs/admin/fckeditor/editor/filemanager/browser/default/images FolderOpened32.gif
2009.06.17 16:25 B C:\AppServ\www\futsalhouse\admin\fckeditor\editor\filemanager\browser\default\images\FolderUp.gif --> futsalhouse.com /httpdocs/admin/fckeditor/editor/filemanager/browser/default/images FolderUp.gif
2009.06.17 16:25 B C:\AppServ\www\futsalhouse\admin\fckeditor\editor\filemanager\browser\default\images\spacer.gif --> futsalhouse.com /httpdocs/admin/fckeditor/editor/filemanager/browser/default/images spacer.gif
2009.06.17 16:25 B C:\AppServ\www\futsalhouse\admin\fckeditor\editor\filemanager\browser\default\images\WS_FTP.LOG --> futsalhouse.com /httpdocs/admin/fckeditor/editor/filemanager/browser/default/images WS_FTP.LOG
2009.07.22 09:31 B C:\AppServ\www\corn\admin\fckeditor\editor\filemanager\browser\default\images\ButtonArrow.gif --> cornproducts.co.th /httpdocs/code/admin/fckeditor/editor/filemanager/browser/default/images ButtonArrow.gif
2009.07.22 09:31 B C:\AppServ\www\corn\admin\fckeditor\editor\filemanager\browser\default\images\Folder.gif --> cornproducts.co.th /httpdocs/code/admin/fckeditor/editor/filemanager/browser/default/images Folder.gif
2009.07.22 09:31 B C:\AppServ\www\corn\admin\fckeditor\editor\filemanager\browser\default\images\Folder32.gif --> cornproducts.co.th /httpdocs/code/admin/fckeditor/editor/filemanager/browser/default/images Folder32.gif
2009.07.22 09:31 B C:\AppServ\www\corn\admin\fckeditor\editor\filemanager\browser\default\images\FolderOpened.gif --> cornproducts.co.th /httpdocs/code/admin/fckeditor/editor/filemanager/browser/default/images FolderOpened.gif
2009.07.22 09:31 B C:\AppServ\www\corn\admin\fckeditor\editor\filemanager\browser\default\images\FolderOpened32.gif --> cornproducts.co.th /httpdocs/code/admin/fckeditor/editor/filemanager/browser/default/images FolderOpened32.gif
2009.07.22 09:31 B C:\AppServ\www\corn\admin\fckeditor\editor\filemanager\browser\default\images\FolderUp.gif --> cornproducts.co.th /httpdocs/code/admin/fckeditor/editor/filemanager/browser/default/images FolderUp.gif
2009.07.22 09:31 B C:\AppServ\www\corn\admin\fckeditor\editor\filemanager\browser\default\images\spacer.gif --> cornproducts.co.th /httpdocs/code/admin/fckeditor/editor/filemanager/browser/default/images spacer.gif
2009.07.22 09:31 B C:\AppServ\www\corn\admin\fckeditor\editor\filemanager\browser\default\images\WS_FTP.LOG --> cornproducts.co.th /httpdocs/code/admin/fckeditor/editor/filemanager/browser/default/images WS_FTP.LOG
2009.08.05 14:02 B C:\AppServ\www\tcl\admin\fckeditor\editor\filemanager\browser\default\images\WS_FTP.LOG --> www.tcl.co.th /httpdocs/code/admin/fckeditor/editor/filemanager/browser/default/images WS_FTP.LOG
2009.08.05 14:02 B C:\AppServ\www\tcl\admin\fckeditor\editor\filemanager\browser\default\images\spacer.gif --> www.tcl.co.th /httpdocs/code/admin/fckeditor/editor/filemanager/browser/default/images spacer.gif
2009.08.05 14:02 B C:\AppServ\www\tcl\admin\fckeditor\editor\filemanager\browser\default\images\FolderUp.gif --> www.tcl.co.th /httpdocs/code/admin/fckeditor/editor/filemanager/browser/default/images FolderUp.gif
2009.08.05 14:02 B C:\AppServ\www\tcl\admin\fckeditor\editor\filemanager\browser\default\images\FolderOpened32.gif --> www.tcl.co.th /httpdocs/code/admin/fckeditor/editor/filemanager/browser/default/images FolderOpened32.gif
2009.08.05 14:02 B C:\AppServ\www\tcl\admin\fckeditor\editor\filemanager\browser\default\images\FolderOpened.gif --> www.tcl.co.th /httpdocs/code/admin/fckeditor/editor/filemanager/browser/default/images FolderOpened.gif
2009.08.05 14:02 B C:\AppServ\www\tcl\admin\fckeditor\editor\filemanager\browser\default\images\Folder32.gif --> www.tcl.co.th /httpdocs/code/admin/fckeditor/editor/filemanager/browser/default/images Folder32.gif
2009.08.05 14:02 B C:\AppServ\www\tcl\admin\fckeditor\editor\filemanager\browser\default\images\Folder.gif --> www.tcl.co.th /httpdocs/code/admin/fckeditor/editor/filemanager/browser/default/images Folder.gif
2009.08.05 14:02 B C:\AppServ\www\tcl\admin\fckeditor\editor\filemanager\browser\default\images\ButtonArrow.gif --> www.tcl.co.th /httpdocs/code/admin/fckeditor/editor/filemanager/browser/default/images ButtonArrow.gif
2009.08.05 15:19 B C:\AppServ\www\tcl\admin\fckeditor\editor\filemanager\browser\default\images\WS_FTP.LOG --> www.tcl.co.th /httpdocs/code/admin/fckeditor/editor/filemanager/browser/default/images WS_FTP.LOG
2009.08.19 17:32 B C:\AppServ\www\tcl\admin\fckeditor\editor\filemanager\browser\default\images\ButtonArrow.gif --> www.tcl.co.th /httpdocs/admin/fckeditor/editor/filemanager/browser/default/images ButtonArrow.gif
2009.08.19 17:32 B C:\AppServ\www\tcl\admin\fckeditor\editor\filemanager\browser\default\images\Folder.gif --> www.tcl.co.th /httpdocs/admin/fckeditor/editor/filemanager/browser/default/images Folder.gif
2009.08.19 17:32 B C:\AppServ\www\tcl\admin\fckeditor\editor\filemanager\browser\default\images\Folder32.gif --> www.tcl.co.th /httpdocs/admin/fckeditor/editor/filemanager/browser/default/images Folder32.gif
2009.08.19 17:32 B C:\AppServ\www\tcl\admin\fckeditor\editor\filemanager\browser\default\images\FolderOpened.gif --> www.tcl.co.th /httpdocs/admin/fckeditor/editor/filemanager/browser/default/images FolderOpened.gif
2009.08.19 17:32 B C:\AppServ\www\tcl\admin\fckeditor\editor\filemanager\browser\default\images\FolderOpened32.gif --> www.tcl.co.th /httpdocs/admin/fckeditor/editor/filemanager/browser/default/images FolderOpened32.gif
2009.08.19 17:32 B C:\AppServ\www\tcl\admin\fckeditor\editor\filemanager\browser\default\images\FolderUp.gif --> www.tcl.co.th /httpdocs/admin/fckeditor/editor/filemanager/browser/default/images FolderUp.gif
2009.08.19 17:32 B C:\AppServ\www\tcl\admin\fckeditor\editor\filemanager\browser\default\images\spacer.gif --> www.tcl.co.th /httpdocs/admin/fckeditor/editor/filemanager/browser/default/images spacer.gif
2009.08.19 17:32 B C:\AppServ\www\tcl\admin\fckeditor\editor\filemanager\browser\default\images\WS_FTP.LOG --> www.tcl.co.th /httpdocs/admin/fckeditor/editor/filemanager/browser/default/images WS_FTP.LOG
