2009.06.08 17:32 B C:\AppServ\www\postthai\admin\fckeditor\editor\dialog\fck_template\images\template1.gif --> bangkokstamp2010.com /httpdocs/code/admin/fckeditor/editor/dialog/fck_template/images template1.gif
2009.06.08 17:32 B C:\AppServ\www\postthai\admin\fckeditor\editor\dialog\fck_template\images\template2.gif --> bangkokstamp2010.com /httpdocs/code/admin/fckeditor/editor/dialog/fck_template/images template2.gif
2009.06.08 17:32 B C:\AppServ\www\postthai\admin\fckeditor\editor\dialog\fck_template\images\template3.gif --> bangkokstamp2010.com /httpdocs/code/admin/fckeditor/editor/dialog/fck_template/images template3.gif
2009.06.17 16:23 B C:\AppServ\www\futsalhouse\admin\fckeditor\editor\dialog\fck_template\images\template1.gif --> futsalhouse.com /httpdocs/admin/fckeditor/editor/dialog/fck_template/images template1.gif
2009.06.17 16:23 B C:\AppServ\www\futsalhouse\admin\fckeditor\editor\dialog\fck_template\images\template2.gif --> futsalhouse.com /httpdocs/admin/fckeditor/editor/dialog/fck_template/images template2.gif
2009.06.17 16:24 B C:\AppServ\www\futsalhouse\admin\fckeditor\editor\dialog\fck_template\images\template3.gif --> futsalhouse.com /httpdocs/admin/fckeditor/editor/dialog/fck_template/images template3.gif
2009.06.17 16:24 B C:\AppServ\www\futsalhouse\admin\fckeditor\editor\dialog\fck_template\images\WS_FTP.LOG --> futsalhouse.com /httpdocs/admin/fckeditor/editor/dialog/fck_template/images WS_FTP.LOG
2009.07.22 09:30 B C:\AppServ\www\corn\admin\fckeditor\editor\dialog\fck_template\images\template1.gif --> cornproducts.co.th /httpdocs/code/admin/fckeditor/editor/dialog/fck_template/images template1.gif
2009.07.22 09:30 B C:\AppServ\www\corn\admin\fckeditor\editor\dialog\fck_template\images\template2.gif --> cornproducts.co.th /httpdocs/code/admin/fckeditor/editor/dialog/fck_template/images template2.gif
2009.07.22 09:30 B C:\AppServ\www\corn\admin\fckeditor\editor\dialog\fck_template\images\template3.gif --> cornproducts.co.th /httpdocs/code/admin/fckeditor/editor/dialog/fck_template/images template3.gif
2009.07.22 09:30 B C:\AppServ\www\corn\admin\fckeditor\editor\dialog\fck_template\images\WS_FTP.LOG --> cornproducts.co.th /httpdocs/code/admin/fckeditor/editor/dialog/fck_template/images WS_FTP.LOG
2009.08.05 14:02 B C:\AppServ\www\tcl\admin\fckeditor\editor\dialog\fck_template\images\WS_FTP.LOG --> www.tcl.co.th /httpdocs/code/admin/fckeditor/editor/dialog/fck_template/images WS_FTP.LOG
2009.08.05 14:02 B C:\AppServ\www\tcl\admin\fckeditor\editor\dialog\fck_template\images\template3.gif --> www.tcl.co.th /httpdocs/code/admin/fckeditor/editor/dialog/fck_template/images template3.gif
2009.08.05 14:02 B C:\AppServ\www\tcl\admin\fckeditor\editor\dialog\fck_template\images\template2.gif --> www.tcl.co.th /httpdocs/code/admin/fckeditor/editor/dialog/fck_template/images template2.gif
2009.08.05 14:02 B C:\AppServ\www\tcl\admin\fckeditor\editor\dialog\fck_template\images\template1.gif --> www.tcl.co.th /httpdocs/code/admin/fckeditor/editor/dialog/fck_template/images template1.gif
2009.08.05 15:19 B C:\AppServ\www\tcl\admin\fckeditor\editor\dialog\fck_template\images\WS_FTP.LOG --> www.tcl.co.th /httpdocs/code/admin/fckeditor/editor/dialog/fck_template/images WS_FTP.LOG
2009.08.19 17:31 B C:\AppServ\www\tcl\admin\fckeditor\editor\dialog\fck_template\images\template1.gif --> www.tcl.co.th /httpdocs/admin/fckeditor/editor/dialog/fck_template/images template1.gif
2009.08.19 17:31 B C:\AppServ\www\tcl\admin\fckeditor\editor\dialog\fck_template\images\template2.gif --> www.tcl.co.th /httpdocs/admin/fckeditor/editor/dialog/fck_template/images template2.gif
2009.08.19 17:31 B C:\AppServ\www\tcl\admin\fckeditor\editor\dialog\fck_template\images\template3.gif --> www.tcl.co.th /httpdocs/admin/fckeditor/editor/dialog/fck_template/images template3.gif
2009.08.19 17:31 B C:\AppServ\www\tcl\admin\fckeditor\editor\dialog\fck_template\images\WS_FTP.LOG --> www.tcl.co.th /httpdocs/admin/fckeditor/editor/dialog/fck_template/images WS_FTP.LOG
