2009.06.08 17:30 B C:\AppServ\www\postthai\admin\fckeditor\_samples\lasso\sample01.lasso --> bangkokstamp2010.com /httpdocs/code/admin/fckeditor/_samples/lasso sample01.lasso
2009.06.08 17:30 B C:\AppServ\www\postthai\admin\fckeditor\_samples\lasso\sample02.lasso --> bangkokstamp2010.com /httpdocs/code/admin/fckeditor/_samples/lasso sample02.lasso
2009.06.08 17:30 B C:\AppServ\www\postthai\admin\fckeditor\_samples\lasso\sample03.lasso --> bangkokstamp2010.com /httpdocs/code/admin/fckeditor/_samples/lasso sample03.lasso
2009.06.08 17:30 B C:\AppServ\www\postthai\admin\fckeditor\_samples\lasso\sample04.lasso --> bangkokstamp2010.com /httpdocs/code/admin/fckeditor/_samples/lasso sample04.lasso
2009.06.08 17:30 B C:\AppServ\www\postthai\admin\fckeditor\_samples\lasso\sampleposteddata.lasso --> bangkokstamp2010.com /httpdocs/code/admin/fckeditor/_samples/lasso sampleposteddata.lasso
2009.06.17 16:20 B C:\AppServ\www\futsalhouse\admin\fckeditor\_samples\lasso\sample01.lasso --> futsalhouse.com /httpdocs/admin/fckeditor/_samples/lasso sample01.lasso
2009.06.17 16:20 B C:\AppServ\www\futsalhouse\admin\fckeditor\_samples\lasso\sample02.lasso --> futsalhouse.com /httpdocs/admin/fckeditor/_samples/lasso sample02.lasso
2009.06.17 16:20 B C:\AppServ\www\futsalhouse\admin\fckeditor\_samples\lasso\sample03.lasso --> futsalhouse.com /httpdocs/admin/fckeditor/_samples/lasso sample03.lasso
2009.06.17 16:20 B C:\AppServ\www\futsalhouse\admin\fckeditor\_samples\lasso\sample04.lasso --> futsalhouse.com /httpdocs/admin/fckeditor/_samples/lasso sample04.lasso
2009.06.17 16:20 B C:\AppServ\www\futsalhouse\admin\fckeditor\_samples\lasso\sampleposteddata.lasso --> futsalhouse.com /httpdocs/admin/fckeditor/_samples/lasso sampleposteddata.lasso
2009.06.17 16:20 B C:\AppServ\www\futsalhouse\admin\fckeditor\_samples\lasso\WS_FTP.LOG --> futsalhouse.com /httpdocs/admin/fckeditor/_samples/lasso WS_FTP.LOG
2009.07.22 09:28 B C:\AppServ\www\corn\admin\fckeditor\_samples\lasso\sample01.lasso --> cornproducts.co.th /httpdocs/code/admin/fckeditor/_samples/lasso sample01.lasso
2009.07.22 09:28 B C:\AppServ\www\corn\admin\fckeditor\_samples\lasso\sample02.lasso --> cornproducts.co.th /httpdocs/code/admin/fckeditor/_samples/lasso sample02.lasso
2009.07.22 09:28 B C:\AppServ\www\corn\admin\fckeditor\_samples\lasso\sample03.lasso --> cornproducts.co.th /httpdocs/code/admin/fckeditor/_samples/lasso sample03.lasso
2009.07.22 09:28 B C:\AppServ\www\corn\admin\fckeditor\_samples\lasso\sample04.lasso --> cornproducts.co.th /httpdocs/code/admin/fckeditor/_samples/lasso sample04.lasso
2009.07.22 09:28 B C:\AppServ\www\corn\admin\fckeditor\_samples\lasso\sampleposteddata.lasso --> cornproducts.co.th /httpdocs/code/admin/fckeditor/_samples/lasso sampleposteddata.lasso
2009.07.22 09:28 B C:\AppServ\www\corn\admin\fckeditor\_samples\lasso\WS_FTP.LOG --> cornproducts.co.th /httpdocs/code/admin/fckeditor/_samples/lasso WS_FTP.LOG
2009.08.05 15:17 B C:\AppServ\www\tcl\admin\fckeditor\_samples\lasso\sample01.lasso --> www.tcl.co.th /httpdocs/code/admin/fckeditor/_samples/lasso sample01.lasso
2009.08.05 15:17 B C:\AppServ\www\tcl\admin\fckeditor\_samples\lasso\sample02.lasso --> www.tcl.co.th /httpdocs/code/admin/fckeditor/_samples/lasso sample02.lasso
2009.08.05 15:17 B C:\AppServ\www\tcl\admin\fckeditor\_samples\lasso\sample03.lasso --> www.tcl.co.th /httpdocs/code/admin/fckeditor/_samples/lasso sample03.lasso
2009.08.05 15:17 B C:\AppServ\www\tcl\admin\fckeditor\_samples\lasso\sample04.lasso --> www.tcl.co.th /httpdocs/code/admin/fckeditor/_samples/lasso sample04.lasso
2009.08.05 15:17 B C:\AppServ\www\tcl\admin\fckeditor\_samples\lasso\sampleposteddata.lasso --> www.tcl.co.th /httpdocs/code/admin/fckeditor/_samples/lasso sampleposteddata.lasso
2009.08.05 15:17 B C:\AppServ\www\tcl\admin\fckeditor\_samples\lasso\WS_FTP.LOG --> www.tcl.co.th /httpdocs/code/admin/fckeditor/_samples/lasso WS_FTP.LOG
2009.08.19 17:26 B C:\AppServ\www\tcl\admin\fckeditor\_samples\lasso\sample01.lasso --> www.tcl.co.th /httpdocs/admin/fckeditor/_samples/lasso sample01.lasso
2009.08.19 17:26 B C:\AppServ\www\tcl\admin\fckeditor\_samples\lasso\sample02.lasso --> www.tcl.co.th /httpdocs/admin/fckeditor/_samples/lasso sample02.lasso
2009.08.19 17:26 B C:\AppServ\www\tcl\admin\fckeditor\_samples\lasso\sample03.lasso --> www.tcl.co.th /httpdocs/admin/fckeditor/_samples/lasso sample03.lasso
2009.08.19 17:26 B C:\AppServ\www\tcl\admin\fckeditor\_samples\lasso\sample04.lasso --> www.tcl.co.th /httpdocs/admin/fckeditor/_samples/lasso sample04.lasso
2009.08.19 17:26 B C:\AppServ\www\tcl\admin\fckeditor\_samples\lasso\sampleposteddata.lasso --> www.tcl.co.th /httpdocs/admin/fckeditor/_samples/lasso sampleposteddata.lasso
2009.08.19 17:26 B C:\AppServ\www\tcl\admin\fckeditor\_samples\lasso\WS_FTP.LOG --> www.tcl.co.th /httpdocs/admin/fckeditor/_samples/lasso WS_FTP.LOG
