2009.06.08 17:31 B C:\AppServ\www\postthai\admin\fckeditor\editor\_source\commandclasses\fck_othercommands.js --> bangkokstamp2010.com /httpdocs/code/admin/fckeditor/editor/_source/commandclasses fck_othercommands.js
2009.06.08 17:31 B C:\AppServ\www\postthai\admin\fckeditor\editor\_source\commandclasses\fckblockquotecommand.js --> bangkokstamp2010.com /httpdocs/code/admin/fckeditor/editor/_source/commandclasses fckblockquotecommand.js
2009.06.08 17:31 B C:\AppServ\www\postthai\admin\fckeditor\editor\_source\commandclasses\fckcorestylecommand.js --> bangkokstamp2010.com /httpdocs/code/admin/fckeditor/editor/_source/commandclasses fckcorestylecommand.js
2009.06.08 17:31 B C:\AppServ\www\postthai\admin\fckeditor\editor\_source\commandclasses\fckfitwindow.js --> bangkokstamp2010.com /httpdocs/code/admin/fckeditor/editor/_source/commandclasses fckfitwindow.js
2009.06.08 17:31 B C:\AppServ\www\postthai\admin\fckeditor\editor\_source\commandclasses\fckindentcommands.js --> bangkokstamp2010.com /httpdocs/code/admin/fckeditor/editor/_source/commandclasses fckindentcommands.js
2009.06.08 17:31 B C:\AppServ\www\postthai\admin\fckeditor\editor\_source\commandclasses\fckjustifycommands.js --> bangkokstamp2010.com /httpdocs/code/admin/fckeditor/editor/_source/commandclasses fckjustifycommands.js
2009.06.08 17:31 B C:\AppServ\www\postthai\admin\fckeditor\editor\_source\commandclasses\fcklistcommands.js --> bangkokstamp2010.com /httpdocs/code/admin/fckeditor/editor/_source/commandclasses fcklistcommands.js
2009.06.08 17:31 B C:\AppServ\www\postthai\admin\fckeditor\editor\_source\commandclasses\fcknamedcommand.js --> bangkokstamp2010.com /httpdocs/code/admin/fckeditor/editor/_source/commandclasses fcknamedcommand.js
2009.06.08 17:31 B C:\AppServ\www\postthai\admin\fckeditor\editor\_source\commandclasses\fckpasteplaintextcommand.js --> bangkokstamp2010.com /httpdocs/code/admin/fckeditor/editor/_source/commandclasses fckpasteplaintextcommand.js
2009.06.08 17:31 B C:\AppServ\www\postthai\admin\fckeditor\editor\_source\commandclasses\fckpastewordcommand.js --> bangkokstamp2010.com /httpdocs/code/admin/fckeditor/editor/_source/commandclasses fckpastewordcommand.js
2009.06.08 17:31 B C:\AppServ\www\postthai\admin\fckeditor\editor\_source\commandclasses\fckremoveformatcommand.js --> bangkokstamp2010.com /httpdocs/code/admin/fckeditor/editor/_source/commandclasses fckremoveformatcommand.js
2009.06.08 17:31 B C:\AppServ\www\postthai\admin\fckeditor\editor\_source\commandclasses\fckshowblocks.js --> bangkokstamp2010.com /httpdocs/code/admin/fckeditor/editor/_source/commandclasses fckshowblocks.js
2009.06.08 17:31 B C:\AppServ\www\postthai\admin\fckeditor\editor\_source\commandclasses\fckspellcheckcommand_gecko.js --> bangkokstamp2010.com /httpdocs/code/admin/fckeditor/editor/_source/commandclasses fckspellcheckcommand_gecko.js
2009.06.08 17:31 B C:\AppServ\www\postthai\admin\fckeditor\editor\_source\commandclasses\fckspellcheckcommand_ie.js --> bangkokstamp2010.com /httpdocs/code/admin/fckeditor/editor/_source/commandclasses fckspellcheckcommand_ie.js
2009.06.08 17:31 B C:\AppServ\www\postthai\admin\fckeditor\editor\_source\commandclasses\fckstylecommand.js --> bangkokstamp2010.com /httpdocs/code/admin/fckeditor/editor/_source/commandclasses fckstylecommand.js
2009.06.08 17:31 B C:\AppServ\www\postthai\admin\fckeditor\editor\_source\commandclasses\fcktablecommand.js --> bangkokstamp2010.com /httpdocs/code/admin/fckeditor/editor/_source/commandclasses fcktablecommand.js
2009.06.08 17:31 B C:\AppServ\www\postthai\admin\fckeditor\editor\_source\commandclasses\fcktextcolorcommand.js --> bangkokstamp2010.com /httpdocs/code/admin/fckeditor/editor/_source/commandclasses fcktextcolorcommand.js
2009.06.17 16:21 B C:\AppServ\www\futsalhouse\admin\fckeditor\editor\_source\commandclasses\fck_othercommands.js --> futsalhouse.com /httpdocs/admin/fckeditor/editor/_source/commandclasses fck_othercommands.js
2009.06.17 16:21 B C:\AppServ\www\futsalhouse\admin\fckeditor\editor\_source\commandclasses\fckblockquotecommand.js --> futsalhouse.com /httpdocs/admin/fckeditor/editor/_source/commandclasses fckblockquotecommand.js
2009.06.17 16:21 B C:\AppServ\www\futsalhouse\admin\fckeditor\editor\_source\commandclasses\fckcorestylecommand.js --> futsalhouse.com /httpdocs/admin/fckeditor/editor/_source/commandclasses fckcorestylecommand.js
2009.06.17 16:21 B C:\AppServ\www\futsalhouse\admin\fckeditor\editor\_source\commandclasses\fckfitwindow.js --> futsalhouse.com /httpdocs/admin/fckeditor/editor/_source/commandclasses fckfitwindow.js
2009.06.17 16:21 B C:\AppServ\www\futsalhouse\admin\fckeditor\editor\_source\commandclasses\fckindentcommands.js --> futsalhouse.com /httpdocs/admin/fckeditor/editor/_source/commandclasses fckindentcommands.js
2009.06.17 16:21 B C:\AppServ\www\futsalhouse\admin\fckeditor\editor\_source\commandclasses\fckjustifycommands.js --> futsalhouse.com /httpdocs/admin/fckeditor/editor/_source/commandclasses fckjustifycommands.js
2009.06.17 16:21 B C:\AppServ\www\futsalhouse\admin\fckeditor\editor\_source\commandclasses\fcklistcommands.js --> futsalhouse.com /httpdocs/admin/fckeditor/editor/_source/commandclasses fcklistcommands.js
2009.06.17 16:21 B C:\AppServ\www\futsalhouse\admin\fckeditor\editor\_source\commandclasses\fcknamedcommand.js --> futsalhouse.com /httpdocs/admin/fckeditor/editor/_source/commandclasses fcknamedcommand.js
2009.06.17 16:21 B C:\AppServ\www\futsalhouse\admin\fckeditor\editor\_source\commandclasses\fckpasteplaintextcommand.js --> futsalhouse.com /httpdocs/admin/fckeditor/editor/_source/commandclasses fckpasteplaintextcommand.js
2009.06.17 16:21 B C:\AppServ\www\futsalhouse\admin\fckeditor\editor\_source\commandclasses\fckpastewordcommand.js --> futsalhouse.com /httpdocs/admin/fckeditor/editor/_source/commandclasses fckpastewordcommand.js
2009.06.17 16:21 B C:\AppServ\www\futsalhouse\admin\fckeditor\editor\_source\commandclasses\fckremoveformatcommand.js --> futsalhouse.com /httpdocs/admin/fckeditor/editor/_source/commandclasses fckremoveformatcommand.js
2009.06.17 16:21 B C:\AppServ\www\futsalhouse\admin\fckeditor\editor\_source\commandclasses\fckshowblocks.js --> futsalhouse.com /httpdocs/admin/fckeditor/editor/_source/commandclasses fckshowblocks.js
2009.06.17 16:21 B C:\AppServ\www\futsalhouse\admin\fckeditor\editor\_source\commandclasses\fckspellcheckcommand_gecko.js --> futsalhouse.com /httpdocs/admin/fckeditor/editor/_source/commandclasses fckspellcheckcommand_gecko.js
2009.06.17 16:21 B C:\AppServ\www\futsalhouse\admin\fckeditor\editor\_source\commandclasses\fckspellcheckcommand_ie.js --> futsalhouse.com /httpdocs/admin/fckeditor/editor/_source/commandclasses fckspellcheckcommand_ie.js
2009.06.17 16:21 B C:\AppServ\www\futsalhouse\admin\fckeditor\editor\_source\commandclasses\fckstylecommand.js --> futsalhouse.com /httpdocs/admin/fckeditor/editor/_source/commandclasses fckstylecommand.js
2009.06.17 16:21 B C:\AppServ\www\futsalhouse\admin\fckeditor\editor\_source\commandclasses\fcktablecommand.js --> futsalhouse.com /httpdocs/admin/fckeditor/editor/_source/commandclasses fcktablecommand.js
2009.06.17 16:21 B C:\AppServ\www\futsalhouse\admin\fckeditor\editor\_source\commandclasses\fcktextcolorcommand.js --> futsalhouse.com /httpdocs/admin/fckeditor/editor/_source/commandclasses fcktextcolorcommand.js
2009.06.17 16:21 B C:\AppServ\www\futsalhouse\admin\fckeditor\editor\_source\commandclasses\WS_FTP.LOG --> futsalhouse.com /httpdocs/admin/fckeditor/editor/_source/commandclasses WS_FTP.LOG
2009.07.22 09:29 B C:\AppServ\www\corn\admin\fckeditor\editor\_source\commandclasses\fck_othercommands.js --> cornproducts.co.th /httpdocs/code/admin/fckeditor/editor/_source/commandclasses fck_othercommands.js
2009.07.22 09:29 B C:\AppServ\www\corn\admin\fckeditor\editor\_source\commandclasses\fckblockquotecommand.js --> cornproducts.co.th /httpdocs/code/admin/fckeditor/editor/_source/commandclasses fckblockquotecommand.js
2009.07.22 09:29 B C:\AppServ\www\corn\admin\fckeditor\editor\_source\commandclasses\fckcorestylecommand.js --> cornproducts.co.th /httpdocs/code/admin/fckeditor/editor/_source/commandclasses fckcorestylecommand.js
2009.07.22 09:29 B C:\AppServ\www\corn\admin\fckeditor\editor\_source\commandclasses\fckfitwindow.js --> cornproducts.co.th /httpdocs/code/admin/fckeditor/editor/_source/commandclasses fckfitwindow.js
2009.07.22 09:29 B C:\AppServ\www\corn\admin\fckeditor\editor\_source\commandclasses\fckindentcommands.js --> cornproducts.co.th /httpdocs/code/admin/fckeditor/editor/_source/commandclasses fckindentcommands.js
2009.07.22 09:29 B C:\AppServ\www\corn\admin\fckeditor\editor\_source\commandclasses\fckjustifycommands.js --> cornproducts.co.th /httpdocs/code/admin/fckeditor/editor/_source/commandclasses fckjustifycommands.js
2009.07.22 09:29 B C:\AppServ\www\corn\admin\fckeditor\editor\_source\commandclasses\fcklistcommands.js --> cornproducts.co.th /httpdocs/code/admin/fckeditor/editor/_source/commandclasses fcklistcommands.js
2009.07.22 09:29 B C:\AppServ\www\corn\admin\fckeditor\editor\_source\commandclasses\fcknamedcommand.js --> cornproducts.co.th /httpdocs/code/admin/fckeditor/editor/_source/commandclasses fcknamedcommand.js
2009.07.22 09:29 B C:\AppServ\www\corn\admin\fckeditor\editor\_source\commandclasses\fckpasteplaintextcommand.js --> cornproducts.co.th /httpdocs/code/admin/fckeditor/editor/_source/commandclasses fckpasteplaintextcommand.js
2009.07.22 09:29 B C:\AppServ\www\corn\admin\fckeditor\editor\_source\commandclasses\fckpastewordcommand.js --> cornproducts.co.th /httpdocs/code/admin/fckeditor/editor/_source/commandclasses fckpastewordcommand.js
2009.07.22 09:29 B C:\AppServ\www\corn\admin\fckeditor\editor\_source\commandclasses\fckremoveformatcommand.js --> cornproducts.co.th /httpdocs/code/admin/fckeditor/editor/_source/commandclasses fckremoveformatcommand.js
2009.07.22 09:29 B C:\AppServ\www\corn\admin\fckeditor\editor\_source\commandclasses\fckshowblocks.js --> cornproducts.co.th /httpdocs/code/admin/fckeditor/editor/_source/commandclasses fckshowblocks.js
2009.07.22 09:29 B C:\AppServ\www\corn\admin\fckeditor\editor\_source\commandclasses\fckspellcheckcommand_gecko.js --> cornproducts.co.th /httpdocs/code/admin/fckeditor/editor/_source/commandclasses fckspellcheckcommand_gecko.js
2009.07.22 09:29 B C:\AppServ\www\corn\admin\fckeditor\editor\_source\commandclasses\fckspellcheckcommand_ie.js --> cornproducts.co.th /httpdocs/code/admin/fckeditor/editor/_source/commandclasses fckspellcheckcommand_ie.js
2009.07.22 09:29 B C:\AppServ\www\corn\admin\fckeditor\editor\_source\commandclasses\fckstylecommand.js --> cornproducts.co.th /httpdocs/code/admin/fckeditor/editor/_source/commandclasses fckstylecommand.js
2009.07.22 09:29 B C:\AppServ\www\corn\admin\fckeditor\editor\_source\commandclasses\fcktablecommand.js --> cornproducts.co.th /httpdocs/code/admin/fckeditor/editor/_source/commandclasses fcktablecommand.js
2009.07.22 09:29 B C:\AppServ\www\corn\admin\fckeditor\editor\_source\commandclasses\fcktextcolorcommand.js --> cornproducts.co.th /httpdocs/code/admin/fckeditor/editor/_source/commandclasses fcktextcolorcommand.js
2009.07.22 09:29 B C:\AppServ\www\corn\admin\fckeditor\editor\_source\commandclasses\WS_FTP.LOG --> cornproducts.co.th /httpdocs/code/admin/fckeditor/editor/_source/commandclasses WS_FTP.LOG
2009.08.05 15:18 B C:\AppServ\www\tcl\admin\fckeditor\editor\_source\commandclasses\fck_othercommands.js --> www.tcl.co.th /httpdocs/code/admin/fckeditor/editor/_source/commandclasses fck_othercommands.js
2009.08.05 15:18 B C:\AppServ\www\tcl\admin\fckeditor\editor\_source\commandclasses\fckblockquotecommand.js --> www.tcl.co.th /httpdocs/code/admin/fckeditor/editor/_source/commandclasses fckblockquotecommand.js
2009.08.05 15:18 B C:\AppServ\www\tcl\admin\fckeditor\editor\_source\commandclasses\fckcorestylecommand.js --> www.tcl.co.th /httpdocs/code/admin/fckeditor/editor/_source/commandclasses fckcorestylecommand.js
2009.08.05 15:18 B C:\AppServ\www\tcl\admin\fckeditor\editor\_source\commandclasses\fckfitwindow.js --> www.tcl.co.th /httpdocs/code/admin/fckeditor/editor/_source/commandclasses fckfitwindow.js
2009.08.05 15:18 B C:\AppServ\www\tcl\admin\fckeditor\editor\_source\commandclasses\fckindentcommands.js --> www.tcl.co.th /httpdocs/code/admin/fckeditor/editor/_source/commandclasses fckindentcommands.js
2009.08.05 15:18 B C:\AppServ\www\tcl\admin\fckeditor\editor\_source\commandclasses\fckjustifycommands.js --> www.tcl.co.th /httpdocs/code/admin/fckeditor/editor/_source/commandclasses fckjustifycommands.js
2009.08.05 15:18 B C:\AppServ\www\tcl\admin\fckeditor\editor\_source\commandclasses\fcklistcommands.js --> www.tcl.co.th /httpdocs/code/admin/fckeditor/editor/_source/commandclasses fcklistcommands.js
2009.08.05 15:18 B C:\AppServ\www\tcl\admin\fckeditor\editor\_source\commandclasses\fcknamedcommand.js --> www.tcl.co.th /httpdocs/code/admin/fckeditor/editor/_source/commandclasses fcknamedcommand.js
2009.08.05 15:18 B C:\AppServ\www\tcl\admin\fckeditor\editor\_source\commandclasses\fckpasteplaintextcommand.js --> www.tcl.co.th /httpdocs/code/admin/fckeditor/editor/_source/commandclasses fckpasteplaintextcommand.js
2009.08.05 15:18 B C:\AppServ\www\tcl\admin\fckeditor\editor\_source\commandclasses\fckpastewordcommand.js --> www.tcl.co.th /httpdocs/code/admin/fckeditor/editor/_source/commandclasses fckpastewordcommand.js
2009.08.05 15:18 B C:\AppServ\www\tcl\admin\fckeditor\editor\_source\commandclasses\fckremoveformatcommand.js --> www.tcl.co.th /httpdocs/code/admin/fckeditor/editor/_source/commandclasses fckremoveformatcommand.js
2009.08.05 15:18 B C:\AppServ\www\tcl\admin\fckeditor\editor\_source\commandclasses\fckshowblocks.js --> www.tcl.co.th /httpdocs/code/admin/fckeditor/editor/_source/commandclasses fckshowblocks.js
2009.08.05 15:18 B C:\AppServ\www\tcl\admin\fckeditor\editor\_source\commandclasses\fckspellcheckcommand_gecko.js --> www.tcl.co.th /httpdocs/code/admin/fckeditor/editor/_source/commandclasses fckspellcheckcommand_gecko.js
2009.08.05 15:18 B C:\AppServ\www\tcl\admin\fckeditor\editor\_source\commandclasses\fckspellcheckcommand_ie.js --> www.tcl.co.th /httpdocs/code/admin/fckeditor/editor/_source/commandclasses fckspellcheckcommand_ie.js
2009.08.05 15:18 B C:\AppServ\www\tcl\admin\fckeditor\editor\_source\commandclasses\fckstylecommand.js --> www.tcl.co.th /httpdocs/code/admin/fckeditor/editor/_source/commandclasses fckstylecommand.js
2009.08.05 15:18 B C:\AppServ\www\tcl\admin\fckeditor\editor\_source\commandclasses\fcktablecommand.js --> www.tcl.co.th /httpdocs/code/admin/fckeditor/editor/_source/commandclasses fcktablecommand.js
2009.08.05 15:18 B C:\AppServ\www\tcl\admin\fckeditor\editor\_source\commandclasses\fcktextcolorcommand.js --> www.tcl.co.th /httpdocs/code/admin/fckeditor/editor/_source/commandclasses fcktextcolorcommand.js
2009.08.05 15:18 B C:\AppServ\www\tcl\admin\fckeditor\editor\_source\commandclasses\WS_FTP.LOG --> www.tcl.co.th /httpdocs/code/admin/fckeditor/editor/_source/commandclasses WS_FTP.LOG
2009.08.19 17:28 B C:\AppServ\www\tcl\admin\fckeditor\editor\_source\commandclasses\fck_othercommands.js --> www.tcl.co.th /httpdocs/admin/fckeditor/editor/_source/commandclasses fck_othercommands.js
2009.08.19 17:28 B C:\AppServ\www\tcl\admin\fckeditor\editor\_source\commandclasses\fckblockquotecommand.js --> www.tcl.co.th /httpdocs/admin/fckeditor/editor/_source/commandclasses fckblockquotecommand.js
2009.08.19 17:28 B C:\AppServ\www\tcl\admin\fckeditor\editor\_source\commandclasses\fckcorestylecommand.js --> www.tcl.co.th /httpdocs/admin/fckeditor/editor/_source/commandclasses fckcorestylecommand.js
2009.08.19 17:28 B C:\AppServ\www\tcl\admin\fckeditor\editor\_source\commandclasses\fckfitwindow.js --> www.tcl.co.th /httpdocs/admin/fckeditor/editor/_source/commandclasses fckfitwindow.js
2009.08.19 17:28 B C:\AppServ\www\tcl\admin\fckeditor\editor\_source\commandclasses\fckindentcommands.js --> www.tcl.co.th /httpdocs/admin/fckeditor/editor/_source/commandclasses fckindentcommands.js
2009.08.19 17:28 B C:\AppServ\www\tcl\admin\fckeditor\editor\_source\commandclasses\fckjustifycommands.js --> www.tcl.co.th /httpdocs/admin/fckeditor/editor/_source/commandclasses fckjustifycommands.js
2009.08.19 17:28 B C:\AppServ\www\tcl\admin\fckeditor\editor\_source\commandclasses\fcklistcommands.js --> www.tcl.co.th /httpdocs/admin/fckeditor/editor/_source/commandclasses fcklistcommands.js
2009.08.19 17:28 B C:\AppServ\www\tcl\admin\fckeditor\editor\_source\commandclasses\fcknamedcommand.js --> www.tcl.co.th /httpdocs/admin/fckeditor/editor/_source/commandclasses fcknamedcommand.js
2009.08.19 17:28 B C:\AppServ\www\tcl\admin\fckeditor\editor\_source\commandclasses\fckpasteplaintextcommand.js --> www.tcl.co.th /httpdocs/admin/fckeditor/editor/_source/commandclasses fckpasteplaintextcommand.js
2009.08.19 17:28 B C:\AppServ\www\tcl\admin\fckeditor\editor\_source\commandclasses\fckpastewordcommand.js --> www.tcl.co.th /httpdocs/admin/fckeditor/editor/_source/commandclasses fckpastewordcommand.js
2009.08.19 17:28 B C:\AppServ\www\tcl\admin\fckeditor\editor\_source\commandclasses\fckremoveformatcommand.js --> www.tcl.co.th /httpdocs/admin/fckeditor/editor/_source/commandclasses fckremoveformatcommand.js
2009.08.19 17:28 B C:\AppServ\www\tcl\admin\fckeditor\editor\_source\commandclasses\fckshowblocks.js --> www.tcl.co.th /httpdocs/admin/fckeditor/editor/_source/commandclasses fckshowblocks.js
2009.08.19 17:28 B C:\AppServ\www\tcl\admin\fckeditor\editor\_source\commandclasses\fckspellcheckcommand_gecko.js --> www.tcl.co.th /httpdocs/admin/fckeditor/editor/_source/commandclasses fckspellcheckcommand_gecko.js
2009.08.19 17:28 B C:\AppServ\www\tcl\admin\fckeditor\editor\_source\commandclasses\fckspellcheckcommand_ie.js --> www.tcl.co.th /httpdocs/admin/fckeditor/editor/_source/commandclasses fckspellcheckcommand_ie.js
2009.08.19 17:28 B C:\AppServ\www\tcl\admin\fckeditor\editor\_source\commandclasses\fckstylecommand.js --> www.tcl.co.th /httpdocs/admin/fckeditor/editor/_source/commandclasses fckstylecommand.js
2009.08.19 17:28 B C:\AppServ\www\tcl\admin\fckeditor\editor\_source\commandclasses\fcktablecommand.js --> www.tcl.co.th /httpdocs/admin/fckeditor/editor/_source/commandclasses fcktablecommand.js
2009.08.19 17:28 B C:\AppServ\www\tcl\admin\fckeditor\editor\_source\commandclasses\fcktextcolorcommand.js --> www.tcl.co.th /httpdocs/admin/fckeditor/editor/_source/commandclasses fcktextcolorcommand.js
2009.08.19 17:28 B C:\AppServ\www\tcl\admin\fckeditor\editor\_source\commandclasses\WS_FTP.LOG --> www.tcl.co.th /httpdocs/admin/fckeditor/editor/_source/commandclasses WS_FTP.LOG
